#    2 | steps:    15 | steps_t: 39798 | t: 0.096868 | r:     1.000000 | e:   0.966835 | Q:   0.761651 | won: True 
#    3 | steps:    87 | steps_t: 39798 | t: 0.192640 | r:     1.000000 | e:   0.966835 | Q:   0.835503 | won: True 
#    4 | steps:   128 | steps_t: 39825 | t: 0.447179 | r:    -1.000000 | e:   0.966812 | Q:   0.835503 | won: True 
#    5 | steps:   134 | steps_t: 39831 | t: 0.464077 | r:    -1.000000 | e:   0.966808 | Q:   0.835503 | won: True 
#    6 | steps:   166 | steps_t: 39863 | t: 0.731005 | r:     1.000000 | e:   0.966781 | Q:   0.835503 | won: True 
#    7 | steps:   174 | steps_t: 39871 | t: 0.754240 | r:     1.000000 | e:   0.966774 | Q:   0.835503 | won: True 
#    8 | steps:   215 | steps_t: 39912 | t: 1.115734 | r:     1.000000 | e:   0.966740 | Q:   0.835503 | won: True 
#    9 | steps:   238 | steps_t: 39935 | t: 1.258205 | r:    -1.000000 | e:   0.966721 | Q:   0.835503 | won: True 
#   10 | steps:   256 | steps_t: 39953 | t: 1.400989 | r:    -1.000000 | e:   0.966706 | Q:   0.835503 | won: True 
#   11 | steps:   264 | steps_t: 39961 | t: 1.429419 | r:    -1.000000 | e:   0.966699 | Q:   0.835503 | won: True 
#   12 | steps:   326 | steps_t: 40023 | t: 1.758894 | r:    -1.000000 | e:   0.966647 | Q:   0.835503 | won: True 
#   13 | steps:   371 | steps_t: 40068 | t: 1.962051 | r:    -1.000000 | e:   0.966610 | Q:   0.835503 | won: True 
#   14 | steps:   384 | steps_t: 40081 | t: 2.000409 | r:     1.000000 | e:   0.966599 | Q:   0.835503 | won: True 
#   15 | steps:   394 | steps_t: 40091 | t: 2.025633 | r:    -1.000000 | e:   0.966591 | Q:   0.835503 | won: True 
#   16 | steps:   410 | steps_t: 40107 | t: 2.067478 | r:    -1.000000 | e:   0.966577 | Q:   0.835503 | won: True 
#   17 | steps:   419 | steps_t: 40116 | t: 2.090035 | r:     1.000000 | e:   0.966570 | Q:   0.835503 | won: True 
#   18 | steps:   431 | steps_t: 40128 | t: 2.245902 | r:    -1.000000 | e:   0.966560 | Q:   0.835503 | won: True 
#   19 | steps:   455 | steps_t: 40152 | t: 2.493852 | r:    -1.000000 | e:   0.966540 | Q:   0.835503 | won: True 
#   20 | steps:   463 | steps_t: 40160 | t: 2.518712 | r:    -1.000000 | e:   0.966533 | Q:   0.835503 | won: True 
#   21 | steps:   545 | steps_t: 40242 | t: 3.178437 | r:    -1.000000 | e:   0.966465 | Q:   0.835503 | won: True 
#   22 | steps:   616 | steps_t: 40313 | t: 3.539834 | r:     1.000000 | e:   0.966406 | Q:   0.835503 | won: True 
#   23 | steps:   719 | steps_t: 40416 | t: 4.333802 | r:    -1.000000 | e:   0.966320 | Q:   0.835503 | won: True 
#   24 | steps:   765 | steps_t: 40462 | t: 4.630413 | r:    -1.000000 | e:   0.966282 | Q:   0.835503 | won: True 
#   25 | steps:   800 | steps_t: 40497 | t: 4.731160 | r:    -1.000000 | e:   0.966252 | Q:   0.835503 | won: True 
#   26 | steps:   839 | steps_t: 40536 | t: 5.002429 | r:    -1.000000 | e:   0.966220 | Q:   0.835503 | won: True 
#   27 | steps:   855 | steps_t: 40552 | t: 5.050996 | r:    -1.000000 | e:   0.966207 | Q:   0.835503 | won: True 
#   28 | steps:   919 | steps_t: 40616 | t: 5.488455 | r:    -1.000000 | e:   0.966153 | Q:   0.835503 | won: True 
#   29 | steps:  1007 | steps_t: 40704 | t: 6.150225 | r:    -1.000000 | e:   0.966080 | Q:   0.835503 | won: True 
#   30 | steps:  1017 | steps_t: 40714 | t: 6.178875 | r:    -1.000000 | e:   0.966072 | Q:   0.835503 | won: True 
#   31 | steps:  1040 | steps_t: 40737 | t: 6.497809 | r:     1.000000 | e:   0.966052 | Q:   0.835503 | won: True 
#   32 | steps:  1057 | steps_t: 40754 | t: 6.624659 | r:    -1.000000 | e:   0.966038 | Q:   0.835503 | won: True 
#   33 | steps:  1084 | steps_t: 40781 | t: 6.870629 | r:    -1.000000 | e:   0.966016 | Q:   0.835503 | won: True 
#   34 | steps:  1100 | steps_t: 40797 | t: 6.916299 | r:     1.000000 | e:   0.966002 | Q:   0.835503 | won: True 
#   35 | steps:  1161 | steps_t: 40858 | t: 7.421361 | r:    -1.000000 | e:   0.965952 | Q:   0.835503 | won: True 
#   36 | steps:  1189 | steps_t: 40886 | t: 7.667316 | r:    -1.000000 | e:   0.965928 | Q:   0.835503 | won: True 
#   37 | steps:  1210 | steps_t: 40907 | t: 7.806325 | r:    -1.000000 | e:   0.965911 | Q:   0.835503 | won: True 
#   38 | steps:  1224 | steps_t: 40921 | t: 8.095847 | r:    -1.000000 | e:   0.965899 | Q:   0.835503 | won: True 
#   39 | steps:  1281 | steps_t: 40978 | t: 8.423079 | r:    -1.000000 | e:   0.965852 | Q:   0.835503 | won: True 
#   40 | steps:  1372 | steps_t: 41069 | t: 8.917607 | r:    -1.000000 | e:   0.965776 | Q:   0.835503 | won: True 
#   41 | steps:  1421 | steps_t: 41118 | t: 9.301504 | r:     1.000000 | e:   0.965735 | Q:   0.835503 | won: True 
#   42 | steps:  1442 | steps_t: 41139 | t: 9.697883 | r:     1.000000 | e:   0.965718 | Q:   0.835503 | won: True 
#   43 | steps:  1483 | steps_t: 41180 | t: 9.899720 | r:    -1.000000 | e:   0.965683 | Q:   0.835503 | won: True 
#   44 | steps:  1497 | steps_t: 41194 | t: 10.109722 | r:     1.000000 | e:   0.965672 | Q:   0.835503 | won: True 
#   45 | steps:  1534 | steps_t: 41231 | t: 10.226734 | r:     1.000000 | e:   0.965641 | Q:   0.835503 | won: True 
#   46 | steps:  1558 | steps_t: 41255 | t: 10.459999 | r:     1.000000 | e:   0.965621 | Q:   0.835503 | won: True 
#   47 | steps:  1659 | steps_t: 41356 | t: 11.070942 | r:     1.000000 | e:   0.965537 | Q:   0.835503 | won: True 
#   48 | steps:  1686 | steps_t: 41383 | t: 11.156582 | r:     1.000000 | e:   0.965514 | Q:   0.835503 | won: True 
#   49 | steps:  1692 | steps_t: 41389 | t: 11.174527 | r:     1.000000 | e:   0.965509 | Q:   0.835503 | won: True 
#   50 | steps:  1717 | steps_t: 41414 | t: 11.331876 | r:    -1.000000 | e:   0.965488 | Q:   0.835503 | won: True 
#   51 | steps:  1791 | steps_t: 41488 | t: 11.703975 | r:     1.000000 | e:   0.965427 | Q:   0.835503 | won: True 
#   52 | steps:  1801 | steps_t: 41498 | t: 11.979173 | r:    -1.000000 | e:   0.965418 | Q:   0.835503 | won: True 
#   53 | steps:  1807 | steps_t: 41504 | t: 11.999015 | r:    -1.000000 | e:   0.965413 | Q:   0.835503 | won: True 
#   54 | steps:  1814 | steps_t: 41511 | t: 12.107054 | r:     1.000000 | e:   0.965407 | Q:   0.835503 | won: True 
#   55 | steps:  1847 | steps_t: 41544 | t: 12.612028 | r:    -1.000000 | e:   0.965380 | Q:   0.835503 | won: True 
#   56 | steps:  1935 | steps_t: 41632 | t: 13.513125 | r:     1.000000 | e:   0.965307 | Q:   0.835503 | won: True 
#   57 | steps:  2000 | steps_t: 41697 | t: 13.862738 | r:    -1.000000 | e:   0.965252 | Q:   0.835503 | won: True 
#   58 | steps:  2021 | steps_t: 41718 | t: 14.008363 | r:     1.000000 | e:   0.965235 | Q:   0.835503 | won: True 
#   59 | steps:  2042 | steps_t: 41739 | t: 14.233685 | r:    -1.000000 | e:   0.965217 | Q:   0.835503 | won: True 
#   60 | steps:  2085 | steps_t: 41782 | t: 14.360791 | r:    -1.000000 | e:   0.965182 | Q:   0.835503 | won: True 
#   61 | steps:  2091 | steps_t: 41788 | t: 14.376478 | r:    -1.000000 | e:   0.965177 | Q:   0.835503 | won: True 
#   62 | steps:  2102 | steps_t: 41799 | t: 14.492519 | r:    -1.000000 | e:   0.965167 | Q:   0.835503 | won: True 
#   63 | steps:  2112 | steps_t: 41809 | t: 14.605657 | r:    -1.000000 | e:   0.965159 | Q:   0.835503 | won: True 
#   64 | steps:  2145 | steps_t: 41842 | t: 14.882818 | r:     1.000000 | e:   0.965132 | Q:   0.835503 | won: True 
#   65 | steps:  2283 | steps_t: 41980 | t: 15.915477 | r:     1.000000 | e:   0.965017 | Q:   0.835503 | won: True 
#   66 | steps:  2298 | steps_t: 41995 | t: 16.130630 | r:    -1.000000 | e:   0.965004 | Q:   0.835503 | won: True 
#   67 | steps:  2307 | steps_t: 42004 | t: 16.162631 | r:    -1.000000 | e:   0.964997 | Q:   0.835503 | won: True 
#   68 | steps:  2313 | steps_t: 42010 | t: 16.181400 | r:    -1.000000 | e:   0.964992 | Q:   0.835503 | won: True 
#   69 | steps:  2346 | steps_t: 42043 | t: 16.525648 | r:     1.000000 | e:   0.964964 | Q:   0.835503 | won: True 
#   70 | steps:  2353 | steps_t: 42050 | t: 16.543680 | r:    -1.000000 | e:   0.964958 | Q:   0.835503 | won: True 
#   71 | steps:  2381 | steps_t: 42078 | t: 16.874148 | r:    -1.000000 | e:   0.964935 | Q:   0.835503 | won: True 
#   72 | steps:  2388 | steps_t: 42085 | t: 16.893097 | r:    -1.000000 | e:   0.964929 | Q:   0.835503 | won: True 
#   73 | steps:  2396 | steps_t: 42093 | t: 16.915958 | r:     1.000000 | e:   0.964923 | Q:   0.835503 | won: True 
#   74 | steps:  2419 | steps_t: 42116 | t: 17.152139 | r:    -1.000000 | e:   0.964903 | Q:   0.835503 | won: True 
#   75 | steps:  2473 | steps_t: 42170 | t: 17.549303 | r:    -1.000000 | e:   0.964858 | Q:   0.835503 | won: True 
#   76 | steps:  2526 | steps_t: 42223 | t: 17.873148 | r:     1.000000 | e:   0.964814 | Q:   0.835503 | won: True 
#   77 | steps:  2561 | steps_t: 42258 | t: 18.060842 | r:     1.000000 | e:   0.964785 | Q:   0.835503 | won: True 
#   78 | steps:  2600 | steps_t: 42297 | t: 18.509362 | r:     1.000000 | e:   0.964753 | Q:   0.835503 | won: True 
#   79 | steps:  2631 | steps_t: 42328 | t: 18.596701 | r:     1.000000 | e:   0.964727 | Q:   0.835503 | won: True 
#   80 | steps:  2640 | steps_t: 42337 | t: 18.623210 | r:     1.000000 | e:   0.964719 | Q:   0.835503 | won: True 
#   81 | steps:  2667 | steps_t: 42364 | t: 18.784233 | r:     1.000000 | e:   0.964697 | Q:   0.835503 | won: True 
#   82 | steps:  2695 | steps_t: 42392 | t: 18.951576 | r:    -1.000000 | e:   0.964673 | Q:   0.835503 | won: True 
#   83 | steps:  2727 | steps_t: 42424 | t: 19.133722 | r:    -1.000000 | e:   0.964647 | Q:   0.835503 | won: True 
#   84 | steps:  2746 | steps_t: 42443 | t: 19.274042 | r:    -1.000000 | e:   0.964631 | Q:   0.835503 | won: True 
#   85 | steps:  2761 | steps_t: 42458 | t: 19.398355 | r:    -1.000000 | e:   0.964618 | Q:   0.835503 | won: True 
#   86 | steps:  2775 | steps_t: 42472 | t: 19.521464 | r:     1.000000 | e:   0.964607 | Q:   0.835503 | won: True 
#   87 | steps:  2827 | steps_t: 42524 | t: 19.836116 | r:     1.000000 | e:   0.964563 | Q:   0.835503 | won: True 
#   88 | steps:  2895 | steps_t: 42592 | t: 20.534099 | r:    -1.000000 | e:   0.964507 | Q:   0.835503 | won: True 
#   89 | steps:  2905 | steps_t: 42602 | t: 20.647217 | r:    -1.000000 | e:   0.964498 | Q:   0.835503 | won: True 
#   90 | steps:  2949 | steps_t: 42646 | t: 21.181581 | r:     1.000000 | e:   0.964462 | Q:   0.835503 | won: True 
#   91 | steps:  3087 | steps_t: 42784 | t: 22.385926 | r:     1.000000 | e:   0.964347 | Q:   0.835503 | won: True 
#   92 | steps:  3094 | steps_t: 42791 | t: 22.410958 | r:     1.000000 | e:   0.964341 | Q:   0.835503 | won: True 
#   93 | steps:  3107 | steps_t: 42804 | t: 22.448464 | r:    -1.000000 | e:   0.964330 | Q:   0.835503 | won: True 
#   94 | steps:  3113 | steps_t: 42810 | t: 22.545409 | r:    -1.000000 | e:   0.964325 | Q:   0.835503 | won: True 
#   95 | steps:  3157 | steps_t: 42854 | t: 22.916419 | r:    -1.000000 | e:   0.964288 | Q:   0.835503 | won: True 
#   96 | steps:  3258 | steps_t: 42955 | t: 23.523588 | r:    -1.000000 | e:   0.964204 | Q:   0.835503 | won: True 
#   97 | steps:  3273 | steps_t: 42970 | t: 23.569268 | r:    -1.000000 | e:   0.964192 | Q:   0.835503 | won: True 
#   98 | steps:  3381 | steps_t: 43078 | t: 24.227667 | r:    -1.000000 | e:   0.964102 | Q:   0.835503 | won: True 
#   99 | steps:  3402 | steps_t: 43099 | t: 24.366020 | r:     1.000000 | e:   0.964084 | Q:   0.835503 | won: True 
#  100 | steps:  3485 | steps_t: 43182 | t: 24.768845 | r:    -1.000000 | e:   0.964015 | Q:   0.835503 | won: True 
#  101 | steps:  3513 | steps_t: 43210 | t: 25.018351 | r:     1.000000 | e:   0.963992 | Q:   0.835503 | won: True 
#  102 | steps:  3547 | steps_t: 43244 | t: 25.199235 | r:     1.000000 | e:   0.963963 | Q:   0.835503 | won: True 
#  103 | steps:  3567 | steps_t: 43264 | t: 25.422850 | r:     1.000000 | e:   0.963947 | Q:   0.835503 | won: True 
#  104 | steps:  3573 | steps_t: 43270 | t: 25.524803 | r:    -1.000000 | e:   0.963942 | Q:   0.835503 | won: True 
#  105 | steps:  3638 | steps_t: 43335 | t: 25.959798 | r:    -1.000000 | e:   0.963888 | Q:   0.835503 | won: True 
#  106 | steps:  3659 | steps_t: 43356 | t: 26.101485 | r:     1.000000 | e:   0.963870 | Q:   0.835503 | won: True 
#  107 | steps:  3733 | steps_t: 43430 | t: 26.632397 | r:     1.000000 | e:   0.963808 | Q:   0.835503 | won: True 
#  108 | steps:  3766 | steps_t: 43463 | t: 27.062164 | r:     1.000000 | e:   0.963781 | Q:   0.835503 | won: True 
#  109 | steps:  3777 | steps_t: 43474 | t: 27.192607 | r:    -1.000000 | e:   0.963772 | Q:   0.835503 | won: True 
#  110 | steps:  3802 | steps_t: 43499 | t: 27.517372 | r:     1.000000 | e:   0.963751 | Q:   0.835503 | won: True 
#  111 | steps:  3817 | steps_t: 43514 | t: 27.562263 | r:    -1.000000 | e:   0.963738 | Q:   0.835503 | won: True 
#  112 | steps:  3832 | steps_t: 43529 | t: 27.613473 | r:    -1.000000 | e:   0.963726 | Q:   0.835503 | won: True 
#  113 | steps:  3849 | steps_t: 43546 | t: 27.836945 | r:     1.000000 | e:   0.963712 | Q:   0.835503 | won: True 
#  114 | steps:  3887 | steps_t: 43584 | t: 28.112652 | r:    -1.000000 | e:   0.963680 | Q:   0.835503 | won: True 
#  115 | steps:  3896 | steps_t: 43593 | t: 28.141053 | r:    -1.000000 | e:   0.963673 | Q:   0.835503 | won: True 
#  116 | steps:  3989 | steps_t: 43686 | t: 28.570606 | r:     1.000000 | e:   0.963595 | Q:   0.835503 | won: True 
#  117 | steps:  4064 | steps_t: 43761 | t: 29.031452 | r:    -1.000000 | e:   0.963533 | Q:   0.835503 | won: True 
#  118 | steps:  4153 | steps_t: 43850 | t: 29.442702 | r:     1.000000 | e:   0.963458 | Q:   0.835503 | won: True 
#  119 | steps:  4194 | steps_t: 43891 | t: 29.636755 | r:    -1.000000 | e:   0.963424 | Q:   0.835503 | won: True 
#  120 | steps:  4217 | steps_t: 43914 | t: 29.950118 | r:    -1.000000 | e:   0.963405 | Q:   0.835503 | won: True 
#  121 | steps:  4301 | steps_t: 43998 | t: 30.424086 | r:     1.000000 | e:   0.963335 | Q:   0.835503 | won: True 
#  122 | steps:  4337 | steps_t: 44034 | t: 30.603727 | r:     1.000000 | e:   0.963305 | Q:   0.835503 | won: True 
#  123 | steps:  4368 | steps_t: 44065 | t: 30.850212 | r:     1.000000 | e:   0.963279 | Q:   0.835503 | won: True 
#  124 | steps:  4383 | steps_t: 44080 | t: 30.897383 | r:    -1.000000 | e:   0.963267 | Q:   0.835503 | won: True 
#  125 | steps:  4398 | steps_t: 44095 | t: 30.948115 | r:    -1.000000 | e:   0.963254 | Q:   0.835503 | won: True 
#  126 | steps:  4430 | steps_t: 44127 | t: 31.298773 | r:    -1.000000 | e:   0.963228 | Q:   0.835503 | won: True 
#  127 | steps:  4442 | steps_t: 44139 | t: 31.333383 | r:     1.000000 | e:   0.963217 | Q:   0.835503 | won: True 
#  128 | steps:  4471 | steps_t: 44168 | t: 31.500051 | r:     1.000000 | e:   0.963193 | Q:   0.835503 | won: True 
#  129 | steps:  4486 | steps_t: 44183 | t: 31.545671 | r:    -1.000000 | e:   0.963181 | Q:   0.835503 | won: True 
#  130 | steps:  4492 | steps_t: 44189 | t: 31.563134 | r:    -1.000000 | e:   0.963176 | Q:   0.835503 | won: True 
#  131 | steps:  4506 | steps_t: 44203 | t: 31.609067 | r:    -1.000000 | e:   0.963164 | Q:   0.835503 | won: True 
#  132 | steps:  4526 | steps_t: 44223 | t: 31.754643 | r:     1.000000 | e:   0.963148 | Q:   0.835503 | won: True 
#  133 | steps:  4570 | steps_t: 44267 | t: 32.127336 | r:     1.000000 | e:   0.963111 | Q:   0.835503 | won: True 
#  134 | steps:  4585 | steps_t: 44282 | t: 32.168957 | r:     1.000000 | e:   0.963098 | Q:   0.835503 | won: True 
#  135 | steps:  4630 | steps_t: 44327 | t: 32.294966 | r:    -1.000000 | e:   0.963061 | Q:   0.835503 | won: True 
#  136 | steps:  4638 | steps_t: 44335 | t: 32.486401 | r:    -1.000000 | e:   0.963054 | Q:   0.835503 | won: True 
#  137 | steps:  4647 | steps_t: 44344 | t: 32.511442 | r:    -1.000000 | e:   0.963047 | Q:   0.835503 | won: True 
#  138 | steps:  4681 | steps_t: 44378 | t: 32.693454 | r:    -1.000000 | e:   0.963018 | Q:   0.835503 | won: True 
#  139 | steps:  4709 | steps_t: 44406 | t: 32.780757 | r:    -1.000000 | e:   0.962995 | Q:   0.835503 | won: True 
#  140 | steps:  4757 | steps_t: 44454 | t: 32.918828 | r:    -1.000000 | e:   0.962955 | Q:   0.835503 | won: True 
#  141 | steps:  4774 | steps_t: 44471 | t: 32.965170 | r:     1.000000 | e:   0.962941 | Q:   0.835503 | won: True 
#  142 | steps:  4828 | steps_t: 44525 | t: 33.448275 | r:     1.000000 | e:   0.962896 | Q:   0.835503 | won: True 
#  143 | steps:  4888 | steps_t: 44585 | t: 33.606296 | r:     1.000000 | e:   0.962846 | Q:   0.835503 | won: True 
#  144 | steps:  4952 | steps_t: 44649 | t: 34.286103 | r:    -1.000000 | e:   0.962793 | Q:   0.835503 | won: True 
#  145 | steps:  4961 | steps_t: 44658 | t: 34.396991 | r:    -1.000000 | e:   0.962785 | Q:   0.835503 | won: True 
#  146 | steps:  5029 | steps_t: 44726 | t: 34.658103 | r:    -1.000000 | e:   0.962728 | Q:   0.835503 | won: True 
#  147 | steps:  5046 | steps_t: 44743 | t: 34.954682 | r:     1.000000 | e:   0.962714 | Q:   0.835503 | won: True 
#  148 | steps:  5083 | steps_t: 44780 | t: 35.138326 | r:    -1.000000 | e:   0.962683 | Q:   0.835503 | won: True 
#  149 | steps:  5115 | steps_t: 44812 | t: 35.475728 | r:    -1.000000 | e:   0.962657 | Q:   0.835503 | won: True 
#  150 | steps:  5134 | steps_t: 44831 | t: 35.531333 | r:     1.000000 | e:   0.962641 | Q:   0.835503 | won: True 
#  151 | steps:  5164 | steps_t: 44861 | t: 35.777407 | r:    -1.000000 | e:   0.962616 | Q:   0.835503 | won: True 
#  152 | steps:  5176 | steps_t: 44873 | t: 35.887999 | r:     1.000000 | e:   0.962606 | Q:   0.835503 | won: True 
#  153 | steps:  5201 | steps_t: 44898 | t: 36.039538 | r:     1.000000 | e:   0.962585 | Q:   0.835503 | won: True 
#  154 | steps:  5234 | steps_t: 44931 | t: 36.207835 | r:     1.000000 | e:   0.962557 | Q:   0.835503 | won: True 
#  155 | steps:  5241 | steps_t: 44938 | t: 36.225236 | r:     1.000000 | e:   0.962552 | Q:   0.835503 | won: True 
#  156 | steps:  5262 | steps_t: 44959 | t: 36.282680 | r:     1.000000 | e:   0.962534 | Q:   0.835503 | won: True 
#  157 | steps:  5280 | steps_t: 44977 | t: 36.412887 | r:    -1.000000 | e:   0.962519 | Q:   0.835503 | won: True 
#  158 | steps:  5360 | steps_t: 45057 | t: 37.197490 | r:    -1.000000 | e:   0.962453 | Q:   0.835503 | won: True 
#  159 | steps:  5378 | steps_t: 45075 | t: 37.329578 | r:     1.000000 | e:   0.962438 | Q:   0.835503 | won: True 
#  160 | steps:  5466 | steps_t: 45163 | t: 37.827241 | r:    -1.000000 | e:   0.962364 | Q:   0.835503 | won: True 
#  161 | steps:  5476 | steps_t: 45173 | t: 37.853847 | r:     1.000000 | e:   0.962356 | Q:   0.835503 | won: True 
#  162 | steps:  5499 | steps_t: 45196 | t: 37.999136 | r:     1.000000 | e:   0.962337 | Q:   0.835503 | won: True 
#  163 | steps:  5593 | steps_t: 45290 | t: 38.607299 | r:    -1.000000 | e:   0.962258 | Q:   0.835503 | won: True 
#  164 | steps:  5616 | steps_t: 45313 | t: 38.751760 | r:    -1.000000 | e:   0.962239 | Q:   0.835503 | won: True 
#  165 | steps:  5667 | steps_t: 45364 | t: 38.978108 | r:    -1.000000 | e:   0.962197 | Q:   0.835503 | won: True 
#  166 | steps:  5674 | steps_t: 45371 | t: 39.086197 | r:    -1.000000 | e:   0.962191 | Q:   0.835503 | won: True 
#  167 | steps:  5681 | steps_t: 45378 | t: 39.105798 | r:    -1.000000 | e:   0.962185 | Q:   0.835503 | won: True 
#  168 | steps:  5751 | steps_t: 45448 | t: 39.456713 | r:    -1.000000 | e:   0.962127 | Q:   0.835503 | won: True 
#  169 | steps:  5766 | steps_t: 45463 | t: 39.494648 | r:     1.000000 | e:   0.962114 | Q:   0.835503 | won: True 
#  170 | steps:  5801 | steps_t: 45498 | t: 39.839615 | r:     1.000000 | e:   0.962085 | Q:   0.835503 | won: True 
#  171 | steps:  5844 | steps_t: 45541 | t: 40.221453 | r:     1.000000 | e:   0.962049 | Q:   0.835503 | won: True 
#  172 | steps:  5875 | steps_t: 45572 | t: 40.392291 | r:    -1.000000 | e:   0.962023 | Q:   0.835503 | won: True 
#  173 | steps:  5892 | steps_t: 45589 | t: 40.526738 | r:    -1.000000 | e:   0.962009 | Q:   0.835503 | won: True 
#  174 | steps:  5907 | steps_t: 45604 | t: 40.655823 | r:     1.000000 | e:   0.961997 | Q:   0.835503 | won: True 
#  175 | steps:  5928 | steps_t: 45625 | t: 40.717171 | r:     1.000000 | e:   0.961979 | Q:   0.835503 | won: True 
#  176 | steps:  6005 | steps_t: 45702 | t: 41.361505 | r:    -1.000000 | e:   0.961915 | Q:   0.835503 | won: True 
#  177 | steps:  6014 | steps_t: 45711 | t: 41.385952 | r:    -1.000000 | e:   0.961908 | Q:   0.835503 | won: True 
#  178 | steps:  6034 | steps_t: 45731 | t: 41.444314 | r:     1.000000 | e:   0.961891 | Q:   0.835503 | won: True 
#  179 | steps:  6043 | steps_t: 45740 | t: 41.471871 | r:     1.000000 | e:   0.961883 | Q:   0.835503 | won: True 
#  180 | steps:  6052 | steps_t: 45749 | t: 41.497235 | r:    -1.000000 | e:   0.961876 | Q:   0.835503 | won: True 
#  181 | steps:  6132 | steps_t: 45829 | t: 42.220959 | r:    -1.000000 | e:   0.961809 | Q:   0.835503 | won: True 
#  182 | steps:  6142 | steps_t: 45839 | t: 42.331901 | r:     1.000000 | e:   0.961801 | Q:   0.835503 | won: True 
#  183 | steps:  6154 | steps_t: 45851 | t: 42.363088 | r:    -1.000000 | e:   0.961791 | Q:   0.835503 | won: True 
#  184 | steps:  6169 | steps_t: 45866 | t: 42.401642 | r:     1.000000 | e:   0.961778 | Q:   0.835503 | won: True 
#  185 | steps:  6239 | steps_t: 45936 | t: 43.097460 | r:    -1.000000 | e:   0.961720 | Q:   0.835503 | won: True 
#  186 | steps:  6253 | steps_t: 45950 | t: 43.219210 | r:    -1.000000 | e:   0.961708 | Q:   0.835503 | won: True 
#  187 | steps:  6280 | steps_t: 45977 | t: 43.461104 | r:     1.000000 | e:   0.961686 | Q:   0.835503 | won: True 
#  188 | steps:  6294 | steps_t: 45991 | t: 43.579749 | r:    -1.000000 | e:   0.961674 | Q:   0.835503 | won: True 
#  189 | steps:  6390 | steps_t: 46087 | t: 44.266516 | r:     1.000000 | e:   0.961594 | Q:   0.835503 | won: True 
#  190 | steps:  6406 | steps_t: 46103 | t: 44.398659 | r:     1.000000 | e:   0.961581 | Q:   0.835503 | won: True 
#  191 | steps:  6487 | steps_t: 46184 | t: 45.030093 | r:     1.000000 | e:   0.961513 | Q:   0.835503 | won: True 
#  192 | steps:  6512 | steps_t: 46209 | t: 45.177866 | r:     1.000000 | e:   0.961492 | Q:   0.835611 | won: True 
#  193 | steps:  6626 | steps_t: 46323 | t: 45.815271 | r:    -1.000000 | e:   0.961398 | Q:   0.835611 | won: True 
#  194 | steps:  6649 | steps_t: 46346 | t: 45.977665 | r:    -1.000000 | e:   0.961378 | Q:   0.835611 | won: True 
#  195 | steps:  6665 | steps_t: 46362 | t: 46.107622 | r:    -1.000000 | e:   0.961365 | Q:   0.835611 | won: True 
#  196 | steps:  6672 | steps_t: 46369 | t: 46.209386 | r:    -1.000000 | e:   0.961359 | Q:   0.835611 | won: True 
#  197 | steps:  6705 | steps_t: 46402 | t: 46.467110 | r:    -1.000000 | e:   0.961332 | Q:   0.835611 | won: True 
#  198 | steps:  6719 | steps_t: 46416 | t: 46.503165 | r:     1.000000 | e:   0.961320 | Q:   0.835611 | won: True 
#  199 | steps:  6733 | steps_t: 46430 | t: 46.793813 | r:    -1.000000 | e:   0.961308 | Q:   0.835611 | won: True 
#  200 | steps:  6762 | steps_t: 46459 | t: 46.960479 | r:     1.000000 | e:   0.961284 | Q:   0.835611 | won: True 
#  201 | steps:  6774 | steps_t: 46471 | t: 47.077183 | r:    -1.000000 | e:   0.961274 | Q:   0.835611 | won: True 
#  202 | steps:  6790 | steps_t: 46487 | t: 47.125292 | r:    -1.000000 | e:   0.961261 | Q:   0.835611 | won: True 
#  203 | steps:  6803 | steps_t: 46500 | t: 47.160211 | r:    -1.000000 | e:   0.961250 | Q:   0.835611 | won: True 
#  204 | steps:  6856 | steps_t: 46553 | t: 47.472970 | r:    -1.000000 | e:   0.961206 | Q:   0.835611 | won: True 
#  205 | steps:  6896 | steps_t: 46593 | t: 47.757899 | r:     1.000000 | e:   0.961172 | Q:   0.835611 | won: True 
#  206 | steps:  7100 | steps_t: 46797 | t: 49.340499 | r:     1.000000 | e:   0.961002 | Q:   0.835611 | won: True 
#  207 | steps:  7139 | steps_t: 46836 | t: 49.782879 | r:    -1.000000 | e:   0.960970 | Q:   0.835611 | won: True 
#  208 | steps:  7197 | steps_t: 46894 | t: 50.273502 | r:    -1.000000 | e:   0.960922 | Q:   0.835611 | won: True 
#  209 | steps:  7214 | steps_t: 46911 | t: 50.409894 | r:    -1.000000 | e:   0.960908 | Q:   0.835611 | won: True 
#  210 | steps:  7247 | steps_t: 46944 | t: 50.672281 | r:    -1.000000 | e:   0.960880 | Q:   0.835611 | won: True 
#  211 | steps:  7281 | steps_t: 46978 | t: 50.933998 | r:    -1.000000 | e:   0.960852 | Q:   0.835611 | won: True 
#  212 | steps:  7310 | steps_t: 47007 | t: 51.097010 | r:     1.000000 | e:   0.960827 | Q:   0.837586 | won: True 
#  213 | steps:  7379 | steps_t: 47076 | t: 51.703194 | r:    -1.000000 | e:   0.960770 | Q:   0.837586 | won: True 
#  214 | steps:  7397 | steps_t: 47094 | t: 51.834896 | r:    -1.000000 | e:   0.960755 | Q:   0.837586 | won: True 
#  215 | steps:  7416 | steps_t: 47113 | t: 51.982311 | r:    -1.000000 | e:   0.960739 | Q:   0.837586 | won: True 
#  216 | steps:  7443 | steps_t: 47140 | t: 52.139070 | r:    -1.000000 | e:   0.960717 | Q:   0.837586 | won: True 
#  217 | steps:  7465 | steps_t: 47162 | t: 52.292201 | r:     1.000000 | e:   0.960698 | Q:   0.837586 | won: True 
#  218 | steps:  7483 | steps_t: 47180 | t: 52.430923 | r:    -1.000000 | e:   0.960683 | Q:   0.837586 | won: True 
#  219 | steps:  7507 | steps_t: 47204 | t: 52.578438 | r:    -1.000000 | e:   0.960663 | Q:   0.837586 | won: True 
#  220 | steps:  7523 | steps_t: 47220 | t: 52.627028 | r:    -1.000000 | e:   0.960650 | Q:   0.837586 | won: True 
#  221 | steps:  7536 | steps_t: 47233 | t: 52.668735 | r:     1.000000 | e:   0.960639 | Q:   0.840217 | won: True 
#  222 | steps:  7565 | steps_t: 47262 | t: 52.836533 | r:    -1.000000 | e:   0.960615 | Q:   0.840217 | won: True 
#  223 | steps:  7582 | steps_t: 47279 | t: 52.883649 | r:    -1.000000 | e:   0.960601 | Q:   0.840217 | won: True 
#  224 | steps:  7616 | steps_t: 47313 | t: 53.229333 | r:     1.000000 | e:   0.960573 | Q:   0.840217 | won: True 
#  225 | steps:  7622 | steps_t: 47319 | t: 53.245298 | r:    -1.000000 | e:   0.960568 | Q:   0.840217 | won: True 
#  226 | steps:  7703 | steps_t: 47400 | t: 53.966807 | r:     1.000000 | e:   0.960500 | Q:   0.840296 | won: True 
#  227 | steps:  7735 | steps_t: 47432 | t: 54.154769 | r:    -1.000000 | e:   0.960473 | Q:   0.840296 | won: True 
#  228 | steps:  7756 | steps_t: 47453 | t: 54.386095 | r:    -1.000000 | e:   0.960456 | Q:   0.840296 | won: True 
#  229 | steps:  7790 | steps_t: 47487 | t: 54.492094 | r:    -1.000000 | e:   0.960427 | Q:   0.840296 | won: True 
#  230 | steps:  7839 | steps_t: 47536 | t: 54.800469 | r:     1.000000 | e:   0.960387 | Q:   0.840296 | won: True 
#  231 | steps:  7844 | steps_t: 47541 | t: 54.815290 | r:    -1.000000 | e:   0.960383 | Q:   0.840296 | won: True 
#  232 | steps:  7855 | steps_t: 47552 | t: 54.845698 | r:     1.000000 | e:   0.960373 | Q:   0.840296 | won: True 
#  233 | steps:  7888 | steps_t: 47585 | t: 55.026132 | r:    -1.000000 | e:   0.960346 | Q:   0.840296 | won: True 
#  234 | steps:  7914 | steps_t: 47611 | t: 55.274339 | r:     1.000000 | e:   0.960324 | Q:   0.840296 | won: True 
#  235 | steps:  8025 | steps_t: 47722 | t: 55.991873 | r:     1.000000 | e:   0.960232 | Q:   0.840296 | won: True 
#  236 | steps:  8050 | steps_t: 47747 | t: 56.237103 | r:    -1.000000 | e:   0.960211 | Q:   0.840296 | won: True 
#  237 | steps:  8062 | steps_t: 47759 | t: 56.348544 | r:     1.000000 | e:   0.960201 | Q:   0.840296 | won: True 
#  238 | steps:  8078 | steps_t: 47775 | t: 56.472451 | r:    -1.000000 | e:   0.960187 | Q:   0.840296 | won: True 
#  239 | steps:  8116 | steps_t: 47813 | t: 56.830406 | r:    -1.000000 | e:   0.960156 | Q:   0.840296 | won: True 
#  240 | steps:  8136 | steps_t: 47833 | t: 56.974127 | r:     1.000000 | e:   0.960139 | Q:   0.840296 | won: True 
#  241 | steps:  8194 | steps_t: 47891 | t: 57.467355 | r:     1.000000 | e:   0.960091 | Q:   0.840296 | won: True 
#  242 | steps:  8205 | steps_t: 47902 | t: 57.498591 | r:    -1.000000 | e:   0.960082 | Q:   0.840296 | won: True 
#  243 | steps:  8222 | steps_t: 47919 | t: 57.555794 | r:    -1.000000 | e:   0.960067 | Q:   0.840296 | won: True 
#  244 | steps:  8265 | steps_t: 47962 | t: 57.777741 | r:     1.000000 | e:   0.960032 | Q:   0.840296 | won: True 
#  245 | steps:  8358 | steps_t: 48055 | t: 58.773232 | r:    -1.000000 | e:   0.959954 | Q:   0.840296 | won: True 
#  246 | steps:  8373 | steps_t: 48070 | t: 58.899420 | r:    -1.000000 | e:   0.959942 | Q:   0.840296 | won: True 
#  247 | steps:  8422 | steps_t: 48119 | t: 59.450829 | r:     1.000000 | e:   0.959901 | Q:   0.840296 | won: True 
#  248 | steps:  8439 | steps_t: 48136 | t: 59.581473 | r:    -1.000000 | e:   0.959887 | Q:   0.840296 | won: True 
#  249 | steps:  8535 | steps_t: 48232 | t: 60.516565 | r:     1.000000 | e:   0.959807 | Q:   0.840296 | won: True 
#  250 | steps:  8542 | steps_t: 48239 | t: 60.535353 | r:    -1.000000 | e:   0.959801 | Q:   0.840296 | won: True 
#  251 | steps:  8565 | steps_t: 48262 | t: 60.603061 | r:     1.000000 | e:   0.959782 | Q:   0.840296 | won: True 
#  252 | steps:  8578 | steps_t: 48275 | t: 60.641872 | r:    -1.000000 | e:   0.959771 | Q:   0.840296 | won: True 
#  253 | steps:  8677 | steps_t: 48374 | t: 61.406140 | r:     1.000000 | e:   0.959688 | Q:   0.840296 | won: True 
#  254 | steps:  8690 | steps_t: 48387 | t: 61.444462 | r:     1.000000 | e:   0.959677 | Q:   0.841314 | won: True 
#  255 | steps:  8743 | steps_t: 48440 | t: 61.833252 | r:    -1.000000 | e:   0.959633 | Q:   0.841314 | won: True 
#  256 | steps:  8751 | steps_t: 48448 | t: 61.947928 | r:    -1.000000 | e:   0.959627 | Q:   0.841314 | won: True 
#  257 | steps:  8806 | steps_t: 48503 | t: 62.260580 | r:    -1.000000 | e:   0.959581 | Q:   0.841314 | won: True 
#  258 | steps:  8823 | steps_t: 48520 | t: 62.394187 | r:    -1.000000 | e:   0.959567 | Q:   0.841314 | won: True 
#  259 | steps:  8852 | steps_t: 48549 | t: 62.560736 | r:    -1.000000 | e:   0.959542 | Q:   0.841314 | won: True 
#  260 | steps:  8864 | steps_t: 48561 | t: 62.599485 | r:    -1.000000 | e:   0.959533 | Q:   0.841314 | won: True 
#  261 | steps:  8888 | steps_t: 48585 | t: 62.837409 | r:    -1.000000 | e:   0.959512 | Q:   0.841314 | won: True 
#  262 | steps:  8933 | steps_t: 48630 | t: 63.054155 | r:    -1.000000 | e:   0.959475 | Q:   0.841314 | won: True 
#  263 | steps:  8967 | steps_t: 48664 | t: 63.312575 | r:    -1.000000 | e:   0.959447 | Q:   0.841314 | won: True 
#  264 | steps:  8982 | steps_t: 48679 | t: 63.439287 | r:    -1.000000 | e:   0.959434 | Q:   0.841314 | won: True 
#  265 | steps:  9024 | steps_t: 48721 | t: 63.639420 | r:     1.000000 | e:   0.959399 | Q:   0.841314 | won: True 
#  266 | steps:  9095 | steps_t: 48792 | t: 64.090325 | r:     1.000000 | e:   0.959340 | Q:   0.841314 | won: True 
#  267 | steps:  9141 | steps_t: 48838 | t: 64.711241 | r:    -1.000000 | e:   0.959302 | Q:   0.841314 | won: True 
#  268 | steps:  9161 | steps_t: 48858 | t: 64.849819 | r:     1.000000 | e:   0.959285 | Q:   0.841314 | won: True 
#  269 | steps:  9198 | steps_t: 48895 | t: 65.366208 | r:     1.000000 | e:   0.959254 | Q:   0.843982 | won: True 
#  270 | steps:  9264 | steps_t: 48961 | t: 66.047810 | r:     1.000000 | e:   0.959199 | Q:   0.843982 | won: True 
#  271 | steps:  9278 | steps_t: 48975 | t: 66.170538 | r:    -1.000000 | e:   0.959187 | Q:   0.843982 | won: True 
#  272 | steps:  9283 | steps_t: 48980 | t: 66.184187 | r:    -1.000000 | e:   0.959183 | Q:   0.843982 | won: True 
#  273 | steps:  9355 | steps_t: 49052 | t: 66.633621 | r:     1.000000 | e:   0.959123 | Q:   0.843982 | won: True 
#  274 | steps:  9373 | steps_t: 49070 | t: 66.776929 | r:     1.000000 | e:   0.959108 | Q:   0.843982 | won: True 
#  275 | steps:  9420 | steps_t: 49117 | t: 67.246705 | r:    -1.000000 | e:   0.959069 | Q:   0.843982 | won: True 
#  276 | steps:  9429 | steps_t: 49126 | t: 67.357776 | r:     1.000000 | e:   0.959062 | Q:   0.843982 | won: True 
#  277 | steps:  9500 | steps_t: 49197 | t: 67.886606 | r:     1.000000 | e:   0.959002 | Q:   0.843982 | won: True 
#  278 | steps:  9509 | steps_t: 49206 | t: 67.916341 | r:    -1.000000 | e:   0.958995 | Q:   0.843982 | won: True 
#  279 | steps:  9523 | steps_t: 49220 | t: 67.963995 | r:     1.000000 | e:   0.958983 | Q:   0.843982 | won: True 
#  280 | steps:  9533 | steps_t: 49230 | t: 68.086032 | r:    -1.000000 | e:   0.958975 | Q:   0.843982 | won: True 
#  281 | steps:  9610 | steps_t: 49307 | t: 68.472639 | r:    -1.000000 | e:   0.958911 | Q:   0.843982 | won: True 
#  282 | steps:  9656 | steps_t: 49353 | t: 68.682001 | r:    -1.000000 | e:   0.958873 | Q:   0.843982 | won: True 
#  283 | steps:  9749 | steps_t: 49446 | t: 69.269476 | r:     1.000000 | e:   0.958795 | Q:   0.843982 | won: True 
#  284 | steps:  9766 | steps_t: 49463 | t: 69.398427 | r:     1.000000 | e:   0.958781 | Q:   0.843982 | won: True 
#  285 | steps:  9777 | steps_t: 49474 | t: 69.517421 | r:     1.000000 | e:   0.958772 | Q:   0.843982 | won: True 
#  286 | steps:  9842 | steps_t: 49539 | t: 69.960580 | r:     1.000000 | e:   0.958718 | Q:   0.843982 | won: True 
#  287 | steps:  9920 | steps_t: 49617 | t: 70.263797 | r:    -1.000000 | e:   0.958653 | Q:   0.843982 | won: True 
#  288 | steps:  9947 | steps_t: 49644 | t: 70.423818 | r:     1.000000 | e:   0.958630 | Q:   0.843982 | won: True 
#  289 | steps:  9969 | steps_t: 49666 | t: 70.495188 | r:    -1.000000 | e:   0.958612 | Q:   0.843982 | won: True 
#  290 | steps: 10112 | steps_t: 49809 | t: 71.966086 | r:    -1.000000 | e:   0.958492 | Q:   0.843982 | won: True 
#  291 | steps: 10175 | steps_t: 49872 | t: 72.391922 | r:    -1.000000 | e:   0.958440 | Q:   0.843982 | won: True 
#  292 | steps: 10197 | steps_t: 49894 | t: 72.565161 | r:    -1.000000 | e:   0.958422 | Q:   0.843982 | won: True 
#  293 | steps: 10208 | steps_t: 49905 | t: 72.608612 | r:     1.000000 | e:   0.958413 | Q:   0.843982 | won: True 
#  294 | steps: 10296 | steps_t: 49993 | t: 73.628959 | r:     1.000000 | e:   0.958339 | Q:   0.843982 | won: True 
#  295 | steps: 10309 | steps_t: 50006 | t: 73.765976 | r:    -1.000000 | e:   0.958328 | Q:   0.843982 | won: True 
#  296 | steps: 10394 | steps_t: 50091 | t: 74.437762 | r:     1.000000 | e:   0.958257 | Q:   0.843982 | won: True 
#  297 | steps: 10408 | steps_t: 50105 | t: 74.495313 | r:    -1.000000 | e:   0.958246 | Q:   0.843982 | won: True 
#  298 | steps: 10428 | steps_t: 50125 | t: 74.579277 | r:     1.000000 | e:   0.958229 | Q:   0.843982 | won: True 
#  299 | steps: 10456 | steps_t: 50153 | t: 74.692112 | r:    -1.000000 | e:   0.958206 | Q:   0.843982 | won: True 
#  300 | steps: 10480 | steps_t: 50177 | t: 75.046144 | r:    -1.000000 | e:   0.958186 | Q:   0.843982 | won: True 
#  301 | steps: 10494 | steps_t: 50191 | t: 75.106999 | r:     1.000000 | e:   0.958174 | Q:   0.843982 | won: True 
#  302 | steps: 10522 | steps_t: 50219 | t: 75.645701 | r:    -1.000000 | e:   0.958151 | Q:   0.843982 | won: True 
#  303 | steps: 10531 | steps_t: 50228 | t: 75.681379 | r:    -1.000000 | e:   0.958143 | Q:   0.843982 | won: True 
#  304 | steps: 10552 | steps_t: 50249 | t: 75.841826 | r:    -1.000000 | e:   0.958126 | Q:   0.843982 | won: True 
#  305 | steps: 10578 | steps_t: 50275 | t: 76.033832 | r:     1.000000 | e:   0.958104 | Q:   0.843982 | won: True 
#  306 | steps: 10652 | steps_t: 50349 | t: 76.834249 | r:     1.000000 | e:   0.958043 | Q:   0.843982 | won: True 
#  307 | steps: 10665 | steps_t: 50362 | t: 76.890430 | r:    -1.000000 | e:   0.958032 | Q:   0.843982 | won: True 
#  308 | steps: 10692 | steps_t: 50389 | t: 77.077858 | r:     1.000000 | e:   0.958009 | Q:   0.843982 | won: True 
#  309 | steps: 10710 | steps_t: 50407 | t: 77.164801 | r:     1.000000 | e:   0.957994 | Q:   0.843982 | won: True 
#  310 | steps: 10748 | steps_t: 50445 | t: 77.420516 | r:    -1.000000 | e:   0.957963 | Q:   0.843982 | won: True 
#  311 | steps: 10763 | steps_t: 50460 | t: 77.575660 | r:    -1.000000 | e:   0.957950 | Q:   0.843982 | won: True 
#  312 | steps: 10789 | steps_t: 50486 | t: 77.859097 | r:    -1.000000 | e:   0.957928 | Q:   0.843982 | won: True 
#  313 | steps: 10799 | steps_t: 50496 | t: 77.901581 | r:     1.000000 | e:   0.957920 | Q:   0.843982 | won: True 
#  314 | steps: 10814 | steps_t: 50511 | t: 77.986911 | r:    -1.000000 | e:   0.957908 | Q:   0.843982 | won: True 
