#    2 | steps:    13 | steps_t: 39798 | t: 0.091708 | r:     1.000000 | e:   0.336700 | Q:   0.835503 | won: True 
#    3 | steps:    24 | steps_t: 39798 | t: 0.098573 | r:     1.000000 | e:   0.336700 | Q:   0.835503 | won: True 
#    4 | steps:    48 | steps_t: 39798 | t: 0.276970 | r:     1.000000 | e:   0.336700 | Q:   0.835503 | won: True 
#    5 | steps:    55 | steps_t: 39798 | t: 0.362410 | r:     1.000000 | e:   0.336700 | Q:   0.835503 | won: True 
#    6 | steps:    62 | steps_t: 39798 | t: 0.538174 | r:     1.000000 | e:   0.336700 | Q:   0.835503 | won: True 
#    7 | steps:    76 | steps_t: 39798 | t: 0.543453 | r:    -1.000000 | e:   0.336700 | Q:   0.835503 | won: True 
#    8 | steps:    87 | steps_t: 39798 | t: 0.633629 | r:     1.000000 | e:   0.336700 | Q:   0.835503 | won: True 
#    9 | steps:    96 | steps_t: 39798 | t: 0.809300 | r:     1.000000 | e:   0.336700 | Q:   0.835503 | won: True 
#   10 | steps:   105 | steps_t: 39802 | t: 0.835967 | r:     1.000000 | e:   0.336633 | Q:   0.835662 | won: True 
#   11 | steps:   116 | steps_t: 39813 | t: 0.873204 | r:     1.000000 | e:   0.336450 | Q:   0.835859 | won: True 
#   12 | steps:   137 | steps_t: 39834 | t: 0.940475 | r:     1.000000 | e:   0.336100 | Q:   0.836835 | won: True 
#   13 | steps:   145 | steps_t: 39842 | t: 0.963409 | r:     1.000000 | e:   0.335967 | Q:   0.836835 | won: True 
#   14 | steps:   156 | steps_t: 39853 | t: 0.996175 | r:     1.000000 | e:   0.335783 | Q:   0.838239 | won: True 
#   15 | steps:   166 | steps_t: 39863 | t: 1.026822 | r:     1.000000 | e:   0.335617 | Q:   0.838743 | won: True 
#   16 | steps:   172 | steps_t: 39869 | t: 1.047322 | r:     1.000000 | e:   0.335517 | Q:   0.839140 | won: True 
#   17 | steps:   180 | steps_t: 39877 | t: 1.241914 | r:     1.000000 | e:   0.335383 | Q:   0.839780 | won: True 
#   18 | steps:   190 | steps_t: 39887 | t: 1.358103 | r:     1.000000 | e:   0.335217 | Q:   0.840345 | won: True 
#   19 | steps:   210 | steps_t: 39907 | t: 1.510492 | r:     1.000000 | e:   0.334883 | Q:   0.841199 | won: True 
#   20 | steps:   222 | steps_t: 39919 | t: 1.633977 | r:     1.000000 | e:   0.334683 | Q:   0.841199 | won: True 
#   21 | steps:   230 | steps_t: 39927 | t: 1.659948 | r:     1.000000 | e:   0.334550 | Q:   0.842532 | won: True 
#   22 | steps:   241 | steps_t: 39938 | t: 1.780661 | r:     1.000000 | e:   0.334367 | Q:   0.843123 | won: True 
#   23 | steps:   254 | steps_t: 39951 | t: 1.905183 | r:     1.000000 | e:   0.334150 | Q:   0.844518 | won: True 
#   24 | steps:   271 | steps_t: 39968 | t: 2.041023 | r:     1.000000 | e:   0.333867 | Q:   0.845825 | won: True 
#   25 | steps:   281 | steps_t: 39978 | t: 2.073279 | r:     1.000000 | e:   0.333700 | Q:   0.846386 | won: True 
#   26 | steps:   290 | steps_t: 39987 | t: 2.105817 | r:     1.000000 | e:   0.333550 | Q:   0.847316 | won: True 
#   27 | steps:   314 | steps_t: 40011 | t: 2.273120 | r:     1.000000 | e:   0.333150 | Q:   0.848370 | won: True 
#   28 | steps:   334 | steps_t: 40031 | t: 2.583365 | r:     1.000000 | e:   0.332817 | Q:   0.850157 | won: True 
#   29 | steps:   351 | steps_t: 40048 | t: 2.730088 | r:     1.000000 | e:   0.332533 | Q:   0.850858 | won: True 
#   30 | steps:   371 | steps_t: 40068 | t: 2.803167 | r:    -1.000000 | e:   0.332200 | Q:   0.851277 | won: True 
#   31 | steps:   379 | steps_t: 40076 | t: 2.829954 | r:     1.000000 | e:   0.332067 | Q:   0.852694 | won: True 
#   32 | steps:   389 | steps_t: 40086 | t: 2.858703 | r:     1.000000 | e:   0.331900 | Q:   0.852694 | won: True 
#   33 | steps:   396 | steps_t: 40093 | t: 2.963978 | r:     1.000000 | e:   0.331783 | Q:   0.853503 | won: True 
#   34 | steps:   403 | steps_t: 40100 | t: 2.985800 | r:     1.000000 | e:   0.331667 | Q:   0.853503 | won: True 
#   35 | steps:   418 | steps_t: 40115 | t: 3.032945 | r:     1.000000 | e:   0.331417 | Q:   0.854257 | won: True 
#   36 | steps:   427 | steps_t: 40124 | t: 3.063348 | r:     1.000000 | e:   0.331267 | Q:   0.854278 | won: True 
#   37 | steps:   436 | steps_t: 40133 | t: 3.175710 | r:     1.000000 | e:   0.331117 | Q:   0.855206 | won: True 
#   38 | steps:   448 | steps_t: 40145 | t: 3.224128 | r:     1.000000 | e:   0.330917 | Q:   0.855907 | won: True 
#   39 | steps:   456 | steps_t: 40153 | t: 3.250258 | r:     1.000000 | e:   0.330783 | Q:   0.856454 | won: True 
#   40 | steps:   471 | steps_t: 40168 | t: 3.378931 | r:     1.000000 | e:   0.330533 | Q:   0.856955 | won: True 
#   41 | steps:   513 | steps_t: 40210 | t: 3.502356 | r:     1.000000 | e:   0.329833 | Q:   0.859695 | won: True 
#   42 | steps:   521 | steps_t: 40218 | t: 3.699903 | r:     1.000000 | e:   0.329700 | Q:   0.859695 | won: True 
#   43 | steps:   535 | steps_t: 40232 | t: 3.840596 | r:     1.000000 | e:   0.329467 | Q:   0.861040 | won: True 
#   44 | steps:   541 | steps_t: 40238 | t: 3.862437 | r:     1.000000 | e:   0.329367 | Q:   0.861440 | won: True 
#   45 | steps:   547 | steps_t: 40244 | t: 3.884263 | r:     1.000000 | e:   0.329267 | Q:   0.861730 | won: True 
#   46 | steps:   562 | steps_t: 40259 | t: 3.950424 | r:     1.000000 | e:   0.329017 | Q:   0.862899 | won: True 
#   47 | steps:   571 | steps_t: 40268 | t: 3.991826 | r:     1.000000 | e:   0.328867 | Q:   0.863287 | won: True 
#   48 | steps:   579 | steps_t: 40276 | t: 4.107992 | r:     1.000000 | e:   0.328733 | Q:   0.863287 | won: True 
#   49 | steps:   585 | steps_t: 40282 | t: 4.216403 | r:     1.000000 | e:   0.328633 | Q:   0.863879 | won: True 
#   50 | steps:   595 | steps_t: 40292 | t: 4.252628 | r:     1.000000 | e:   0.328467 | Q:   0.864313 | won: True 
#   51 | steps:   607 | steps_t: 40304 | t: 4.343806 | r:     1.000000 | e:   0.328267 | Q:   0.864313 | won: True 
#   52 | steps:   625 | steps_t: 40322 | t: 4.460363 | r:     1.000000 | e:   0.327967 | Q:   0.864313 | won: True 
#   53 | steps:   639 | steps_t: 40336 | t: 4.597871 | r:     1.000000 | e:   0.327733 | Q:   0.865909 | won: True 
#   54 | steps:   646 | steps_t: 40343 | t: 4.626157 | r:     1.000000 | e:   0.327617 | Q:   0.866304 | won: True 
#   55 | steps:   654 | steps_t: 40351 | t: 4.747517 | r:     1.000000 | e:   0.327483 | Q:   0.866673 | won: True 
#   56 | steps:   675 | steps_t: 40372 | t: 4.814347 | r:     1.000000 | e:   0.327133 | Q:   0.868152 | won: True 
#   57 | steps:   692 | steps_t: 40389 | t: 4.960458 | r:     1.000000 | e:   0.326850 | Q:   0.868674 | won: True 
#   58 | steps:   709 | steps_t: 40406 | t: 5.016339 | r:     1.000000 | e:   0.326567 | Q:   0.870072 | won: True 
#   59 | steps:   734 | steps_t: 40431 | t: 5.096901 | r:     1.000000 | e:   0.326150 | Q:   0.870616 | won: True 
#   60 | steps:   743 | steps_t: 40440 | t: 5.212321 | r:     1.000000 | e:   0.326000 | Q:   0.870816 | won: True 
#   61 | steps:   755 | steps_t: 40452 | t: 5.263721 | r:     1.000000 | e:   0.325800 | Q:   0.871197 | won: True 
#   62 | steps:   767 | steps_t: 40464 | t: 5.315209 | r:     1.000000 | e:   0.325600 | Q:   0.871721 | won: True 
#   63 | steps:   776 | steps_t: 40473 | t: 5.347972 | r:     1.000000 | e:   0.325450 | Q:   0.872079 | won: True 
#   64 | steps:   793 | steps_t: 40490 | t: 5.400029 | r:     1.000000 | e:   0.325167 | Q:   0.872079 | won: True 
#   65 | steps:   800 | steps_t: 40497 | t: 5.419276 | r:     1.000000 | e:   0.325050 | Q:   0.872832 | won: True 
#   66 | steps:   812 | steps_t: 40509 | t: 5.454768 | r:     1.000000 | e:   0.324850 | Q:   0.873260 | won: True 
#   67 | steps:   819 | steps_t: 40516 | t: 5.475453 | r:     1.000000 | e:   0.324733 | Q:   0.873260 | won: True 
#   68 | steps:   826 | steps_t: 40523 | t: 5.496519 | r:     1.000000 | e:   0.324617 | Q:   0.873963 | won: True 
#   69 | steps:   833 | steps_t: 40530 | t: 5.517768 | r:     1.000000 | e:   0.324500 | Q:   0.873963 | won: True 
#   70 | steps:   841 | steps_t: 40538 | t: 5.541232 | r:     1.000000 | e:   0.324367 | Q:   0.874717 | won: True 
#   71 | steps:   854 | steps_t: 40551 | t: 5.580982 | r:     1.000000 | e:   0.324150 | Q:   0.874971 | won: True 
#   72 | steps:   864 | steps_t: 40561 | t: 5.700167 | r:     1.000000 | e:   0.323983 | Q:   0.875614 | won: True 
#   73 | steps:   878 | steps_t: 40575 | t: 5.849063 | r:     1.000000 | e:   0.323750 | Q:   0.875614 | won: True 
#   74 | steps:   884 | steps_t: 40581 | t: 5.869189 | r:     1.000000 | e:   0.323650 | Q:   0.876572 | won: True 
#   75 | steps:   890 | steps_t: 40587 | t: 5.889542 | r:     1.000000 | e:   0.323550 | Q:   0.876817 | won: True 
#   76 | steps:   901 | steps_t: 40598 | t: 6.012860 | r:     1.000000 | e:   0.323367 | Q:   0.877321 | won: True 
#   77 | steps:   913 | steps_t: 40610 | t: 6.137373 | r:     1.000000 | e:   0.323167 | Q:   0.878361 | won: True 
#   78 | steps:   923 | steps_t: 40620 | t: 6.170600 | r:     1.000000 | e:   0.323000 | Q:   0.878614 | won: True 
#   79 | steps:   938 | steps_t: 40635 | t: 6.317146 | r:     1.000000 | e:   0.322750 | Q:   0.879512 | won: True 
#   80 | steps:   946 | steps_t: 40643 | t: 6.341243 | r:     1.000000 | e:   0.322617 | Q:   0.879512 | won: True 
#   81 | steps:   955 | steps_t: 40652 | t: 6.448246 | r:    -1.000000 | e:   0.322467 | Q:   0.879512 | won: True 
#   82 | steps:   963 | steps_t: 40660 | t: 6.478036 | r:     1.000000 | e:   0.322333 | Q:   0.880806 | won: True 
#   83 | steps:   973 | steps_t: 40670 | t: 6.509509 | r:     1.000000 | e:   0.322167 | Q:   0.881591 | won: True 
#   84 | steps:   981 | steps_t: 40678 | t: 6.535852 | r:     1.000000 | e:   0.322033 | Q:   0.882069 | won: True 
#   85 | steps:   992 | steps_t: 40689 | t: 6.576669 | r:     1.000000 | e:   0.321850 | Q:   0.882402 | won: True 
#   86 | steps:  1004 | steps_t: 40701 | t: 6.616290 | r:     1.000000 | e:   0.321650 | Q:   0.882516 | won: True 
#   87 | steps:  1011 | steps_t: 40708 | t: 6.638141 | r:     1.000000 | e:   0.321533 | Q:   0.882516 | won: True 
#   88 | steps:  1019 | steps_t: 40716 | t: 6.661358 | r:     1.000000 | e:   0.321400 | Q:   0.883527 | won: True 
#   89 | steps:  1036 | steps_t: 40733 | t: 6.715889 | r:    -1.000000 | e:   0.321117 | Q:   0.883527 | won: True 
#   90 | steps:  1046 | steps_t: 40743 | t: 6.754374 | r:     1.000000 | e:   0.320950 | Q:   0.885718 | won: True 
#   91 | steps:  1055 | steps_t: 40752 | t: 6.876879 | r:     1.000000 | e:   0.320800 | Q:   0.885996 | won: True 
#   92 | steps:  1064 | steps_t: 40761 | t: 6.908580 | r:     1.000000 | e:   0.320650 | Q:   0.886095 | won: True 
#   93 | steps:  1070 | steps_t: 40767 | t: 7.013909 | r:     1.000000 | e:   0.320550 | Q:   0.886361 | won: True 
#   94 | steps:  1085 | steps_t: 40782 | t: 7.062755 | r:     1.000000 | e:   0.320300 | Q:   0.887125 | won: True 
#   95 | steps:  1099 | steps_t: 40796 | t: 7.280148 | r:     1.000000 | e:   0.320067 | Q:   0.887183 | won: True 
#   96 | steps:  1114 | steps_t: 40811 | t: 7.325708 | r:     1.000000 | e:   0.319817 | Q:   0.888304 | won: True 
#   97 | steps:  1145 | steps_t: 40842 | t: 7.423591 | r:     1.000000 | e:   0.319300 | Q:   0.890262 | won: True 
#   98 | steps:  1155 | steps_t: 40852 | t: 7.539908 | r:     1.000000 | e:   0.319133 | Q:   0.890649 | won: True 
#   99 | steps:  1163 | steps_t: 40860 | t: 7.654807 | r:     1.000000 | e:   0.319000 | Q:   0.890980 | won: True 
#  100 | steps:  1169 | steps_t: 40866 | t: 7.801603 | r:     1.000000 | e:   0.318900 | Q:   0.891409 | won: True 
#  101 | steps:  1180 | steps_t: 40877 | t: 7.843003 | r:     1.000000 | e:   0.318717 | Q:   0.891409 | won: True 
#  102 | steps:  1193 | steps_t: 40890 | t: 7.883044 | r:     1.000000 | e:   0.318500 | Q:   0.891409 | won: True 
#  103 | steps:  1232 | steps_t: 40929 | t: 8.265048 | r:     1.000000 | e:   0.317850 | Q:   0.893430 | won: True 
#  104 | steps:  1243 | steps_t: 40940 | t: 8.384331 | r:     1.000000 | e:   0.317667 | Q:   0.893871 | won: True 
#  105 | steps:  1259 | steps_t: 40956 | t: 8.432489 | r:     1.000000 | e:   0.317400 | Q:   0.894711 | won: True 
#  106 | steps:  1266 | steps_t: 40963 | t: 8.625288 | r:     1.000000 | e:   0.317283 | Q:   0.895156 | won: True 
#  107 | steps:  1284 | steps_t: 40981 | t: 8.684973 | r:     1.000000 | e:   0.316983 | Q:   0.896071 | won: True 
#  108 | steps:  1291 | steps_t: 40988 | t: 8.705752 | r:     1.000000 | e:   0.316867 | Q:   0.896529 | won: True 
#  109 | steps:  1298 | steps_t: 40995 | t: 8.901748 | r:     1.000000 | e:   0.316750 | Q:   0.896775 | won: True 
#  110 | steps:  1306 | steps_t: 41003 | t: 9.010265 | r:     1.000000 | e:   0.316617 | Q:   0.896929 | won: True 
#  111 | steps:  1313 | steps_t: 41010 | t: 9.196630 | r:     1.000000 | e:   0.316500 | Q:   0.897227 | won: True 
#  112 | steps:  1345 | steps_t: 41042 | t: 9.296270 | r:     1.000000 | e:   0.315967 | Q:   0.898847 | won: True 
#  113 | steps:  1364 | steps_t: 41061 | t: 9.351445 | r:     1.000000 | e:   0.315650 | Q:   0.899577 | won: True 
#  114 | steps:  1371 | steps_t: 41068 | t: 9.449935 | r:     1.000000 | e:   0.315533 | Q:   0.899988 | won: True 
#  115 | steps:  1385 | steps_t: 41082 | t: 9.498530 | r:     1.000000 | e:   0.315300 | Q:   0.900440 | won: True 
#  116 | steps:  1393 | steps_t: 41090 | t: 9.528380 | r:     1.000000 | e:   0.315167 | Q:   0.900440 | won: True 
#  117 | steps:  1410 | steps_t: 41107 | t: 9.667230 | r:     1.000000 | e:   0.314883 | Q:   0.901033 | won: True 
#  118 | steps:  1418 | steps_t: 41115 | t: 9.777444 | r:     1.000000 | e:   0.314750 | Q:   0.901140 | won: True 
#  119 | steps:  1424 | steps_t: 41121 | t: 9.795181 | r:     1.000000 | e:   0.314650 | Q:   0.901450 | won: True 
#  120 | steps:  1436 | steps_t: 41133 | t: 9.830177 | r:     1.000000 | e:   0.314450 | Q:   0.901450 | won: True 
#  121 | steps:  1448 | steps_t: 41145 | t: 9.866976 | r:     1.000000 | e:   0.314250 | Q:   0.901450 | won: True 
#  122 | steps:  1461 | steps_t: 41158 | t: 9.915356 | r:     1.000000 | e:   0.314033 | Q:   0.901450 | won: True 
#  123 | steps:  1469 | steps_t: 41166 | t: 9.944975 | r:     1.000000 | e:   0.313900 | Q:   0.902272 | won: True 
#  124 | steps:  1481 | steps_t: 41178 | t: 9.984636 | r:     1.000000 | e:   0.313700 | Q:   0.902508 | won: True 
#  125 | steps:  1490 | steps_t: 41187 | t: 10.016651 | r:     1.000000 | e:   0.313550 | Q:   0.903028 | won: True 
#  126 | steps:  1499 | steps_t: 41196 | t: 10.212476 | r:     1.000000 | e:   0.313400 | Q:   0.903394 | won: True 
#  127 | steps:  1512 | steps_t: 41209 | t: 10.349852 | r:     1.000000 | e:   0.313183 | Q:   0.903701 | won: True 
#  128 | steps:  1522 | steps_t: 41219 | t: 10.385886 | r:     1.000000 | e:   0.313017 | Q:   0.904219 | won: True 
#  129 | steps:  1529 | steps_t: 41226 | t: 10.498554 | r:     1.000000 | e:   0.312900 | Q:   0.904666 | won: True 
#  130 | steps:  1539 | steps_t: 41236 | t: 10.529990 | r:     1.000000 | e:   0.312733 | Q:   0.905349 | won: True 
#  131 | steps:  1545 | steps_t: 41242 | t: 10.716346 | r:     1.000000 | e:   0.312633 | Q:   0.905372 | won: True 
#  132 | steps:  1554 | steps_t: 41251 | t: 10.835410 | r:     1.000000 | e:   0.312483 | Q:   0.905850 | won: True 
#  133 | steps:  1568 | steps_t: 41265 | t: 10.959334 | r:     1.000000 | e:   0.312250 | Q:   0.906040 | won: True 
#  134 | steps:  1574 | steps_t: 41271 | t: 10.982261 | r:     1.000000 | e:   0.312150 | Q:   0.906040 | won: True 
#  135 | steps:  1589 | steps_t: 41286 | t: 11.032169 | r:     1.000000 | e:   0.311900 | Q:   0.906214 | won: True 
#  136 | steps:  1599 | steps_t: 41296 | t: 11.142520 | r:     1.000000 | e:   0.311733 | Q:   0.906214 | won: True 
#  137 | steps:  1605 | steps_t: 41302 | t: 11.160336 | r:     1.000000 | e:   0.311633 | Q:   0.906648 | won: True 
#  138 | steps:  1611 | steps_t: 41308 | t: 11.180645 | r:     1.000000 | e:   0.311533 | Q:   0.906751 | won: True 
#  139 | steps:  1622 | steps_t: 41319 | t: 11.213920 | r:     1.000000 | e:   0.311350 | Q:   0.907374 | won: True 
#  140 | steps:  1634 | steps_t: 41331 | t: 11.253074 | r:     1.000000 | e:   0.311150 | Q:   0.907818 | won: True 
#  141 | steps:  1645 | steps_t: 41342 | t: 11.285438 | r:     1.000000 | e:   0.310967 | Q:   0.907818 | won: True 
#  142 | steps:  1662 | steps_t: 41359 | t: 11.335319 | r:     1.000000 | e:   0.310683 | Q:   0.908010 | won: True 
#  143 | steps:  1676 | steps_t: 41373 | t: 11.457453 | r:     1.000000 | e:   0.310450 | Q:   0.908494 | won: True 
#  144 | steps:  1682 | steps_t: 41379 | t: 11.557392 | r:     1.000000 | e:   0.310350 | Q:   0.908558 | won: True 
#  145 | steps:  1692 | steps_t: 41389 | t: 11.586061 | r:     1.000000 | e:   0.310183 | Q:   0.909012 | won: True 
#  146 | steps:  1701 | steps_t: 41398 | t: 11.612395 | r:     1.000000 | e:   0.310033 | Q:   0.909412 | won: True 
#  147 | steps:  1715 | steps_t: 41412 | t: 11.651363 | r:     1.000000 | e:   0.309800 | Q:   0.910329 | won: True 
#  148 | steps:  1723 | steps_t: 41420 | t: 11.675278 | r:     1.000000 | e:   0.309667 | Q:   0.910668 | won: True 
#  149 | steps:  1736 | steps_t: 41433 | t: 11.715457 | r:     1.000000 | e:   0.309450 | Q:   0.910981 | won: True 
#  150 | steps:  1746 | steps_t: 41443 | t: 11.746500 | r:     1.000000 | e:   0.309283 | Q:   0.911878 | won: True 
#  151 | steps:  1760 | steps_t: 41457 | t: 11.790194 | r:     1.000000 | e:   0.309050 | Q:   0.912628 | won: True 
#  152 | steps:  1771 | steps_t: 41468 | t: 11.822627 | r:     1.000000 | e:   0.308867 | Q:   0.913137 | won: True 
#  153 | steps:  1782 | steps_t: 41479 | t: 11.940890 | r:     1.000000 | e:   0.308683 | Q:   0.913521 | won: True 
#  154 | steps:  1788 | steps_t: 41485 | t: 11.958235 | r:     1.000000 | e:   0.308583 | Q:   0.913762 | won: True 
#  155 | steps:  1797 | steps_t: 41494 | t: 12.068645 | r:     1.000000 | e:   0.308433 | Q:   0.913933 | won: True 
#  156 | steps:  1803 | steps_t: 41500 | t: 12.164669 | r:     1.000000 | e:   0.308333 | Q:   0.914233 | won: True 
#  157 | steps:  1809 | steps_t: 41506 | t: 12.182977 | r:     1.000000 | e:   0.308233 | Q:   0.914584 | won: True 
#  158 | steps:  1820 | steps_t: 41517 | t: 12.217018 | r:     1.000000 | e:   0.308050 | Q:   0.914699 | won: True 
#  159 | steps:  1828 | steps_t: 41525 | t: 12.242934 | r:     1.000000 | e:   0.307917 | Q:   0.915372 | won: True 
#  160 | steps:  1887 | steps_t: 41584 | t: 12.842357 | r:     1.000000 | e:   0.306933 | Q:   0.916831 | won: True 
#  161 | steps:  1894 | steps_t: 41591 | t: 12.867964 | r:     1.000000 | e:   0.306817 | Q:   0.916831 | won: True 
#  162 | steps:  1900 | steps_t: 41597 | t: 12.974559 | r:     1.000000 | e:   0.306717 | Q:   0.917342 | won: True 
#  163 | steps:  1910 | steps_t: 41607 | t: 13.086206 | r:     1.000000 | e:   0.306550 | Q:   0.917669 | won: True 
#  164 | steps:  1921 | steps_t: 41618 | t: 13.376167 | r:     1.000000 | e:   0.306367 | Q:   0.918018 | won: True 
#  165 | steps:  1930 | steps_t: 41627 | t: 13.404053 | r:     1.000000 | e:   0.306217 | Q:   0.918149 | won: True 
#  166 | steps:  1939 | steps_t: 41636 | t: 13.429791 | r:     1.000000 | e:   0.306067 | Q:   0.918521 | won: True 
#  167 | steps:  1967 | steps_t: 41664 | t: 13.683833 | r:    -1.000000 | e:   0.305600 | Q:   0.918967 | won: True 
#  168 | steps:  1983 | steps_t: 41680 | t: 13.817464 | r:     1.000000 | e:   0.305333 | Q:   0.919217 | won: True 
#  169 | steps:  1993 | steps_t: 41690 | t: 13.931583 | r:     1.000000 | e:   0.305167 | Q:   0.919217 | won: True 
#  170 | steps:  2006 | steps_t: 41703 | t: 14.138732 | r:     1.000000 | e:   0.304950 | Q:   0.920061 | won: True 
#  171 | steps:  2025 | steps_t: 41722 | t: 14.283866 | r:     1.000000 | e:   0.304633 | Q:   0.920633 | won: True 
#  172 | steps:  2036 | steps_t: 41733 | t: 14.319210 | r:     1.000000 | e:   0.304450 | Q:   0.921056 | won: True 
#  173 | steps:  2053 | steps_t: 41750 | t: 14.372751 | r:     1.000000 | e:   0.304167 | Q:   0.922017 | won: True 
#  174 | steps:  2073 | steps_t: 41770 | t: 14.605099 | r:     1.000000 | e:   0.303833 | Q:   0.922329 | won: True 
#  175 | steps:  2094 | steps_t: 41791 | t: 14.669325 | r:     1.000000 | e:   0.303483 | Q:   0.923057 | won: True 
#  176 | steps:  2112 | steps_t: 41809 | t: 14.895338 | r:     1.000000 | e:   0.303183 | Q:   0.923814 | won: True 
#  177 | steps:  2118 | steps_t: 41815 | t: 14.997428 | r:     1.000000 | e:   0.303083 | Q:   0.924262 | won: True 
#  178 | steps:  2135 | steps_t: 41832 | t: 15.058394 | r:     1.000000 | e:   0.302800 | Q:   0.924262 | won: True 
#  179 | steps:  2143 | steps_t: 41840 | t: 15.252223 | r:     1.000000 | e:   0.302667 | Q:   0.924262 | won: True 
#  180 | steps:  2152 | steps_t: 41849 | t: 15.360812 | r:     1.000000 | e:   0.302517 | Q:   0.924321 | won: True 
#  181 | steps:  2166 | steps_t: 41863 | t: 15.574820 | r:     1.000000 | e:   0.302283 | Q:   0.924321 | won: True 
#  182 | steps:  2177 | steps_t: 41874 | t: 15.609834 | r:     1.000000 | e:   0.302100 | Q:   0.924321 | won: True 
#  183 | steps:  2184 | steps_t: 41881 | t: 15.634773 | r:     1.000000 | e:   0.301983 | Q:   0.924321 | won: True 
#  184 | steps:  2193 | steps_t: 41890 | t: 15.661182 | r:     1.000000 | e:   0.301833 | Q:   0.924321 | won: True 
#  185 | steps:  2214 | steps_t: 41911 | t: 15.814887 | r:     1.000000 | e:   0.301483 | Q:   0.925178 | won: True 
#  186 | steps:  2220 | steps_t: 41917 | t: 15.834458 | r:     1.000000 | e:   0.301383 | Q:   0.925310 | won: True 
#  187 | steps:  2238 | steps_t: 41935 | t: 16.066959 | r:     1.000000 | e:   0.301083 | Q:   0.925310 | won: True 
#  188 | steps:  2247 | steps_t: 41944 | t: 16.180369 | r:     1.000000 | e:   0.300933 | Q:   0.925490 | won: True 
#  189 | steps:  2258 | steps_t: 41955 | t: 16.215903 | r:     1.000000 | e:   0.300750 | Q:   0.925891 | won: True 
#  190 | steps:  2272 | steps_t: 41969 | t: 16.268141 | r:     1.000000 | e:   0.300517 | Q:   0.926148 | won: True 
#  191 | steps:  2278 | steps_t: 41975 | t: 16.376602 | r:     1.000000 | e:   0.300417 | Q:   0.926148 | won: True 
#  192 | steps:  2286 | steps_t: 41983 | t: 16.405760 | r:     1.000000 | e:   0.300283 | Q:   0.926374 | won: True 
#  193 | steps:  2294 | steps_t: 41991 | t: 16.512825 | r:     1.000000 | e:   0.300150 | Q:   0.926901 | won: True 
#  194 | steps:  2303 | steps_t: 42000 | t: 16.540841 | r:     1.000000 | e:   0.300000 | Q:   0.926941 | won: True 
#  195 | steps:  2313 | steps_t: 42010 | t: 16.569650 | r:     1.000000 | e:   0.299833 | Q:   0.927268 | won: True 
#  196 | steps:  2321 | steps_t: 42018 | t: 16.596163 | r:     1.000000 | e:   0.299700 | Q:   0.927401 | won: True 
#  197 | steps:  2335 | steps_t: 42032 | t: 16.640557 | r:     1.000000 | e:   0.299467 | Q:   0.928292 | won: True 
#  198 | steps:  2342 | steps_t: 42039 | t: 16.661536 | r:     1.000000 | e:   0.299350 | Q:   0.928377 | won: True 
#  199 | steps:  2352 | steps_t: 42049 | t: 16.690968 | r:     1.000000 | e:   0.299183 | Q:   0.928377 | won: True 
#  200 | steps:  2362 | steps_t: 42059 | t: 16.807137 | r:     1.000000 | e:   0.299017 | Q:   0.929256 | won: True 
#  201 | steps:  2382 | steps_t: 42079 | t: 16.956071 | r:     1.000000 | e:   0.298683 | Q:   0.929256 | won: True 
