#    2 | steps:    33 | steps_t:     0 | t: 0.092246 | r:    -1.000000 | e:   1.000000 | Q:        nan | won: True 
#    3 | steps:    47 | steps_t:     0 | t: 0.173280 | r:    -1.000000 | e:   1.000000 | Q:        nan | won: True 
#    4 | steps:    69 | steps_t:     0 | t: 0.427809 | r:    -1.000000 | e:   1.000000 | Q:        nan | won: True 
#    5 | steps:   106 | steps_t:     5 | t: 0.703195 | r:    -1.000000 | e:   0.999875 | Q:        nan | won: True 
#    6 | steps:   124 | steps_t:    23 | t: 0.750428 | r:    -1.000000 | e:   0.999425 | Q:        nan | won: True 
#    7 | steps:   206 | steps_t:   105 | t: 1.144768 | r:     1.000000 | e:   0.997375 | Q:        nan | won: True 
#    8 | steps:   216 | steps_t:   115 | t: 1.172566 | r:     1.000000 | e:   0.997125 | Q:        nan | won: True 
#    9 | steps:   228 | steps_t:   127 | t: 1.206501 | r:    -1.000000 | e:   0.996825 | Q:        nan | won: True 
#   10 | steps:   285 | steps_t:   184 | t: 1.612854 | r:    -1.000000 | e:   0.995400 | Q:        nan | won: True 
#   11 | steps:   419 | steps_t:   318 | t: 2.400309 | r:    -1.000000 | e:   0.992050 | Q:   0.081354 | won: True 
#   12 | steps:   444 | steps_t:   343 | t: 2.630699 | r:    -1.000000 | e:   0.991425 | Q:   0.081354 | won: True 
#   13 | steps:   458 | steps_t:   357 | t: 2.749880 | r:    -1.000000 | e:   0.991075 | Q:   0.081354 | won: True 
#   14 | steps:   472 | steps_t:   371 | t: 2.792353 | r:    -1.000000 | e:   0.990725 | Q:   0.081354 | won: True 
#   15 | steps:   522 | steps_t:   421 | t: 3.092236 | r:    -1.000000 | e:   0.989475 | Q:   0.081354 | won: True 
#   16 | steps:   532 | steps_t:   431 | t: 3.117615 | r:     1.000000 | e:   0.989225 | Q:   0.081354 | won: True 
#   17 | steps:   548 | steps_t:   447 | t: 3.244350 | r:     1.000000 | e:   0.988825 | Q:   0.081354 | won: True 
#   18 | steps:   578 | steps_t:   477 | t: 3.586964 | r:    -1.000000 | e:   0.988075 | Q:   0.081354 | won: True 
#   19 | steps:   609 | steps_t:   508 | t: 3.758247 | r:    -1.000000 | e:   0.987300 | Q:   0.081354 | won: True 
#   20 | steps:   637 | steps_t:   536 | t: 4.090039 | r:     1.000000 | e:   0.986600 | Q:   0.081354 | won: True 
#   21 | steps:   658 | steps_t:   557 | t: 4.153483 | r:    -1.000000 | e:   0.986075 | Q:   0.081354 | won: True 
#   22 | steps:   667 | steps_t:   566 | t: 4.179318 | r:    -1.000000 | e:   0.985850 | Q:   0.081354 | won: True 
#   23 | steps:   679 | steps_t:   578 | t: 4.214106 | r:    -1.000000 | e:   0.985550 | Q:   0.081354 | won: True 
#   24 | steps:   708 | steps_t:   607 | t: 4.464695 | r:     1.000000 | e:   0.984825 | Q:   0.081354 | won: True 
#   25 | steps:   717 | steps_t:   616 | t: 4.568103 | r:    -1.000000 | e:   0.984600 | Q:   0.081354 | won: True 
#   26 | steps:   734 | steps_t:   633 | t: 4.698015 | r:    -1.000000 | e:   0.984175 | Q:   0.081354 | won: True 
#   27 | steps:   756 | steps_t:   655 | t: 5.012297 | r:     1.000000 | e:   0.983625 | Q:   0.081354 | won: True 
#   28 | steps:   771 | steps_t:   670 | t: 5.053060 | r:    -1.000000 | e:   0.983250 | Q:   0.081354 | won: True 
#   29 | steps:   812 | steps_t:   711 | t: 5.253066 | r:     1.000000 | e:   0.982225 | Q:   0.081354 | won: True 
#   30 | steps:   829 | steps_t:   728 | t: 5.310957 | r:    -1.000000 | e:   0.981800 | Q:   0.081354 | won: True 
#   31 | steps:   882 | steps_t:   781 | t: 5.702863 | r:    -1.000000 | e:   0.980475 | Q:   0.081354 | won: True 
#   32 | steps:   933 | steps_t:   832 | t: 6.084374 | r:    -1.000000 | e:   0.979200 | Q:   0.081354 | won: True 
#   33 | steps:   955 | steps_t:   854 | t: 6.230647 | r:    -1.000000 | e:   0.978650 | Q:   0.081354 | won: True 
#   34 | steps:   970 | steps_t:   869 | t: 6.358745 | r:    -1.000000 | e:   0.978275 | Q:   0.081354 | won: True 
#   35 | steps:   983 | steps_t:   882 | t: 6.479203 | r:     1.000000 | e:   0.977950 | Q:   0.081354 | won: True 
#   36 | steps:  1060 | steps_t:   959 | t: 6.847811 | r:    -1.000000 | e:   0.976025 | Q:   0.081354 | won: True 
#   37 | steps:  1093 | steps_t:   992 | t: 7.105514 | r:    -1.000000 | e:   0.975200 | Q:   0.081354 | won: True 
#   38 | steps:  1116 | steps_t:  1015 | t: 7.342158 | r:    -1.000000 | e:   0.974625 | Q:   0.081354 | won: True 
#   39 | steps:  1128 | steps_t:  1027 | t: 7.374380 | r:     1.000000 | e:   0.974325 | Q:   0.081354 | won: True 
#   40 | steps:  1153 | steps_t:  1052 | t: 7.614899 | r:    -1.000000 | e:   0.973700 | Q:   0.081354 | won: True 
#   41 | steps:  1259 | steps_t:  1158 | t: 8.238684 | r:     1.000000 | e:   0.971050 | Q:   0.081354 | won: True 
#   42 | steps:  1281 | steps_t:  1180 | t: 8.305356 | r:     1.000000 | e:   0.970500 | Q:   0.081354 | won: True 
#   43 | steps:  1315 | steps_t:  1214 | t: 8.402759 | r:     1.000000 | e:   0.969650 | Q:   0.081354 | won: True 
#   44 | steps:  1324 | steps_t:  1223 | t: 8.427199 | r:    -1.000000 | e:   0.969425 | Q:   0.081354 | won: True 
#   45 | steps:  1383 | steps_t:  1282 | t: 8.919817 | r:     1.000000 | e:   0.967950 | Q:   0.081354 | won: True 
#   46 | steps:  1411 | steps_t:  1310 | t: 9.162475 | r:    -1.000000 | e:   0.967250 | Q:   0.081354 | won: True 
#   47 | steps:  1430 | steps_t:  1329 | t: 9.218048 | r:     1.000000 | e:   0.966775 | Q:   0.081354 | won: True 
#   48 | steps:  1466 | steps_t:  1365 | t: 9.570562 | r:    -1.000000 | e:   0.965875 | Q:   0.081354 | won: True 
#   49 | steps:  1471 | steps_t:  1370 | t: 9.583836 | r:    -1.000000 | e:   0.965750 | Q:   0.081354 | won: True 
#   50 | steps:  1489 | steps_t:  1388 | t: 9.630641 | r:     1.000000 | e:   0.965300 | Q:   0.081354 | won: True 
#   51 | steps:  1499 | steps_t:  1398 | t: 9.657529 | r:    -1.000000 | e:   0.965050 | Q:   0.081354 | won: True 
#   52 | steps:  1559 | steps_t:  1458 | t: 9.898247 | r:    -1.000000 | e:   0.963550 | Q:   0.081354 | won: True 
#   53 | steps:  1629 | steps_t:  1528 | t: 10.327644 | r:     1.000000 | e:   0.961800 | Q:   0.081354 | won: True 
#   54 | steps:  1648 | steps_t:  1547 | t: 10.380347 | r:     1.000000 | e:   0.961325 | Q:   0.081354 | won: True 
#   55 | steps:  1682 | steps_t:  1581 | t: 10.636503 | r:     1.000000 | e:   0.960475 | Q:   0.081354 | won: True 
#   56 | steps:  1688 | steps_t:  1587 | t: 10.651948 | r:    -1.000000 | e:   0.960325 | Q:   0.081354 | won: True 
#   57 | steps:  1703 | steps_t:  1602 | t: 10.691085 | r:    -1.000000 | e:   0.959950 | Q:   0.081354 | won: True 
#   58 | steps:  1711 | steps_t:  1610 | t: 10.711734 | r:    -1.000000 | e:   0.959750 | Q:   0.081354 | won: True 
#   59 | steps:  1730 | steps_t:  1629 | t: 11.185698 | r:    -1.000000 | e:   0.959275 | Q:   0.081354 | won: True 
#   60 | steps:  1739 | steps_t:  1638 | t: 11.210096 | r:     1.000000 | e:   0.959050 | Q:   0.081354 | won: True 
#   61 | steps:  1765 | steps_t:  1664 | t: 11.357654 | r:     1.000000 | e:   0.958400 | Q:   0.081354 | won: True 
#   62 | steps:  1794 | steps_t:  1693 | t: 11.609926 | r:     1.000000 | e:   0.957675 | Q:   0.081354 | won: True 
#   63 | steps:  1826 | steps_t:  1725 | t: 12.031790 | r:    -1.000000 | e:   0.956875 | Q:   0.081354 | won: True 
#   64 | steps:  1848 | steps_t:  1747 | t: 12.258099 | r:     1.000000 | e:   0.956325 | Q:   0.081354 | won: True 
#   65 | steps:  1881 | steps_t:  1780 | t: 12.594792 | r:     1.000000 | e:   0.955500 | Q:   0.081354 | won: True 
#   66 | steps:  1922 | steps_t:  1821 | t: 12.787064 | r:     1.000000 | e:   0.954475 | Q:   0.081354 | won: True 
#   67 | steps:  1968 | steps_t:  1867 | t: 13.282791 | r:    -1.000000 | e:   0.953325 | Q:   0.081354 | won: True 
#   68 | steps:  1985 | steps_t:  1884 | t: 13.503229 | r:    -1.000000 | e:   0.952900 | Q:   0.081354 | won: True 
#   69 | steps:  2040 | steps_t:  1939 | t: 13.907202 | r:    -1.000000 | e:   0.951525 | Q:   0.081354 | won: True 
#   70 | steps:  2058 | steps_t:  1957 | t: 14.290634 | r:     1.000000 | e:   0.951075 | Q:   0.081354 | won: True 
#   71 | steps:  2089 | steps_t:  1988 | t: 14.467821 | r:     1.000000 | e:   0.950300 | Q:   0.081354 | won: True 
#   72 | steps:  2121 | steps_t:  2020 | t: 14.641841 | r:    -1.000000 | e:   0.949500 | Q:   0.081354 | won: True 
#   73 | steps:  2157 | steps_t:  2056 | t: 14.841811 | r:     1.000000 | e:   0.948600 | Q:   0.081354 | won: True 
#   74 | steps:  2190 | steps_t:  2089 | t: 15.186745 | r:     1.000000 | e:   0.947775 | Q:   0.081354 | won: True 
#   75 | steps:  2204 | steps_t:  2103 | t: 15.231162 | r:     1.000000 | e:   0.947425 | Q:   0.081354 | won: True 
#   76 | steps:  2211 | steps_t:  2110 | t: 15.331183 | r:    -1.000000 | e:   0.947250 | Q:   0.081354 | won: True 
#   77 | steps:  2229 | steps_t:  2128 | t: 15.547114 | r:    -1.000000 | e:   0.946800 | Q:   0.081354 | won: True 
#   78 | steps:  2239 | steps_t:  2138 | t: 15.650546 | r:    -1.000000 | e:   0.946550 | Q:   0.081354 | won: True 
#   79 | steps:  2248 | steps_t:  2147 | t: 15.850412 | r:    -1.000000 | e:   0.946325 | Q:   0.081354 | won: True 
#   80 | steps:  2292 | steps_t:  2191 | t: 16.309326 | r:    -1.000000 | e:   0.945225 | Q:   0.081354 | won: True 
#   81 | steps:  2345 | steps_t:  2244 | t: 16.564474 | r:     1.000000 | e:   0.943900 | Q:   0.081354 | won: True 
#   82 | steps:  2407 | steps_t:  2306 | t: 17.247913 | r:     1.000000 | e:   0.942350 | Q:   0.081354 | won: True 
#   83 | steps:  2441 | steps_t:  2340 | t: 17.682182 | r:    -1.000000 | e:   0.941500 | Q:   0.081354 | won: True 
#   84 | steps:  2470 | steps_t:  2369 | t: 18.013047 | r:    -1.000000 | e:   0.940775 | Q:   0.081354 | won: True 
#   85 | steps:  2494 | steps_t:  2393 | t: 18.078256 | r:    -1.000000 | e:   0.940175 | Q:   0.081354 | won: True 
#   86 | steps:  2514 | steps_t:  2413 | t: 18.213742 | r:    -1.000000 | e:   0.939675 | Q:   0.081354 | won: True 
#   87 | steps:  2523 | steps_t:  2422 | t: 18.239902 | r:     1.000000 | e:   0.939450 | Q:   0.081354 | won: True 
#   88 | steps:  2557 | steps_t:  2456 | t: 18.503076 | r:     1.000000 | e:   0.938600 | Q:   0.081354 | won: True 
#   89 | steps:  2591 | steps_t:  2490 | t: 18.845164 | r:     1.000000 | e:   0.937750 | Q:   0.081354 | won: True 
#   90 | steps:  2622 | steps_t:  2521 | t: 19.105417 | r:     1.000000 | e:   0.936975 | Q:   0.081354 | won: True 
#   91 | steps:  2642 | steps_t:  2541 | t: 19.418552 | r:     1.000000 | e:   0.936475 | Q:   0.081354 | won: True 
#   92 | steps:  2657 | steps_t:  2556 | t: 19.460590 | r:    -1.000000 | e:   0.936100 | Q:   0.081354 | won: True 
#   93 | steps:  2671 | steps_t:  2570 | t: 19.502595 | r:     1.000000 | e:   0.935750 | Q:   0.081354 | won: True 
#   94 | steps:  2775 | steps_t:  2674 | t: 20.378183 | r:    -1.000000 | e:   0.933150 | Q:   0.081354 | won: True 
#   95 | steps:  2804 | steps_t:  2703 | t: 20.546956 | r:    -1.000000 | e:   0.932425 | Q:   0.081354 | won: True 
#   96 | steps:  2822 | steps_t:  2721 | t: 20.679563 | r:    -1.000000 | e:   0.931975 | Q:   0.081354 | won: True 
#   97 | steps:  2876 | steps_t:  2775 | t: 21.003610 | r:    -1.000000 | e:   0.930625 | Q:   0.081354 | won: True 
#   98 | steps:  2892 | steps_t:  2791 | t: 21.051806 | r:    -1.000000 | e:   0.930225 | Q:   0.081354 | won: True 
#   99 | steps:  2912 | steps_t:  2811 | t: 21.366575 | r:    -1.000000 | e:   0.929725 | Q:   0.081354 | won: True 
#  100 | steps:  2964 | steps_t:  2863 | t: 21.595884 | r:     1.000000 | e:   0.928425 | Q:   0.081354 | won: True 
#  101 | steps:  3015 | steps_t:  2914 | t: 21.903897 | r:    -1.000000 | e:   0.927150 | Q:   0.081354 | won: True 
#  102 | steps:  3066 | steps_t:  2965 | t: 22.214986 | r:    -1.000000 | e:   0.925875 | Q:   0.081354 | won: True 
#  103 | steps:  3141 | steps_t:  3040 | t: 22.762540 | r:     1.000000 | e:   0.924000 | Q:   0.081354 | won: True 
#  104 | steps:  3162 | steps_t:  3061 | t: 23.009527 | r:     1.000000 | e:   0.923475 | Q:   0.081354 | won: True 
#  105 | steps:  3171 | steps_t:  3070 | t: 23.115631 | r:    -1.000000 | e:   0.923250 | Q:   0.081354 | won: True 
#  106 | steps:  3199 | steps_t:  3098 | t: 23.288730 | r:     1.000000 | e:   0.922550 | Q:   0.081354 | won: True 
#  107 | steps:  3320 | steps_t:  3219 | t: 24.204783 | r:     1.000000 | e:   0.919525 | Q:   0.081354 | won: True 
#  108 | steps:  3333 | steps_t:  3232 | t: 24.326416 | r:    -1.000000 | e:   0.919200 | Q:   0.081354 | won: True 
#  109 | steps:  3390 | steps_t:  3289 | t: 24.731140 | r:    -1.000000 | e:   0.917775 | Q:   0.081354 | won: True 
#  110 | steps:  3466 | steps_t:  3365 | t: 25.184323 | r:     1.000000 | e:   0.915875 | Q:   0.081354 | won: True 
#  111 | steps:  3508 | steps_t:  3407 | t: 25.468493 | r:     1.000000 | e:   0.914825 | Q:   0.081354 | won: True 
#  112 | steps:  3635 | steps_t:  3534 | t: 25.978517 | r:    -1.000000 | e:   0.911650 | Q:   0.081354 | won: True 
#  113 | steps:  3645 | steps_t:  3544 | t: 26.013194 | r:    -1.000000 | e:   0.911400 | Q:   0.081354 | won: True 
#  114 | steps:  3661 | steps_t:  3560 | t: 26.139918 | r:    -1.000000 | e:   0.911000 | Q:   0.081354 | won: True 
#  115 | steps:  3731 | steps_t:  3630 | t: 26.505845 | r:     1.000000 | e:   0.909250 | Q:   0.081354 | won: True 
#  116 | steps:  3755 | steps_t:  3654 | t: 26.908167 | r:     1.000000 | e:   0.908650 | Q:   0.081354 | won: True 
#  117 | steps:  3778 | steps_t:  3677 | t: 27.059904 | r:    -1.000000 | e:   0.908075 | Q:   0.081354 | won: True 
#  118 | steps:  3887 | steps_t:  3786 | t: 27.605343 | r:    -1.000000 | e:   0.905350 | Q:   0.081354 | won: True 
#  119 | steps:  3898 | steps_t:  3797 | t: 27.635771 | r:    -1.000000 | e:   0.905075 | Q:   0.081354 | won: True 
#  120 | steps:  4097 | steps_t:  3996 | t: 29.181476 | r:    -1.000000 | e:   0.900100 | Q:   0.081354 | won: True 
#  121 | steps:  4185 | steps_t:  4084 | t: 30.019955 | r:    -1.000000 | e:   0.897900 | Q:   0.081354 | won: True 
#  122 | steps:  4234 | steps_t:  4133 | t: 30.408933 | r:    -1.000000 | e:   0.896675 | Q:   0.081354 | won: True 
#  123 | steps:  4317 | steps_t:  4216 | t: 31.069373 | r:     1.000000 | e:   0.894600 | Q:   0.081354 | won: True 
#  124 | steps:  4354 | steps_t:  4253 | t: 31.263263 | r:    -1.000000 | e:   0.893675 | Q:   0.081354 | won: True 
#  125 | steps:  4373 | steps_t:  4272 | t: 31.401420 | r:    -1.000000 | e:   0.893200 | Q:   0.081354 | won: True 
#  126 | steps:  4395 | steps_t:  4294 | t: 31.462508 | r:    -1.000000 | e:   0.892650 | Q:   0.081354 | won: True 
#  127 | steps:  4430 | steps_t:  4329 | t: 31.813423 | r:    -1.000000 | e:   0.891775 | Q:   0.081354 | won: True 
#  128 | steps:  4445 | steps_t:  4344 | t: 31.859237 | r:    -1.000000 | e:   0.891400 | Q:   0.081354 | won: True 
#  129 | steps:  4481 | steps_t:  4380 | t: 32.074204 | r:     1.000000 | e:   0.890500 | Q:   0.081354 | won: True 
#  130 | steps:  4498 | steps_t:  4397 | t: 32.306591 | r:    -1.000000 | e:   0.890075 | Q:   0.081354 | won: True 
#  131 | steps:  4507 | steps_t:  4406 | t: 32.417685 | r:     1.000000 | e:   0.889850 | Q:   0.081354 | won: True 
#  132 | steps:  4584 | steps_t:  4483 | t: 32.989107 | r:    -1.000000 | e:   0.887925 | Q:   0.081354 | won: True 
#  133 | steps:  4640 | steps_t:  4539 | t: 33.422986 | r:    -1.000000 | e:   0.886525 | Q:   0.081354 | won: True 
#  134 | steps:  4765 | steps_t:  4664 | t: 34.882730 | r:     1.000000 | e:   0.883400 | Q:   0.081354 | won: True 
#  135 | steps:  4784 | steps_t:  4683 | t: 35.021556 | r:    -1.000000 | e:   0.882925 | Q:   0.081354 | won: True 
#  136 | steps:  4807 | steps_t:  4706 | t: 35.166693 | r:    -1.000000 | e:   0.882350 | Q:   0.081354 | won: True 
#  137 | steps:  4836 | steps_t:  4735 | t: 35.510228 | r:    -1.000000 | e:   0.881625 | Q:   0.081354 | won: True 
#  138 | steps:  4851 | steps_t:  4750 | t: 35.633561 | r:    -1.000000 | e:   0.881250 | Q:   0.081354 | won: True 
#  139 | steps:  4907 | steps_t:  4806 | t: 35.949419 | r:    -1.000000 | e:   0.879850 | Q:   0.081354 | won: True 
#  140 | steps:  4937 | steps_t:  4836 | t: 36.029584 | r:     1.000000 | e:   0.879100 | Q:   0.081354 | won: True 
#  141 | steps:  4989 | steps_t:  4888 | t: 36.334895 | r:     1.000000 | e:   0.877800 | Q:   0.081354 | won: True 
#  142 | steps:  5021 | steps_t:  4920 | t: 36.426389 | r:    -1.000000 | e:   0.877000 | Q:   0.081354 | won: True 
#  143 | steps:  5034 | steps_t:  4933 | t: 36.466475 | r:    -1.000000 | e:   0.876675 | Q:   0.081354 | won: True 
#  144 | steps:  5072 | steps_t:  4971 | t: 36.738268 | r:     1.000000 | e:   0.875725 | Q:   0.081354 | won: True 
#  145 | steps:  5094 | steps_t:  4993 | t: 36.883230 | r:    -1.000000 | e:   0.875175 | Q:   0.081354 | won: True 
#  146 | steps:  5145 | steps_t:  5044 | t: 37.027403 | r:    -1.000000 | e:   0.873900 | Q:   0.081354 | won: True 
#  147 | steps:  5199 | steps_t:  5098 | t: 37.340099 | r:    -1.000000 | e:   0.872550 | Q:   0.081354 | won: True 
#  148 | steps:  5229 | steps_t:  5128 | t: 37.423051 | r:     1.000000 | e:   0.871800 | Q:   0.081354 | won: True 
#  149 | steps:  5236 | steps_t:  5135 | t: 37.522205 | r:    -1.000000 | e:   0.871625 | Q:   0.081354 | won: True 
#  150 | steps:  5366 | steps_t:  5265 | t: 38.558691 | r:    -1.000000 | e:   0.868375 | Q:   0.081354 | won: True 
#  151 | steps:  5372 | steps_t:  5271 | t: 38.656790 | r:    -1.000000 | e:   0.868225 | Q:   0.081354 | won: True 
#  152 | steps:  5390 | steps_t:  5289 | t: 38.792843 | r:    -1.000000 | e:   0.867775 | Q:   0.081354 | won: True 
#  153 | steps:  5402 | steps_t:  5301 | t: 38.914267 | r:    -1.000000 | e:   0.867475 | Q:   0.081354 | won: True 
#  154 | steps:  5519 | steps_t:  5418 | t: 39.580643 | r:     1.000000 | e:   0.864550 | Q:   0.081354 | won: True 
#  155 | steps:  5546 | steps_t:  5445 | t: 39.820585 | r:     1.000000 | e:   0.863875 | Q:   0.081354 | won: True 
#  156 | steps:  5559 | steps_t:  5458 | t: 39.857661 | r:     1.000000 | e:   0.863550 | Q:   0.081354 | won: True 
#  157 | steps:  5589 | steps_t:  5488 | t: 40.202356 | r:     1.000000 | e:   0.862800 | Q:   0.081354 | won: True 
#  158 | steps:  5596 | steps_t:  5495 | t: 40.304468 | r:    -1.000000 | e:   0.862625 | Q:   0.081354 | won: True 
#  159 | steps:  5610 | steps_t:  5509 | t: 40.434060 | r:    -1.000000 | e:   0.862275 | Q:   0.081354 | won: True 
#  160 | steps:  5624 | steps_t:  5523 | t: 40.473646 | r:     1.000000 | e:   0.861925 | Q:   0.081354 | won: True 
#  161 | steps:  5797 | steps_t:  5696 | t: 41.912146 | r:    -1.000000 | e:   0.857600 | Q:   0.081354 | won: True 
#  162 | steps:  5807 | steps_t:  5706 | t: 41.946439 | r:    -1.000000 | e:   0.857350 | Q:   0.081354 | won: True 
#  163 | steps:  5914 | steps_t:  5813 | t: 42.752241 | r:    -1.000000 | e:   0.854675 | Q:   0.081354 | won: True 
#  164 | steps:  5925 | steps_t:  5824 | t: 42.869881 | r:    -1.000000 | e:   0.854400 | Q:   0.081354 | won: True 
#  165 | steps:  5939 | steps_t:  5838 | t: 43.068338 | r:     1.000000 | e:   0.854050 | Q:   0.081354 | won: True 
#  166 | steps:  5991 | steps_t:  5890 | t: 43.382099 | r:     1.000000 | e:   0.852750 | Q:   0.081354 | won: True 
#  167 | steps:  6000 | steps_t:  5899 | t: 43.487507 | r:     1.000000 | e:   0.852525 | Q:   0.081354 | won: True 
#  168 | steps:  6039 | steps_t:  5938 | t: 43.606556 | r:     1.000000 | e:   0.851550 | Q:   0.081354 | won: True 
#  169 | steps:  6175 | steps_t:  6074 | t: 44.489710 | r:    -1.000000 | e:   0.848150 | Q:   0.081354 | won: True 
#  170 | steps:  6243 | steps_t:  6142 | t: 44.938367 | r:    -1.000000 | e:   0.846450 | Q:   0.081354 | won: True 
#  171 | steps:  6266 | steps_t:  6165 | t: 45.172397 | r:    -1.000000 | e:   0.845875 | Q:   0.081354 | won: True 
#  172 | steps:  6301 | steps_t:  6200 | t: 45.271539 | r:    -1.000000 | e:   0.845000 | Q:   0.081354 | won: True 
#  173 | steps:  6321 | steps_t:  6220 | t: 45.324542 | r:     1.000000 | e:   0.844500 | Q:   0.081354 | won: True 
#  174 | steps:  6327 | steps_t:  6226 | t: 45.340410 | r:    -1.000000 | e:   0.844350 | Q:   0.081354 | won: True 
#  175 | steps:  6343 | steps_t:  6242 | t: 45.469739 | r:     1.000000 | e:   0.843950 | Q:   0.081354 | won: True 
#  176 | steps:  6411 | steps_t:  6310 | t: 45.995784 | r:     1.000000 | e:   0.842250 | Q:   0.081354 | won: True 
#  177 | steps:  6541 | steps_t:  6440 | t: 46.848582 | r:    -1.000000 | e:   0.839000 | Q:   0.081354 | won: True 
#  178 | steps:  6613 | steps_t:  6512 | t: 47.290301 | r:     1.000000 | e:   0.837200 | Q:   0.081354 | won: True 
#  179 | steps:  6632 | steps_t:  6531 | t: 47.348191 | r:    -1.000000 | e:   0.836725 | Q:   0.081354 | won: True 
#  180 | steps:  6672 | steps_t:  6571 | t: 47.706839 | r:    -1.000000 | e:   0.835725 | Q:   0.081354 | won: True 
#  181 | steps:  6695 | steps_t:  6594 | t: 47.853845 | r:    -1.000000 | e:   0.835150 | Q:   0.081354 | won: True 
#  182 | steps:  6735 | steps_t:  6634 | t: 48.226108 | r:    -1.000000 | e:   0.834150 | Q:   0.081354 | won: True 
#  183 | steps:  6765 | steps_t:  6664 | t: 48.410690 | r:    -1.000000 | e:   0.833400 | Q:   0.081354 | won: True 
#  184 | steps:  6770 | steps_t:  6669 | t: 48.427328 | r:    -1.000000 | e:   0.833275 | Q:   0.081354 | won: True 
#  185 | steps:  6795 | steps_t:  6694 | t: 48.499193 | r:    -1.000000 | e:   0.832650 | Q:   0.081354 | won: True 
#  186 | steps:  6843 | steps_t:  6742 | t: 48.973665 | r:    -1.000000 | e:   0.831450 | Q:   0.081354 | won: True 
#  187 | steps:  6866 | steps_t:  6765 | t: 49.034873 | r:    -1.000000 | e:   0.830875 | Q:   0.081354 | won: True 
#  188 | steps:  6903 | steps_t:  6802 | t: 49.142756 | r:    -1.000000 | e:   0.829950 | Q:   0.081354 | won: True 
#  189 | steps:  6947 | steps_t:  6846 | t: 49.682869 | r:    -1.000000 | e:   0.828850 | Q:   0.081354 | won: True 
#  190 | steps:  6983 | steps_t:  6882 | t: 49.959753 | r:    -1.000000 | e:   0.827950 | Q:   0.081354 | won: True 
#  191 | steps:  6999 | steps_t:  6898 | t: 50.177252 | r:    -1.000000 | e:   0.827550 | Q:   0.081354 | won: True 
#  192 | steps:  7173 | steps_t:  7072 | t: 51.182876 | r:     1.000000 | e:   0.823200 | Q:   0.081354 | won: True 
#  193 | steps:  7202 | steps_t:  7101 | t: 51.504800 | r:    -1.000000 | e:   0.822475 | Q:   0.081354 | won: True 
#  194 | steps:  7247 | steps_t:  7146 | t: 51.975120 | r:    -1.000000 | e:   0.821350 | Q:   0.081354 | won: True 
#  195 | steps:  7298 | steps_t:  7197 | t: 52.220435 | r:     1.000000 | e:   0.820075 | Q:   0.081354 | won: True 
#  196 | steps:  7341 | steps_t:  7240 | t: 52.516680 | r:    -1.000000 | e:   0.819000 | Q:   0.081354 | won: True 
#  197 | steps:  7388 | steps_t:  7287 | t: 53.153094 | r:    -1.000000 | e:   0.817825 | Q:   0.081354 | won: True 
#  198 | steps:  7405 | steps_t:  7304 | t: 53.288672 | r:     1.000000 | e:   0.817400 | Q:   0.081354 | won: True 
#  199 | steps:  7506 | steps_t:  7405 | t: 53.826946 | r:     1.000000 | e:   0.814875 | Q:   0.081354 | won: True 
#  200 | steps:  7522 | steps_t:  7421 | t: 53.956723 | r:    -1.000000 | e:   0.814475 | Q:   0.081354 | won: True 
#  201 | steps:  7588 | steps_t:  7487 | t: 54.480783 | r:     1.000000 | e:   0.812825 | Q:   0.081354 | won: True 
#  202 | steps:  7685 | steps_t:  7584 | t: 55.103024 | r:     1.000000 | e:   0.810400 | Q:   0.081354 | won: True 
#  203 | steps:  7774 | steps_t:  7673 | t: 55.604651 | r:     1.000000 | e:   0.808175 | Q:   0.081354 | won: True 
#  204 | steps:  7789 | steps_t:  7688 | t: 55.648118 | r:    -1.000000 | e:   0.807800 | Q:   0.081354 | won: True 
#  205 | steps:  7826 | steps_t:  7725 | t: 55.926492 | r:     1.000000 | e:   0.806875 | Q:   0.081354 | won: True 
#  206 | steps:  7846 | steps_t:  7745 | t: 56.069055 | r:    -1.000000 | e:   0.806375 | Q:   0.081354 | won: True 
#  207 | steps:  7926 | steps_t:  7825 | t: 56.464336 | r:    -1.000000 | e:   0.804375 | Q:   0.081354 | won: True 
#  208 | steps:  7952 | steps_t:  7851 | t: 56.546711 | r:    -1.000000 | e:   0.803725 | Q:   0.081354 | won: True 
#  209 | steps:  7980 | steps_t:  7879 | t: 56.801346 | r:    -1.000000 | e:   0.803025 | Q:   0.081354 | won: True 
#  210 | steps:  8057 | steps_t:  7956 | t: 57.526259 | r:     1.000000 | e:   0.801100 | Q:   0.081354 | won: True 
#  211 | steps:  8122 | steps_t:  8021 | t: 58.135080 | r:    -1.000000 | e:   0.799475 | Q:   0.081354 | won: True 
#  212 | steps:  8147 | steps_t:  8046 | t: 58.300328 | r:    -1.000000 | e:   0.798850 | Q:   0.081354 | won: True 
#  213 | steps:  8260 | steps_t:  8159 | t: 59.618327 | r:    -1.000000 | e:   0.796025 | Q:   0.081354 | won: True 
#  214 | steps:  8316 | steps_t:  8215 | t: 60.029482 | r:    -1.000000 | e:   0.794625 | Q:   0.081354 | won: True 
#  215 | steps:  8382 | steps_t:  8281 | t: 60.469176 | r:     1.000000 | e:   0.792975 | Q:   0.081354 | won: True 
#  216 | steps:  8399 | steps_t:  8298 | t: 60.598155 | r:    -1.000000 | e:   0.792550 | Q:   0.081354 | won: True 
#  217 | steps:  8427 | steps_t:  8326 | t: 60.691158 | r:    -1.000000 | e:   0.791850 | Q:   0.081354 | won: True 
#  218 | steps:  8465 | steps_t:  8364 | t: 61.135327 | r:    -1.000000 | e:   0.790900 | Q:   0.081354 | won: True 
#  219 | steps:  8483 | steps_t:  8382 | t: 61.192891 | r:    -1.000000 | e:   0.790450 | Q:   0.081354 | won: True 
#  220 | steps:  8975 | steps_t:  8874 | t: 64.769774 | r:    -1.000000 | e:   0.778150 | Q:   0.081354 | won: True 
#  221 | steps:  8999 | steps_t:  8898 | t: 65.173994 | r:    -1.000000 | e:   0.777550 | Q:   0.081354 | won: True 
#  222 | steps:  9029 | steps_t:  8928 | t: 65.265577 | r:    -1.000000 | e:   0.776800 | Q:   0.081354 | won: True 
#  223 | steps:  9067 | steps_t:  8966 | t: 65.461619 | r:    -1.000000 | e:   0.775850 | Q:   0.081354 | won: True 
#  224 | steps:  9104 | steps_t:  9003 | t: 65.643412 | r:    -1.000000 | e:   0.774925 | Q:   0.081354 | won: True 
#  225 | steps:  9175 | steps_t:  9074 | t: 65.930468 | r:     1.000000 | e:   0.773150 | Q:   0.081354 | won: True 
#  226 | steps:  9231 | steps_t:  9130 | t: 66.428610 | r:     1.000000 | e:   0.771750 | Q:   0.081354 | won: True 
#  227 | steps:  9250 | steps_t:  9149 | t: 66.487694 | r:     1.000000 | e:   0.771275 | Q:   0.081354 | won: True 
#  228 | steps:  9290 | steps_t:  9189 | t: 66.771630 | r:     1.000000 | e:   0.770275 | Q:   0.081354 | won: True 
#  229 | steps:  9308 | steps_t:  9207 | t: 67.002660 | r:    -1.000000 | e:   0.769825 | Q:   0.081354 | won: True 
#  230 | steps:  9333 | steps_t:  9232 | t: 67.167877 | r:     1.000000 | e:   0.769200 | Q:   0.081354 | won: True 
#  231 | steps:  9384 | steps_t:  9283 | t: 67.408240 | r:    -1.000000 | e:   0.767925 | Q:   0.081354 | won: True 
#  232 | steps:  9547 | steps_t:  9446 | t: 68.195587 | r:     1.000000 | e:   0.763850 | Q:   0.081354 | won: True 
#  233 | steps:  9570 | steps_t:  9469 | t: 68.274318 | r:    -1.000000 | e:   0.763275 | Q:   0.081354 | won: True 
#  234 | steps:  9620 | steps_t:  9519 | t: 68.588882 | r:     1.000000 | e:   0.762025 | Q:   0.081354 | won: True 
#  235 | steps:  9654 | steps_t:  9553 | t: 68.692086 | r:     1.000000 | e:   0.761175 | Q:   0.081354 | won: True 
#  236 | steps:  9668 | steps_t:  9567 | t: 68.732417 | r:    -1.000000 | e:   0.760825 | Q:   0.081354 | won: True 
#  237 | steps:  9674 | steps_t:  9573 | t: 68.833831 | r:     1.000000 | e:   0.760675 | Q:   0.081354 | won: True 
#  238 | steps:  9706 | steps_t:  9605 | t: 69.005381 | r:     1.000000 | e:   0.759875 | Q:   0.081354 | won: True 
#  239 | steps:  9768 | steps_t:  9667 | t: 69.354039 | r:     1.000000 | e:   0.758325 | Q:   0.081354 | won: True 
#  240 | steps:  9920 | steps_t:  9819 | t: 70.632404 | r:    -1.000000 | e:   0.754525 | Q:   0.081354 | won: True 
#  241 | steps:  9950 | steps_t:  9849 | t: 70.962733 | r:    -1.000000 | e:   0.753775 | Q:   0.081354 | won: True 
#  242 | steps:  9965 | steps_t:  9864 | t: 71.007423 | r:    -1.000000 | e:   0.753400 | Q:   0.081354 | won: True 
#  243 | steps: 10016 | steps_t:  9915 | t: 71.629888 | r:    -1.000000 | e:   0.752125 | Q:   0.081354 | won: True 
#  244 | steps: 10044 | steps_t:  9943 | t: 71.741318 | r:    -1.000000 | e:   0.751425 | Q:   0.081354 | won: True 
#  245 | steps: 10092 | steps_t:  9991 | t: 72.273443 | r:    -1.000000 | e:   0.750225 | Q:   0.081354 | won: True 
#  246 | steps: 10162 | steps_t: 10061 | t: 72.702172 | r:     1.000000 | e:   0.748475 | Q:   0.081354 | won: True 
#  247 | steps: 10181 | steps_t: 10080 | t: 72.780089 | r:    -1.000000 | e:   0.748000 | Q:   0.081354 | won: True 
#  248 | steps: 10269 | steps_t: 10168 | t: 73.538803 | r:     1.000000 | e:   0.745800 | Q:   0.081354 | won: True 
#  249 | steps: 10302 | steps_t: 10201 | t: 73.829832 | r:    -1.000000 | e:   0.744975 | Q:   0.081354 | won: True 
#  250 | steps: 10310 | steps_t: 10209 | t: 73.943097 | r:    -1.000000 | e:   0.744775 | Q:   0.081354 | won: True 
#  251 | steps: 10318 | steps_t: 10217 | t: 73.972609 | r:    -1.000000 | e:   0.744575 | Q:   0.081354 | won: True 
#  252 | steps: 10343 | steps_t: 10242 | t: 74.076383 | r:    -1.000000 | e:   0.743950 | Q:   0.081354 | won: True 
#  253 | steps: 10405 | steps_t: 10304 | t: 74.474209 | r:     1.000000 | e:   0.742400 | Q:   0.081354 | won: True 
#  254 | steps: 10536 | steps_t: 10435 | t: 75.504319 | r:    -1.000000 | e:   0.739125 | Q:   0.081354 | won: True 
#  255 | steps: 10598 | steps_t: 10497 | t: 75.972561 | r:     1.000000 | e:   0.737575 | Q:   0.081354 | won: True 
#  256 | steps: 10684 | steps_t: 10583 | t: 76.727104 | r:    -1.000000 | e:   0.735425 | Q:   0.081354 | won: True 
#  257 | steps: 10714 | steps_t: 10613 | t: 77.361040 | r:    -1.000000 | e:   0.734675 | Q:   0.081354 | won: True 
#  258 | steps: 10724 | steps_t: 10623 | t: 77.401549 | r:    -1.000000 | e:   0.734425 | Q:   0.081354 | won: True 
#  259 | steps: 10859 | steps_t: 10758 | t: 78.581595 | r:    -1.000000 | e:   0.731050 | Q:   0.081354 | won: True 
#  260 | steps: 10914 | steps_t: 10813 | t: 79.209934 | r:     1.000000 | e:   0.729675 | Q:   0.081354 | won: True 
#  261 | steps: 10928 | steps_t: 10827 | t: 79.267864 | r:    -1.000000 | e:   0.729325 | Q:   0.081354 | won: True 
#  262 | steps: 10956 | steps_t: 10855 | t: 79.700851 | r:    -1.000000 | e:   0.728625 | Q:   0.081354 | won: True 
#  263 | steps: 10994 | steps_t: 10893 | t: 80.109229 | r:    -1.000000 | e:   0.727675 | Q:   0.081354 | won: True 
#  264 | steps: 11032 | steps_t: 10931 | t: 80.263587 | r:    -1.000000 | e:   0.726725 | Q:   0.081354 | won: True 
#  265 | steps: 11095 | steps_t: 10994 | t: 80.856245 | r:    -1.000000 | e:   0.725150 | Q:   0.081354 | won: True 
#  266 | steps: 11170 | steps_t: 11069 | t: 81.595459 | r:     1.000000 | e:   0.723275 | Q:   0.081354 | won: True 
#  267 | steps: 11390 | steps_t: 11289 | t: 83.524433 | r:    -1.000000 | e:   0.717775 | Q:   0.081354 | won: True 
#  268 | steps: 11408 | steps_t: 11307 | t: 83.681811 | r:     1.000000 | e:   0.717325 | Q:   0.081354 | won: True 
#  269 | steps: 11418 | steps_t: 11317 | t: 83.723046 | r:    -1.000000 | e:   0.717075 | Q:   0.081354 | won: True 
#  270 | steps: 11431 | steps_t: 11330 | t: 83.955324 | r:     1.000000 | e:   0.716750 | Q:   0.081354 | won: True 
#  271 | steps: 11494 | steps_t: 11393 | t: 84.526859 | r:     1.000000 | e:   0.715175 | Q:   0.081354 | won: True 
#  272 | steps: 11503 | steps_t: 11402 | t: 84.563196 | r:     1.000000 | e:   0.714950 | Q:   0.081354 | won: True 
#  273 | steps: 11528 | steps_t: 11427 | t: 84.846428 | r:    -1.000000 | e:   0.714325 | Q:   0.081354 | won: True 
#  274 | steps: 11582 | steps_t: 11481 | t: 85.468716 | r:    -1.000000 | e:   0.712975 | Q:   0.081354 | won: True 
#  275 | steps: 11644 | steps_t: 11543 | t: 86.026293 | r:     1.000000 | e:   0.711425 | Q:   0.081354 | won: True 
#  276 | steps: 11655 | steps_t: 11554 | t: 86.068849 | r:    -1.000000 | e:   0.711150 | Q:   0.081354 | won: True 
#  277 | steps: 11664 | steps_t: 11563 | t: 86.103275 | r:    -1.000000 | e:   0.710925 | Q:   0.081354 | won: True 
#  278 | steps: 11673 | steps_t: 11572 | t: 86.221528 | r:    -1.000000 | e:   0.710700 | Q:   0.081354 | won: True 
#  279 | steps: 11723 | steps_t: 11622 | t: 86.662787 | r:     1.000000 | e:   0.709450 | Q:   0.081354 | won: True 
#  280 | steps: 11750 | steps_t: 11649 | t: 86.857493 | r:    -1.000000 | e:   0.708775 | Q:   0.081354 | won: True 
#  281 | steps: 11778 | steps_t: 11677 | t: 87.132777 | r:    -1.000000 | e:   0.708075 | Q:   0.081354 | won: True 
#  282 | steps: 11837 | steps_t: 11736 | t: 87.442098 | r:     1.000000 | e:   0.706600 | Q:   0.081354 | won: True 
#  283 | steps: 11941 | steps_t: 11840 | t: 87.993379 | r:    -1.000000 | e:   0.704000 | Q:   0.081354 | won: True 
#  284 | steps: 12192 | steps_t: 12091 | t: 89.664873 | r:    -1.000000 | e:   0.697725 | Q:   0.081354 | won: True 
#  285 | steps: 12228 | steps_t: 12127 | t: 89.972887 | r:     1.000000 | e:   0.696825 | Q:   0.081354 | won: True 
#  286 | steps: 12284 | steps_t: 12183 | t: 90.436044 | r:     1.000000 | e:   0.695425 | Q:   0.081354 | won: True 
#  287 | steps: 12362 | steps_t: 12261 | t: 90.908756 | r:    -1.000000 | e:   0.693475 | Q:   0.081354 | won: True 
#  288 | steps: 12389 | steps_t: 12288 | t: 91.260767 | r:    -1.000000 | e:   0.692800 | Q:   0.081354 | won: True 
#  289 | steps: 12398 | steps_t: 12297 | t: 91.294408 | r:     1.000000 | e:   0.692575 | Q:   0.081354 | won: True 
#  290 | steps: 12527 | steps_t: 12426 | t: 92.195123 | r:    -1.000000 | e:   0.689350 | Q:   0.081354 | won: True 
#  291 | steps: 12626 | steps_t: 12525 | t: 93.086769 | r:     1.000000 | e:   0.686875 | Q:   0.081354 | won: True 
#  292 | steps: 12643 | steps_t: 12542 | t: 93.157977 | r:    -1.000000 | e:   0.686450 | Q:   0.081354 | won: True 
#  293 | steps: 12681 | steps_t: 12580 | t: 93.731045 | r:    -1.000000 | e:   0.685500 | Q:   0.081354 | won: True 
#  294 | steps: 12751 | steps_t: 12650 | t: 94.326329 | r:    -1.000000 | e:   0.683750 | Q:   0.081354 | won: True 
#  295 | steps: 12796 | steps_t: 12695 | t: 94.743047 | r:    -1.000000 | e:   0.682625 | Q:   0.081354 | won: True 
#  296 | steps: 12829 | steps_t: 12728 | t: 94.875813 | r:    -1.000000 | e:   0.681800 | Q:   0.081354 | won: True 
#  297 | steps: 12869 | steps_t: 12768 | t: 95.119944 | r:    -1.000000 | e:   0.680800 | Q:   0.081354 | won: True 
#  298 | steps: 12928 | steps_t: 12827 | t: 95.590461 | r:     1.000000 | e:   0.679325 | Q:   0.081354 | won: True 
#  299 | steps: 13101 | steps_t: 13000 | t: 97.345607 | r:    -1.000000 | e:   0.675000 | Q:   0.081354 | won: True 
#  300 | steps: 13254 | steps_t: 13153 | t: 98.600002 | r:    -1.000000 | e:   0.671175 | Q:   0.081354 | won: True 
#  301 | steps: 13287 | steps_t: 13186 | t: 98.815474 | r:    -1.000000 | e:   0.670350 | Q:   0.081354 | won: True 
#  302 | steps: 13308 | steps_t: 13207 | t: 98.900805 | r:    -1.000000 | e:   0.669825 | Q:   0.081354 | won: True 
#  303 | steps: 13327 | steps_t: 13226 | t: 99.149436 | r:    -1.000000 | e:   0.669350 | Q:   0.081354 | won: True 
#  304 | steps: 13372 | steps_t: 13271 | t: 99.746842 | r:    -1.000000 | e:   0.668225 | Q:   0.081354 | won: True 
#  305 | steps: 13385 | steps_t: 13284 | t: 99.798938 | r:    -1.000000 | e:   0.667900 | Q:   0.081354 | won: True 
#  306 | steps: 13432 | steps_t: 13331 | t: 100.310564 | r:     1.000000 | e:   0.666725 | Q:   0.081354 | won: True 
#  307 | steps: 13492 | steps_t: 13391 | t: 100.956532 | r:     1.000000 | e:   0.665225 | Q:   0.081354 | won: True 
#  308 | steps: 13557 | steps_t: 13456 | t: 101.629526 | r:     1.000000 | e:   0.663600 | Q:   0.081354 | won: True 
#  309 | steps: 13734 | steps_t: 13633 | t: 102.873995 | r:    -1.000000 | e:   0.659175 | Q:   0.081354 | won: True 
#  310 | steps: 13783 | steps_t: 13682 | t: 103.651649 | r:     1.000000 | e:   0.657950 | Q:   0.081354 | won: True 
#  311 | steps: 13790 | steps_t: 13689 | t: 103.760579 | r:    -1.000000 | e:   0.657775 | Q:   0.081354 | won: True 
#  312 | steps: 13827 | steps_t: 13726 | t: 104.069860 | r:    -1.000000 | e:   0.656850 | Q:   0.081354 | won: True 
#  313 | steps: 13879 | steps_t: 13778 | t: 104.593560 | r:    -1.000000 | e:   0.655550 | Q:   0.081354 | won: True 
#  314 | steps: 13954 | steps_t: 13853 | t: 105.211901 | r:    -1.000000 | e:   0.653675 | Q:   0.081354 | won: True 
#  315 | steps: 13973 | steps_t: 13872 | t: 105.459219 | r:     1.000000 | e:   0.653200 | Q:   0.081354 | won: True 
#  316 | steps: 13987 | steps_t: 13886 | t: 105.678561 | r:     1.000000 | e:   0.652850 | Q:   0.081354 | won: True 
#  317 | steps: 14084 | steps_t: 13983 | t: 106.466587 | r:     1.000000 | e:   0.650425 | Q:   0.081354 | won: True 
#  318 | steps: 14099 | steps_t: 13998 | t: 106.693811 | r:     1.000000 | e:   0.650050 | Q:   0.081354 | won: True 
#  319 | steps: 14276 | steps_t: 14175 | t: 107.944909 | r:    -1.000000 | e:   0.645625 | Q:   0.081354 | won: True 
#  320 | steps: 14297 | steps_t: 14196 | t: 108.035195 | r:     1.000000 | e:   0.645100 | Q:   0.081354 | won: True 
#  321 | steps: 14312 | steps_t: 14211 | t: 108.177967 | r:     1.000000 | e:   0.644725 | Q:   0.081354 | won: True 
#  322 | steps: 14345 | steps_t: 14244 | t: 108.389491 | r:    -1.000000 | e:   0.643900 | Q:   0.081354 | won: True 
#  323 | steps: 14434 | steps_t: 14333 | t: 109.146011 | r:     1.000000 | e:   0.641675 | Q:   0.081354 | won: True 
#  324 | steps: 14516 | steps_t: 14415 | t: 109.962431 | r:    -1.000000 | e:   0.639625 | Q:   0.081354 | won: True 
#  325 | steps: 14661 | steps_t: 14560 | t: 111.360703 | r:    -1.000000 | e:   0.636000 | Q:   0.081354 | won: True 
#  326 | steps: 14777 | steps_t: 14676 | t: 111.953253 | r:     1.000000 | e:   0.633100 | Q:   0.081354 | won: True 
#  327 | steps: 14801 | steps_t: 14700 | t: 112.134456 | r:     1.000000 | e:   0.632500 | Q:   0.081354 | won: True 
