#    1 | steps:    91 | steps_t:     0 | t: 0.142137 | r:  -425.000000 | e:   1.000000 | Q:        nan | won: False 
#    2 | steps:   259 | steps_t:     0 | t: 0.393878 | r:  -315.000000 | e:   1.000000 | Q:        nan | won: False 
#    3 | steps:   439 | steps_t:     0 | t: 0.673145 | r:  -382.000000 | e:   1.000000 | Q:        nan | won: False 
#    4 | steps:   548 | steps_t:     0 | t: 0.835801 | r:  -355.000000 | e:   1.000000 | Q:        nan | won: False 
#    5 | steps:   660 | steps_t:     0 | t: 1.001960 | r:  -512.000000 | e:   1.000000 | Q:        nan | won: False 
#    6 | steps:   697 | steps_t:     0 | t: 1.068023 | r:  -437.000000 | e:   1.000000 | Q:        nan | won: False 
#    7 | steps:   811 | steps_t:     0 | t: 1.236685 | r:  -514.000000 | e:   1.000000 | Q:        nan | won: False 
#    8 | steps:   953 | steps_t:     0 | t: 1.449389 | r:  -509.000000 | e:   1.000000 | Q:        nan | won: False 
#    9 | steps:  1031 | steps_t:     0 | t: 1.566501 | r:  -456.000000 | e:   1.000000 | Q:        nan | won: False 
#   10 | steps:  1078 | steps_t:     0 | t: 1.637569 | r:  -392.000000 | e:   1.000000 | Q:        nan | won: False 
#   11 | steps:  1179 | steps_t:     0 | t: 1.787212 | r:  -435.000000 | e:   1.000000 | Q:        nan | won: False 
#   12 | steps:  1253 | steps_t:     0 | t: 1.899820 | r:  -485.000000 | e:   1.000000 | Q:        nan | won: False 
#   13 | steps:  1353 | steps_t:     0 | t: 2.100513 | r:  -434.000000 | e:   1.000000 | Q:        nan | won: False 
#   14 | steps:  1395 | steps_t:     0 | t: 2.164073 | r:  -497.000000 | e:   1.000000 | Q:        nan | won: False 
#   15 | steps:  1420 | steps_t:     0 | t: 2.202610 | r:  -469.000000 | e:   1.000000 | Q:        nan | won: False 
#   16 | steps:  1445 | steps_t:     0 | t: 2.241147 | r:  -491.000000 | e:   1.000000 | Q:        nan | won: False 
#   17 | steps:  1476 | steps_t:     0 | t: 2.289193 | r:  -475.000000 | e:   1.000000 | Q:        nan | won: False 
#   18 | steps:  1580 | steps_t:     0 | t: 2.452850 | r:  -449.000000 | e:   1.000000 | Q:        nan | won: False 
#   19 | steps:  1640 | steps_t:     0 | t: 2.542936 | r:  -471.000000 | e:   1.000000 | Q:        nan | won: False 
#   20 | steps:  1732 | steps_t:     0 | t: 2.679067 | r:  -470.000000 | e:   1.000000 | Q:        nan | won: False 
#   21 | steps:  1791 | steps_t:     0 | t: 2.770655 | r:  -448.000000 | e:   1.000000 | Q:        nan | won: False 
#   22 | steps:  1828 | steps_t:     0 | t: 2.827709 | r:  -492.000000 | e:   1.000000 | Q:        nan | won: False 
#   23 | steps:  2035 | steps_t:     0 | t: 3.135004 | r:  -376.000000 | e:   1.000000 | Q:        nan | won: False 
#   24 | steps:  2051 | steps_t:     0 | t: 3.160028 | r:  -482.000000 | e:   1.000000 | Q:        nan | won: False 
#   25 | steps:  2079 | steps_t:     0 | t: 3.204070 | r:  -450.000000 | e:   1.000000 | Q:        nan | won: False 
#   26 | steps:  2169 | steps_t:     0 | t: 3.338198 | r:  -501.000000 | e:   1.000000 | Q:        nan | won: False 
#   27 | steps:  2270 | steps_t:     0 | t: 3.489343 | r:  -534.000000 | e:   1.000000 | Q:        nan | won: False 
#   28 | steps:  2296 | steps_t:     0 | t: 3.529882 | r:  -459.000000 | e:   1.000000 | Q:        nan | won: False 
#   29 | steps:  2341 | steps_t:     0 | t: 3.597947 | r:  -456.000000 | e:   1.000000 | Q:        nan | won: False 
#   30 | steps:  2424 | steps_t:     0 | t: 3.732076 | r:  -505.000000 | e:   1.000000 | Q:        nan | won: False 
#   31 | steps:  2447 | steps_t:     0 | t: 3.768611 | r:  -456.000000 | e:   1.000000 | Q:        nan | won: False 
#   32 | steps:  2532 | steps_t:     0 | t: 3.898235 | r:  -485.000000 | e:   1.000000 | Q:        nan | won: False 
#   33 | steps:  2646 | steps_t:     0 | t: 4.086415 | r:  -503.000000 | e:   1.000000 | Q:        nan | won: False 
#   34 | steps:  2712 | steps_t:     0 | t: 4.188013 | r:  -488.000000 | e:   1.000000 | Q:        nan | won: False 
#   35 | steps:  2737 | steps_t:     0 | t: 4.227551 | r:  -469.000000 | e:   1.000000 | Q:        nan | won: False 
#   36 | steps:  2801 | steps_t:     0 | t: 4.323142 | r:  -431.000000 | e:   1.000000 | Q:        nan | won: False 
#   37 | steps:  2890 | steps_t:     0 | t: 4.462276 | r:  -445.000000 | e:   1.000000 | Q:        nan | won: False 
#   38 | steps:  2914 | steps_t:     0 | t: 4.501313 | r:  -479.000000 | e:   1.000000 | Q:        nan | won: False 
#   39 | steps:  2975 | steps_t:     0 | t: 4.596404 | r:  -439.000000 | e:   1.000000 | Q:        nan | won: False 
#   40 | steps:  3020 | steps_t:     0 | t: 4.665470 | r:  -500.000000 | e:   1.000000 | Q:        nan | won: False 
#   41 | steps:  3190 | steps_t:     0 | t: 4.985777 | r:  -156.000000 | e:   1.000000 | Q:        nan | won: False 
#   42 | steps:  3248 | steps_t:     0 | t: 5.073361 | r:  -414.000000 | e:   1.000000 | Q:        nan | won: False 
#   43 | steps:  3288 | steps_t:     0 | t: 5.133419 | r:  -473.000000 | e:   1.000000 | Q:        nan | won: False 
#   44 | steps:  3347 | steps_t:     0 | t: 5.223005 | r:  -437.000000 | e:   1.000000 | Q:        nan | won: False 
#   45 | steps:  3491 | steps_t:     0 | t: 5.440212 | r:  -445.000000 | e:   1.000000 | Q:        nan | won: False 
#   46 | steps:  3627 | steps_t:     0 | t: 5.643908 | r:  -514.000000 | e:   1.000000 | Q:        nan | won: False 
#   47 | steps:  3691 | steps_t:     0 | t: 5.741501 | r:  -453.000000 | e:   1.000000 | Q:        nan | won: False 
#   48 | steps:  3754 | steps_t:     0 | t: 5.836092 | r:  -430.000000 | e:   1.000000 | Q:        nan | won: False 
#   49 | steps:  3813 | steps_t:     0 | t: 5.929181 | r:  -503.000000 | e:   1.000000 | Q:        nan | won: False 
#   50 | steps:  3894 | steps_t:     0 | t: 6.050297 | r:  -415.000000 | e:   1.000000 | Q:        nan | won: False 
#   51 | steps:  4050 | steps_t:     0 | t: 6.286023 | r:  -468.000000 | e:   1.000000 | Q:        nan | won: False 
#   52 | steps:  4077 | steps_t:     0 | t: 6.328063 | r:  -438.000000 | e:   1.000000 | Q:        nan | won: False 
#   53 | steps:  4101 | steps_t:     0 | t: 6.366601 | r:  -424.000000 | e:   1.000000 | Q:        nan | won: False 
#   54 | steps:  4164 | steps_t:     0 | t: 6.462692 | r:  -419.000000 | e:   1.000000 | Q:        nan | won: False 
#   55 | steps:  4213 | steps_t:     0 | t: 6.538765 | r:  -405.000000 | e:   1.000000 | Q:        nan | won: False 
#   56 | steps:  4287 | steps_t:     0 | t: 6.652874 | r:  -474.000000 | e:   1.000000 | Q:        nan | won: False 
#   57 | steps:  4332 | steps_t:     0 | t: 6.721941 | r:  -489.000000 | e:   1.000000 | Q:        nan | won: False 
#   58 | steps:  4385 | steps_t:     0 | t: 6.804019 | r:  -431.000000 | e:   1.000000 | Q:        nan | won: False 
#   59 | steps:  4693 | steps_t:     0 | t: 7.271967 | r:  -250.000000 | e:   1.000000 | Q:        nan | won: False 
#   60 | steps:  4714 | steps_t:     0 | t: 7.307502 | r:  -476.000000 | e:   1.000000 | Q:        nan | won: False 
#   61 | steps:  4727 | steps_t:     0 | t: 7.404094 | r:  -435.000000 | e:   1.000000 | Q:        nan | won: False 
#   62 | steps:  4824 | steps_t:     0 | t: 7.552236 | r:  -541.000000 | e:   1.000000 | Q:        nan | won: False 
#   63 | steps:  4893 | steps_t:     0 | t: 7.656836 | r:  -370.000000 | e:   1.000000 | Q:        nan | won: False 
#   64 | steps:  4947 | steps_t:     0 | t: 7.739415 | r:  -399.000000 | e:   1.000000 | Q:        nan | won: False 
#   65 | steps:  5024 | steps_t:    23 | t: 8.435082 | r:  -422.000000 | e:   0.997700 | Q:        nan | won: False 
#   66 | steps:  5050 | steps_t:    48 | t: 8.690326 | r:  -470.000000 | e:   0.995200 | Q:   0.057269 | won: False 
#   67 | steps:  5128 | steps_t:   125 | t: 9.404510 | r:  -368.000000 | e:   0.987500 | Q:  -0.050759 | won: False 
#   68 | steps:  5151 | steps_t:   147 | t: 9.616714 | r:  -412.000000 | e:   0.985300 | Q:        nan | won: False 
#   69 | steps:  5193 | steps_t:   188 | t: 10.003585 | r:  -497.000000 | e:   0.981200 | Q:        nan | won: False 
#   70 | steps:  5231 | steps_t:   225 | t: 10.353420 | r:  -471.000000 | e:   0.977500 | Q:        nan | won: False 
#   71 | steps:  5256 | steps_t:   249 | t: 10.584642 | r:  -491.000000 | e:   0.975100 | Q:        nan | won: False 
#   72 | steps:  5289 | steps_t:   281 | t: 10.888933 | r:  -433.000000 | e:   0.971900 | Q:        nan | won: False 
#   73 | steps:  5323 | steps_t:   314 | t: 11.196728 | r:  -368.000000 | e:   0.968600 | Q:        nan | won: False 
#   74 | steps:  5390 | steps_t:   380 | t: 11.816822 | r:  -423.000000 | e:   0.962000 | Q: -11.794109 | won: False 
#   75 | steps:  5493 | steps_t:   482 | t: 12.766732 | r:  -404.000000 | e:   0.951800 | Q: -16.903332 | won: False 
#   76 | steps:  5523 | steps_t:   511 | t: 13.033988 | r:  -441.000000 | e:   0.948900 | Q:        nan | won: False 
#   77 | steps:  5611 | steps_t:   598 | t: 13.846767 | r:  -389.000000 | e:   0.940200 | Q: -11.484996 | won: False 
#   78 | steps:  5646 | steps_t:   632 | t: 14.163571 | r:  -391.000000 | e:   0.936800 | Q: -11.468585 | won: False 
#   79 | steps:  5707 | steps_t:   692 | t: 14.724608 | r:  -428.000000 | e:   0.930800 | Q: -16.839802 | won: False 
#   80 | steps:  5825 | steps_t:   809 | t: 15.820158 | r:  -441.000000 | e:   0.919100 | Q: -19.121075 | won: False 
#   81 | steps:  5866 | steps_t:   849 | t: 16.202024 | r:  -485.000000 | e:   0.915100 | Q: -25.211205 | won: False 
#   82 | steps:  5910 | steps_t:   892 | t: 16.599905 | r:  -510.000000 | e:   0.910800 | Q:        nan | won: False 
#   83 | steps:  5973 | steps_t:   954 | t: 17.189470 | r:  -496.000000 | e:   0.904600 | Q: -24.416246 | won: False 
#   84 | steps:  6009 | steps_t:   989 | t: 17.533299 | r:  -480.000000 | e:   0.901100 | Q: -26.288540 | won: False 
#   85 | steps:  6053 | steps_t:  1032 | t: 17.961209 | r:  -499.000000 | e:   0.896800 | Q: -36.780907 | won: False 
#   86 | steps:  6091 | steps_t:  1069 | t: 18.307541 | r:  -460.000000 | e:   0.893100 | Q: -39.175056 | won: False 
#   87 | steps:  6142 | steps_t:  1119 | t: 18.769484 | r:  -352.000000 | e:   0.888100 | Q: -34.417881 | won: False 
#   88 | steps:  6173 | steps_t:  1149 | t: 19.052755 | r:  -431.000000 | e:   0.885100 | Q: -21.178665 | won: False 
#   89 | steps:  6205 | steps_t:  1180 | t: 19.345536 | r:  -487.000000 | e:   0.882000 | Q: -20.266682 | won: False 
#   90 | steps:  6245 | steps_t:  1219 | t: 19.729403 | r:  -495.000000 | e:   0.878100 | Q: -21.556347 | won: False 
#   91 | steps:  6392 | steps_t:  1365 | t: 21.121737 | r:  -448.000000 | e:   0.863500 | Q: -20.948002 | won: False 
#   92 | steps:  6413 | steps_t:  1385 | t: 21.305914 | r:  -465.000000 | e:   0.861500 | Q: -29.706516 | won: False 
#   93 | steps:  6452 | steps_t:  1423 | t: 21.678771 | r:  -417.000000 | e:   0.857700 | Q: -17.316444 | won: False 
#   94 | steps:  6490 | steps_t:  1460 | t: 22.033111 | r:  -449.000000 | e:   0.854000 | Q: -18.550257 | won: False 
#   95 | steps:  6558 | steps_t:  1527 | t: 22.685236 | r:  -380.000000 | e:   0.847300 | Q: -11.570827 | won: False 
#   96 | steps:  6600 | steps_t:  1568 | t: 23.073607 | r:  -475.000000 | e:   0.843200 | Q: -28.740807 | won: False 
#   97 | steps:  6649 | steps_t:  1616 | t: 23.534049 | r:  -405.000000 | e:   0.838400 | Q: -15.684283 | won: False 
#   98 | steps:  6662 | steps_t:  1628 | t: 23.647157 | r:  -468.000000 | e:   0.837200 | Q:        nan | won: False 
#   99 | steps:  6694 | steps_t:  1659 | t: 23.968465 | r:  -421.000000 | e:   0.834100 | Q: -12.612926 | won: False 
#  100 | steps:  6727 | steps_t:  1691 | t: 24.283767 | r:  -422.000000 | e:   0.830900 | Q: -12.947377 | won: False 
#  101 | steps:  6853 | steps_t:  1816 | t: 25.552483 | r:  -361.000000 | e:   0.818400 | Q: -15.719861 | won: False 
#  102 | steps:  6899 | steps_t:  1861 | t: 25.986899 | r:  -490.000000 | e:   0.813900 | Q: -20.983397 | won: False 
#  103 | steps:  6937 | steps_t:  1898 | t: 26.346744 | r:  -482.000000 | e:   0.810200 | Q: -22.662510 | won: False 
#  104 | steps:  6968 | steps_t:  1928 | t: 26.642527 | r:  -475.000000 | e:   0.807200 | Q: -25.590666 | won: False 
#  105 | steps:  7080 | steps_t:  2039 | t: 27.702042 | r:  -292.000000 | e:   0.796100 | Q:  -0.182576 | won: False 
#  106 | steps:  7128 | steps_t:  2086 | t: 28.139961 | r:  -448.000000 | e:   0.791400 | Q:  -7.482622 | won: False 
#  107 | steps:  7213 | steps_t:  2170 | t: 28.938727 | r:  -485.000000 | e:   0.783000 | Q: -14.150708 | won: False 
#  108 | steps:  7280 | steps_t:  2236 | t: 29.557320 | r:  -412.000000 | e:   0.776400 | Q:  -4.931052 | won: False 
#  109 | steps:  7381 | steps_t:  2336 | t: 30.526248 | r:  -402.000000 | e:   0.766400 | Q:   3.270989 | won: False 
#  110 | steps:  7453 | steps_t:  2407 | t: 31.213907 | r:  -494.000000 | e:   0.759300 | Q:  -8.802667 | won: False 
#  111 | steps:  7580 | steps_t:  2533 | t: 32.445090 | r:  -406.000000 | e:   0.746700 | Q: -14.565848 | won: False 
#  112 | steps:  7606 | steps_t:  2558 | t: 32.677312 | r:  -437.000000 | e:   0.744200 | Q: -32.890774 | won: False 
#  113 | steps:  7712 | steps_t:  2663 | t: 33.697290 | r:  -495.000000 | e:   0.733700 | Q: -27.861317 | won: False 
#  114 | steps:  7822 | steps_t:  2772 | t: 34.738787 | r:  -367.000000 | e:   0.722800 | Q: -17.515261 | won: False 
#  115 | steps:  7862 | steps_t:  2811 | t: 35.115148 | r:  -440.000000 | e:   0.718900 | Q: -19.287580 | won: False 
#  116 | steps:  7904 | steps_t:  2852 | t: 35.524040 | r:  -497.000000 | e:   0.714800 | Q: -10.371402 | won: False 
#  117 | steps:  7927 | steps_t:  2874 | t: 35.746754 | r:  -489.000000 | e:   0.712600 | Q: -14.237956 | won: False 
#  118 | steps:  7974 | steps_t:  2920 | t: 36.191680 | r:  -447.000000 | e:   0.708000 | Q:  -7.015027 | won: False 
#  119 | steps:  7988 | steps_t:  2933 | t: 36.317300 | r:  -469.000000 | e:   0.706700 | Q:  -3.689628 | won: False 
#  120 | steps:  8031 | steps_t:  2975 | t: 36.717183 | r:  -366.000000 | e:   0.702500 | Q:  -7.012183 | won: False 
#  121 | steps:  8288 | steps_t:  3231 | t: 39.109475 | r:  -426.000000 | e:   0.676900 | Q:  -3.774707 | won: False 
#  122 | steps:  8304 | steps_t:  3246 | t: 39.255615 | r:  -416.000000 | e:   0.675400 | Q:  -6.966699 | won: False 
#  123 | steps:  8358 | steps_t:  3299 | t: 39.776615 | r:  -509.000000 | e:   0.670100 | Q: -12.271102 | won: False 
#  124 | steps:  8389 | steps_t:  3329 | t: 40.073900 | r:  -453.000000 | e:   0.667100 | Q: -11.608328 | won: False 
#  125 | steps:  8404 | steps_t:  3343 | t: 40.215034 | r:  -415.000000 | e:   0.665700 | Q: -14.972005 | won: False 
#  126 | steps:  8426 | steps_t:  3364 | t: 40.422233 | r:  -466.000000 | e:   0.663600 | Q: -15.104281 | won: False 
#  127 | steps:  8503 | steps_t:  3440 | t: 41.157437 | r:  -510.000000 | e:   0.656000 | Q:  -8.627584 | won: False 
#  128 | steps:  8533 | steps_t:  3469 | t: 41.455223 | r:  -441.000000 | e:   0.653100 | Q: -12.157601 | won: False 
#  129 | steps:  8612 | steps_t:  3547 | t: 42.205942 | r:  -391.000000 | e:   0.645300 | Q: -14.659442 | won: False 
#  130 | steps:  8708 | steps_t:  3642 | t: 43.129327 | r:  -386.000000 | e:   0.635800 | Q: -15.962443 | won: False 
#  131 | steps:  8788 | steps_t:  3721 | t: 43.913078 | r:  -308.000000 | e:   0.627900 | Q: -19.133240 | won: False 
#  132 | steps:  8916 | steps_t:  3848 | t: 45.189301 | r:  -451.000000 | e:   0.615200 | Q:   7.089992 | won: False 
#  133 | steps:  8972 | steps_t:  3903 | t: 45.723813 | r:  -379.000000 | e:   0.609700 | Q:  24.323980 | won: False 
#  134 | steps:  8995 | steps_t:  3925 | t: 45.946025 | r:  -412.000000 | e:   0.607500 | Q:  22.694366 | won: False 
#  135 | steps:  9011 | steps_t:  3940 | t: 46.099673 | r:  -427.000000 | e:   0.606000 | Q:  10.574984 | won: False 
#  136 | steps:  9057 | steps_t:  3985 | t: 46.537592 | r:  -468.000000 | e:   0.601500 | Q:   6.449504 | won: False 
#  137 | steps:  9123 | steps_t:  4050 | t: 47.191719 | r:  -466.000000 | e:   0.595000 | Q:   6.048609 | won: False 
#  138 | steps:  9164 | steps_t:  4090 | t: 47.617126 | r:  -485.000000 | e:   0.591000 | Q:  -8.495420 | won: False 
#  139 | steps:  9217 | steps_t:  4142 | t: 48.139127 | r:  -475.000000 | e:   0.585800 | Q: -10.520922 | won: False 
#  140 | steps:  9265 | steps_t:  4189 | t: 48.716680 | r:  -492.000000 | e:   0.581100 | Q: -22.363529 | won: False 
#  141 | steps:  9337 | steps_t:  4260 | t: 49.406842 | r:  -439.000000 | e:   0.574000 | Q: -20.317270 | won: False 
#  142 | steps:  9383 | steps_t:  4305 | t: 49.842759 | r:  -490.000000 | e:   0.569500 | Q: -30.454023 | won: False 
#  143 | steps:  9427 | steps_t:  4348 | t: 50.273171 | r:  -411.000000 | e:   0.565200 | Q: -38.169498 | won: False 
#  144 | steps:  9539 | steps_t:  4459 | t: 51.369722 | r:  -534.000000 | e:   0.554100 | Q: -22.781549 | won: False 
#  145 | steps:  9581 | steps_t:  4500 | t: 51.767103 | r:  -497.000000 | e:   0.550000 | Q: -12.339203 | won: False 
#  146 | steps:  9606 | steps_t:  4524 | t: 52.014340 | r:  -469.000000 | e:   0.547600 | Q: -10.658484 | won: False 
#  147 | steps:  9641 | steps_t:  4558 | t: 52.354666 | r:  -413.000000 | e:   0.544200 | Q:  -2.298128 | won: False 
#  148 | steps:  9692 | steps_t:  4608 | t: 52.849139 | r:  -484.000000 | e:   0.539200 | Q:   0.722503 | won: False 
#  149 | steps:  9712 | steps_t:  4627 | t: 53.037820 | r:  -420.000000 | e:   0.537300 | Q:  -5.787313 | won: False 
#  150 | steps:  9910 | steps_t:  4824 | t: 54.900605 | r:    43.000000 | e:   0.517600 | Q:  -2.863005 | won: False 
#  151 | steps:  9926 | steps_t:  4839 | t: 55.042741 | r:  -482.000000 | e:   0.516100 | Q: -24.968832 | won: False 
#  152 | steps:  9969 | steps_t:  4881 | t: 55.456137 | r:  -487.000000 | e:   0.511900 | Q: -19.212114 | won: False 
#  153 | steps:  9985 | steps_t:  4896 | t: 55.606281 | r:  -482.000000 | e:   0.510400 | Q: -24.906116 | won: False 
