#    2 | steps:    43 | steps_t: 39798 | t: 0.337046 | r:    -1.000000 | e:   0.966835 | Q:        nan | won: True 
#    3 | steps:    77 | steps_t: 39798 | t: 0.677340 | r:     1.000000 | e:   0.966835 | Q:   0.404893 | won: True 
#    4 | steps:   103 | steps_t: 39800 | t: 1.031475 | r:     1.000000 | e:   0.966833 | Q:   0.471245 | won: True 
#    5 | steps:   111 | steps_t: 39808 | t: 1.054267 | r:    -1.000000 | e:   0.966827 | Q:   0.471245 | won: True 
#    6 | steps:   190 | steps_t: 39887 | t: 1.686033 | r:    -1.000000 | e:   0.966761 | Q:   0.625547 | won: True 
#    7 | steps:   202 | steps_t: 39899 | t: 1.806778 | r:    -1.000000 | e:   0.966751 | Q:   0.625547 | won: True 
#    8 | steps:   222 | steps_t: 39919 | t: 1.946674 | r:    -1.000000 | e:   0.966734 | Q:   0.625547 | won: True 
#    9 | steps:   246 | steps_t: 39943 | t: 2.104882 | r:     1.000000 | e:   0.966714 | Q:   0.625547 | won: True 
#   10 | steps:   294 | steps_t: 39991 | t: 2.409792 | r:     1.000000 | e:   0.966674 | Q:   0.625547 | won: True 
#   11 | steps:   339 | steps_t: 40036 | t: 2.528919 | r:     1.000000 | e:   0.966637 | Q:   0.625547 | won: True 
#   12 | steps:   346 | steps_t: 40043 | t: 2.547315 | r:     1.000000 | e:   0.966631 | Q:   0.625547 | won: True 
#   13 | steps:   355 | steps_t: 40052 | t: 2.656833 | r:    -1.000000 | e:   0.966623 | Q:   0.625547 | won: True 
#   14 | steps:   396 | steps_t: 40093 | t: 2.868116 | r:    -1.000000 | e:   0.966589 | Q:   0.625547 | won: True 
#   15 | steps:   405 | steps_t: 40102 | t: 2.897612 | r:    -1.000000 | e:   0.966582 | Q:   0.625547 | won: True 
#   16 | steps:   446 | steps_t: 40143 | t: 3.265617 | r:    -1.000000 | e:   0.966548 | Q:   0.803922 | won: True 
#   17 | steps:   525 | steps_t: 40222 | t: 3.905919 | r:    -1.000000 | e:   0.966482 | Q:   0.803922 | won: True 
#   18 | steps:   546 | steps_t: 40243 | t: 4.208613 | r:     1.000000 | e:   0.966464 | Q:   0.803922 | won: True 
#   19 | steps:   566 | steps_t: 40263 | t: 4.343313 | r:    -1.000000 | e:   0.966448 | Q:   0.803922 | won: True 
#   20 | steps:   651 | steps_t: 40348 | t: 4.811529 | r:     1.000000 | e:   0.966377 | Q:   0.803922 | won: True 
#   21 | steps:   664 | steps_t: 40361 | t: 4.846385 | r:    -1.000000 | e:   0.966366 | Q:   0.803922 | won: True 
#   22 | steps:   677 | steps_t: 40374 | t: 4.884523 | r:     1.000000 | e:   0.966355 | Q:   0.803922 | won: True 
#   23 | steps:   702 | steps_t: 40399 | t: 5.131246 | r:    -1.000000 | e:   0.966334 | Q:   0.803922 | won: True 
#   24 | steps:   734 | steps_t: 40431 | t: 5.390377 | r:     1.000000 | e:   0.966307 | Q:   0.875319 | won: True 
#   25 | steps:   779 | steps_t: 40476 | t: 5.685990 | r:     1.000000 | e:   0.966270 | Q:   0.875319 | won: True 
#   26 | steps:   799 | steps_t: 40496 | t: 5.901474 | r:     1.000000 | e:   0.966253 | Q:   0.875319 | won: True 
#   27 | steps:   807 | steps_t: 40504 | t: 5.922500 | r:    -1.000000 | e:   0.966247 | Q:   0.875319 | won: True 
#   28 | steps:   819 | steps_t: 40516 | t: 5.962303 | r:    -1.000000 | e:   0.966237 | Q:   0.875319 | won: True 
#   29 | steps:   857 | steps_t: 40554 | t: 6.249979 | r:    -1.000000 | e:   0.966205 | Q:   0.875319 | won: True 
#   30 | steps:   882 | steps_t: 40579 | t: 6.573452 | r:     1.000000 | e:   0.966184 | Q:   0.875319 | won: True 
#   31 | steps:   909 | steps_t: 40606 | t: 6.650150 | r:     1.000000 | e:   0.966162 | Q:   0.875319 | won: True 
#   32 | steps:   918 | steps_t: 40615 | t: 6.674831 | r:    -1.000000 | e:   0.966154 | Q:   0.875319 | won: True 
#   33 | steps:   955 | steps_t: 40652 | t: 6.785473 | r:    -1.000000 | e:   0.966123 | Q:   0.875319 | won: True 
#   34 | steps:  1010 | steps_t: 40707 | t: 7.104973 | r:     1.000000 | e:   0.966078 | Q:   0.875319 | won: True 
#   35 | steps:  1018 | steps_t: 40715 | t: 7.211018 | r:    -1.000000 | e:   0.966071 | Q:   0.875319 | won: True 
#   36 | steps:  1024 | steps_t: 40721 | t: 7.228853 | r:    -1.000000 | e:   0.966066 | Q:   0.875319 | won: True 
#   37 | steps:  1049 | steps_t: 40746 | t: 7.469031 | r:    -1.000000 | e:   0.966045 | Q:   0.875319 | won: True 
#   38 | steps:  1080 | steps_t: 40777 | t: 7.733142 | r:    -1.000000 | e:   0.966019 | Q:   0.875319 | won: True 
#   39 | steps:  1164 | steps_t: 40861 | t: 8.242888 | r:     1.000000 | e:   0.965949 | Q:   0.875319 | won: True 
#   40 | steps:  1199 | steps_t: 40896 | t: 8.523825 | r:    -1.000000 | e:   0.965920 | Q:   0.875319 | won: True 
#   41 | steps:  1213 | steps_t: 40910 | t: 8.566688 | r:    -1.000000 | e:   0.965908 | Q:   0.875319 | won: True 
#   42 | steps:  1227 | steps_t: 40924 | t: 8.604421 | r:    -1.000000 | e:   0.965897 | Q:   0.875319 | won: True 
#   43 | steps:  1321 | steps_t: 41018 | t: 9.248947 | r:    -1.000000 | e:   0.965818 | Q:   0.875319 | won: True 
#   44 | steps:  1347 | steps_t: 41044 | t: 9.665181 | r:     1.000000 | e:   0.965797 | Q:   0.875319 | won: True 
#   45 | steps:  1377 | steps_t: 41074 | t: 9.755169 | r:    -1.000000 | e:   0.965772 | Q:   0.875319 | won: True 
#   46 | steps:  1409 | steps_t: 41106 | t: 10.041492 | r:     1.000000 | e:   0.965745 | Q:   0.875319 | won: True 
#   47 | steps:  1450 | steps_t: 41147 | t: 10.275006 | r:     1.000000 | e:   0.965711 | Q:   0.875319 | won: True 
#   48 | steps:  1462 | steps_t: 41159 | t: 10.744109 | r:     1.000000 | e:   0.965701 | Q:   0.875319 | won: True 
#   49 | steps:  1472 | steps_t: 41169 | t: 10.778470 | r:    -1.000000 | e:   0.965692 | Q:   0.875319 | won: True 
#   50 | steps:  1500 | steps_t: 41197 | t: 11.115045 | r:     1.000000 | e:   0.965669 | Q:   0.875319 | won: True 
#   51 | steps:  1584 | steps_t: 41281 | t: 11.719419 | r:    -1.000000 | e:   0.965599 | Q:   0.875319 | won: True 
#   52 | steps:  1604 | steps_t: 41301 | t: 11.785297 | r:     1.000000 | e:   0.965583 | Q:   0.875319 | won: True 
#   53 | steps:  1629 | steps_t: 41326 | t: 11.960075 | r:    -1.000000 | e:   0.965562 | Q:   0.875319 | won: True 
#   54 | steps:  1661 | steps_t: 41358 | t: 12.325373 | r:     1.000000 | e:   0.965535 | Q:   0.875319 | won: True 
#   55 | steps:  1680 | steps_t: 41377 | t: 12.476461 | r:     1.000000 | e:   0.965519 | Q:   0.875319 | won: True 
#   56 | steps:  1697 | steps_t: 41394 | t: 12.527861 | r:    -1.000000 | e:   0.965505 | Q:   0.875319 | won: True 
#   57 | steps:  1727 | steps_t: 41424 | t: 12.714344 | r:    -1.000000 | e:   0.965480 | Q:   0.875319 | won: True 
#   58 | steps:  1775 | steps_t: 41472 | t: 13.212271 | r:     1.000000 | e:   0.965440 | Q:   0.875319 | won: True 
#   59 | steps:  1784 | steps_t: 41481 | t: 13.245496 | r:     1.000000 | e:   0.965433 | Q:   0.875319 | won: True 
#   60 | steps:  1809 | steps_t: 41506 | t: 13.434341 | r:    -1.000000 | e:   0.965412 | Q:   0.875319 | won: True 
#   61 | steps:  1820 | steps_t: 41517 | t: 13.472576 | r:     1.000000 | e:   0.965402 | Q:   0.875319 | won: True 
#   62 | steps:  1839 | steps_t: 41536 | t: 13.538904 | r:    -1.000000 | e:   0.965387 | Q:   0.875319 | won: True 
#   63 | steps:  1848 | steps_t: 41545 | t: 13.651441 | r:    -1.000000 | e:   0.965379 | Q:   0.875319 | won: True 
#   64 | steps:  1881 | steps_t: 41578 | t: 13.930687 | r:     1.000000 | e:   0.965352 | Q:   0.875319 | won: True 
#   65 | steps:  1891 | steps_t: 41588 | t: 13.964922 | r:    -1.000000 | e:   0.965343 | Q:   0.875319 | won: True 
#   66 | steps:  1954 | steps_t: 41651 | t: 14.441928 | r:     1.000000 | e:   0.965291 | Q:   0.875319 | won: True 
#   67 | steps:  1971 | steps_t: 41668 | t: 14.505803 | r:    -1.000000 | e:   0.965277 | Q:   0.875319 | won: True 
#   68 | steps:  1983 | steps_t: 41680 | t: 14.542740 | r:    -1.000000 | e:   0.965267 | Q:   0.875319 | won: True 
#   69 | steps:  2005 | steps_t: 41702 | t: 14.610901 | r:     1.000000 | e:   0.965248 | Q:   0.875319 | won: True 
#   70 | steps:  2033 | steps_t: 41730 | t: 14.701020 | r:     1.000000 | e:   0.965225 | Q:   0.875319 | won: True 
#   71 | steps:  2062 | steps_t: 41759 | t: 14.809949 | r:     1.000000 | e:   0.965201 | Q:   0.875319 | won: True 
#   72 | steps:  2085 | steps_t: 41782 | t: 14.882098 | r:     1.000000 | e:   0.965182 | Q:   0.875319 | won: True 
#   73 | steps:  2096 | steps_t: 41793 | t: 15.008527 | r:    -1.000000 | e:   0.965172 | Q:   0.875319 | won: True 
#   74 | steps:  2107 | steps_t: 41804 | t: 15.045837 | r:     1.000000 | e:   0.965163 | Q:   0.875319 | won: True 
#   75 | steps:  2126 | steps_t: 41823 | t: 15.114869 | r:    -1.000000 | e:   0.965148 | Q:   0.875319 | won: True 
#   76 | steps:  2194 | steps_t: 41891 | t: 15.701125 | r:     1.000000 | e:   0.965091 | Q:   0.875319 | won: True 
#   77 | steps:  2312 | steps_t: 42009 | t: 16.665421 | r:    -1.000000 | e:   0.964993 | Q:   0.875319 | won: True 
#   78 | steps:  2352 | steps_t: 42049 | t: 16.894722 | r:    -1.000000 | e:   0.964959 | Q:   0.875319 | won: True 
#   79 | steps:  2361 | steps_t: 42058 | t: 17.022076 | r:     1.000000 | e:   0.964952 | Q:   0.875319 | won: True 
#   80 | steps:  2379 | steps_t: 42076 | t: 17.079285 | r:    -1.000000 | e:   0.964937 | Q:   0.875319 | won: True 
#   81 | steps:  2391 | steps_t: 42088 | t: 17.208977 | r:    -1.000000 | e:   0.964927 | Q:   0.875319 | won: True 
#   82 | steps:  2420 | steps_t: 42117 | t: 17.404945 | r:     1.000000 | e:   0.964902 | Q:   0.875319 | won: True 
#   83 | steps:  2458 | steps_t: 42155 | t: 17.726239 | r:    -1.000000 | e:   0.964871 | Q:   0.875319 | won: True 
#   84 | steps:  2487 | steps_t: 42184 | t: 17.917190 | r:     1.000000 | e:   0.964847 | Q:   0.875319 | won: True 
#   85 | steps:  2550 | steps_t: 42247 | t: 18.232252 | r:     1.000000 | e:   0.964794 | Q:   0.875319 | won: True 
#   86 | steps:  2587 | steps_t: 42284 | t: 18.456349 | r:    -1.000000 | e:   0.964763 | Q:   0.875319 | won: True 
#   87 | steps:  2600 | steps_t: 42297 | t: 18.677562 | r:     1.000000 | e:   0.964753 | Q:   0.875319 | won: True 
#   88 | steps:  2618 | steps_t: 42315 | t: 18.824490 | r:     1.000000 | e:   0.964738 | Q:   0.875319 | won: True 
#   89 | steps:  2659 | steps_t: 42356 | t: 19.247352 | r:    -1.000000 | e:   0.964703 | Q:   0.875319 | won: True 
#   90 | steps:  2676 | steps_t: 42373 | t: 19.400575 | r:     1.000000 | e:   0.964689 | Q:   0.875319 | won: True 
#   91 | steps:  2708 | steps_t: 42405 | t: 19.598816 | r:     1.000000 | e:   0.964662 | Q:   0.875319 | won: True 
#   92 | steps:  2731 | steps_t: 42428 | t: 19.863850 | r:    -1.000000 | e:   0.964643 | Q:   0.875319 | won: True 
#   93 | steps:  2745 | steps_t: 42442 | t: 19.909340 | r:    -1.000000 | e:   0.964632 | Q:   0.875319 | won: True 
#   94 | steps:  2768 | steps_t: 42465 | t: 20.255411 | r:    -1.000000 | e:   0.964612 | Q:   0.875319 | won: True 
#   95 | steps:  2895 | steps_t: 42592 | t: 21.332760 | r:    -1.000000 | e:   0.964507 | Q:   0.875319 | won: True 
#   96 | steps:  2916 | steps_t: 42613 | t: 21.410955 | r:     1.000000 | e:   0.964489 | Q:   0.875319 | won: True 
#   97 | steps:  2944 | steps_t: 42641 | t: 21.774336 | r:    -1.000000 | e:   0.964466 | Q:   0.875319 | won: True 
#   98 | steps:  2970 | steps_t: 42667 | t: 21.869883 | r:     1.000000 | e:   0.964444 | Q:   0.875319 | won: True 
#   99 | steps:  2986 | steps_t: 42683 | t: 22.202795 | r:     1.000000 | e:   0.964431 | Q:   0.875414 | won: True 
#  100 | steps:  2994 | steps_t: 42691 | t: 22.319037 | r:    -1.000000 | e:   0.964424 | Q:   0.875414 | won: True 
#  101 | steps:  3013 | steps_t: 42710 | t: 22.480763 | r:    -1.000000 | e:   0.964408 | Q:   0.875414 | won: True 
#  102 | steps:  3028 | steps_t: 42725 | t: 22.626363 | r:    -1.000000 | e:   0.964396 | Q:   0.875414 | won: True 
#  103 | steps:  3108 | steps_t: 42805 | t: 23.082759 | r:    -1.000000 | e:   0.964329 | Q:   0.875414 | won: True 
#  104 | steps:  3145 | steps_t: 42842 | t: 23.290101 | r:    -1.000000 | e:   0.964298 | Q:   0.875414 | won: True 
#  105 | steps:  3172 | steps_t: 42869 | t: 23.565086 | r:    -1.000000 | e:   0.964276 | Q:   0.875414 | won: True 
#  106 | steps:  3205 | steps_t: 42902 | t: 23.853060 | r:    -1.000000 | e:   0.964248 | Q:   0.875414 | won: True 
#  107 | steps:  3218 | steps_t: 42915 | t: 23.983840 | r:     1.000000 | e:   0.964237 | Q:   0.875414 | won: True 
#  108 | steps:  3235 | steps_t: 42932 | t: 24.042879 | r:     1.000000 | e:   0.964223 | Q:   0.875414 | won: True 
#  109 | steps:  3254 | steps_t: 42951 | t: 24.203249 | r:    -1.000000 | e:   0.964207 | Q:   0.875414 | won: True 
#  110 | steps:  3282 | steps_t: 42979 | t: 24.744614 | r:     1.000000 | e:   0.964184 | Q:   0.875414 | won: True 
#  111 | steps:  3337 | steps_t: 43034 | t: 25.218402 | r:     1.000000 | e:   0.964138 | Q:   0.875414 | won: True 
#  112 | steps:  3413 | steps_t: 43110 | t: 26.010007 | r:     1.000000 | e:   0.964075 | Q:   0.875414 | won: True 
#  113 | steps:  3444 | steps_t: 43141 | t: 26.119460 | r:     1.000000 | e:   0.964049 | Q:   0.875414 | won: True 
#  114 | steps:  3470 | steps_t: 43167 | t: 26.385299 | r:    -1.000000 | e:   0.964028 | Q:   0.875414 | won: True 
#  115 | steps:  3486 | steps_t: 43183 | t: 26.446179 | r:    -1.000000 | e:   0.964014 | Q:   0.875414 | won: True 
#  116 | steps:  3531 | steps_t: 43228 | t: 26.795357 | r:    -1.000000 | e:   0.963977 | Q:   0.875414 | won: True 
#  117 | steps:  3630 | steps_t: 43327 | t: 27.850064 | r:    -1.000000 | e:   0.963894 | Q:   0.875414 | won: True 
#  118 | steps:  3763 | steps_t: 43460 | t: 28.587964 | r:    -1.000000 | e:   0.963783 | Q:   0.875414 | won: True 
#  119 | steps:  3792 | steps_t: 43489 | t: 28.876526 | r:     1.000000 | e:   0.963759 | Q:   0.875414 | won: True 
#  120 | steps:  3799 | steps_t: 43496 | t: 28.900275 | r:    -1.000000 | e:   0.963753 | Q:   0.875414 | won: True 
#  121 | steps:  3814 | steps_t: 43511 | t: 28.971396 | r:    -1.000000 | e:   0.963741 | Q:   0.875414 | won: True 
#  122 | steps:  3821 | steps_t: 43518 | t: 28.999726 | r:    -1.000000 | e:   0.963735 | Q:   0.875414 | won: True 
#  123 | steps:  3828 | steps_t: 43525 | t: 29.117893 | r:    -1.000000 | e:   0.963729 | Q:   0.875414 | won: True 
#  124 | steps:  3861 | steps_t: 43558 | t: 29.503005 | r:     1.000000 | e:   0.963702 | Q:   0.875414 | won: True 
#  125 | steps:  3879 | steps_t: 43576 | t: 29.562767 | r:    -1.000000 | e:   0.963687 | Q:   0.875414 | won: True 
#  126 | steps:  3901 | steps_t: 43598 | t: 29.727582 | r:     1.000000 | e:   0.963668 | Q:   0.875414 | won: True 
#  127 | steps:  3942 | steps_t: 43639 | t: 30.060428 | r:     1.000000 | e:   0.963634 | Q:   0.875414 | won: True 
#  128 | steps:  3950 | steps_t: 43647 | t: 30.088489 | r:    -1.000000 | e:   0.963627 | Q:   0.875414 | won: True 
#  129 | steps:  3964 | steps_t: 43661 | t: 30.140185 | r:     1.000000 | e:   0.963616 | Q:   0.875414 | won: True 
#  130 | steps:  3980 | steps_t: 43677 | t: 30.466297 | r:    -1.000000 | e:   0.963603 | Q:   0.875414 | won: True 
#  131 | steps:  4016 | steps_t: 43713 | t: 30.681262 | r:     1.000000 | e:   0.963572 | Q:   0.875414 | won: True 
#  132 | steps:  4064 | steps_t: 43761 | t: 31.047495 | r:    -1.000000 | e:   0.963533 | Q:   0.875414 | won: True 
#  133 | steps:  4097 | steps_t: 43794 | t: 31.428184 | r:     1.000000 | e:   0.963505 | Q:   0.875414 | won: True 
#  134 | steps:  4118 | steps_t: 43815 | t: 31.686000 | r:     1.000000 | e:   0.963488 | Q:   0.880656 | won: True 
#  135 | steps:  4135 | steps_t: 43832 | t: 31.834352 | r:    -1.000000 | e:   0.963473 | Q:   0.880656 | won: True 
#  136 | steps:  4191 | steps_t: 43888 | t: 32.386389 | r:    -1.000000 | e:   0.963427 | Q:   0.880656 | won: True 
#  137 | steps:  4218 | steps_t: 43915 | t: 32.673942 | r:     1.000000 | e:   0.963404 | Q:   0.880656 | won: True 
#  138 | steps:  4231 | steps_t: 43928 | t: 32.807755 | r:    -1.000000 | e:   0.963393 | Q:   0.880656 | won: True 
#  139 | steps:  4252 | steps_t: 43949 | t: 32.895696 | r:    -1.000000 | e:   0.963376 | Q:   0.880656 | won: True 
#  140 | steps:  4271 | steps_t: 43968 | t: 33.060861 | r:    -1.000000 | e:   0.963360 | Q:   0.880656 | won: True 
#  141 | steps:  4294 | steps_t: 43991 | t: 33.415170 | r:     1.000000 | e:   0.963341 | Q:   0.880656 | won: True 
#  142 | steps:  4306 | steps_t: 44003 | t: 33.552221 | r:    -1.000000 | e:   0.963331 | Q:   0.880656 | won: True 
#  143 | steps:  4359 | steps_t: 44056 | t: 34.086778 | r:     1.000000 | e:   0.963287 | Q:   0.883145 | won: True 
#  144 | steps:  4369 | steps_t: 44066 | t: 34.123421 | r:    -1.000000 | e:   0.963278 | Q:   0.883145 | won: True 
#  145 | steps:  4395 | steps_t: 44092 | t: 34.391814 | r:     1.000000 | e:   0.963257 | Q:   0.883145 | won: True 
#  146 | steps:  4413 | steps_t: 44110 | t: 34.455566 | r:    -1.000000 | e:   0.963242 | Q:   0.883145 | won: True 
#  147 | steps:  4475 | steps_t: 44172 | t: 35.123623 | r:    -1.000000 | e:   0.963190 | Q:   0.883145 | won: True 
#  148 | steps:  4526 | steps_t: 44223 | t: 35.663076 | r:     1.000000 | e:   0.963148 | Q:   0.883145 | won: True 
#  149 | steps:  4623 | steps_t: 44320 | t: 36.099218 | r:     1.000000 | e:   0.963067 | Q:   0.883145 | won: True 
#  150 | steps:  4634 | steps_t: 44331 | t: 36.225149 | r:    -1.000000 | e:   0.963058 | Q:   0.883145 | won: True 
#  151 | steps:  4650 | steps_t: 44347 | t: 36.280792 | r:     1.000000 | e:   0.963044 | Q:   0.883145 | won: True 
#  152 | steps:  4687 | steps_t: 44384 | t: 36.599495 | r:    -1.000000 | e:   0.963013 | Q:   0.883145 | won: True 
#  153 | steps:  4757 | steps_t: 44454 | t: 37.469067 | r:    -1.000000 | e:   0.962955 | Q:   0.883145 | won: True 
#  154 | steps:  4771 | steps_t: 44468 | t: 37.522392 | r:    -1.000000 | e:   0.962943 | Q:   0.883145 | won: True 
#  155 | steps:  4806 | steps_t: 44503 | t: 38.022657 | r:     1.000000 | e:   0.962914 | Q:   0.883145 | won: True 
#  156 | steps:  4829 | steps_t: 44526 | t: 38.110334 | r:    -1.000000 | e:   0.962895 | Q:   0.883145 | won: True 
#  157 | steps:  4846 | steps_t: 44543 | t: 38.260941 | r:    -1.000000 | e:   0.962881 | Q:   0.883145 | won: True 
#  158 | steps:  4880 | steps_t: 44577 | t: 38.550997 | r:    -1.000000 | e:   0.962853 | Q:   0.883145 | won: True 
#  159 | steps:  4928 | steps_t: 44625 | t: 38.815351 | r:     1.000000 | e:   0.962812 | Q:   0.883145 | won: True 
#  160 | steps:  4968 | steps_t: 44665 | t: 39.323123 | r:     1.000000 | e:   0.962779 | Q:   0.883145 | won: True 
#  161 | steps:  4986 | steps_t: 44683 | t: 39.482009 | r:     1.000000 | e:   0.962764 | Q:   0.883145 | won: True 
#  162 | steps:  5013 | steps_t: 44710 | t: 39.846822 | r:     1.000000 | e:   0.962742 | Q:   0.883145 | won: True 
#  163 | steps:  5032 | steps_t: 44729 | t: 40.099548 | r:    -1.000000 | e:   0.962726 | Q:   0.883145 | won: True 
#  164 | steps:  5058 | steps_t: 44755 | t: 40.282615 | r:     1.000000 | e:   0.962704 | Q:   0.883145 | won: True 
#  165 | steps:  5143 | steps_t: 44840 | t: 40.933383 | r:     1.000000 | e:   0.962633 | Q:   0.883145 | won: True 
#  166 | steps:  5153 | steps_t: 44850 | t: 40.973075 | r:    -1.000000 | e:   0.962625 | Q:   0.883145 | won: True 
#  167 | steps:  5171 | steps_t: 44868 | t: 41.134970 | r:     1.000000 | e:   0.962610 | Q:   0.883145 | won: True 
#  168 | steps:  5187 | steps_t: 44884 | t: 41.196903 | r:    -1.000000 | e:   0.962597 | Q:   0.883145 | won: True 
#  169 | steps:  5231 | steps_t: 44928 | t: 41.527965 | r:     1.000000 | e:   0.962560 | Q:   0.883145 | won: True 
#  170 | steps:  5263 | steps_t: 44960 | t: 41.813861 | r:    -1.000000 | e:   0.962533 | Q:   0.883145 | won: True 
#  171 | steps:  5284 | steps_t: 44981 | t: 41.891322 | r:    -1.000000 | e:   0.962516 | Q:   0.883145 | won: True 
#  172 | steps:  5329 | steps_t: 45026 | t: 42.143269 | r:    -1.000000 | e:   0.962478 | Q:   0.883145 | won: True 
#  173 | steps:  5359 | steps_t: 45056 | t: 42.342537 | r:    -1.000000 | e:   0.962453 | Q:   0.883145 | won: True 
#  174 | steps:  5381 | steps_t: 45078 | t: 42.430379 | r:     1.000000 | e:   0.962435 | Q:   0.940438 | won: True 
#  175 | steps:  5430 | steps_t: 45127 | t: 42.625219 | r:     1.000000 | e:   0.962394 | Q:   0.940438 | won: True 
#  176 | steps:  5456 | steps_t: 45153 | t: 42.816028 | r:    -1.000000 | e:   0.962372 | Q:   0.940438 | won: True 
#  177 | steps:  5486 | steps_t: 45183 | t: 43.108076 | r:    -1.000000 | e:   0.962348 | Q:   0.940438 | won: True 
#  178 | steps:  5545 | steps_t: 45242 | t: 43.669675 | r:    -1.000000 | e:   0.962298 | Q:   0.940438 | won: True 
#  179 | steps:  5581 | steps_t: 45278 | t: 44.071719 | r:     1.000000 | e:   0.962268 | Q:   0.940438 | won: True 
#  180 | steps:  5651 | steps_t: 45348 | t: 44.951875 | r:    -1.000000 | e:   0.962210 | Q:   0.940438 | won: True 
#  181 | steps:  5689 | steps_t: 45386 | t: 45.450793 | r:     1.000000 | e:   0.962178 | Q:   0.940438 | won: True 
#  182 | steps:  5700 | steps_t: 45397 | t: 45.492002 | r:    -1.000000 | e:   0.962169 | Q:   0.940438 | won: True 
#  183 | steps:  5762 | steps_t: 45459 | t: 45.728381 | r:    -1.000000 | e:   0.962117 | Q:   0.940438 | won: True 
#  184 | steps:  5806 | steps_t: 45503 | t: 46.245849 | r:     1.000000 | e:   0.962081 | Q:   0.940438 | won: True 
#  185 | steps:  5814 | steps_t: 45511 | t: 46.366962 | r:    -1.000000 | e:   0.962074 | Q:   0.940438 | won: True 
#  186 | steps:  5837 | steps_t: 45534 | t: 46.735604 | r:    -1.000000 | e:   0.962055 | Q:   0.940438 | won: True 
#  187 | steps:  5857 | steps_t: 45554 | t: 46.903607 | r:     1.000000 | e:   0.962038 | Q:   0.940438 | won: True 
#  188 | steps:  5885 | steps_t: 45582 | t: 47.103759 | r:    -1.000000 | e:   0.962015 | Q:   0.940438 | won: True 
#  189 | steps:  5929 | steps_t: 45626 | t: 47.455198 | r:    -1.000000 | e:   0.961978 | Q:   0.940438 | won: True 
#  190 | steps:  5957 | steps_t: 45654 | t: 47.743968 | r:    -1.000000 | e:   0.961955 | Q:   0.940438 | won: True 
#  191 | steps:  5983 | steps_t: 45680 | t: 47.924340 | r:     1.000000 | e:   0.961933 | Q:   0.940438 | won: True 
#  192 | steps:  6035 | steps_t: 45732 | t: 48.647722 | r:     1.000000 | e:   0.961890 | Q:   0.940438 | won: True 
#  193 | steps:  6082 | steps_t: 45779 | t: 49.087233 | r:     1.000000 | e:   0.961851 | Q:   0.940438 | won: True 
#  194 | steps:  6110 | steps_t: 45807 | t: 49.281694 | r:     1.000000 | e:   0.961828 | Q:   0.940438 | won: True 
#  195 | steps:  6120 | steps_t: 45817 | t: 49.320092 | r:     1.000000 | e:   0.961819 | Q:   0.940438 | won: True 
#  196 | steps:  6156 | steps_t: 45853 | t: 49.457874 | r:    -1.000000 | e:   0.961789 | Q:   0.940438 | won: True 
#  197 | steps:  6184 | steps_t: 45881 | t: 49.664526 | r:    -1.000000 | e:   0.961766 | Q:   0.940438 | won: True 
#  198 | steps:  6231 | steps_t: 45928 | t: 49.839228 | r:     1.000000 | e:   0.961727 | Q:   0.940438 | won: True 
#  199 | steps:  6257 | steps_t: 45954 | t: 50.378931 | r:     1.000000 | e:   0.961705 | Q:   0.940438 | won: True 
#  200 | steps:  6301 | steps_t: 45998 | t: 50.814984 | r:     1.000000 | e:   0.961668 | Q:   0.940438 | won: True 
#  201 | steps:  6336 | steps_t: 46033 | t: 51.112666 | r:    -1.000000 | e:   0.961639 | Q:   0.940438 | won: True 
#  202 | steps:  6347 | steps_t: 46044 | t: 51.153554 | r:     1.000000 | e:   0.961630 | Q:   0.940438 | won: True 
#  203 | steps:  6359 | steps_t: 46056 | t: 51.287239 | r:     1.000000 | e:   0.961620 | Q:   0.940438 | won: True 
#  204 | steps:  6372 | steps_t: 46069 | t: 51.338218 | r:    -1.000000 | e:   0.961609 | Q:   0.940438 | won: True 
#  205 | steps:  6377 | steps_t: 46074 | t: 51.360970 | r:    -1.000000 | e:   0.961605 | Q:   0.940438 | won: True 
#  206 | steps:  6420 | steps_t: 46117 | t: 51.697759 | r:     1.000000 | e:   0.961569 | Q:   0.940438 | won: True 
#  207 | steps:  6459 | steps_t: 46156 | t: 52.107855 | r:    -1.000000 | e:   0.961537 | Q:   0.940438 | won: True 
#  208 | steps:  6475 | steps_t: 46172 | t: 52.258482 | r:    -1.000000 | e:   0.961523 | Q:   0.940438 | won: True 
#  209 | steps:  6521 | steps_t: 46218 | t: 52.780556 | r:     1.000000 | e:   0.961485 | Q:   0.940438 | won: True 
#  210 | steps:  6562 | steps_t: 46259 | t: 53.022972 | r:     1.000000 | e:   0.961451 | Q:   0.940438 | won: True 
#  211 | steps:  6602 | steps_t: 46299 | t: 53.349377 | r:    -1.000000 | e:   0.961418 | Q:   0.940438 | won: True 
#  212 | steps:  6607 | steps_t: 46304 | t: 53.454363 | r:    -1.000000 | e:   0.961413 | Q:   0.940438 | won: True 
#  213 | steps:  6627 | steps_t: 46324 | t: 53.703607 | r:     1.000000 | e:   0.961397 | Q:   0.940438 | won: True 
#  214 | steps:  6651 | steps_t: 46348 | t: 53.877992 | r:    -1.000000 | e:   0.961377 | Q:   0.940438 | won: True 
#  215 | steps:  6681 | steps_t: 46378 | t: 53.992634 | r:    -1.000000 | e:   0.961352 | Q:   0.940438 | won: True 
#  216 | steps:  6694 | steps_t: 46391 | t: 54.040200 | r:    -1.000000 | e:   0.961341 | Q:   0.940438 | won: True 
#  217 | steps:  6712 | steps_t: 46409 | t: 54.116777 | r:    -1.000000 | e:   0.961326 | Q:   0.940438 | won: True 
#  218 | steps:  6719 | steps_t: 46416 | t: 54.148675 | r:    -1.000000 | e:   0.961320 | Q:   0.940438 | won: True 
#  219 | steps:  6728 | steps_t: 46425 | t: 54.184733 | r:     1.000000 | e:   0.961313 | Q:   0.940438 | won: True 
#  220 | steps:  6814 | steps_t: 46511 | t: 54.861029 | r:     1.000000 | e:   0.961241 | Q:   0.940438 | won: True 
#  221 | steps:  6829 | steps_t: 46526 | t: 54.918284 | r:    -1.000000 | e:   0.961228 | Q:   0.940438 | won: True 
#  222 | steps:  6853 | steps_t: 46550 | t: 55.010268 | r:     1.000000 | e:   0.961208 | Q:   0.940438 | won: True 
#  223 | steps:  6862 | steps_t: 46559 | t: 55.043658 | r:    -1.000000 | e:   0.961201 | Q:   0.940438 | won: True 
#  224 | steps:  6906 | steps_t: 46603 | t: 55.468675 | r:    -1.000000 | e:   0.961164 | Q:   0.940438 | won: True 
#  225 | steps:  6916 | steps_t: 46613 | t: 55.504590 | r:    -1.000000 | e:   0.961156 | Q:   0.940438 | won: True 
#  226 | steps:  6979 | steps_t: 46676 | t: 55.822396 | r:    -1.000000 | e:   0.961103 | Q:   0.940438 | won: True 
#  227 | steps:  7020 | steps_t: 46717 | t: 56.350144 | r:    -1.000000 | e:   0.961069 | Q:   0.940438 | won: True 
#  228 | steps:  7041 | steps_t: 46738 | t: 56.437980 | r:     1.000000 | e:   0.961052 | Q:   0.940438 | won: True 
#  229 | steps:  7089 | steps_t: 46786 | t: 56.878217 | r:     1.000000 | e:   0.961012 | Q:   0.940438 | won: True 
#  230 | steps:  7111 | steps_t: 46808 | t: 57.066779 | r:    -1.000000 | e:   0.960993 | Q:   0.940438 | won: True 
#  231 | steps:  7149 | steps_t: 46846 | t: 57.390477 | r:    -1.000000 | e:   0.960962 | Q:   0.940438 | won: True 
#  232 | steps:  7181 | steps_t: 46878 | t: 57.594623 | r:     1.000000 | e:   0.960935 | Q:   0.940438 | won: True 
#  233 | steps:  7263 | steps_t: 46960 | t: 58.256078 | r:     1.000000 | e:   0.960867 | Q:   0.940438 | won: True 
#  234 | steps:  7277 | steps_t: 46974 | t: 58.582571 | r:     1.000000 | e:   0.960855 | Q:   0.940438 | won: True 
#  235 | steps:  7294 | steps_t: 46991 | t: 58.648902 | r:    -1.000000 | e:   0.960841 | Q:   0.940438 | won: True 
#  236 | steps:  7359 | steps_t: 47056 | t: 59.355001 | r:     1.000000 | e:   0.960787 | Q:   0.940438 | won: True 
#  237 | steps:  7387 | steps_t: 47084 | t: 59.467081 | r:    -1.000000 | e:   0.960763 | Q:   0.940438 | won: True 
#  238 | steps:  7417 | steps_t: 47114 | t: 59.606702 | r:    -1.000000 | e:   0.960738 | Q:   0.940438 | won: True 
#  239 | steps:  7443 | steps_t: 47140 | t: 60.075815 | r:     1.000000 | e:   0.960717 | Q:   0.940438 | won: True 
#  240 | steps:  7462 | steps_t: 47159 | t: 60.158378 | r:    -1.000000 | e:   0.960701 | Q:   0.940438 | won: True 
#  241 | steps:  7536 | steps_t: 47233 | t: 60.578557 | r:     1.000000 | e:   0.960639 | Q:   0.940438 | won: True 
#  242 | steps:  7576 | steps_t: 47273 | t: 60.914927 | r:     1.000000 | e:   0.960606 | Q:   0.942451 | won: True 
#  243 | steps:  7622 | steps_t: 47319 | t: 61.404633 | r:     1.000000 | e:   0.960568 | Q:   0.942451 | won: True 
#  244 | steps:  7644 | steps_t: 47341 | t: 61.651588 | r:     1.000000 | e:   0.960549 | Q:   0.942451 | won: True 
#  245 | steps:  7681 | steps_t: 47378 | t: 61.984659 | r:     1.000000 | e:   0.960518 | Q:   0.942451 | won: True 
#  246 | steps:  7702 | steps_t: 47399 | t: 62.463302 | r:     1.000000 | e:   0.960501 | Q:   0.942451 | won: True 
#  247 | steps:  7794 | steps_t: 47491 | t: 63.552622 | r:     1.000000 | e:   0.960424 | Q:   0.942451 | won: True 
#  248 | steps:  7834 | steps_t: 47531 | t: 63.840208 | r:    -1.000000 | e:   0.960391 | Q:   0.942451 | won: True 
#  249 | steps:  7847 | steps_t: 47544 | t: 63.927820 | r:     1.000000 | e:   0.960380 | Q:   0.942451 | won: True 
#  250 | steps:  7895 | steps_t: 47592 | t: 64.524901 | r:    -1.000000 | e:   0.960340 | Q:   0.942451 | won: True 
#  251 | steps:  7922 | steps_t: 47619 | t: 65.212161 | r:    -1.000000 | e:   0.960318 | Q:   0.942451 | won: True 
#  252 | steps:  7946 | steps_t: 47643 | t: 65.742139 | r:     1.000000 | e:   0.960298 | Q:   0.942451 | won: True 
#  253 | steps:  8031 | steps_t: 47728 | t: 67.356892 | r:    -1.000000 | e:   0.960227 | Q:   0.942451 | won: True 
#  254 | steps:  8066 | steps_t: 47763 | t: 67.746989 | r:     1.000000 | e:   0.960198 | Q:   0.942451 | won: True 
#  255 | steps:  8087 | steps_t: 47784 | t: 67.942087 | r:     1.000000 | e:   0.960180 | Q:   0.942451 | won: True 
#  256 | steps:  8171 | steps_t: 47868 | t: 68.974184 | r:    -1.000000 | e:   0.960110 | Q:   0.942451 | won: True 
#  257 | steps:  8208 | steps_t: 47905 | t: 69.274811 | r:    -1.000000 | e:   0.960079 | Q:   0.942451 | won: True 
#  258 | steps:  8216 | steps_t: 47913 | t: 69.432102 | r:    -1.000000 | e:   0.960072 | Q:   0.942451 | won: True 
#  259 | steps:  8237 | steps_t: 47934 | t: 69.747157 | r:    -1.000000 | e:   0.960055 | Q:   0.942451 | won: True 
#  260 | steps:  8260 | steps_t: 47957 | t: 69.868515 | r:    -1.000000 | e:   0.960036 | Q:   0.942451 | won: True 
#  261 | steps:  8271 | steps_t: 47968 | t: 69.927837 | r:     1.000000 | e:   0.960027 | Q:   0.942451 | won: True 
#  262 | steps:  8347 | steps_t: 48044 | t: 70.788600 | r:    -1.000000 | e:   0.959963 | Q:   0.942451 | won: True 
#  263 | steps:  8373 | steps_t: 48070 | t: 71.000332 | r:    -1.000000 | e:   0.959942 | Q:   0.942451 | won: True 
#  264 | steps:  8394 | steps_t: 48091 | t: 71.193114 | r:    -1.000000 | e:   0.959924 | Q:   0.942451 | won: True 
#  265 | steps:  8404 | steps_t: 48101 | t: 71.334030 | r:     1.000000 | e:   0.959916 | Q:   0.942451 | won: True 
#  266 | steps:  8440 | steps_t: 48137 | t: 71.499524 | r:     1.000000 | e:   0.959886 | Q:   0.942451 | won: True 
#  267 | steps:  8465 | steps_t: 48162 | t: 71.611232 | r:    -1.000000 | e:   0.959865 | Q:   0.942451 | won: True 
#  268 | steps:  8485 | steps_t: 48182 | t: 71.696852 | r:     1.000000 | e:   0.959848 | Q:   0.942451 | won: True 
#  269 | steps:  8494 | steps_t: 48191 | t: 71.834167 | r:     1.000000 | e:   0.959841 | Q:   0.942451 | won: True 
#  270 | steps:  8518 | steps_t: 48215 | t: 72.031812 | r:    -1.000000 | e:   0.959821 | Q:   0.942451 | won: True 
#  271 | steps:  8540 | steps_t: 48237 | t: 72.307819 | r:     1.000000 | e:   0.959803 | Q:   0.942451 | won: True 
#  272 | steps:  8564 | steps_t: 48261 | t: 72.687988 | r:     1.000000 | e:   0.959782 | Q:   0.942451 | won: True 
#  273 | steps:  8582 | steps_t: 48279 | t: 72.769230 | r:     1.000000 | e:   0.959767 | Q:   0.942451 | won: True 
#  274 | steps:  8609 | steps_t: 48306 | t: 72.969330 | r:    -1.000000 | e:   0.959745 | Q:   0.942451 | won: True 
#  275 | steps:  8629 | steps_t: 48326 | t: 73.322746 | r:    -1.000000 | e:   0.959728 | Q:   0.942451 | won: True 
#  276 | steps:  8749 | steps_t: 48446 | t: 74.484346 | r:    -1.000000 | e:   0.959628 | Q:   0.942451 | won: True 
#  277 | steps:  8791 | steps_t: 48488 | t: 75.083517 | r:    -1.000000 | e:   0.959593 | Q:   0.942451 | won: True 
#  278 | steps:  8800 | steps_t: 48497 | t: 75.114698 | r:    -1.000000 | e:   0.959586 | Q:   0.942451 | won: True 
#  279 | steps:  8822 | steps_t: 48519 | t: 75.193374 | r:     1.000000 | e:   0.959568 | Q:   0.942451 | won: True 
#  280 | steps:  8833 | steps_t: 48530 | t: 75.325779 | r:     1.000000 | e:   0.959558 | Q:   0.942451 | won: True 
#  281 | steps:  8852 | steps_t: 48549 | t: 75.399952 | r:     1.000000 | e:   0.959542 | Q:   0.942451 | won: True 
#  282 | steps:  8891 | steps_t: 48588 | t: 75.624344 | r:    -1.000000 | e:   0.959510 | Q:   0.942451 | won: True 
#  283 | steps:  8917 | steps_t: 48614 | t: 75.803991 | r:    -1.000000 | e:   0.959488 | Q:   0.942451 | won: True 
#  284 | steps:  8937 | steps_t: 48634 | t: 75.967361 | r:    -1.000000 | e:   0.959472 | Q:   0.942451 | won: True 
#  285 | steps:  8963 | steps_t: 48660 | t: 76.142286 | r:    -1.000000 | e:   0.959450 | Q:   0.942451 | won: True 
#  286 | steps:  8985 | steps_t: 48682 | t: 76.392669 | r:    -1.000000 | e:   0.959432 | Q:   0.942451 | won: True 
#  287 | steps:  9004 | steps_t: 48701 | t: 76.636978 | r:     1.000000 | e:   0.959416 | Q:   0.942451 | won: True 
#  288 | steps:  9070 | steps_t: 48767 | t: 77.034899 | r:    -1.000000 | e:   0.959361 | Q:   0.942451 | won: True 
#  289 | steps:  9106 | steps_t: 48803 | t: 77.331846 | r:     1.000000 | e:   0.959331 | Q:   0.942451 | won: True 
#  290 | steps:  9131 | steps_t: 48828 | t: 77.421433 | r:    -1.000000 | e:   0.959310 | Q:   0.942451 | won: True 
#  291 | steps:  9167 | steps_t: 48864 | t: 77.543979 | r:    -1.000000 | e:   0.959280 | Q:   0.942451 | won: True 
#  292 | steps:  9182 | steps_t: 48879 | t: 77.678881 | r:     1.000000 | e:   0.959268 | Q:   0.942451 | won: True 
#  293 | steps:  9191 | steps_t: 48888 | t: 77.792681 | r:    -1.000000 | e:   0.959260 | Q:   0.942451 | won: True 
#  294 | steps:  9212 | steps_t: 48909 | t: 77.954302 | r:    -1.000000 | e:   0.959242 | Q:   0.942451 | won: True 
#  295 | steps:  9272 | steps_t: 48969 | t: 78.330603 | r:    -1.000000 | e:   0.959193 | Q:   0.942451 | won: True 
#  296 | steps:  9296 | steps_t: 48993 | t: 78.499500 | r:    -1.000000 | e:   0.959172 | Q:   0.942451 | won: True 
#  297 | steps:  9316 | steps_t: 49013 | t: 78.744182 | r:    -1.000000 | e:   0.959156 | Q:   0.942451 | won: True 
#  298 | steps:  9345 | steps_t: 49042 | t: 78.835853 | r:    -1.000000 | e:   0.959132 | Q:   0.942451 | won: True 
#  299 | steps:  9373 | steps_t: 49070 | t: 79.016929 | r:     1.000000 | e:   0.959108 | Q:   0.942451 | won: True 
#  300 | steps:  9390 | steps_t: 49087 | t: 79.073457 | r:     1.000000 | e:   0.959094 | Q:   0.942451 | won: True 
#  301 | steps:  9400 | steps_t: 49097 | t: 79.275424 | r:    -1.000000 | e:   0.959086 | Q:   0.942451 | won: True 
#  302 | steps:  9492 | steps_t: 49189 | t: 80.120016 | r:     1.000000 | e:   0.959009 | Q:   0.942451 | won: True 
#  303 | steps:  9508 | steps_t: 49205 | t: 80.176211 | r:    -1.000000 | e:   0.958996 | Q:   0.942451 | won: True 
#  304 | steps:  9588 | steps_t: 49285 | t: 80.880681 | r:     1.000000 | e:   0.958929 | Q:   0.942451 | won: True 
#  305 | steps:  9630 | steps_t: 49327 | t: 81.114027 | r:    -1.000000 | e:   0.958894 | Q:   0.971097 | won: True 
#  306 | steps:  9646 | steps_t: 49343 | t: 81.164828 | r:    -1.000000 | e:   0.958881 | Q:   0.971097 | won: True 
#  307 | steps:  9673 | steps_t: 49370 | t: 81.250714 | r:     1.000000 | e:   0.958858 | Q:   0.971097 | won: True 
#  308 | steps:  9687 | steps_t: 49384 | t: 81.380804 | r:     1.000000 | e:   0.958847 | Q:   0.971097 | won: True 
#  309 | steps:  9733 | steps_t: 49430 | t: 81.805798 | r:    -1.000000 | e:   0.958808 | Q:   0.971097 | won: True 
#  310 | steps:  9781 | steps_t: 49478 | t: 82.059170 | r:     1.000000 | e:   0.958768 | Q:   0.971097 | won: True 
#  311 | steps:  9927 | steps_t: 49624 | t: 82.550431 | r:     1.000000 | e:   0.958647 | Q:   0.971097 | won: True 
#  312 | steps:  9934 | steps_t: 49631 | t: 82.575005 | r:    -1.000000 | e:   0.958641 | Q:   0.971097 | won: True 
#  313 | steps:  9974 | steps_t: 49671 | t: 82.977739 | r:     1.000000 | e:   0.958608 | Q:   0.971097 | won: True 
#  314 | steps: 10033 | steps_t: 49730 | t: 83.875626 | r:    -1.000000 | e:   0.958558 | Q:   0.971097 | won: True 
#  315 | steps: 10110 | steps_t: 49807 | t: 84.847851 | r:     1.000000 | e:   0.958494 | Q:   0.971097 | won: True 
#  316 | steps: 10122 | steps_t: 49819 | t: 84.905279 | r:    -1.000000 | e:   0.958484 | Q:   0.971097 | won: True 
#  317 | steps: 10140 | steps_t: 49837 | t: 85.074603 | r:    -1.000000 | e:   0.958469 | Q:   0.971097 | won: True 
#  318 | steps: 10167 | steps_t: 49864 | t: 85.196039 | r:     1.000000 | e:   0.958447 | Q:   0.971097 | won: True 
#  319 | steps: 10235 | steps_t: 49932 | t: 85.697810 | r:     1.000000 | e:   0.958390 | Q:   0.971097 | won: True 
#  320 | steps: 10248 | steps_t: 49945 | t: 85.848102 | r:    -1.000000 | e:   0.958379 | Q:   0.971097 | won: True 
#  321 | steps: 10295 | steps_t: 49992 | t: 86.403997 | r:    -1.000000 | e:   0.958340 | Q:   0.971097 | won: True 
#  322 | steps: 10332 | steps_t: 50029 | t: 86.828430 | r:    -1.000000 | e:   0.958309 | Q:   0.971097 | won: True 
#  323 | steps: 10359 | steps_t: 50056 | t: 86.949703 | r:    -1.000000 | e:   0.958287 | Q:   0.971097 | won: True 
#  324 | steps: 10396 | steps_t: 50093 | t: 87.472453 | r:    -1.000000 | e:   0.958256 | Q:   0.971097 | won: True 
#  325 | steps: 10409 | steps_t: 50106 | t: 87.712972 | r:    -1.000000 | e:   0.958245 | Q:   0.971097 | won: True 
#  326 | steps: 10433 | steps_t: 50130 | t: 87.819239 | r:     1.000000 | e:   0.958225 | Q:   0.971097 | won: True 
#  327 | steps: 10457 | steps_t: 50154 | t: 87.924539 | r:     1.000000 | e:   0.958205 | Q:   0.971097 | won: True 
#  328 | steps: 10508 | steps_t: 50205 | t: 88.422348 | r:     1.000000 | e:   0.958163 | Q:   0.971097 | won: True 
#  329 | steps: 10520 | steps_t: 50217 | t: 88.477797 | r:     1.000000 | e:   0.958152 | Q:   0.971097 | won: True 
#  330 | steps: 10534 | steps_t: 50231 | t: 88.630727 | r:    -1.000000 | e:   0.958141 | Q:   0.971097 | won: True 
#  331 | steps: 10551 | steps_t: 50248 | t: 88.795452 | r:    -1.000000 | e:   0.958127 | Q:   0.971097 | won: True 
#  332 | steps: 10567 | steps_t: 50264 | t: 88.964140 | r:     1.000000 | e:   0.958113 | Q:   0.971097 | won: True 
#  333 | steps: 10575 | steps_t: 50272 | t: 89.004324 | r:    -1.000000 | e:   0.958107 | Q:   0.971097 | won: True 
#  334 | steps: 10582 | steps_t: 50279 | t: 89.122921 | r:    -1.000000 | e:   0.958101 | Q:   0.971097 | won: True 
#  335 | steps: 10611 | steps_t: 50308 | t: 89.723523 | r:     1.000000 | e:   0.958077 | Q:   0.971097 | won: True 
#  336 | steps: 10636 | steps_t: 50333 | t: 89.947038 | r:    -1.000000 | e:   0.958056 | Q:   0.971097 | won: True 
#  337 | steps: 10667 | steps_t: 50364 | t: 90.278203 | r:     1.000000 | e:   0.958030 | Q:   0.971097 | won: True 
#  338 | steps: 10703 | steps_t: 50400 | t: 90.643460 | r:    -1.000000 | e:   0.958000 | Q:   0.971097 | won: True 
#  339 | steps: 10726 | steps_t: 50423 | t: 90.860515 | r:    -1.000000 | e:   0.957981 | Q:   0.971097 | won: True 
#  340 | steps: 10734 | steps_t: 50431 | t: 90.902142 | r:     1.000000 | e:   0.957974 | Q:   0.971097 | won: True 
#  341 | steps: 10741 | steps_t: 50438 | t: 90.939546 | r:     1.000000 | e:   0.957968 | Q:   0.971097 | won: True 
#  342 | steps: 10765 | steps_t: 50462 | t: 91.245027 | r:     1.000000 | e:   0.957948 | Q:   0.971097 | won: True 
#  343 | steps: 10791 | steps_t: 50488 | t: 91.474887 | r:    -1.000000 | e:   0.957927 | Q:   0.971097 | won: True 
#  344 | steps: 10802 | steps_t: 50499 | t: 91.629938 | r:    -1.000000 | e:   0.957917 | Q:   0.971097 | won: True 
#  345 | steps: 10895 | steps_t: 50592 | t: 92.290785 | r:    -1.000000 | e:   0.957840 | Q:   0.971097 | won: True 
#  346 | steps: 10912 | steps_t: 50609 | t: 92.473916 | r:     1.000000 | e:   0.957826 | Q:   0.971097 | won: True 
#  347 | steps: 10934 | steps_t: 50631 | t: 92.582267 | r:     1.000000 | e:   0.957808 | Q:   0.971097 | won: True 
#  348 | steps: 10944 | steps_t: 50641 | t: 92.636776 | r:    -1.000000 | e:   0.957799 | Q:   0.971097 | won: True 
#  349 | steps: 10959 | steps_t: 50656 | t: 92.805275 | r:    -1.000000 | e:   0.957787 | Q:   0.971097 | won: True 
#  350 | steps: 10972 | steps_t: 50669 | t: 92.876317 | r:    -1.000000 | e:   0.957776 | Q:   0.971097 | won: True 
#  351 | steps: 10993 | steps_t: 50690 | t: 93.080241 | r:     1.000000 | e:   0.957758 | Q:   0.971097 | won: True 
#  352 | steps: 11007 | steps_t: 50704 | t: 93.333697 | r:    -1.000000 | e:   0.957747 | Q:   0.971097 | won: True 
#  353 | steps: 11040 | steps_t: 50737 | t: 93.604991 | r:    -1.000000 | e:   0.957719 | Q:   0.971097 | won: True 
#  354 | steps: 11048 | steps_t: 50745 | t: 93.646892 | r:     1.000000 | e:   0.957712 | Q:   0.971097 | won: True 
#  355 | steps: 11077 | steps_t: 50774 | t: 94.089498 | r:     1.000000 | e:   0.957688 | Q:   0.971097 | won: True 
#  356 | steps: 11109 | steps_t: 50806 | t: 94.360846 | r:    -1.000000 | e:   0.957662 | Q:   0.971097 | won: True 
#  357 | steps: 11135 | steps_t: 50832 | t: 94.703205 | r:    -1.000000 | e:   0.957640 | Q:   0.971097 | won: True 
#  358 | steps: 11155 | steps_t: 50852 | t: 94.807169 | r:    -1.000000 | e:   0.957623 | Q:   0.971097 | won: True 
#  359 | steps: 11198 | steps_t: 50895 | t: 95.410593 | r:     1.000000 | e:   0.957588 | Q:   0.971097 | won: True 
#  360 | steps: 11228 | steps_t: 50925 | t: 95.942833 | r:    -1.000000 | e:   0.957562 | Q:   0.971097 | won: True 
#  361 | steps: 11243 | steps_t: 50940 | t: 96.121061 | r:    -1.000000 | e:   0.957550 | Q:   0.971097 | won: True 
#  362 | steps: 11250 | steps_t: 50947 | t: 96.161979 | r:     1.000000 | e:   0.957544 | Q:   0.971097 | won: True 
#  363 | steps: 11274 | steps_t: 50971 | t: 96.295810 | r:     1.000000 | e:   0.957524 | Q:   0.971097 | won: True 
#  364 | steps: 11372 | steps_t: 51069 | t: 97.099280 | r:     1.000000 | e:   0.957442 | Q:   0.971097 | won: True 
#  365 | steps: 11402 | steps_t: 51099 | t: 97.527884 | r:    -1.000000 | e:   0.957418 | Q:   0.971097 | won: True 
#  366 | steps: 11418 | steps_t: 51115 | t: 97.706297 | r:    -1.000000 | e:   0.957404 | Q:   0.971097 | won: True 
#  367 | steps: 11441 | steps_t: 51138 | t: 97.919832 | r:     1.000000 | e:   0.957385 | Q:   0.971097 | won: True 
#  368 | steps: 11482 | steps_t: 51179 | t: 98.400266 | r:    -1.000000 | e:   0.957351 | Q:   0.971097 | won: True 
#  369 | steps: 11497 | steps_t: 51194 | t: 98.479105 | r:    -1.000000 | e:   0.957338 | Q:   0.971097 | won: True 
#  370 | steps: 11511 | steps_t: 51208 | t: 98.648665 | r:     1.000000 | e:   0.957327 | Q:   0.971097 | won: True 
#  371 | steps: 11544 | steps_t: 51241 | t: 98.987135 | r:     1.000000 | e:   0.957299 | Q:   0.971097 | won: True 
#  372 | steps: 11572 | steps_t: 51269 | t: 99.315652 | r:     1.000000 | e:   0.957276 | Q:   0.971097 | won: True 
#  373 | steps: 11593 | steps_t: 51290 | t: 99.607401 | r:     1.000000 | e:   0.957258 | Q:   0.971097 | won: True 
#  374 | steps: 11647 | steps_t: 51344 | t: 100.129714 | r:    -1.000000 | e:   0.957213 | Q:   0.971097 | won: True 
#  375 | steps: 11657 | steps_t: 51354 | t: 100.178440 | r:     1.000000 | e:   0.957205 | Q:   0.971097 | won: True 
#  376 | steps: 11667 | steps_t: 51364 | t: 100.316187 | r:    -1.000000 | e:   0.957197 | Q:   0.971097 | won: True 
#  377 | steps: 11687 | steps_t: 51384 | t: 100.498752 | r:     1.000000 | e:   0.957180 | Q:   0.971097 | won: True 
#  378 | steps: 11712 | steps_t: 51409 | t: 100.702741 | r:    -1.000000 | e:   0.957159 | Q:   0.971097 | won: True 
#  379 | steps: 11747 | steps_t: 51444 | t: 100.874239 | r:    -1.000000 | e:   0.957130 | Q:   0.971097 | won: True 
#  380 | steps: 11800 | steps_t: 51497 | t: 101.298891 | r:    -1.000000 | e:   0.957086 | Q:   0.971097 | won: True 
#  381 | steps: 11924 | steps_t: 51621 | t: 102.498266 | r:    -1.000000 | e:   0.956982 | Q:   0.971097 | won: True 
#  382 | steps: 12010 | steps_t: 51707 | t: 103.417435 | r:     1.000000 | e:   0.956911 | Q:   0.971097 | won: True 
#  383 | steps: 12026 | steps_t: 51723 | t: 103.578404 | r:     1.000000 | e:   0.956897 | Q:   0.971097 | won: True 
#  384 | steps: 12035 | steps_t: 51732 | t: 103.621366 | r:    -1.000000 | e:   0.956890 | Q:   0.971097 | won: True 
#  385 | steps: 12051 | steps_t: 51748 | t: 103.693797 | r:    -1.000000 | e:   0.956877 | Q:   0.971097 | won: True 
#  386 | steps: 12068 | steps_t: 51765 | t: 103.858924 | r:     1.000000 | e:   0.956862 | Q:   0.971097 | won: True 
#  387 | steps: 12088 | steps_t: 51785 | t: 103.956823 | r:    -1.000000 | e:   0.956846 | Q:   0.971097 | won: True 
#  388 | steps: 12097 | steps_t: 51794 | t: 103.999562 | r:    -1.000000 | e:   0.956838 | Q:   0.971097 | won: True 
#  389 | steps: 12108 | steps_t: 51805 | t: 104.140111 | r:     1.000000 | e:   0.956829 | Q:   0.971097 | won: True 
#  390 | steps: 12126 | steps_t: 51823 | t: 104.313944 | r:     1.000000 | e:   0.956814 | Q:   0.971097 | won: True 
#  391 | steps: 12159 | steps_t: 51856 | t: 104.724522 | r:     1.000000 | e:   0.956787 | Q:   0.971097 | won: True 
#  392 | steps: 12193 | steps_t: 51890 | t: 104.882985 | r:    -1.000000 | e:   0.956758 | Q:   0.971097 | won: True 
#  393 | steps: 12214 | steps_t: 51911 | t: 104.979955 | r:    -1.000000 | e:   0.956741 | Q:   0.971097 | won: True 
#  394 | steps: 12223 | steps_t: 51920 | t: 105.191535 | r:    -1.000000 | e:   0.956733 | Q:   0.971097 | won: True 
#  395 | steps: 12233 | steps_t: 51930 | t: 105.410090 | r:    -1.000000 | e:   0.956725 | Q:   0.971097 | won: True 
#  396 | steps: 12239 | steps_t: 51936 | t: 105.438436 | r:     1.000000 | e:   0.956720 | Q:   0.971097 | won: True 
#  397 | steps: 12279 | steps_t: 51976 | t: 105.964285 | r:     1.000000 | e:   0.956687 | Q:   0.971097 | won: True 
#  398 | steps: 12350 | steps_t: 52047 | t: 106.544508 | r:     1.000000 | e:   0.956627 | Q:   0.971097 | won: True 
#  399 | steps: 12367 | steps_t: 52064 | t: 106.628072 | r:    -1.000000 | e:   0.956613 | Q:   0.971097 | won: True 
#  400 | steps: 12410 | steps_t: 52107 | t: 107.075804 | r:    -1.000000 | e:   0.956577 | Q:   0.971097 | won: True 
#  401 | steps: 12447 | steps_t: 52144 | t: 107.328967 | r:    -1.000000 | e:   0.956547 | Q:   0.971097 | won: True 
#  402 | steps: 12460 | steps_t: 52157 | t: 107.389551 | r:     1.000000 | e:   0.956536 | Q:   0.971097 | won: True 
#  403 | steps: 12477 | steps_t: 52174 | t: 107.466842 | r:     1.000000 | e:   0.956522 | Q:   0.971097 | won: True 
#  404 | steps: 12523 | steps_t: 52220 | t: 107.850675 | r:    -1.000000 | e:   0.956483 | Q:   0.971097 | won: True 
#  405 | steps: 12536 | steps_t: 52233 | t: 107.913912 | r:    -1.000000 | e:   0.956473 | Q:   0.971097 | won: True 
#  406 | steps: 12551 | steps_t: 52248 | t: 107.984886 | r:     1.000000 | e:   0.956460 | Q:   0.971097 | won: True 
#  407 | steps: 12593 | steps_t: 52290 | t: 108.347983 | r:    -1.000000 | e:   0.956425 | Q:   0.971097 | won: True 
#  408 | steps: 12603 | steps_t: 52300 | t: 108.479965 | r:     1.000000 | e:   0.956417 | Q:   0.971097 | won: True 
#  409 | steps: 12622 | steps_t: 52319 | t: 108.736974 | r:    -1.000000 | e:   0.956401 | Q:   0.971097 | won: True 
#  410 | steps: 12638 | steps_t: 52335 | t: 108.808482 | r:    -1.000000 | e:   0.956387 | Q:   0.971097 | won: True 
#  411 | steps: 12664 | steps_t: 52361 | t: 108.931724 | r:    -1.000000 | e:   0.956366 | Q:   0.971097 | won: True 
#  412 | steps: 12692 | steps_t: 52389 | t: 109.231479 | r:    -1.000000 | e:   0.956342 | Q:   0.971097 | won: True 
#  413 | steps: 12706 | steps_t: 52403 | t: 109.474945 | r:     1.000000 | e:   0.956331 | Q:   0.971097 | won: True 
#  414 | steps: 12720 | steps_t: 52417 | t: 109.633607 | r:     1.000000 | e:   0.956319 | Q:   0.971097 | won: True 
#  415 | steps: 12728 | steps_t: 52425 | t: 109.758001 | r:     1.000000 | e:   0.956313 | Q:   0.971097 | won: True 
#  416 | steps: 12737 | steps_t: 52434 | t: 109.884494 | r:    -1.000000 | e:   0.956305 | Q:   0.971097 | won: True 
#  417 | steps: 12773 | steps_t: 52470 | t: 110.139059 | r:    -1.000000 | e:   0.956275 | Q:   0.971097 | won: True 
#  418 | steps: 12783 | steps_t: 52480 | t: 110.272702 | r:     1.000000 | e:   0.956267 | Q:   0.971097 | won: True 
#  419 | steps: 12840 | steps_t: 52537 | t: 110.621303 | r:    -1.000000 | e:   0.956219 | Q:   0.971097 | won: True 
#  420 | steps: 12856 | steps_t: 52553 | t: 110.877221 | r:     1.000000 | e:   0.956206 | Q:   0.971097 | won: True 
#  421 | steps: 12894 | steps_t: 52591 | t: 111.314045 | r:    -1.000000 | e:   0.956174 | Q:   0.971097 | won: True 
#  422 | steps: 12908 | steps_t: 52605 | t: 111.376913 | r:     1.000000 | e:   0.956163 | Q:   0.971097 | won: True 
#  423 | steps: 12938 | steps_t: 52635 | t: 111.861061 | r:     1.000000 | e:   0.956137 | Q:   0.971097 | won: True 
#  424 | steps: 12951 | steps_t: 52648 | t: 111.921709 | r:     1.000000 | e:   0.956127 | Q:   0.971097 | won: True 
#  425 | steps: 13015 | steps_t: 52712 | t: 112.552089 | r:    -1.000000 | e:   0.956073 | Q:   0.971097 | won: True 
#  426 | steps: 13025 | steps_t: 52722 | t: 112.600057 | r:    -1.000000 | e:   0.956065 | Q:   0.971097 | won: True 
#  427 | steps: 13049 | steps_t: 52746 | t: 112.705162 | r:    -1.000000 | e:   0.956045 | Q:   0.971097 | won: True 
#  428 | steps: 13060 | steps_t: 52757 | t: 112.836981 | r:     1.000000 | e:   0.956036 | Q:   0.971097 | won: True 
#  429 | steps: 13080 | steps_t: 52777 | t: 113.103958 | r:     1.000000 | e:   0.956019 | Q:   0.971097 | won: True 
#  430 | steps: 13125 | steps_t: 52822 | t: 113.650412 | r:    -1.000000 | e:   0.955982 | Q:   0.971097 | won: True 
#  431 | steps: 13175 | steps_t: 52872 | t: 114.134909 | r:     1.000000 | e:   0.955940 | Q:   0.971097 | won: True 
#  432 | steps: 13192 | steps_t: 52889 | t: 114.295250 | r:    -1.000000 | e:   0.955926 | Q:   0.971097 | won: True 
#  433 | steps: 13212 | steps_t: 52909 | t: 114.387606 | r:     1.000000 | e:   0.955909 | Q:   0.971097 | won: True 
#  434 | steps: 13217 | steps_t: 52914 | t: 114.408830 | r:    -1.000000 | e:   0.955905 | Q:   0.971097 | won: True 
#  435 | steps: 13226 | steps_t: 52923 | t: 114.624197 | r:    -1.000000 | e:   0.955897 | Q:   0.971097 | won: True 
#  436 | steps: 13239 | steps_t: 52936 | t: 114.684843 | r:    -1.000000 | e:   0.955887 | Q:   0.971097 | won: True 
#  437 | steps: 13260 | steps_t: 52957 | t: 114.775560 | r:     1.000000 | e:   0.955869 | Q:   0.971097 | won: True 
#  438 | steps: 13266 | steps_t: 52963 | t: 114.803347 | r:    -1.000000 | e:   0.955864 | Q:   0.971097 | won: True 
#  439 | steps: 13278 | steps_t: 52975 | t: 114.948628 | r:    -1.000000 | e:   0.955854 | Q:   0.971097 | won: True 
#  440 | steps: 13331 | steps_t: 53028 | t: 115.277099 | r:    -1.000000 | e:   0.955810 | Q:   0.971097 | won: True 
#  441 | steps: 13347 | steps_t: 53044 | t: 115.438878 | r:     1.000000 | e:   0.955797 | Q:   0.971097 | won: True 
#  442 | steps: 13357 | steps_t: 53054 | t: 115.654161 | r:     1.000000 | e:   0.955788 | Q:   0.971097 | won: True 
#  443 | steps: 13369 | steps_t: 53066 | t: 115.797599 | r:     1.000000 | e:   0.955778 | Q:   0.971097 | won: True 
#  444 | steps: 13422 | steps_t: 53119 | t: 116.132570 | r:    -1.000000 | e:   0.955734 | Q:   0.971097 | won: True 
#  445 | steps: 13463 | steps_t: 53160 | t: 116.663977 | r:     1.000000 | e:   0.955700 | Q:   0.971097 | won: True 
#  446 | steps: 13471 | steps_t: 53168 | t: 116.701377 | r:     1.000000 | e:   0.955693 | Q:   0.971097 | won: True 
#  447 | steps: 13510 | steps_t: 53207 | t: 116.972959 | r:     1.000000 | e:   0.955661 | Q:   0.971097 | won: True 
#  448 | steps: 13585 | steps_t: 53282 | t: 117.651544 | r:     1.000000 | e:   0.955598 | Q:   0.971097 | won: True 
#  449 | steps: 13593 | steps_t: 53290 | t: 117.688998 | r:    -1.000000 | e:   0.955592 | Q:   0.971097 | won: True 
#  450 | steps: 13627 | steps_t: 53324 | t: 117.931612 | r:     1.000000 | e:   0.955563 | Q:   0.971097 | won: True 
#  451 | steps: 13650 | steps_t: 53347 | t: 118.385496 | r:     1.000000 | e:   0.955544 | Q:   0.971097 | won: True 
#  452 | steps: 13663 | steps_t: 53360 | t: 118.441240 | r:     1.000000 | e:   0.955533 | Q:   0.971097 | won: True 
#  453 | steps: 13681 | steps_t: 53378 | t: 118.608361 | r:    -1.000000 | e:   0.955518 | Q:   0.971097 | won: True 
#  454 | steps: 13702 | steps_t: 53399 | t: 118.712082 | r:    -1.000000 | e:   0.955501 | Q:   0.971097 | won: True 
#  455 | steps: 13721 | steps_t: 53418 | t: 118.796859 | r:     1.000000 | e:   0.955485 | Q:   0.971097 | won: True 
#  456 | steps: 13741 | steps_t: 53438 | t: 118.972892 | r:     1.000000 | e:   0.955468 | Q:   0.971097 | won: True 
#  457 | steps: 13776 | steps_t: 53473 | t: 119.155319 | r:     1.000000 | e:   0.955439 | Q:   0.971097 | won: True 
#  458 | steps: 13800 | steps_t: 53497 | t: 119.267751 | r:     1.000000 | e:   0.955419 | Q:   0.971097 | won: True 
#  459 | steps: 13838 | steps_t: 53535 | t: 119.792359 | r:     1.000000 | e:   0.955388 | Q:   0.971097 | won: True 
#  460 | steps: 13864 | steps_t: 53561 | t: 120.000174 | r:     1.000000 | e:   0.955366 | Q:   0.971097 | won: True 
#  461 | steps: 13904 | steps_t: 53601 | t: 120.286018 | r:    -1.000000 | e:   0.955333 | Q:   0.971097 | won: True 
#  462 | steps: 13923 | steps_t: 53620 | t: 120.550361 | r:     1.000000 | e:   0.955317 | Q:   0.971097 | won: True 
#  463 | steps: 13953 | steps_t: 53650 | t: 120.773733 | r:     1.000000 | e:   0.955292 | Q:   0.971097 | won: True 
#  464 | steps: 14024 | steps_t: 53721 | t: 121.708306 | r:    -1.000000 | e:   0.955233 | Q:   0.971097 | won: True 
#  465 | steps: 14082 | steps_t: 53779 | t: 122.585050 | r:     1.000000 | e:   0.955184 | Q:   0.971097 | won: True 
#  466 | steps: 14150 | steps_t: 53847 | t: 123.068291 | r:     1.000000 | e:   0.955128 | Q:   0.971097 | won: True 
#  467 | steps: 14194 | steps_t: 53891 | t: 123.547197 | r:     1.000000 | e:   0.955091 | Q:   0.971097 | won: True 
#  468 | steps: 14222 | steps_t: 53919 | t: 124.037337 | r:    -1.000000 | e:   0.955067 | Q:   0.971097 | won: True 
#  469 | steps: 14243 | steps_t: 53940 | t: 124.142846 | r:     1.000000 | e:   0.955050 | Q:   0.971097 | won: True 
#  470 | steps: 14281 | steps_t: 53978 | t: 124.428523 | r:    -1.000000 | e:   0.955018 | Q:   0.971097 | won: True 
#  471 | steps: 14302 | steps_t: 53999 | t: 124.700239 | r:    -1.000000 | e:   0.955001 | Q:   0.971097 | won: True 
#  472 | steps: 14347 | steps_t: 54044 | t: 124.996961 | r:     1.000000 | e:   0.954963 | Q:   0.971097 | won: True 
#  473 | steps: 14354 | steps_t: 54051 | t: 125.290338 | r:    -1.000000 | e:   0.954958 | Q:   0.971097 | won: True 
#  474 | steps: 14388 | steps_t: 54085 | t: 125.712608 | r:    -1.000000 | e:   0.954929 | Q:   0.971097 | won: True 
#  475 | steps: 14402 | steps_t: 54099 | t: 125.779351 | r:    -1.000000 | e:   0.954917 | Q:   0.971097 | won: True 
#  476 | steps: 14475 | steps_t: 54172 | t: 126.459996 | r:    -1.000000 | e:   0.954857 | Q:   0.971097 | won: True 
#  477 | steps: 14636 | steps_t: 54333 | t: 127.629102 | r:     1.000000 | e:   0.954723 | Q:   0.971097 | won: True 
#  478 | steps: 14770 | steps_t: 54467 | t: 128.499283 | r:     1.000000 | e:   0.954611 | Q:   0.971097 | won: True 
#  479 | steps: 14849 | steps_t: 54546 | t: 129.120644 | r:     1.000000 | e:   0.954545 | Q:   0.971097 | won: True 
#  480 | steps: 14884 | steps_t: 54581 | t: 129.627617 | r:     1.000000 | e:   0.954516 | Q:   0.971097 | won: True 
#  481 | steps: 14924 | steps_t: 54621 | t: 129.811884 | r:    -1.000000 | e:   0.954483 | Q:   0.971097 | won: True 
#  482 | steps: 14956 | steps_t: 54653 | t: 129.963130 | r:    -1.000000 | e:   0.954456 | Q:   0.971097 | won: True 
#  483 | steps: 14967 | steps_t: 54664 | t: 130.015325 | r:    -1.000000 | e:   0.954447 | Q:   0.971097 | won: True 
#  484 | steps: 14987 | steps_t: 54684 | t: 130.198050 | r:    -1.000000 | e:   0.954430 | Q:   0.971097 | won: True 
#  485 | steps: 15033 | steps_t: 54730 | t: 130.757189 | r:     1.000000 | e:   0.954392 | Q:   0.971097 | won: True 
#  486 | steps: 15064 | steps_t: 54761 | t: 130.985604 | r:     1.000000 | e:   0.954366 | Q:   0.971097 | won: True 
#  487 | steps: 15075 | steps_t: 54772 | t: 131.126633 | r:    -1.000000 | e:   0.954357 | Q:   0.971097 | won: True 
#  488 | steps: 15093 | steps_t: 54790 | t: 131.212496 | r:     1.000000 | e:   0.954342 | Q:   0.971097 | won: True 
#  489 | steps: 15125 | steps_t: 54822 | t: 131.966087 | r:    -1.000000 | e:   0.954315 | Q:   0.971097 | won: True 
#  490 | steps: 15168 | steps_t: 54865 | t: 132.251488 | r:    -1.000000 | e:   0.954279 | Q:   0.971097 | won: True 
#  491 | steps: 15189 | steps_t: 54886 | t: 132.349441 | r:    -1.000000 | e:   0.954262 | Q:   0.971097 | won: True 
#  492 | steps: 15212 | steps_t: 54909 | t: 132.544745 | r:     1.000000 | e:   0.954242 | Q:   0.971097 | won: True 
#  493 | steps: 15222 | steps_t: 54919 | t: 132.592277 | r:    -1.000000 | e:   0.954234 | Q:   0.971097 | won: True 
#  494 | steps: 15234 | steps_t: 54931 | t: 132.737470 | r:    -1.000000 | e:   0.954224 | Q:   0.971097 | won: True 
#  495 | steps: 15242 | steps_t: 54939 | t: 132.776086 | r:     1.000000 | e:   0.954218 | Q:   0.971097 | won: True 
#  496 | steps: 15324 | steps_t: 55021 | t: 133.844522 | r:    -1.000000 | e:   0.954149 | Q:   0.971097 | won: True 
#  497 | steps: 15355 | steps_t: 55052 | t: 133.989194 | r:     1.000000 | e:   0.954123 | Q:   0.971097 | won: True 
#  498 | steps: 15366 | steps_t: 55063 | t: 134.038907 | r:    -1.000000 | e:   0.954114 | Q:   0.971097 | won: True 
#  499 | steps: 15388 | steps_t: 55085 | t: 134.222539 | r:     1.000000 | e:   0.954096 | Q:   0.971097 | won: True 
#  500 | steps: 15403 | steps_t: 55100 | t: 134.461969 | r:     1.000000 | e:   0.954083 | Q:   0.971097 | won: True 
#  501 | steps: 15410 | steps_t: 55107 | t: 134.493528 | r:    -1.000000 | e:   0.954078 | Q:   0.971097 | won: True 
#  502 | steps: 15421 | steps_t: 55118 | t: 134.545397 | r:     1.000000 | e:   0.954068 | Q:   0.971097 | won: True 
#  503 | steps: 15427 | steps_t: 55124 | t: 134.660342 | r:     1.000000 | e:   0.954063 | Q:   0.971097 | won: True 
#  504 | steps: 15450 | steps_t: 55147 | t: 134.762795 | r:    -1.000000 | e:   0.954044 | Q:   0.971097 | won: True 
#  505 | steps: 15463 | steps_t: 55160 | t: 134.822133 | r:    -1.000000 | e:   0.954033 | Q:   0.971097 | won: True 
#  506 | steps: 15478 | steps_t: 55175 | t: 134.979658 | r:    -1.000000 | e:   0.954021 | Q:   0.971097 | won: True 
#  507 | steps: 15549 | steps_t: 55246 | t: 135.637941 | r:    -1.000000 | e:   0.953962 | Q:   0.971097 | won: True 
#  508 | steps: 15563 | steps_t: 55260 | t: 135.701249 | r:    -1.000000 | e:   0.953950 | Q:   0.971097 | won: True 
#  509 | steps: 15582 | steps_t: 55279 | t: 135.785073 | r:     1.000000 | e:   0.953934 | Q:   0.971097 | won: True 
#  510 | steps: 15600 | steps_t: 55297 | t: 135.948134 | r:    -1.000000 | e:   0.953919 | Q:   0.971097 | won: True 
#  511 | steps: 15621 | steps_t: 55318 | t: 136.041013 | r:    -1.000000 | e:   0.953902 | Q:   0.971097 | won: True 
#  512 | steps: 15632 | steps_t: 55329 | t: 136.177273 | r:     1.000000 | e:   0.953893 | Q:   0.971097 | won: True 
#  513 | steps: 15699 | steps_t: 55396 | t: 136.650899 | r:    -1.000000 | e:   0.953837 | Q:   0.971097 | won: True 
#  514 | steps: 15704 | steps_t: 55401 | t: 136.673422 | r:    -1.000000 | e:   0.953832 | Q:   0.971097 | won: True 
#  515 | steps: 15712 | steps_t: 55409 | t: 136.796785 | r:    -1.000000 | e:   0.953826 | Q:   0.971097 | won: True 
#  516 | steps: 15767 | steps_t: 55464 | t: 137.044358 | r:    -1.000000 | e:   0.953780 | Q:   0.971097 | won: True 
#  517 | steps: 15808 | steps_t: 55505 | t: 137.307852 | r:     1.000000 | e:   0.953746 | Q:   0.971097 | won: True 
#  518 | steps: 15815 | steps_t: 55512 | t: 137.338483 | r:    -1.000000 | e:   0.953740 | Q:   0.971097 | won: True 
#  519 | steps: 15832 | steps_t: 55529 | t: 137.499166 | r:     1.000000 | e:   0.953726 | Q:   0.971097 | won: True 
#  520 | steps: 15889 | steps_t: 55586 | t: 137.837336 | r:    -1.000000 | e:   0.953678 | Q:   0.971097 | won: True 
#  521 | steps: 15941 | steps_t: 55638 | t: 138.330670 | r:     1.000000 | e:   0.953635 | Q:   0.971097 | won: True 
#  522 | steps: 15946 | steps_t: 55643 | t: 138.437679 | r:    -1.000000 | e:   0.953631 | Q:   0.971097 | won: True 
#  523 | steps: 15964 | steps_t: 55661 | t: 138.517255 | r:    -1.000000 | e:   0.953616 | Q:   0.971097 | won: True 
#  524 | steps: 15981 | steps_t: 55678 | t: 138.768011 | r:     1.000000 | e:   0.953602 | Q:   0.971097 | won: True 
#  525 | steps: 16001 | steps_t: 55698 | t: 138.852877 | r:    -1.000000 | e:   0.953585 | Q:   0.971097 | won: True 
#  526 | steps: 16010 | steps_t: 55707 | t: 138.981751 | r:    -1.000000 | e:   0.953577 | Q:   0.971097 | won: True 
#  527 | steps: 16076 | steps_t: 55773 | t: 139.790209 | r:    -1.000000 | e:   0.953523 | Q:   0.971097 | won: True 
#  528 | steps: 16108 | steps_t: 55805 | t: 139.930939 | r:     1.000000 | e:   0.953496 | Q:   0.971097 | won: True 
#  529 | steps: 16123 | steps_t: 55820 | t: 140.079714 | r:    -1.000000 | e:   0.953483 | Q:   0.971097 | won: True 
#  530 | steps: 16135 | steps_t: 55832 | t: 140.132895 | r:    -1.000000 | e:   0.953473 | Q:   0.971097 | won: True 
#  531 | steps: 16216 | steps_t: 55913 | t: 141.178457 | r:     1.000000 | e:   0.953406 | Q:   0.971097 | won: True 
#  532 | steps: 16230 | steps_t: 55927 | t: 141.332018 | r:    -1.000000 | e:   0.953394 | Q:   0.971097 | won: True 
#  533 | steps: 16270 | steps_t: 55967 | t: 141.680778 | r:    -1.000000 | e:   0.953361 | Q:   0.971097 | won: True 
#  534 | steps: 16323 | steps_t: 56020 | t: 142.166162 | r:    -1.000000 | e:   0.953317 | Q:   0.971097 | won: True 
#  535 | steps: 16350 | steps_t: 56047 | t: 142.375624 | r:    -1.000000 | e:   0.953294 | Q:   0.971097 | won: True 
#  536 | steps: 16378 | steps_t: 56075 | t: 142.494313 | r:     1.000000 | e:   0.953271 | Q:   0.971097 | won: True 
#  537 | steps: 16392 | steps_t: 56089 | t: 142.639906 | r:    -1.000000 | e:   0.953259 | Q:   0.971097 | won: True 
#  538 | steps: 16411 | steps_t: 56108 | t: 142.805023 | r:     1.000000 | e:   0.953243 | Q:   0.971097 | won: True 
#  539 | steps: 16441 | steps_t: 56138 | t: 142.932533 | r:     1.000000 | e:   0.953218 | Q:   0.988126 | won: True 
#  540 | steps: 16461 | steps_t: 56158 | t: 143.098126 | r:     1.000000 | e:   0.953202 | Q:   0.988126 | won: True 
#  541 | steps: 16482 | steps_t: 56179 | t: 143.181164 | r:    -1.000000 | e:   0.953184 | Q:   0.988126 | won: True 
#  542 | steps: 16492 | steps_t: 56189 | t: 143.223247 | r:    -1.000000 | e:   0.953176 | Q:   0.988126 | won: True 
#  543 | steps: 16521 | steps_t: 56218 | t: 143.351285 | r:     1.000000 | e:   0.953152 | Q:   0.988126 | won: True 
#  544 | steps: 16546 | steps_t: 56243 | t: 143.454251 | r:     1.000000 | e:   0.953131 | Q:   0.988126 | won: True 
#  545 | steps: 16601 | steps_t: 56298 | t: 143.773998 | r:     1.000000 | e:   0.953085 | Q:   0.988126 | won: True 
#  546 | steps: 16611 | steps_t: 56308 | t: 143.903187 | r:     1.000000 | e:   0.953077 | Q:   0.988126 | won: True 
#  547 | steps: 16703 | steps_t: 56400 | t: 144.545843 | r:    -1.000000 | e:   0.953000 | Q:   0.988126 | won: True 
#  548 | steps: 16716 | steps_t: 56413 | t: 144.685920 | r:    -1.000000 | e:   0.952989 | Q:   0.988126 | won: True 
#  549 | steps: 16770 | steps_t: 56467 | t: 145.173608 | r:     1.000000 | e:   0.952944 | Q:   0.988126 | won: True 
#  550 | steps: 16779 | steps_t: 56476 | t: 145.210202 | r:    -1.000000 | e:   0.952937 | Q:   0.988126 | won: True 
#  551 | steps: 16797 | steps_t: 56494 | t: 145.463864 | r:     1.000000 | e:   0.952922 | Q:   0.988126 | won: True 
#  552 | steps: 16815 | steps_t: 56512 | t: 145.712951 | r:    -1.000000 | e:   0.952907 | Q:   0.988126 | won: True 
#  553 | steps: 16827 | steps_t: 56524 | t: 145.851799 | r:    -1.000000 | e:   0.952897 | Q:   0.988126 | won: True 
#  554 | steps: 16848 | steps_t: 56545 | t: 146.124016 | r:    -1.000000 | e:   0.952879 | Q:   0.988126 | won: True 
#  555 | steps: 16855 | steps_t: 56552 | t: 146.155589 | r:    -1.000000 | e:   0.952873 | Q:   0.988126 | won: True 
#  556 | steps: 16869 | steps_t: 56566 | t: 146.393228 | r:    -1.000000 | e:   0.952862 | Q:   0.988126 | won: True 
#  557 | steps: 16892 | steps_t: 56589 | t: 146.580489 | r:    -1.000000 | e:   0.952843 | Q:   0.988126 | won: True 
#  558 | steps: 16982 | steps_t: 56679 | t: 147.411258 | r:     1.000000 | e:   0.952767 | Q:   0.988126 | won: True 
#  559 | steps: 17024 | steps_t: 56721 | t: 147.856966 | r:    -1.000000 | e:   0.952732 | Q:   0.988126 | won: True 
#  560 | steps: 17077 | steps_t: 56774 | t: 148.559483 | r:    -1.000000 | e:   0.952688 | Q:   0.988126 | won: True 
#  561 | steps: 17129 | steps_t: 56826 | t: 148.967220 | r:    -1.000000 | e:   0.952645 | Q:   0.988126 | won: True 
#  562 | steps: 17147 | steps_t: 56844 | t: 149.134626 | r:    -1.000000 | e:   0.952630 | Q:   0.988126 | won: True 
#  563 | steps: 17162 | steps_t: 56859 | t: 149.464191 | r:     1.000000 | e:   0.952618 | Q:   0.988126 | won: True 
#  564 | steps: 17183 | steps_t: 56880 | t: 149.561885 | r:    -1.000000 | e:   0.952600 | Q:   0.988126 | won: True 
#  565 | steps: 17200 | steps_t: 56897 | t: 149.631022 | r:     1.000000 | e:   0.952586 | Q:   0.988126 | won: True 
#  566 | steps: 17222 | steps_t: 56919 | t: 149.808220 | r:    -1.000000 | e:   0.952568 | Q:   0.988126 | won: True 
#  567 | steps: 17320 | steps_t: 57017 | t: 150.589590 | r:    -1.000000 | e:   0.952486 | Q:   0.988126 | won: True 
#  568 | steps: 17424 | steps_t: 57121 | t: 151.306209 | r:    -1.000000 | e:   0.952399 | Q:   0.988126 | won: True 
#  569 | steps: 17438 | steps_t: 57135 | t: 151.475143 | r:    -1.000000 | e:   0.952387 | Q:   0.988126 | won: True 
#  570 | steps: 17450 | steps_t: 57147 | t: 151.577784 | r:    -1.000000 | e:   0.952377 | Q:   0.988126 | won: True 
#  571 | steps: 17495 | steps_t: 57192 | t: 152.363771 | r:     1.000000 | e:   0.952340 | Q:   0.988126 | won: True 
#  572 | steps: 17504 | steps_t: 57201 | t: 152.422308 | r:    -1.000000 | e:   0.952333 | Q:   0.988126 | won: True 
#  573 | steps: 17509 | steps_t: 57206 | t: 152.553344 | r:    -1.000000 | e:   0.952328 | Q:   0.988126 | won: True 
#  574 | steps: 17533 | steps_t: 57230 | t: 152.723196 | r:     1.000000 | e:   0.952308 | Q:   0.988126 | won: True 
#  575 | steps: 17562 | steps_t: 57259 | t: 153.288787 | r:    -1.000000 | e:   0.952284 | Q:   0.988126 | won: True 
#  576 | steps: 17590 | steps_t: 57287 | t: 154.126446 | r:     1.000000 | e:   0.952261 | Q:   0.988126 | won: True 
#  577 | steps: 17607 | steps_t: 57304 | t: 154.408806 | r:     1.000000 | e:   0.952247 | Q:   0.988126 | won: True 
#  578 | steps: 17622 | steps_t: 57319 | t: 154.850686 | r:    -1.000000 | e:   0.952234 | Q:   0.988126 | won: True 
#  579 | steps: 17654 | steps_t: 57351 | t: 155.301570 | r:    -1.000000 | e:   0.952207 | Q:   0.988126 | won: True 
#  580 | steps: 17681 | steps_t: 57378 | t: 155.868434 | r:    -1.000000 | e:   0.952185 | Q:   0.988126 | won: True 
#  581 | steps: 17691 | steps_t: 57388 | t: 155.984183 | r:     1.000000 | e:   0.952177 | Q:   0.988126 | won: True 
#  582 | steps: 17722 | steps_t: 57419 | t: 157.003682 | r:    -1.000000 | e:   0.952151 | Q:   0.988126 | won: True 
#  583 | steps: 17800 | steps_t: 57497 | t: 159.908006 | r:     1.000000 | e:   0.952086 | Q:   0.988126 | won: True 
#  584 | steps: 17822 | steps_t: 57519 | t: 160.969971 | r:    -1.000000 | e:   0.952067 | Q:   0.988126 | won: True 
#  585 | steps: 17837 | steps_t: 57534 | t: 161.277639 | r:    -1.000000 | e:   0.952055 | Q:   0.988126 | won: True 
#  586 | steps: 17846 | steps_t: 57543 | t: 161.469081 | r:     1.000000 | e:   0.952048 | Q:   0.988126 | won: True 
#  587 | steps: 17858 | steps_t: 57555 | t: 161.705227 | r:     1.000000 | e:   0.952037 | Q:   0.988126 | won: True 
#  588 | steps: 17891 | steps_t: 57588 | t: 163.076474 | r:    -1.000000 | e:   0.952010 | Q:   0.988126 | won: True 
#  589 | steps: 17922 | steps_t: 57619 | t: 163.740996 | r:     1.000000 | e:   0.951984 | Q:   0.988126 | won: True 
#  590 | steps: 17947 | steps_t: 57644 | t: 164.383270 | r:    -1.000000 | e:   0.951963 | Q:   0.988126 | won: True 
#  591 | steps: 17965 | steps_t: 57662 | t: 165.040806 | r:    -1.000000 | e:   0.951948 | Q:   0.988126 | won: True 
#  592 | steps: 17985 | steps_t: 57682 | t: 165.313173 | r:    -1.000000 | e:   0.951932 | Q:   0.988126 | won: True 
#  593 | steps: 18000 | steps_t: 57697 | t: 165.514544 | r:     1.000000 | e:   0.951919 | Q:   0.988126 | won: True 
#  594 | steps: 18016 | steps_t: 57713 | t: 165.961452 | r:    -1.000000 | e:   0.951906 | Q:   0.988126 | won: True 
#  595 | steps: 18038 | steps_t: 57735 | t: 166.546542 | r:    -1.000000 | e:   0.951887 | Q:   0.988126 | won: True 
#  596 | steps: 18046 | steps_t: 57743 | t: 166.632901 | r:    -1.000000 | e:   0.951881 | Q:   0.988126 | won: True 
#  597 | steps: 18069 | steps_t: 57766 | t: 166.868332 | r:    -1.000000 | e:   0.951862 | Q:   0.988126 | won: True 
#  598 | steps: 18095 | steps_t: 57792 | t: 167.399017 | r:     1.000000 | e:   0.951840 | Q:   0.988126 | won: True 
#  599 | steps: 18124 | steps_t: 57821 | t: 167.657117 | r:    -1.000000 | e:   0.951816 | Q:   0.988126 | won: True 
#  600 | steps: 18152 | steps_t: 57849 | t: 167.874471 | r:    -1.000000 | e:   0.951793 | Q:   0.988126 | won: True 
#  601 | steps: 18161 | steps_t: 57858 | t: 167.974245 | r:    -1.000000 | e:   0.951785 | Q:   0.988126 | won: True 
#  602 | steps: 18172 | steps_t: 57869 | t: 168.176850 | r:     1.000000 | e:   0.951776 | Q:   0.988126 | won: True 
#  603 | steps: 18225 | steps_t: 57922 | t: 169.054156 | r:    -1.000000 | e:   0.951732 | Q:   0.988126 | won: True 
#  604 | steps: 18237 | steps_t: 57934 | t: 169.350079 | r:    -1.000000 | e:   0.951722 | Q:   0.988126 | won: True 
#  605 | steps: 18267 | steps_t: 57964 | t: 169.665823 | r:     1.000000 | e:   0.951697 | Q:   0.988126 | won: True 
#  606 | steps: 18298 | steps_t: 57995 | t: 169.977149 | r:    -1.000000 | e:   0.951671 | Q:   0.988126 | won: True 
#  607 | steps: 18311 | steps_t: 58008 | t: 170.174764 | r:    -1.000000 | e:   0.951660 | Q:   0.988126 | won: True 
#  608 | steps: 18399 | steps_t: 58096 | t: 171.323961 | r:    -1.000000 | e:   0.951587 | Q:   0.988126 | won: True 
#  609 | steps: 18413 | steps_t: 58110 | t: 171.408605 | r:    -1.000000 | e:   0.951575 | Q:   0.988126 | won: True 
#  610 | steps: 18432 | steps_t: 58129 | t: 171.522512 | r:     1.000000 | e:   0.951559 | Q:   0.988126 | won: True 
#  611 | steps: 18455 | steps_t: 58152 | t: 171.861233 | r:    -1.000000 | e:   0.951540 | Q:   0.988126 | won: True 
#  612 | steps: 18469 | steps_t: 58166 | t: 171.944503 | r:    -1.000000 | e:   0.951528 | Q:   0.988126 | won: True 
#  613 | steps: 18568 | steps_t: 58265 | t: 172.976967 | r:    -1.000000 | e:   0.951446 | Q:   0.988126 | won: True 
#  614 | steps: 18590 | steps_t: 58287 | t: 173.291249 | r:     1.000000 | e:   0.951427 | Q:   0.988126 | won: True 
#  615 | steps: 18616 | steps_t: 58313 | t: 173.537223 | r:    -1.000000 | e:   0.951406 | Q:   0.988126 | won: True 
#  616 | steps: 18686 | steps_t: 58383 | t: 174.202712 | r:    -1.000000 | e:   0.951348 | Q:   0.988126 | won: True 
#  617 | steps: 18712 | steps_t: 58409 | t: 174.341685 | r:    -1.000000 | e:   0.951326 | Q:   0.988126 | won: True 
#  618 | steps: 18722 | steps_t: 58419 | t: 174.397654 | r:     1.000000 | e:   0.951318 | Q:   0.988126 | won: True 
#  619 | steps: 18759 | steps_t: 58456 | t: 174.694884 | r:     1.000000 | e:   0.951287 | Q:   0.988126 | won: True 
#  620 | steps: 18783 | steps_t: 58480 | t: 174.913573 | r:     1.000000 | e:   0.951267 | Q:   0.988126 | won: True 
#  621 | steps: 18802 | steps_t: 58499 | t: 175.196954 | r:    -1.000000 | e:   0.951251 | Q:   0.988126 | won: True 
#  622 | steps: 18837 | steps_t: 58534 | t: 175.470579 | r:     1.000000 | e:   0.951222 | Q:   0.988126 | won: True 
#  623 | steps: 18842 | steps_t: 58539 | t: 175.589300 | r:    -1.000000 | e:   0.951218 | Q:   0.988126 | won: True 
#  624 | steps: 18891 | steps_t: 58588 | t: 176.111987 | r:     1.000000 | e:   0.951177 | Q:   0.988126 | won: True 
#  625 | steps: 18899 | steps_t: 58596 | t: 176.153083 | r:    -1.000000 | e:   0.951170 | Q:   0.988126 | won: True 
#  626 | steps: 18913 | steps_t: 58610 | t: 176.226185 | r:    -1.000000 | e:   0.951158 | Q:   0.988126 | won: True 
#  627 | steps: 18955 | steps_t: 58652 | t: 176.628336 | r:    -1.000000 | e:   0.951123 | Q:   0.988126 | won: True 
#  628 | steps: 18977 | steps_t: 58674 | t: 176.835430 | r:    -1.000000 | e:   0.951105 | Q:   0.988126 | won: True 
#  629 | steps: 18999 | steps_t: 58696 | t: 177.043299 | r:    -1.000000 | e:   0.951087 | Q:   0.988126 | won: True 
#  630 | steps: 19018 | steps_t: 58715 | t: 177.236192 | r:     1.000000 | e:   0.951071 | Q:   0.988126 | won: True 
#  631 | steps: 19055 | steps_t: 58752 | t: 177.524758 | r:    -1.000000 | e:   0.951040 | Q:   0.988126 | won: True 
#  632 | steps: 19111 | steps_t: 58808 | t: 178.173588 | r:     1.000000 | e:   0.950993 | Q:   0.988126 | won: True 
#  633 | steps: 19154 | steps_t: 58851 | t: 178.965653 | r:    -1.000000 | e:   0.950958 | Q:   0.988126 | won: True 
#  634 | steps: 19169 | steps_t: 58866 | t: 179.047976 | r:     1.000000 | e:   0.950945 | Q:   0.988126 | won: True 
#  635 | steps: 19188 | steps_t: 58885 | t: 179.330148 | r:     1.000000 | e:   0.950929 | Q:   0.988126 | won: True 
#  636 | steps: 19207 | steps_t: 58904 | t: 179.614095 | r:    -1.000000 | e:   0.950913 | Q:   0.988126 | won: True 
#  637 | steps: 19232 | steps_t: 58929 | t: 179.840583 | r:    -1.000000 | e:   0.950893 | Q:   0.988126 | won: True 
#  638 | steps: 19250 | steps_t: 58947 | t: 180.022212 | r:     1.000000 | e:   0.950878 | Q:   0.988126 | won: True 
#  639 | steps: 19263 | steps_t: 58960 | t: 180.183887 | r:     1.000000 | e:   0.950867 | Q:   0.988126 | won: True 
#  640 | steps: 19275 | steps_t: 58972 | t: 180.243964 | r:     1.000000 | e:   0.950857 | Q:   0.988126 | won: True 
#  641 | steps: 19299 | steps_t: 58996 | t: 180.552608 | r:     1.000000 | e:   0.950837 | Q:   0.988126 | won: True 
#  642 | steps: 19333 | steps_t: 59030 | t: 180.918654 | r:     1.000000 | e:   0.950808 | Q:   0.988126 | won: True 
#  643 | steps: 19349 | steps_t: 59046 | t: 181.089623 | r:     1.000000 | e:   0.950795 | Q:   0.988126 | won: True 
#  644 | steps: 19361 | steps_t: 59058 | t: 181.156210 | r:    -1.000000 | e:   0.950785 | Q:   0.988126 | won: True 
#  645 | steps: 19386 | steps_t: 59083 | t: 181.379804 | r:     1.000000 | e:   0.950764 | Q:   0.988126 | won: True 
#  646 | steps: 19392 | steps_t: 59089 | t: 181.415387 | r:     1.000000 | e:   0.950759 | Q:   0.988126 | won: True 
#  647 | steps: 19426 | steps_t: 59123 | t: 181.687582 | r:     1.000000 | e:   0.950731 | Q:   0.988126 | won: True 
#  648 | steps: 19510 | steps_t: 59207 | t: 183.014106 | r:    -1.000000 | e:   0.950661 | Q:   0.988126 | won: True 
#  649 | steps: 19516 | steps_t: 59213 | t: 183.045923 | r:     1.000000 | e:   0.950656 | Q:   0.988126 | won: True 
#  650 | steps: 19539 | steps_t: 59236 | t: 183.161107 | r:     1.000000 | e:   0.950637 | Q:   0.988126 | won: True 
#  651 | steps: 19560 | steps_t: 59257 | t: 183.445754 | r:    -1.000000 | e:   0.950619 | Q:   0.988126 | won: True 
#  652 | steps: 19588 | steps_t: 59285 | t: 183.692688 | r:     1.000000 | e:   0.950596 | Q:   0.988126 | won: True 
#  653 | steps: 19606 | steps_t: 59303 | t: 183.795712 | r:    -1.000000 | e:   0.950581 | Q:   0.988126 | won: True 
#  654 | steps: 19665 | steps_t: 59362 | t: 184.263411 | r:    -1.000000 | e:   0.950532 | Q:   0.988126 | won: True 
#  655 | steps: 19697 | steps_t: 59394 | t: 184.687219 | r:     1.000000 | e:   0.950505 | Q:   0.988126 | won: True 
#  656 | steps: 19720 | steps_t: 59417 | t: 185.073768 | r:    -1.000000 | e:   0.950486 | Q:   0.988126 | won: True 
#  657 | steps: 19745 | steps_t: 59442 | t: 185.287405 | r:    -1.000000 | e:   0.950465 | Q:   0.988126 | won: True 
#  658 | steps: 19795 | steps_t: 59492 | t: 185.624282 | r:     1.000000 | e:   0.950423 | Q:   0.988126 | won: True 
#  659 | steps: 19817 | steps_t: 59514 | t: 185.825940 | r:    -1.000000 | e:   0.950405 | Q:   0.988126 | won: True 
#  660 | steps: 19822 | steps_t: 59519 | t: 185.853041 | r:    -1.000000 | e:   0.950401 | Q:   0.988126 | won: True 
#  661 | steps: 19856 | steps_t: 59553 | t: 186.018305 | r:     1.000000 | e:   0.950372 | Q:   0.988126 | won: True 
#  662 | steps: 19868 | steps_t: 59565 | t: 186.173925 | r:     1.000000 | e:   0.950362 | Q:   0.988126 | won: True 
#  663 | steps: 19905 | steps_t: 59602 | t: 186.456542 | r:     1.000000 | e:   0.950332 | Q:   0.988126 | won: True 
#  664 | steps: 19959 | steps_t: 59656 | t: 187.176870 | r:    -1.000000 | e:   0.950287 | Q:   0.988126 | won: True 
#  665 | steps: 20001 | steps_t: 59698 | t: 187.935555 | r:     1.000000 | e:   0.950252 | Q:   0.988126 | won: True 
#  666 | steps: 20018 | steps_t: 59715 | t: 188.021983 | r:    -1.000000 | e:   0.950237 | Q:   0.988126 | won: True 
#  667 | steps: 20050 | steps_t: 59747 | t: 188.366961 | r:    -1.000000 | e:   0.950211 | Q:   0.988126 | won: True 
#  668 | steps: 20140 | steps_t: 59837 | t: 189.584030 | r:     1.000000 | e:   0.950136 | Q:   0.988126 | won: True 
#  669 | steps: 20166 | steps_t: 59863 | t: 189.735709 | r:    -1.000000 | e:   0.950114 | Q:   0.988126 | won: True 
#  670 | steps: 20203 | steps_t: 59900 | t: 190.019911 | r:    -1.000000 | e:   0.950083 | Q:   0.988126 | won: True 
#  671 | steps: 20233 | steps_t: 59930 | t: 190.272789 | r:     1.000000 | e:   0.950058 | Q:   0.988126 | won: True 
#  672 | steps: 20246 | steps_t: 59943 | t: 190.336940 | r:     1.000000 | e:   0.950048 | Q:   0.988126 | won: True 
