#    1 | steps:    86 | steps_t:     0 | t: 0.139133 | r:  -497.000000 | e:   1.000000 | Q:        nan | won: False 
#    2 | steps:   133 | steps_t:     0 | t: 0.211202 | r:  -480.000000 | e:   1.000000 | Q:        nan | won: False 
#    3 | steps:   235 | steps_t:     0 | t: 0.363849 | r:  -425.000000 | e:   1.000000 | Q:        nan | won: False 
#    4 | steps:   284 | steps_t:     0 | t: 0.438920 | r:  -482.000000 | e:   1.000000 | Q:        nan | won: False 
#    5 | steps:   301 | steps_t:     0 | t: 0.465947 | r:  -483.000000 | e:   1.000000 | Q:        nan | won: False 
#    6 | steps:   341 | steps_t:     0 | t: 0.527506 | r:  -473.000000 | e:   1.000000 | Q:        nan | won: False 
#    7 | steps:   364 | steps_t:     0 | t: 0.564541 | r:  -467.000000 | e:   1.000000 | Q:        nan | won: False 
#    8 | steps:   625 | steps_t:     0 | t: 0.956917 | r:  -357.000000 | e:   1.000000 | Q:        nan | won: False 
#    9 | steps:   660 | steps_t:     0 | t: 1.010969 | r:  -490.000000 | e:   1.000000 | Q:        nan | won: False 
#   10 | steps:   687 | steps_t:     0 | t: 1.053509 | r:  -449.000000 | e:   1.000000 | Q:        nan | won: False 
#   11 | steps:   714 | steps_t:     0 | t: 1.094549 | r:  -471.000000 | e:   1.000000 | Q:        nan | won: False 
#   12 | steps:   737 | steps_t:     0 | t: 1.130083 | r:  -500.000000 | e:   1.000000 | Q:        nan | won: False 
#   13 | steps:   826 | steps_t:     0 | t: 1.265213 | r:  -478.000000 | e:   1.000000 | Q:        nan | won: False 
#   14 | steps:   864 | steps_t:     0 | t: 1.324269 | r:  -504.000000 | e:   1.000000 | Q:        nan | won: False 
#   15 | steps:   925 | steps_t:     0 | t: 1.416357 | r:  -472.000000 | e:   1.000000 | Q:        nan | won: False 
#   16 | steps:   991 | steps_t:     0 | t: 1.516454 | r:  -455.000000 | e:   1.000000 | Q:        nan | won: False 
#   17 | steps:  1024 | steps_t:     0 | t: 1.569504 | r:  -488.000000 | e:   1.000000 | Q:        nan | won: False 
#   18 | steps:  1105 | steps_t:     0 | t: 1.690620 | r:  -503.000000 | e:   1.000000 | Q:        nan | won: False 
#   19 | steps:  1122 | steps_t:     0 | t: 1.717146 | r:  -494.000000 | e:   1.000000 | Q:        nan | won: False 
#   20 | steps:  1145 | steps_t:     0 | t: 1.755183 | r:  -500.000000 | e:   1.000000 | Q:        nan | won: False 
#   21 | steps:  1240 | steps_t:     0 | t: 1.897819 | r:  -473.000000 | e:   1.000000 | Q:        nan | won: False 
#   22 | steps:  1312 | steps_t:     0 | t: 2.057472 | r:  -439.000000 | e:   1.000000 | Q:        nan | won: False 
#   23 | steps:  1396 | steps_t:     0 | t: 2.183092 | r:  -495.000000 | e:   1.000000 | Q:        nan | won: False 
#   24 | steps:  1420 | steps_t:     0 | t: 2.220127 | r:  -446.000000 | e:   1.000000 | Q:        nan | won: False 
#   25 | steps:  1464 | steps_t:     0 | t: 2.288193 | r:  -499.000000 | e:   1.000000 | Q:        nan | won: False 
#   26 | steps:  1514 | steps_t:     0 | t: 2.364766 | r:  -516.000000 | e:   1.000000 | Q:        nan | won: False 
#   27 | steps:  1554 | steps_t:     0 | t: 2.425324 | r:  -473.000000 | e:   1.000000 | Q:        nan | won: False 
#   28 | steps:  1613 | steps_t:     0 | t: 2.517412 | r:  -481.000000 | e:   1.000000 | Q:        nan | won: False 
#   29 | steps:  1666 | steps_t:     0 | t: 2.599491 | r:  -475.000000 | e:   1.000000 | Q:        nan | won: False 
#   30 | steps:  1759 | steps_t:     0 | t: 2.741627 | r:  -460.000000 | e:   1.000000 | Q:        nan | won: False 
#   31 | steps:  1789 | steps_t:     0 | t: 2.794678 | r:  -496.000000 | e:   1.000000 | Q:        nan | won: False 
#   32 | steps:  1815 | steps_t:     0 | t: 2.836218 | r:  -415.000000 | e:   1.000000 | Q:        nan | won: False 
#   33 | steps:  1836 | steps_t:     0 | t: 2.875255 | r:  -498.000000 | e:   1.000000 | Q:        nan | won: False 
#   34 | steps:  1914 | steps_t:     0 | t: 3.007382 | r:  -324.000000 | e:   1.000000 | Q:        nan | won: False 
#   35 | steps:  2006 | steps_t:     0 | t: 3.148517 | r:  -327.000000 | e:   1.000000 | Q:        nan | won: False 
#   36 | steps:  2036 | steps_t:     0 | t: 3.195562 | r:  -474.000000 | e:   1.000000 | Q:        nan | won: False 
#   37 | steps:  2057 | steps_t:     0 | t: 3.228093 | r:  -487.000000 | e:   1.000000 | Q:        nan | won: False 
#   38 | steps:  2130 | steps_t:     0 | t: 3.341702 | r:  -374.000000 | e:   1.000000 | Q:        nan | won: False 
#   39 | steps:  2297 | steps_t:     0 | t: 3.591942 | r:  -380.000000 | e:   1.000000 | Q:        nan | won: False 
#   40 | steps:  2321 | steps_t:     0 | t: 3.629478 | r:  -468.000000 | e:   1.000000 | Q:        nan | won: False 
#   41 | steps:  2364 | steps_t:     0 | t: 3.695541 | r:  -465.000000 | e:   1.000000 | Q:        nan | won: False 
#   42 | steps:  2449 | steps_t:     0 | t: 3.825666 | r:  -529.000000 | e:   1.000000 | Q:        nan | won: False 
#   43 | steps:  2539 | steps_t:     0 | t: 3.964298 | r:  -457.000000 | e:   1.000000 | Q:        nan | won: False 
#   44 | steps:  2629 | steps_t:     0 | t: 4.101430 | r:  -523.000000 | e:   1.000000 | Q:        nan | won: False 
#   45 | steps:  2678 | steps_t:     0 | t: 4.176002 | r:  -493.000000 | e:   1.000000 | Q:        nan | won: False 
#   46 | steps:  2769 | steps_t:     0 | t: 4.314134 | r:  -447.000000 | e:   1.000000 | Q:        nan | won: False 
#   47 | steps:  2832 | steps_t:     0 | t: 4.410726 | r:  -507.000000 | e:   1.000000 | Q:        nan | won: False 
#   48 | steps:  2881 | steps_t:     0 | t: 4.486799 | r:  -493.000000 | e:   1.000000 | Q:        nan | won: False 
#   49 | steps:  2901 | steps_t:     0 | t: 4.517829 | r:  -486.000000 | e:   1.000000 | Q:        nan | won: False 
#   50 | steps:  3045 | steps_t:     0 | t: 4.800100 | r:  -467.000000 | e:   1.000000 | Q:        nan | won: False 
#   51 | steps:  3071 | steps_t:     0 | t: 4.841139 | r:  -481.000000 | e:   1.000000 | Q:        nan | won: False 
#   52 | steps:  3189 | steps_t:     0 | t: 5.018809 | r:  -485.000000 | e:   1.000000 | Q:        nan | won: False 
#   53 | steps:  3232 | steps_t:     0 | t: 5.086374 | r:  -443.000000 | e:   1.000000 | Q:        nan | won: False 
#   54 | steps:  3274 | steps_t:     0 | t: 5.151436 | r:  -486.000000 | e:   1.000000 | Q:        nan | won: False 
#   55 | steps:  3396 | steps_t:     0 | t: 5.335613 | r:  -489.000000 | e:   1.000000 | Q:        nan | won: False 
#   56 | steps:  3450 | steps_t:     0 | t: 5.419693 | r:  -476.000000 | e:   1.000000 | Q:        nan | won: False 
#   57 | steps:  3474 | steps_t:     0 | t: 5.457729 | r:  -501.000000 | e:   1.000000 | Q:        nan | won: False 
#   58 | steps:  3558 | steps_t:     0 | t: 5.586854 | r:  -429.000000 | e:   1.000000 | Q:        nan | won: False 
#   59 | steps:  3578 | steps_t:     0 | t: 5.621386 | r:  -486.000000 | e:   1.000000 | Q:        nan | won: False 
#   60 | steps:  3599 | steps_t:     0 | t: 5.654918 | r:  -487.000000 | e:   1.000000 | Q:        nan | won: False 
#   61 | steps:  3622 | steps_t:     0 | t: 5.696458 | r:  -489.000000 | e:   1.000000 | Q:        nan | won: False 
#   62 | steps:  3662 | steps_t:     0 | t: 5.757516 | r:  -484.000000 | e:   1.000000 | Q:        nan | won: False 
#   63 | steps:  3752 | steps_t:     0 | t: 5.909162 | r:  -336.000000 | e:   1.000000 | Q:        nan | won: False 
#   64 | steps:  3879 | steps_t:     0 | t: 6.121365 | r:  -483.000000 | e:   1.000000 | Q:        nan | won: False 
#   65 | steps:  3929 | steps_t:     0 | t: 6.209450 | r:  -439.000000 | e:   1.000000 | Q:        nan | won: False 
#   66 | steps:  3958 | steps_t:     0 | t: 6.277515 | r:  -484.000000 | e:   1.000000 | Q:        nan | won: False 
#   67 | steps:  4116 | steps_t:     0 | t: 6.539266 | r:  -371.000000 | e:   1.000000 | Q:        nan | won: False 
#   68 | steps:  4137 | steps_t:     0 | t: 6.574800 | r:  -476.000000 | e:   1.000000 | Q:        nan | won: False 
#   69 | steps:  4200 | steps_t:     0 | t: 6.674896 | r:  -452.000000 | e:   1.000000 | Q:        nan | won: False 
#   70 | steps:  4282 | steps_t:     0 | t: 6.805020 | r:  -526.000000 | e:   1.000000 | Q:        nan | won: False 
#   71 | steps:  4330 | steps_t:     0 | t: 6.883096 | r:  -492.000000 | e:   1.000000 | Q:        nan | won: False 
#   72 | steps:  4384 | steps_t:     0 | t: 6.975183 | r:  -388.000000 | e:   1.000000 | Q:        nan | won: False 
#   73 | steps:  4445 | steps_t:     0 | t: 7.069273 | r:  -439.000000 | e:   1.000000 | Q:        nan | won: False 
#   74 | steps:  4531 | steps_t:     0 | t: 7.198397 | r:  -530.000000 | e:   1.000000 | Q:        nan | won: False 
#   75 | steps:  4553 | steps_t:     0 | t: 7.233431 | r:  -477.000000 | e:   1.000000 | Q:        nan | won: False 
#   76 | steps:  4595 | steps_t:     0 | t: 7.302998 | r:  -497.000000 | e:   1.000000 | Q:        nan | won: False 
#   77 | steps:  4660 | steps_t:     0 | t: 7.402593 | r:  -520.000000 | e:   1.000000 | Q:        nan | won: False 
#   78 | steps:  4755 | steps_t:     0 | t: 7.545230 | r:  -495.000000 | e:   1.000000 | Q:        nan | won: False 
#   79 | steps:  4849 | steps_t:     0 | t: 7.765941 | r:  -439.000000 | e:   1.000000 | Q:        nan | won: False 
#   80 | steps:  4868 | steps_t:     0 | t: 7.797972 | r:  -474.000000 | e:   1.000000 | Q:        nan | won: False 
#   81 | steps:  4919 | steps_t:     0 | t: 7.876046 | r:  -418.000000 | e:   1.000000 | Q:        nan | won: False 
#   82 | steps:  4955 | steps_t:     0 | t: 7.932100 | r:  -502.000000 | e:   1.000000 | Q:        nan | won: False 
#   83 | steps:  5070 | steps_t:    69 | t: 9.030653 | r:  -504.000000 | e:   0.993100 | Q:        nan | won: False 
#   84 | steps:  5112 | steps_t:   110 | t: 9.409516 | r:  -486.000000 | e:   0.989000 | Q:        nan | won: False 
#   85 | steps:  5241 | steps_t:   238 | t: 10.591649 | r:  -342.000000 | e:   0.976200 | Q:        nan | won: False 
#   86 | steps:  5325 | steps_t:   321 | t: 11.370395 | r:  -429.000000 | e:   0.967900 | Q: -14.959026 | won: False 
#   87 | steps:  5397 | steps_t:   392 | t: 12.032529 | r:  -428.000000 | e:   0.960800 | Q: -25.459003 | won: False 
#   88 | steps:  5589 | steps_t:   583 | t: 13.815237 | r:  -614.000000 | e:   0.941700 | Q: -28.588621 | won: False 
#   89 | steps:  5603 | steps_t:   596 | t: 13.939356 | r:  -458.000000 | e:   0.940400 | Q:        nan | won: False 
#   90 | steps:  5633 | steps_t:   625 | t: 14.210616 | r:  -474.000000 | e:   0.937500 | Q:        nan | won: False 
#   91 | steps:  5674 | steps_t:   665 | t: 14.592482 | r:  -430.000000 | e:   0.933500 | Q: -22.916178 | won: False 
#   92 | steps:  5728 | steps_t:   718 | t: 15.091960 | r:  -498.000000 | e:   0.928200 | Q: -13.266058 | won: False 
#   93 | steps:  5769 | steps_t:   758 | t: 15.477329 | r:  -441.000000 | e:   0.924200 | Q: -22.042927 | won: False 
#   94 | steps:  5857 | steps_t:   845 | t: 16.310628 | r:  -455.000000 | e:   0.915500 | Q: -37.708553 | won: False 
#   95 | steps:  6028 | steps_t:  1015 | t: 17.890642 | r:  -340.000000 | e:   0.898500 | Q: -35.275341 | won: False 
#   96 | steps:  6129 | steps_t:  1115 | t: 18.836048 | r:  -369.000000 | e:   0.888500 | Q: -11.780384 | won: False 
#   97 | steps:  6162 | steps_t:  1147 | t: 19.142842 | r:  -433.000000 | e:   0.885300 | Q:  -2.916690 | won: False 
#   98 | steps:  6208 | steps_t:  1192 | t: 19.575756 | r:  -380.000000 | e:   0.880800 | Q:  -9.644474 | won: False 
#   99 | steps:  6268 | steps_t:  1251 | t: 20.124282 | r:  -339.000000 | e:   0.874900 | Q: -13.359358 | won: False 
#  100 | steps:  6311 | steps_t:  1293 | t: 20.499141 | r:  -498.000000 | e:   0.870700 | Q: -19.978638 | won: False 
#  101 | steps:  6383 | steps_t:  1364 | t: 21.140255 | r:  -461.000000 | e:   0.863600 | Q: -11.237040 | won: False 
#  102 | steps:  6511 | steps_t:  1491 | t: 22.287354 | r:  -440.000000 | e:   0.850900 | Q:  -4.213530 | won: False 
#  103 | steps:  6551 | steps_t:  1530 | t: 22.643696 | r:  -462.000000 | e:   0.847000 | Q:  -3.470483 | won: False 
#  104 | steps:  6590 | steps_t:  1568 | t: 23.025061 | r:  -384.000000 | e:   0.843200 | Q:  -7.878347 | won: False 
#  105 | steps:  6629 | steps_t:  1606 | t: 23.393414 | r:  -406.000000 | e:   0.839400 | Q:  -3.059714 | won: False 
#  106 | steps:  6711 | steps_t:  1687 | t: 24.165154 | r:  -460.000000 | e:   0.831300 | Q:  -2.524442 | won: False 
#  107 | steps:  6754 | steps_t:  1729 | t: 24.578049 | r:  -443.000000 | e:   0.827100 | Q:  -0.601726 | won: False 
#  108 | steps:  6798 | steps_t:  1772 | t: 25.031984 | r:  -422.000000 | e:   0.822800 | Q:   6.246522 | won: False 
#  109 | steps:  7044 | steps_t:  2017 | t: 27.507856 | r:  -360.000000 | e:   0.798300 | Q:   7.090495 | won: False 
#  110 | steps:  7098 | steps_t:  2070 | t: 28.008336 | r:  -432.000000 | e:   0.793000 | Q: -10.746202 | won: False 
#  111 | steps:  7185 | steps_t:  2156 | t: 28.832125 | r:  -377.000000 | e:   0.784400 | Q: -16.734491 | won: False 
#  112 | steps:  7227 | steps_t:  2197 | t: 29.226002 | r:  -453.000000 | e:   0.780300 | Q: -20.082264 | won: False 
#  113 | steps:  7326 | steps_t:  2295 | t: 30.173410 | r:  -389.000000 | e:   0.770500 | Q: -14.567331 | won: False 
#  114 | steps:  7409 | steps_t:  2377 | t: 30.960665 | r:  -340.000000 | e:   0.762300 | Q:   0.138779 | won: False 
#  115 | steps:  7457 | steps_t:  2424 | t: 31.408093 | r:  -448.000000 | e:   0.757600 | Q: -11.116283 | won: False 
#  116 | steps:  7594 | steps_t:  2560 | t: 32.703835 | r:  -284.000000 | e:   0.744000 | Q:  -6.917779 | won: False 
#  117 | steps:  7804 | steps_t:  2769 | t: 34.681229 | r:  -317.000000 | e:   0.723100 | Q:  -2.158238 | won: False 
#  118 | steps:  7873 | steps_t:  2837 | t: 35.321343 | r:  -403.000000 | e:   0.716300 | Q:  -2.623477 | won: False 
#  119 | steps:  7928 | steps_t:  2891 | t: 35.844344 | r:  -477.000000 | e:   0.710900 | Q:  -2.086616 | won: False 
#  120 | steps:  8014 | steps_t:  2976 | t: 36.670135 | r:  -420.000000 | e:   0.702400 | Q:   1.903977 | won: False 
#  121 | steps:  8054 | steps_t:  3015 | t: 37.048498 | r:  -484.000000 | e:   0.698500 | Q:  -0.980961 | won: False 
#  122 | steps:  8071 | steps_t:  3031 | t: 37.208651 | r:  -483.000000 | e:   0.696900 | Q:  -6.675195 | won: False 
#  123 | steps:  8094 | steps_t:  3053 | t: 37.425359 | r:  -489.000000 | e:   0.694700 | Q: -10.056810 | won: False 
#  124 | steps:  8130 | steps_t:  3088 | t: 37.763182 | r:  -469.000000 | e:   0.691200 | Q: -20.864250 | won: False 
#  125 | steps:  8181 | steps_t:  3138 | t: 38.255154 | r:  -374.000000 | e:   0.686200 | Q: -28.873114 | won: False 
#  126 | steps:  8236 | steps_t:  3192 | t: 38.769146 | r:  -367.000000 | e:   0.680800 | Q: -24.738031 | won: False 
#  127 | steps:  8269 | steps_t:  3224 | t: 39.088953 | r:  -488.000000 | e:   0.677600 | Q: -22.126125 | won: False 
#  128 | steps:  8287 | steps_t:  3241 | t: 39.261118 | r:  -473.000000 | e:   0.675900 | Q: -21.131054 | won: False 
#  129 | steps:  8338 | steps_t:  3291 | t: 39.738075 | r:  -429.000000 | e:   0.670900 | Q: -22.330992 | won: False 
#  130 | steps:  8488 | steps_t:  3440 | t: 41.159436 | r:  -374.000000 | e:   0.656000 | Q: -14.013369 | won: False 
#  131 | steps:  8509 | steps_t:  3460 | t: 41.350119 | r:  -465.000000 | e:   0.654000 | Q: -31.894741 | won: False 
#  132 | steps:  8558 | steps_t:  3508 | t: 41.832581 | r:  -394.000000 | e:   0.649200 | Q: -16.585421 | won: False 
#  133 | steps:  8588 | steps_t:  3537 | t: 42.114852 | r:  -441.000000 | e:   0.646300 | Q: -15.258451 | won: False 
#  134 | steps:  8601 | steps_t:  3549 | t: 42.233465 | r:  -457.000000 | e:   0.645100 | Q: -13.034961 | won: False 
#  135 | steps:  8650 | steps_t:  3597 | t: 42.700413 | r:  -427.000000 | e:   0.640300 | Q:  -4.894732 | won: False 
#  136 | steps:  8674 | steps_t:  3620 | t: 42.930633 | r:  -413.000000 | e:   0.638000 | Q: -10.486362 | won: False 
#  137 | steps:  8742 | steps_t:  3687 | t: 43.587263 | r:  -336.000000 | e:   0.631300 | Q: -11.968682 | won: False 
#  138 | steps:  8769 | steps_t:  3713 | t: 43.843508 | r:  -438.000000 | e:   0.628700 | Q:  -9.410748 | won: False 
#  139 | steps:  8805 | steps_t:  3748 | t: 44.187838 | r:  -403.000000 | e:   0.625200 | Q:  -3.581047 | won: False 
#  140 | steps:  8890 | steps_t:  3832 | t: 45.006122 | r:  -364.000000 | e:   0.616800 | Q:  -9.662460 | won: False 
#  141 | steps:  8990 | steps_t:  3931 | t: 46.012086 | r:  -478.000000 | e:   0.606900 | Q:  -8.078342 | won: False 
#  142 | steps:  9028 | steps_t:  3968 | t: 46.364924 | r:  -460.000000 | e:   0.603200 | Q:  -8.282456 | won: False 
#  143 | steps:  9126 | steps_t:  4065 | t: 47.339358 | r:  -421.000000 | e:   0.593500 | Q:  -0.046122 | won: False 
#  144 | steps:  9158 | steps_t:  4096 | t: 47.666171 | r:  -454.000000 | e:   0.590400 | Q: -12.315826 | won: False 
#  145 | steps:  9196 | steps_t:  4133 | t: 48.053542 | r:  -383.000000 | e:   0.586700 | Q: -17.709736 | won: False 
#  146 | steps:  9233 | steps_t:  4169 | t: 48.426399 | r:  -481.000000 | e:   0.583100 | Q: -10.566560 | won: False 
#  147 | steps:  9277 | steps_t:  4212 | t: 48.967918 | r:  -477.000000 | e:   0.578800 | Q:  -5.672460 | won: False 
#  148 | steps:  9311 | steps_t:  4245 | t: 49.296232 | r:  -390.000000 | e:   0.575500 | Q: -20.094328 | won: False 
#  149 | steps:  9352 | steps_t:  4285 | t: 49.690610 | r:  -452.000000 | e:   0.571500 | Q:  -4.337411 | won: False 
#  150 | steps:  9445 | steps_t:  4377 | t: 50.619000 | r:  -328.000000 | e:   0.562300 | Q:  -5.575780 | won: False 
#  151 | steps:  9471 | steps_t:  4402 | t: 50.864235 | r:  -459.000000 | e:   0.559800 | Q: -12.807096 | won: False 
#  152 | steps:  9556 | steps_t:  4486 | t: 51.674512 | r:  -375.000000 | e:   0.551400 | Q:  -6.609504 | won: False 
#  153 | steps:  9874 | steps_t:  4803 | t: 54.649862 | r:  -491.000000 | e:   0.519700 | Q:  -3.313524 | won: False 
#  154 | steps:  9902 | steps_t:  4830 | t: 54.920621 | r:  -461.000000 | e:   0.517000 | Q: -26.548578 | won: False 
#  155 | steps:  9937 | steps_t:  4864 | t: 55.259946 | r:  -424.000000 | e:   0.513600 | Q: -18.250973 | won: False 
#  156 | steps: 10023 | steps_t:  4949 | t: 56.549682 | r:  -398.000000 | e:   0.505100 | Q:  12.674718 | won: False 
#  157 | steps: 10068 | steps_t:  4993 | t: 56.993607 | r:  -401.000000 | e:   0.500700 | Q:  12.670399 | won: False 
#  158 | steps: 10094 | steps_t:  5018 | t: 57.254358 | r:  -426.000000 | e:   0.498200 | Q:  -2.155755 | won: False 
#  159 | steps: 10191 | steps_t:  5114 | t: 58.229792 | r:  -288.000000 | e:   0.488600 | Q:  -4.548512 | won: False 
#  160 | steps: 10222 | steps_t:  5144 | t: 58.529080 | r:  -486.000000 | e:   0.485600 | Q:  -7.098508 | won: False 
#  161 | steps: 10448 | steps_t:  5369 | t: 60.723681 | r:  -274.000000 | e:   0.463100 | Q:  -2.928115 | won: False 
#  162 | steps: 10466 | steps_t:  5386 | t: 60.893344 | r:  -462.000000 | e:   0.461400 | Q:   1.117076 | won: False 
#  163 | steps: 10537 | steps_t:  5456 | t: 61.594516 | r:  -416.000000 | e:   0.454400 | Q:   4.742290 | won: False 
#  164 | steps: 10576 | steps_t:  5494 | t: 61.984890 | r:  -461.000000 | e:   0.450600 | Q:  11.021358 | won: False 
#  165 | steps: 10658 | steps_t:  5575 | t: 62.799673 | r:  -438.000000 | e:   0.442500 | Q:   7.325891 | won: False 
#  166 | steps: 10999 | steps_t:  5915 | t: 66.052790 | r:  -488.000000 | e:   0.408500 | Q:  -6.157455 | won: False 
#  167 | steps: 11086 | steps_t:  6001 | t: 66.907609 | r:  -399.000000 | e:   0.399900 | Q: -14.068908 | won: False 
#  168 | steps: 11112 | steps_t:  6026 | t: 67.158350 | r:  -481.000000 | e:   0.397400 | Q: -24.336971 | won: False 
#  169 | steps: 11188 | steps_t:  6101 | t: 67.904064 | r:  -443.000000 | e:   0.389900 | Q: -24.827120 | won: False 
#  170 | steps: 11243 | steps_t:  6155 | t: 68.445082 | r:  -433.000000 | e:   0.384500 | Q: -25.296583 | won: False 
#  171 | steps: 11287 | steps_t:  6198 | t: 69.004118 | r:  -444.000000 | e:   0.380200 | Q: -24.552813 | won: False 
#  172 | steps: 11423 | steps_t:  6333 | t: 70.319378 | r:  -459.000000 | e:   0.366700 | Q: -18.553076 | won: False 
#  173 | steps: 11507 | steps_t:  6416 | t: 71.143668 | r:  -385.000000 | e:   0.358400 | Q: -19.430676 | won: False 
#  174 | steps: 11636 | steps_t:  6544 | t: 72.389361 | r:  -419.000000 | e:   0.345600 | Q: -11.738704 | won: False 
#  175 | steps: 11840 | steps_t:  6747 | t: 74.343234 | r:  -494.000000 | e:   0.325300 | Q:   3.246673 | won: False 
#  176 | steps: 11855 | steps_t:  6761 | t: 74.478864 | r:  -415.000000 | e:   0.323900 | Q: -15.502794 | won: False 
#  177 | steps: 11881 | steps_t:  6786 | t: 74.730605 | r:  -481.000000 | e:   0.321400 | Q: -13.187738 | won: False 
#  178 | steps: 11968 | steps_t:  6872 | t: 75.603441 | r:  -432.000000 | e:   0.312800 | Q: -13.438570 | won: False 
#  179 | steps: 12213 | steps_t:  7116 | t: 77.954694 | r:  -414.000000 | e:   0.288400 | Q:  14.014260 | won: False 
#  180 | steps: 12273 | steps_t:  7175 | t: 78.537252 | r:  -405.000000 | e:   0.282500 | Q:  -3.157093 | won: False 
#  181 | steps: 12391 | steps_t:  7292 | t: 79.710876 | r:  -386.000000 | e:   0.270800 | Q:  -2.227106 | won: False 
#  182 | steps: 12674 | steps_t:  7574 | t: 82.492041 | r:  -320.000000 | e:   0.242600 | Q:   2.066203 | won: False 
#  183 | steps: 12750 | steps_t:  7649 | t: 83.266784 | r:  -355.000000 | e:   0.235100 | Q: -10.636498 | won: False 
#  184 | steps: 12784 | steps_t:  7682 | t: 83.645646 | r:  -500.000000 | e:   0.231800 | Q: -11.866833 | won: False 
#  185 | steps: 12916 | steps_t:  7813 | t: 84.982928 | r:  -389.000000 | e:   0.218700 | Q:  -8.683444 | won: False 
#  186 | steps: 12937 | steps_t:  7833 | t: 85.186623 | r:  -454.000000 | e:   0.216700 | Q: -30.209761 | won: False 
#  187 | steps: 12981 | steps_t:  7876 | t: 85.629047 | r:  -444.000000 | e:   0.212400 | Q: -23.278576 | won: False 
#  188 | steps: 13008 | steps_t:  7902 | t: 85.896804 | r:  -449.000000 | e:   0.209800 | Q: -29.822243 | won: False 
#  189 | steps: 13117 | steps_t:  8010 | t: 86.984345 | r:  -520.000000 | e:   0.199000 | Q: -19.048239 | won: False 
#  190 | steps: 13169 | steps_t:  8061 | t: 87.513352 | r:  -419.000000 | e:   0.193900 | Q: -13.242532 | won: False 
#  191 | steps: 13277 | steps_t:  8168 | t: 88.591886 | r:  -431.000000 | e:   0.183200 | Q:  -3.407618 | won: False 
#  192 | steps: 13305 | steps_t:  8195 | t: 88.878160 | r:  -472.000000 | e:   0.180500 | Q:  -3.189543 | won: False 
#  193 | steps: 13350 | steps_t:  8239 | t: 89.336599 | r:  -401.000000 | e:   0.176100 | Q: -12.250573 | won: False 
#  194 | steps: 13375 | steps_t:  8263 | t: 89.584337 | r:  -392.000000 | e:   0.173700 | Q: -16.390800 | won: False 
#  195 | steps: 13479 | steps_t:  8366 | t: 90.646354 | r:  -471.000000 | e:   0.163400 | Q:  -7.836047 | won: False 
#  196 | steps: 13599 | steps_t:  8485 | t: 91.852009 | r:  -465.000000 | e:   0.151500 | Q: -19.312950 | won: False 
#  197 | steps: 13786 | steps_t:  8671 | t: 93.690771 | r:  -433.000000 | e:   0.132900 | Q:  -5.063846 | won: False 
#  198 | steps: 13950 | steps_t:  8834 | t: 95.306319 | r:  -267.000000 | e:   0.116600 | Q:  -1.424366 | won: False 
#  199 | steps: 14055 | steps_t:  8938 | t: 96.364833 | r:  -406.000000 | e:   0.106200 | Q:  -2.411793 | won: False 
#  200 | steps: 14065 | steps_t:  8947 | t: 96.464429 | r:  -421.000000 | e:   0.105300 | Q:  -5.684016 | won: False 
#  201 | steps: 14168 | steps_t:  9049 | t: 97.493414 | r:  -404.000000 | e:   0.100000 | Q:  -4.261543 | won: False 
#  202 | steps: 14258 | steps_t:  9138 | t: 98.411294 | r:  -413.000000 | e:   0.100000 | Q:   2.058639 | won: False 
#  203 | steps: 14273 | steps_t:  9152 | t: 98.556934 | r:  -470.000000 | e:   0.100000 | Q:   4.311875 | won: False 
#  204 | steps: 14301 | steps_t:  9179 | t: 98.839204 | r:  -417.000000 | e:   0.100000 | Q:  -5.216516 | won: False 
#  205 | steps: 14406 | steps_t:  9283 | t: 99.900224 | r:  -395.000000 | e:   0.100000 | Q:  -7.075947 | won: False 
#  206 | steps: 14566 | steps_t:  9442 | t: 101.495253 | r:  -263.000000 | e:   0.100000 | Q:   4.811915 | won: False 
#  207 | steps: 14671 | steps_t:  9546 | t: 102.554768 | r:  -450.000000 | e:   0.100000 | Q:  -0.382803 | won: False 
#  208 | steps: 14728 | steps_t:  9602 | t: 103.137326 | r:  -292.000000 | e:   0.100000 | Q:   2.076358 | won: False 
#  209 | steps: 14739 | steps_t:  9612 | t: 103.244929 | r:  -433.000000 | e:   0.100000 | Q:  -0.546132 | won: False 
#  210 | steps: 14786 | steps_t:  9658 | t: 103.889545 | r:  -469.000000 | e:   0.100000 | Q:   1.993936 | won: False 
#  211 | steps: 14853 | steps_t:  9724 | t: 104.578206 | r:  -390.000000 | e:   0.100000 | Q:   4.411524 | won: False 
#  212 | steps: 14973 | steps_t:  9843 | t: 105.801878 | r:  -388.000000 | e:   0.100000 | Q:  -3.284564 | won: False 
#  213 | steps: 15010 | steps_t:  9879 | t: 106.170731 | r:  -492.000000 | e:   0.100000 | Q: -16.224676 | won: False 
#  214 | steps: 15079 | steps_t:  9947 | t: 106.865397 | r:  -425.000000 | e:   0.100000 | Q: -19.085566 | won: False 
#  215 | steps: 15161 | steps_t: 10028 | t: 107.705201 | r:  -383.000000 | e:   0.100000 | Q: -11.965566 | won: False 
#  216 | steps: 15265 | steps_t: 10131 | t: 108.759712 | r:  -339.000000 | e:   0.100000 | Q:  -2.062043 | won: False 
#  217 | steps: 15289 | steps_t: 10154 | t: 109.007449 | r:  -435.000000 | e:   0.100000 | Q:  -8.475657 | won: False 
#  218 | steps: 15304 | steps_t: 10168 | t: 109.161097 | r:  -481.000000 | e:   0.100000 | Q: -16.681602 | won: False 
#  219 | steps: 15337 | steps_t: 10200 | t: 109.494416 | r:  -444.000000 | e:   0.100000 | Q: -14.418368 | won: False 
#  220 | steps: 15374 | steps_t: 10236 | t: 109.870776 | r:  -426.000000 | e:   0.100000 | Q: -12.307982 | won: False 
#  221 | steps: 15410 | steps_t: 10271 | t: 110.239630 | r:  -392.000000 | e:   0.100000 | Q:  -6.832915 | won: False 
#  222 | steps: 15443 | steps_t: 10303 | t: 110.576953 | r:  -422.000000 | e:   0.100000 | Q:  -6.626412 | won: False 
#  223 | steps: 15536 | steps_t: 10395 | t: 111.520357 | r:  -460.000000 | e:   0.100000 | Q:  -3.699013 | won: False 
#  224 | steps: 15560 | steps_t: 10418 | t: 111.759086 | r:  -512.000000 | e:   0.100000 | Q: -14.875133 | won: False 
#  225 | steps: 15624 | steps_t: 10481 | t: 112.426225 | r:  -332.000000 | e:   0.100000 | Q: -10.514535 | won: False 
#  226 | steps: 15650 | steps_t: 10506 | t: 112.685974 | r:  -470.000000 | e:   0.100000 | Q: -22.959160 | won: False 
#  227 | steps: 15752 | steps_t: 10607 | t: 113.727972 | r:  -546.000000 | e:   0.100000 | Q:   0.041111 | won: False 
#  228 | steps: 15826 | steps_t: 10680 | t: 114.473686 | r:  -474.000000 | e:   0.100000 | Q:  -2.737146 | won: False 
#  229 | steps: 15912 | steps_t: 10765 | t: 115.352028 | r:  -420.000000 | e:   0.100000 | Q:  -2.403708 | won: False 
#  230 | steps: 15927 | steps_t: 10779 | t: 115.500170 | r:  -437.000000 | e:   0.100000 | Q:  -3.748992 | won: False 
#  231 | steps: 15966 | steps_t: 10817 | t: 115.890544 | r:  -461.000000 | e:   0.100000 | Q:  -1.601604 | won: False 
#  232 | steps: 16095 | steps_t: 10945 | t: 117.213812 | r:  -540.000000 | e:   0.100000 | Q:   7.649004 | won: False 
#  233 | steps: 16173 | steps_t: 11022 | t: 118.011576 | r:  -379.000000 | e:   0.100000 | Q:   1.170449 | won: False 
#  234 | steps: 16239 | steps_t: 11087 | t: 118.685222 | r:  -477.000000 | e:   0.100000 | Q:   4.198676 | won: False 
#  235 | steps: 16288 | steps_t: 11135 | t: 119.196211 | r:  -416.000000 | e:   0.100000 | Q:  10.013077 | won: False 
#  236 | steps: 16304 | steps_t: 11150 | t: 119.357365 | r:  -482.000000 | e:   0.100000 | Q:   1.267802 | won: False 
#  237 | steps: 16428 | steps_t: 11273 | t: 120.611567 | r:  -315.000000 | e:   0.100000 | Q:  -0.000461 | won: False 
#  238 | steps: 16485 | steps_t: 11329 | t: 121.184617 | r:  -402.000000 | e:   0.100000 | Q: -15.067967 | won: False 
#  239 | steps: 16503 | steps_t: 11346 | t: 121.364289 | r:  -429.000000 | e:   0.100000 | Q: -18.838171 | won: False 
#  240 | steps: 16610 | steps_t: 11452 | t: 122.435815 | r:  -408.000000 | e:   0.100000 | Q:  -9.328016 | won: False 
#  241 | steps: 16651 | steps_t: 11492 | t: 122.838701 | r:  -452.000000 | e:   0.100000 | Q:  -9.219106 | won: False 
#  242 | steps: 16665 | steps_t: 11505 | t: 122.974331 | r:  -447.000000 | e:   0.100000 | Q:  -9.547691 | won: False 
#  243 | steps: 16682 | steps_t: 11521 | t: 123.152502 | r:  -417.000000 | e:   0.100000 | Q: -14.066833 | won: False 
#  244 | steps: 16755 | steps_t: 11593 | t: 123.892211 | r:  -418.000000 | e:   0.100000 | Q:  -6.516429 | won: False 
#  245 | steps: 16768 | steps_t: 11605 | t: 124.023837 | r:  -479.000000 | e:   0.100000 | Q:  -0.721413 | won: False 
#  246 | steps: 16853 | steps_t: 11689 | t: 124.884661 | r:  -342.000000 | e:   0.100000 | Q:  -5.448972 | won: False 
#  247 | steps: 16891 | steps_t: 11726 | t: 125.261022 | r:  -438.000000 | e:   0.100000 | Q:  -2.292076 | won: False 
#  248 | steps: 16965 | steps_t: 11799 | t: 126.008738 | r:  -463.000000 | e:   0.100000 | Q:  -5.756003 | won: False 
#  249 | steps: 17070 | steps_t: 11903 | t: 127.079765 | r:  -329.000000 | e:   0.100000 | Q: -11.248540 | won: False 
#  250 | steps: 17084 | steps_t: 11916 | t: 127.216396 | r:  -480.000000 | e:   0.100000 | Q: -16.354958 | won: False 
#  251 | steps: 17208 | steps_t: 12039 | t: 128.456584 | r:  -392.000000 | e:   0.100000 | Q:  -7.837126 | won: False 
#  252 | steps: 17483 | steps_t: 12313 | t: 131.196209 | r:  -404.000000 | e:   0.100000 | Q:  -4.062383 | won: False 
#  253 | steps: 17528 | steps_t: 12357 | t: 131.648142 | r:  -390.000000 | e:   0.100000 | Q:  -8.436792 | won: False 
#  254 | steps: 17604 | steps_t: 12432 | t: 132.424886 | r:  -421.000000 | e:   0.100000 | Q:  -7.007183 | won: False 
#  255 | steps: 17645 | steps_t: 12472 | t: 132.848292 | r:  -342.000000 | e:   0.100000 | Q: -18.539419 | won: False 
#  256 | steps: 17693 | steps_t: 12519 | t: 133.340764 | r:  -448.000000 | e:   0.100000 | Q: -17.363317 | won: False 
#  257 | steps: 17832 | steps_t: 12657 | t: 134.732096 | r:  -451.000000 | e:   0.100000 | Q: -11.737930 | won: False 
#  258 | steps: 17890 | steps_t: 12714 | t: 135.322162 | r:  -480.000000 | e:   0.100000 | Q: -12.394743 | won: False 
#  259 | steps: 17935 | steps_t: 12758 | t: 135.780101 | r:  -467.000000 | e:   0.100000 | Q:  -9.193359 | won: False 
#  260 | steps: 17986 | steps_t: 12808 | t: 136.317115 | r:  -352.000000 | e:   0.100000 | Q:  -5.255508 | won: False 
#  261 | steps: 18076 | steps_t: 12897 | t: 137.243003 | r:  -369.000000 | e:   0.100000 | Q:  -9.286631 | won: False 
#  262 | steps: 18148 | steps_t: 12968 | t: 137.973202 | r:  -494.000000 | e:   0.100000 | Q:  -0.901405 | won: False 
#  263 | steps: 18200 | steps_t: 13019 | t: 138.505712 | r:  -474.000000 | e:   0.100000 | Q:   1.599789 | won: False 
#  264 | steps: 18265 | steps_t: 13083 | t: 139.178356 | r:  -443.000000 | e:   0.100000 | Q:   2.414326 | won: False 
#  265 | steps: 18286 | steps_t: 13103 | t: 139.393563 | r:  -454.000000 | e:   0.100000 | Q:  -1.905458 | won: False 
#  266 | steps: 18468 | steps_t: 13284 | t: 141.216309 | r:  -333.000000 | e:   0.100000 | Q:  -2.902642 | won: False 
#  267 | steps: 18560 | steps_t: 13375 | t: 142.151706 | r:  -426.000000 | e:   0.100000 | Q:  -2.663239 | won: False 
#  268 | steps: 18606 | steps_t: 13420 | t: 142.610145 | r:  -479.000000 | e:   0.100000 | Q:  -8.200457 | won: False 
#  269 | steps: 18631 | steps_t: 13444 | t: 142.875399 | r:  -403.000000 | e:   0.100000 | Q: -15.494545 | won: False 
#  270 | steps: 18688 | steps_t: 13500 | t: 143.463463 | r:  -479.000000 | e:   0.100000 | Q: -26.466047 | won: False 
#  271 | steps: 18728 | steps_t: 13539 | t: 143.873855 | r:  -451.000000 | e:   0.100000 | Q: -20.861113 | won: False 
#  272 | steps: 18759 | steps_t: 13569 | t: 144.195664 | r:  -486.000000 | e:   0.100000 | Q: -15.020760 | won: False 
#  273 | steps: 18780 | steps_t: 13589 | t: 144.414874 | r:  -377.000000 | e:   0.100000 | Q:  -9.919493 | won: False 
#  274 | steps: 18854 | steps_t: 13662 | t: 145.176604 | r:  -408.000000 | e:   0.100000 | Q: -11.998357 | won: False 
#  275 | steps: 18903 | steps_t: 13710 | t: 145.676583 | r:  -405.000000 | e:   0.100000 | Q:  -7.833941 | won: False 
#  276 | steps: 18939 | steps_t: 13745 | t: 146.043935 | r:  -480.000000 | e:   0.100000 | Q:  -7.528099 | won: False 
#  277 | steps: 18963 | steps_t: 13768 | t: 146.288669 | r:  -468.000000 | e:   0.100000 | Q:  -9.919529 | won: False 
#  278 | steps: 18996 | steps_t: 13800 | t: 146.631498 | r:  -477.000000 | e:   0.100000 | Q: -10.356401 | won: False 
#  279 | steps: 19033 | steps_t: 13836 | t: 147.008359 | r:  -404.000000 | e:   0.100000 | Q: -17.879227 | won: False 
#  280 | steps: 19275 | steps_t: 14077 | t: 149.595337 | r:  -466.000000 | e:   0.100000 | Q:  -1.042700 | won: False 
#  281 | steps: 19330 | steps_t: 14131 | t: 150.148367 | r:  -389.000000 | e:   0.100000 | Q:  -6.419866 | won: False 
#  282 | steps: 19386 | steps_t: 14186 | t: 150.719915 | r:  -401.000000 | e:   0.100000 | Q:  -3.091382 | won: False 
#  283 | steps: 19408 | steps_t: 14207 | t: 150.939626 | r:  -466.000000 | e:   0.100000 | Q: -10.818843 | won: False 
#  284 | steps: 19429 | steps_t: 14227 | t: 151.158835 | r:  -399.000000 | e:   0.100000 | Q: -11.641884 | won: False 
#  285 | steps: 19485 | steps_t: 14282 | t: 151.745898 | r:  -390.000000 | e:   0.100000 | Q:  -2.852528 | won: False 
#  286 | steps: 19767 | steps_t: 14563 | t: 154.532068 | r:  -462.000000 | e:   0.100000 | Q:  -0.054141 | won: False 
#  287 | steps: 19798 | steps_t: 14593 | t: 154.846369 | r:  -464.000000 | e:   0.100000 | Q: -23.528963 | won: False 
#  288 | steps: 19834 | steps_t: 14628 | t: 155.223230 | r:  -469.000000 | e:   0.100000 | Q: -20.565519 | won: False 
#  289 | steps: 19926 | steps_t: 14719 | t: 156.171138 | r:  -415.000000 | e:   0.100000 | Q: -16.408342 | won: False 
#  290 | steps: 19978 | steps_t: 14770 | t: 156.700145 | r:  -463.000000 | e:   0.100000 | Q: -28.584545 | won: False 
