#    1 | steps:    48 | steps_t:    15 | t: 0.314935 | r:     2.000000 | e:   0.842105 | Q:   0.105309 | won: True 
#    1 | steps:    56 | steps_t:    23 | t: 0.338674 | r:     0.000000 | e:   0.757895 | Q:   0.106398 | won: True 
#    1 | steps:    71 | steps_t:    38 | t: 0.564317 | r:    -2.000000 | e:   0.600000 | Q:   0.107064 | won: True 
#    1 | steps:   110 | steps_t:    77 | t: 1.098963 | r:     0.000000 | e:   0.300000 | Q:   0.107064 | won: True 
#    1 | steps:   263 | steps_t:   230 | t: 2.761444 | r:    -2.000000 | e:   0.300000 | Q:   0.113003 | won: True 
#    1 | steps:   279 | steps_t:   246 | t: 2.824705 | r:     0.000000 | e:   0.300000 | Q:   0.113003 | won: True 
#    1 | steps:   334 | steps_t:   301 | t: 3.340793 | r:    -2.000000 | e:   0.300000 | Q:   0.113003 | won: True 
#    1 | steps:   504 | steps_t:   471 | t: 4.520354 | r:    -4.000000 | e:   0.300000 | Q:   0.113003 | won: True 
#    1 | steps:   526 | steps_t:   493 | t: 4.696191 | r:    -6.000000 | e:   0.300000 | Q:   0.113003 | won: True 
#    1 | steps:   549 | steps_t:   516 | t: 4.862677 | r:    -8.000000 | e:   0.300000 | Q:   0.113003 | won: True 
#    1 | steps:   605 | steps_t:   572 | t: 5.333001 | r:   -10.000000 | e:   0.300000 | Q:   0.113003 | won: True 
#    1 | steps:   736 | steps_t:   703 | t: 6.369252 | r:   -12.000000 | e:   0.300000 | Q:   0.113003 | won: True 
#    1 | steps:   837 | steps_t:   804 | t: 6.915076 | r:   -10.000000 | e:   0.300000 | Q:   0.113003 | won: True 
#    1 | steps:   960 | steps_t:   927 | t: 7.824865 | r:   -12.000000 | e:   0.300000 | Q:   0.113003 | won: True 
#    1 | steps:   979 | steps_t:   946 | t: 7.970117 | r:   -14.000000 | e:   0.300000 | Q:   0.113003 | won: True 
#    1 | steps:  1021 | steps_t:   988 | t: 8.133255 | r:   -16.000000 | e:   0.300000 | Q:   0.113003 | won: True 
#    1 | steps:  1059 | steps_t:  1026 | t: 8.342997 | r:   -18.000000 | e:   0.300000 | Q:   0.113003 | won: True 
#    1 | steps:  1084 | steps_t:  1051 | t: 8.602140 | r:   -20.000000 | e:   0.300000 | Q:   0.113003 | won: True 
#    1 | steps:  1236 | steps_t:  1203 | t: 9.937678 | r:   -22.000000 | e:   0.300000 | Q:   0.113003 | won: True 
#    1 | steps:  1262 | steps_t:  1229 | t: 10.103473 | r:   -20.000000 | e:   0.300000 | Q:   0.113003 | won: True 
#    1 | steps:  1307 | steps_t:  1274 | t: 10.604817 | r:   -22.000000 | e:   0.300000 | Q:   0.113003 | won: True 
#    1 | steps:  1346 | steps_t:  1313 | t: 10.976823 | r:   -24.000000 | e:   0.300000 | Q:   0.113003 | won: True 
#    1 | steps:  1392 | steps_t:  1359 | t: 11.616881 | r:   -26.000000 | e:   0.300000 | Q:   0.113003 | won: True 
#    1 | steps:  1405 | steps_t:  1372 | t: 11.659845 | r:   -28.000000 | e:   0.300000 | Q:   0.113003 | won: True 
#    1 | steps:  1459 | steps_t:  1426 | t: 12.079915 | r:   -30.000000 | e:   0.300000 | Q:   0.113003 | won: True 
#    1 | steps:  1510 | steps_t:  1477 | t: 12.232442 | r:   -32.000000 | e:   0.300000 | Q:   0.113003 | won: True 
#    1 | steps:  1579 | steps_t:  1546 | t: 12.777164 | r:   -34.000000 | e:   0.300000 | Q:   0.113003 | won: True 
#    1 | steps:  1677 | steps_t:  1644 | t: 13.551885 | r:   -36.000000 | e:   0.300000 | Q:   0.113003 | won: True 
#    1 | steps:  1708 | steps_t:  1675 | t: 13.915628 | r:   -38.000000 | e:   0.300000 | Q:   0.113003 | won: True 
#    1 | steps:  1718 | steps_t:  1685 | t: 14.031732 | r:   -36.000000 | e:   0.300000 | Q:   0.113003 | won: True 
#    1 | steps:  1741 | steps_t:  1708 | t: 14.105022 | r:   -38.000000 | e:   0.300000 | Q:   0.113003 | won: True 
#    1 | steps:  1746 | steps_t:  1713 | t: 14.123025 | r:   -40.000000 | e:   0.300000 | Q:   0.113003 | won: True 
#    1 | steps:  1755 | steps_t:  1722 | t: 14.244352 | r:   -42.000000 | e:   0.300000 | Q:   0.113003 | won: True 
#    1 | steps:  1762 | steps_t:  1729 | t: 14.266199 | r:   -44.000000 | e:   0.300000 | Q:   0.113003 | won: True 
#    1 | steps:  1773 | steps_t:  1740 | t: 14.465114 | r:   -42.000000 | e:   0.300000 | Q:   0.113003 | won: True 
#    1 | steps:  1778 | steps_t:  1745 | t: 14.481341 | r:   -44.000000 | e:   0.300000 | Q:   0.113003 | won: True 
#    1 | steps:  1905 | steps_t:  1872 | t: 15.556541 | r:   -46.000000 | e:   0.300000 | Q:   0.113003 | won: True 
#    1 | steps:  1979 | steps_t:  1946 | t: 16.115675 | r:   -48.000000 | e:   0.300000 | Q:   0.113003 | won: True 
#    1 | steps:  2002 | steps_t:  1969 | t: 16.269023 | r:   -50.000000 | e:   0.300000 | Q:   0.113003 | won: True 
#    1 | steps:  2052 | steps_t:  2019 | t: 16.591649 | r:   -52.000000 | e:   0.300000 | Q:   0.113003 | won: True 
#    1 | steps:  2193 | steps_t:  2160 | t: 17.860495 | r:   -54.000000 | e:   0.300000 | Q:   0.113003 | won: True 
#    1 | steps:  2210 | steps_t:  2177 | t: 17.998222 | r:   -56.000000 | e:   0.300000 | Q:   0.113003 | won: True 
#    1 | steps:  2329 | steps_t:  2296 | t: 18.807784 | r:   -58.000000 | e:   0.300000 | Q:   0.113003 | won: True 
#    1 | steps:  2397 | steps_t:  2364 | t: 19.108501 | r:   -60.000000 | e:   0.300000 | Q:   0.113003 | won: True 
#    1 | steps:  2426 | steps_t:  2393 | t: 19.202595 | r:   -62.000000 | e:   0.300000 | Q:   0.113003 | won: True 
#    1 | steps:  2456 | steps_t:  2423 | t: 19.298542 | r:   -64.000000 | e:   0.300000 | Q:   0.113003 | won: True 
#    1 | steps:  2485 | steps_t:  2452 | t: 19.390799 | r:   -66.000000 | e:   0.300000 | Q:   0.113003 | won: True 
#    1 | steps:  2676 | steps_t:  2643 | t: 20.569364 | r:   -68.000000 | e:   0.300000 | Q:   0.113003 | won: True 
#    1 | steps:  2739 | steps_t:  2706 | t: 21.024487 | r:   -70.000000 | e:   0.300000 | Q:   0.113003 | won: True 
#    1 | steps:  2782 | steps_t:  2749 | t: 21.250296 | r:   -72.000000 | e:   0.300000 | Q:   0.113003 | won: True 
#    1 | steps:  2875 | steps_t:  2842 | t: 21.824629 | r:   -74.000000 | e:   0.300000 | Q:   0.113003 | won: True 
#    1 | steps:  2892 | steps_t:  2859 | t: 21.967999 | r:   -72.000000 | e:   0.300000 | Q:   0.113003 | won: True 
#    1 | steps:  3008 | steps_t:  2975 | t: 23.008043 | r:   -74.000000 | e:   0.300000 | Q:   0.113003 | won: True 
#    1 | steps:  3031 | steps_t:  2998 | t: 23.161326 | r:   -76.000000 | e:   0.300000 | Q:   0.113003 | won: True 
#    1 | steps:  3048 | steps_t:  3015 | t: 23.547444 | r:   -78.000000 | e:   0.300000 | Q:   0.113003 | won: True 
#    1 | steps:  3115 | steps_t:  3082 | t: 24.090630 | r:   -80.000000 | e:   0.300000 | Q:   0.113003 | won: True 
#    1 | steps:  3603 | steps_t:  3570 | t: 27.787771 | r:   -82.000000 | e:   0.300000 | Q:   0.113003 | won: True 
#    1 | steps:  3818 | steps_t:  3785 | t: 29.799363 | r:   -84.000000 | e:   0.300000 | Q:   0.113003 | won: True 
#    1 | steps:  3840 | steps_t:  3807 | t: 29.962549 | r:   -86.000000 | e:   0.300000 | Q:   0.113003 | won: True 
#    1 | steps:  3980 | steps_t:  3947 | t: 31.178606 | r:   -88.000000 | e:   0.300000 | Q:   0.113003 | won: True 
#    1 | steps:  4098 | steps_t:  4065 | t: 32.645264 | r:   -90.000000 | e:   0.300000 | Q:   0.113003 | won: True 
#    1 | steps:  4367 | steps_t:  4334 | t: 34.832901 | r:   -92.000000 | e:   0.300000 | Q:   0.113003 | won: True 
#    1 | steps:  4430 | steps_t:  4397 | t: 35.300576 | r:   -94.000000 | e:   0.300000 | Q:   0.113003 | won: True 
#    1 | steps:  4488 | steps_t:  4455 | t: 35.815044 | r:   -96.000000 | e:   0.300000 | Q:   0.113003 | won: True 
#    1 | steps:  4541 | steps_t:  4508 | t: 36.159442 | r:   -98.000000 | e:   0.300000 | Q:   0.113003 | won: True 
#    1 | steps:  4602 | steps_t:  4569 | t: 36.536995 | r:  -100.000000 | e:   0.300000 | Q:   0.113003 | won: True 
#    1 | steps:  4636 | steps_t:  4603 | t: 36.737714 | r:  -102.000000 | e:   0.300000 | Q:   0.113003 | won: True 
#    1 | steps:  4668 | steps_t:  4635 | t: 36.845448 | r:  -104.000000 | e:   0.300000 | Q:   0.113003 | won: True 
#    1 | steps:  4724 | steps_t:  4691 | t: 37.287274 | r:  -106.000000 | e:   0.300000 | Q:   0.113003 | won: True 
#    1 | steps:  4901 | steps_t:  4868 | t: 38.682361 | r:  -108.000000 | e:   0.300000 | Q:   0.113003 | won: True 
#    1 | steps:  4986 | steps_t:  4953 | t: 39.285825 | r:  -110.000000 | e:   0.300000 | Q:   0.113003 | won: True 
#    1 | steps:  5073 | steps_t:  5040 | t: 39.907684 | r:  -112.000000 | e:   0.300000 | Q:   0.113003 | won: True 
#    1 | steps:  5150 | steps_t:  5117 | t: 40.572640 | r:  -114.000000 | e:   0.300000 | Q:   0.113003 | won: True 
#    1 | steps:  5226 | steps_t:  5193 | t: 41.476669 | r:  -116.000000 | e:   0.300000 | Q:   0.113003 | won: True 
#    1 | steps:  5258 | steps_t:  5225 | t: 41.744969 | r:  -118.000000 | e:   0.300000 | Q:   0.113003 | won: True 
#    1 | steps:  5371 | steps_t:  5338 | t: 42.779033 | r:  -120.000000 | e:   0.300000 | Q:   0.113003 | won: True 
#    1 | steps:  5411 | steps_t:  5378 | t: 43.010449 | r:  -122.000000 | e:   0.300000 | Q:   0.113003 | won: True 
#    1 | steps:  5459 | steps_t:  5426 | t: 43.418382 | r:  -124.000000 | e:   0.300000 | Q:   0.113003 | won: True 
#    1 | steps:  5579 | steps_t:  5546 | t: 44.395332 | r:  -126.000000 | e:   0.300000 | Q:   0.113003 | won: True 
#    1 | steps:  5605 | steps_t:  5572 | t: 44.644182 | r:  -128.000000 | e:   0.300000 | Q:   0.113003 | won: True 
#    1 | steps:  5719 | steps_t:  5686 | t: 45.924425 | r:  -130.000000 | e:   0.300000 | Q:   0.113003 | won: True 
#    1 | steps:  5728 | steps_t:  5695 | t: 45.953932 | r:  -132.000000 | e:   0.300000 | Q:   0.113003 | won: True 
#    1 | steps:  5774 | steps_t:  5741 | t: 46.188752 | r:  -134.000000 | e:   0.300000 | Q:   0.113003 | won: True 
#    1 | steps:  5782 | steps_t:  5749 | t: 46.213393 | r:  -136.000000 | e:   0.300000 | Q:   0.113003 | won: True 
