#    1 | steps:   136 | steps_t:     0 | t: 0.212204 | r:  -459.000000 | e:   1.000000 | Q:        nan | won: False 
#    2 | steps:   207 | steps_t:     0 | t: 0.319306 | r:  -526.000000 | e:   1.000000 | Q:        nan | won: False 
#    3 | steps:   296 | steps_t:     0 | t: 0.451933 | r:  -456.000000 | e:   1.000000 | Q:        nan | won: False 
#    4 | steps:   321 | steps_t:     0 | t: 0.494474 | r:  -491.000000 | e:   1.000000 | Q:        nan | won: False 
#    5 | steps:   385 | steps_t:     0 | t: 0.590065 | r:  -508.000000 | e:   1.000000 | Q:        nan | won: False 
#    6 | steps:   429 | steps_t:     0 | t: 0.659632 | r:  -477.000000 | e:   1.000000 | Q:        nan | won: False 
#    7 | steps:   491 | steps_t:     0 | t: 0.751720 | r:  -517.000000 | e:   1.000000 | Q:        nan | won: False 
#    8 | steps:   527 | steps_t:     0 | t: 0.806273 | r:  -480.000000 | e:   1.000000 | Q:        nan | won: False 
#    9 | steps:   566 | steps_t:     0 | t: 0.865830 | r:  -406.000000 | e:   1.000000 | Q:        nan | won: False 
#   10 | steps:   822 | steps_t:     0 | t: 1.242691 | r:  -546.000000 | e:   1.000000 | Q:        nan | won: False 
#   11 | steps:   851 | steps_t:     0 | t: 1.287734 | r:  -396.000000 | e:   1.000000 | Q:        nan | won: False 
#   12 | steps:   870 | steps_t:     0 | t: 1.317763 | r:  -485.000000 | e:   1.000000 | Q:        nan | won: False 
#   13 | steps:   969 | steps_t:     0 | t: 1.463903 | r:  -510.000000 | e:   1.000000 | Q:        nan | won: False 
#   14 | steps:  1058 | steps_t:     0 | t: 1.596029 | r:  -445.000000 | e:   1.000000 | Q:        nan | won: False 
#   15 | steps:  1127 | steps_t:     0 | t: 1.697627 | r:  -502.000000 | e:   1.000000 | Q:        nan | won: False 
#   16 | steps:  1373 | steps_t:     0 | t: 2.124035 | r:  -371.000000 | e:   1.000000 | Q:        nan | won: False 
#   17 | steps:  1432 | steps_t:     0 | t: 2.216123 | r:  -437.000000 | e:   1.000000 | Q:        nan | won: False 
#   18 | steps:  1489 | steps_t:     0 | t: 2.301205 | r:  -435.000000 | e:   1.000000 | Q:        nan | won: False 
#   19 | steps:  1567 | steps_t:     0 | t: 2.420319 | r:  -390.000000 | e:   1.000000 | Q:        nan | won: False 
#   20 | steps:  1625 | steps_t:     0 | t: 2.508904 | r:  -502.000000 | e:   1.000000 | Q:        nan | won: False 
#   21 | steps:  1715 | steps_t:     0 | t: 2.642031 | r:  -424.000000 | e:   1.000000 | Q:        nan | won: False 
#   22 | steps:  1787 | steps_t:     0 | t: 2.751136 | r:  -395.000000 | e:   1.000000 | Q:        nan | won: False 
#   23 | steps:  1831 | steps_t:     0 | t: 2.817700 | r:  -510.000000 | e:   1.000000 | Q:        nan | won: False 
#   24 | steps:  1847 | steps_t:     0 | t: 2.843225 | r:  -438.000000 | e:   1.000000 | Q:        nan | won: False 
#   25 | steps:  1948 | steps_t:     0 | t: 2.992367 | r:  -402.000000 | e:   1.000000 | Q:        nan | won: False 
#   26 | steps:  2103 | steps_t:     0 | t: 3.219084 | r:  -500.000000 | e:   1.000000 | Q:        nan | won: False 
#   27 | steps:  2137 | steps_t:     0 | t: 3.270133 | r:  -467.000000 | e:   1.000000 | Q:        nan | won: False 
#   28 | steps:  2201 | steps_t:     0 | t: 3.365725 | r:  -387.000000 | e:   1.000000 | Q:        nan | won: False 
#   29 | steps:  2239 | steps_t:     0 | t: 3.423280 | r:  -438.000000 | e:   1.000000 | Q:        nan | won: False 
#   30 | steps:  2271 | steps_t:     0 | t: 3.472827 | r:  -476.000000 | e:   1.000000 | Q:        nan | won: False 
#   31 | steps:  2385 | steps_t:     0 | t: 3.639487 | r:  -437.000000 | e:   1.000000 | Q:        nan | won: False 
#   32 | steps:  2416 | steps_t:     0 | t: 3.687533 | r:  -387.000000 | e:   1.000000 | Q:        nan | won: False 
#   33 | steps:  2550 | steps_t:     0 | t: 3.884222 | r:  -567.000000 | e:   1.000000 | Q:        nan | won: False 
#   34 | steps:  2566 | steps_t:     0 | t: 3.909746 | r:  -460.000000 | e:   1.000000 | Q:        nan | won: False 
#   35 | steps:  2606 | steps_t:     0 | t: 3.973307 | r:  -429.000000 | e:   1.000000 | Q:        nan | won: False 
#   36 | steps:  2667 | steps_t:     0 | t: 4.064395 | r:  -505.000000 | e:   1.000000 | Q:        nan | won: False 
#   37 | steps:  2709 | steps_t:     0 | t: 4.127455 | r:  -497.000000 | e:   1.000000 | Q:        nan | won: False 
#   38 | steps:  2755 | steps_t:     0 | t: 4.196521 | r:  -446.000000 | e:   1.000000 | Q:        nan | won: False 
#   39 | steps:  2818 | steps_t:     0 | t: 4.290611 | r:  -408.000000 | e:   1.000000 | Q:        nan | won: False 
#   40 | steps:  2869 | steps_t:     0 | t: 4.368186 | r:  -495.000000 | e:   1.000000 | Q:        nan | won: False 
#   41 | steps:  3068 | steps_t:     0 | t: 4.737039 | r:  -394.000000 | e:   1.000000 | Q:        nan | won: False 
#   42 | steps:  3127 | steps_t:     0 | t: 4.825624 | r:  -481.000000 | e:   1.000000 | Q:        nan | won: False 
#   43 | steps:  3153 | steps_t:     0 | t: 4.866163 | r:  -492.000000 | e:   1.000000 | Q:        nan | won: False 
#   44 | steps:  3246 | steps_t:     0 | t: 5.006297 | r:  -427.000000 | e:   1.000000 | Q:        nan | won: False 
#   45 | steps:  3338 | steps_t:     0 | t: 5.145931 | r:  -459.000000 | e:   1.000000 | Q:        nan | won: False 
#   46 | steps:  3442 | steps_t:     0 | t: 5.299578 | r:  -471.000000 | e:   1.000000 | Q:        nan | won: False 
#   47 | steps:  3503 | steps_t:     0 | t: 5.391666 | r:  -483.000000 | e:   1.000000 | Q:        nan | won: False 
#   48 | steps:  3534 | steps_t:     0 | t: 5.439212 | r:  -486.000000 | e:   1.000000 | Q:        nan | won: False 
#   49 | steps:  3548 | steps_t:     0 | t: 5.461232 | r:  -425.000000 | e:   1.000000 | Q:        nan | won: False 
#   50 | steps:  3644 | steps_t:     0 | t: 5.603369 | r:  -496.000000 | e:   1.000000 | Q:        nan | won: False 
#   51 | steps:  3672 | steps_t:     0 | t: 5.648412 | r:  -439.000000 | e:   1.000000 | Q:        nan | won: False 
#   52 | steps:  3733 | steps_t:     0 | t: 5.738999 | r:  -505.000000 | e:   1.000000 | Q:        nan | won: False 
#   53 | steps:  3837 | steps_t:     0 | t: 5.894648 | r:  -493.000000 | e:   1.000000 | Q:        nan | won: False 
#   54 | steps:  3883 | steps_t:     0 | t: 5.963213 | r:  -424.000000 | e:   1.000000 | Q:        nan | won: False 
#   55 | steps:  3933 | steps_t:     0 | t: 6.038786 | r:  -505.000000 | e:   1.000000 | Q:        nan | won: False 
#   56 | steps:  4082 | steps_t:     0 | t: 6.258997 | r:  -483.000000 | e:   1.000000 | Q:        nan | won: False 
#   57 | steps:  4196 | steps_t:     0 | t: 6.427158 | r:  -360.000000 | e:   1.000000 | Q:        nan | won: False 
#   58 | steps:  4325 | steps_t:     0 | t: 6.618341 | r:  -419.000000 | e:   1.000000 | Q:        nan | won: False 
#   59 | steps:  4366 | steps_t:     0 | t: 6.680401 | r:  -485.000000 | e:   1.000000 | Q:        nan | won: False 
#   60 | steps:  4454 | steps_t:     0 | t: 6.812027 | r:  -510.000000 | e:   1.000000 | Q:        nan | won: False 
#   61 | steps:  4538 | steps_t:     0 | t: 6.940650 | r:  -374.000000 | e:   1.000000 | Q:        nan | won: False 
#   62 | steps:  4576 | steps_t:     0 | t: 6.999707 | r:  -427.000000 | e:   1.000000 | Q:        nan | won: False 
#   63 | steps:  4593 | steps_t:     0 | t: 7.025732 | r:  -494.000000 | e:   1.000000 | Q:        nan | won: False 
#   64 | steps:  4743 | steps_t:     0 | t: 7.247445 | r:  -561.000000 | e:   1.000000 | Q:        nan | won: False 
#   65 | steps:  4774 | steps_t:     0 | t: 7.373064 | r:  -431.000000 | e:   1.000000 | Q:        nan | won: False 
#   66 | steps:  4841 | steps_t:     0 | t: 7.475163 | r:  -489.000000 | e:   1.000000 | Q:        nan | won: False 
#   67 | steps:  4883 | steps_t:     0 | t: 7.540725 | r:  -475.000000 | e:   1.000000 | Q:        nan | won: False 
#   68 | steps:  4918 | steps_t:     0 | t: 7.595277 | r:  -424.000000 | e:   1.000000 | Q:        nan | won: False 
#   69 | steps:  5038 | steps_t:    37 | t: 8.453099 | r:  -454.000000 | e:   0.996300 | Q:        nan | won: False 
#   70 | steps:  5111 | steps_t:   109 | t: 9.132250 | r:  -517.000000 | e:   0.989100 | Q:        nan | won: False 
#   71 | steps:  5133 | steps_t:   130 | t: 9.326436 | r:  -444.000000 | e:   0.987000 | Q:        nan | won: False 
#   72 | steps:  5161 | steps_t:   157 | t: 9.572171 | r:  -483.000000 | e:   0.984300 | Q:        nan | won: False 
#   73 | steps:  5194 | steps_t:   189 | t: 9.875963 | r:  -466.000000 | e:   0.981100 | Q:        nan | won: False 
#   74 | steps:  5229 | steps_t:   223 | t: 10.193267 | r:  -490.000000 | e:   0.977700 | Q:        nan | won: False 
#   75 | steps:  5347 | steps_t:   340 | t: 11.280809 | r:  -551.000000 | e:   0.966000 | Q: -14.417700 | won: False 
#   76 | steps:  5530 | steps_t:   522 | t: 12.998955 | r:  -407.000000 | e:   0.947800 | Q: -18.281704 | won: False 
#   77 | steps:  5626 | steps_t:   617 | t: 13.864284 | r:  -254.000000 | e:   0.938300 | Q: -10.294409 | won: False 
#   78 | steps:  5672 | steps_t:   662 | t: 14.282184 | r:  -446.000000 | e:   0.933800 | Q:        nan | won: False 
#   79 | steps:  5716 | steps_t:   705 | t: 14.694079 | r:  -477.000000 | e:   0.929500 | Q: -10.763824 | won: False 
#   80 | steps:  5751 | steps_t:   739 | t: 15.065935 | r:  -468.000000 | e:   0.926100 | Q: -15.753824 | won: False 
#   81 | steps:  5810 | steps_t:   797 | t: 15.661506 | r:  -481.000000 | e:   0.920300 | Q: -30.121590 | won: False 
#   82 | steps:  5836 | steps_t:   822 | t: 15.924758 | r:  -404.000000 | e:   0.917800 | Q: -27.719376 | won: False 
#   83 | steps:  5938 | steps_t:   923 | t: 17.004793 | r:  -469.000000 | e:   0.907700 | Q: -23.168283 | won: False 
#   84 | steps:  5961 | steps_t:   945 | t: 17.222502 | r:  -467.000000 | e:   0.905500 | Q:        nan | won: False 
#   85 | steps:  6057 | steps_t:  1040 | t: 18.194933 | r:  -408.000000 | e:   0.896000 | Q: -22.756519 | won: False 
#   86 | steps:  6150 | steps_t:  1132 | t: 19.046749 | r:  -394.000000 | e:   0.886800 | Q: -13.946225 | won: False 
#   87 | steps:  6233 | steps_t:  1214 | t: 19.791463 | r:  -494.000000 | e:   0.878600 | Q: -18.190750 | won: False 
#   88 | steps:  6312 | steps_t:  1292 | t: 20.508150 | r:  -534.000000 | e:   0.870800 | Q: -22.262899 | won: False 
#   89 | steps:  6332 | steps_t:  1311 | t: 20.679814 | r:  -475.000000 | e:   0.868900 | Q: -27.176636 | won: False 
#   90 | steps:  6398 | steps_t:  1376 | t: 21.279889 | r:  -433.000000 | e:   0.862400 | Q: -17.157858 | won: False 
#   91 | steps:  6427 | steps_t:  1404 | t: 21.537636 | r:  -484.000000 | e:   0.859600 | Q: -24.195730 | won: False 
#   92 | steps:  6454 | steps_t:  1430 | t: 21.778867 | r:  -471.000000 | e:   0.857000 | Q: -24.184851 | won: False 
#   93 | steps:  6536 | steps_t:  1511 | t: 22.506064 | r:  -493.000000 | e:   0.848900 | Q: -19.404171 | won: False 
#   94 | steps:  6564 | steps_t:  1538 | t: 22.760808 | r:  -483.000000 | e:   0.846200 | Q: -19.934942 | won: False 
#   95 | steps:  6584 | steps_t:  1557 | t: 22.939479 | r:  -464.000000 | e:   0.844300 | Q: -25.833271 | won: False 
#   96 | steps:  6619 | steps_t:  1591 | t: 23.251278 | r:  -468.000000 | e:   0.840900 | Q: -25.226982 | won: False 
#   97 | steps:  6660 | steps_t:  1631 | t: 23.608620 | r:  -452.000000 | e:   0.836900 | Q: -29.579714 | won: False 
#   98 | steps:  6721 | steps_t:  1691 | t: 24.141631 | r:  -461.000000 | e:   0.830900 | Q: -19.012632 | won: False 
#   99 | steps:  6864 | steps_t:  1833 | t: 25.555986 | r:  -422.000000 | e:   0.816700 | Q: -12.304547 | won: False 
#  100 | steps:  6987 | steps_t:  1955 | t: 26.713095 | r:  -325.000000 | e:   0.804500 | Q: -14.113565 | won: False 
#  101 | steps:  7040 | steps_t:  2007 | t: 27.192554 | r:  -453.000000 | e:   0.799300 | Q: -17.691185 | won: False 
#  102 | steps:  7111 | steps_t:  2077 | t: 27.857691 | r:  -482.000000 | e:   0.792300 | Q: -11.412400 | won: False 
#  103 | steps:  7136 | steps_t:  2101 | t: 28.088913 | r:  -469.000000 | e:   0.789900 | Q: -15.754437 | won: False 
#  104 | steps:  7217 | steps_t:  2181 | t: 28.820113 | r:  -492.000000 | e:   0.781900 | Q: -14.710958 | won: False 
#  105 | steps:  7238 | steps_t:  2201 | t: 29.012798 | r:  -476.000000 | e:   0.779900 | Q: -19.546389 | won: False 
#  106 | steps:  7378 | steps_t:  2340 | t: 30.306538 | r:  -309.000000 | e:   0.766000 | Q: -15.131394 | won: False 
#  107 | steps:  7434 | steps_t:  2395 | t: 30.824033 | r:  -489.000000 | e:   0.760500 | Q: -19.307049 | won: False 
#  108 | steps:  7514 | steps_t:  2474 | t: 31.543723 | r:  -480.000000 | e:   0.752600 | Q: -22.532757 | won: False 
#  109 | steps:  7656 | steps_t:  2615 | t: 32.924546 | r:  -432.000000 | e:   0.738500 | Q: -14.883060 | won: False 
#  110 | steps:  7687 | steps_t:  2645 | t: 33.210820 | r:  -497.000000 | e:   0.735500 | Q: -31.227562 | won: False 
#  111 | steps:  7752 | steps_t:  2709 | t: 33.817902 | r:  -465.000000 | e:   0.729100 | Q: -14.681418 | won: False 
#  112 | steps:  7892 | steps_t:  2848 | t: 35.168196 | r:  -298.000000 | e:   0.715200 | Q:  -5.571275 | won: False 
#  113 | steps:  8053 | steps_t:  3008 | t: 36.727690 | r:  -429.000000 | e:   0.699200 | Q: -10.159626 | won: False 
#  114 | steps:  8082 | steps_t:  3036 | t: 37.006958 | r:  -462.000000 | e:   0.696400 | Q:  -6.488241 | won: False 
