#    2 | steps:    19 | steps_t:     0 | t: 0.100654 | r:    -1.000000 | e:   1.000000 | Q:        nan | won: True 
#    3 | steps:    47 | steps_t:    14 | t: 0.252112 | r:    -1.000000 | e:   0.852632 | Q:        nan | won: True 
#    4 | steps:   106 | steps_t:    73 | t: 0.720071 | r:    -1.000000 | e:   0.300000 | Q:   0.123236 | won: True 
#    5 | steps:   147 | steps_t:   114 | t: 0.877336 | r:    -1.000000 | e:   0.300000 | Q:   0.123236 | won: True 
#    6 | steps:   157 | steps_t:   124 | t: 0.914876 | r:    -1.000000 | e:   0.300000 | Q:   0.123236 | won: True 
#    7 | steps:   181 | steps_t:   148 | t: 1.377883 | r:    -1.000000 | e:   0.300000 | Q:   0.123236 | won: True 
#    8 | steps:   197 | steps_t:   164 | t: 1.439029 | r:    -1.000000 | e:   0.300000 | Q:   0.123236 | won: True 
#    9 | steps:   226 | steps_t:   193 | t: 1.573303 | r:    -1.000000 | e:   0.300000 | Q:   0.123236 | won: True 
#   10 | steps:   238 | steps_t:   205 | t: 1.623130 | r:    -1.000000 | e:   0.300000 | Q:   0.123236 | won: True 
#   11 | steps:   251 | steps_t:   218 | t: 1.763123 | r:    -1.000000 | e:   0.300000 | Q:   0.123236 | won: True 
#   12 | steps:   367 | steps_t:   334 | t: 3.191539 | r:     1.000000 | e:   0.300000 | Q:   0.123236 | won: True 
#   13 | steps:   372 | steps_t:   339 | t: 3.212539 | r:    -1.000000 | e:   0.300000 | Q:   0.123236 | won: True 
#   14 | steps:   403 | steps_t:   370 | t: 3.344280 | r:    -1.000000 | e:   0.300000 | Q:   0.123236 | won: True 
#   15 | steps:   414 | steps_t:   381 | t: 3.473861 | r:    -1.000000 | e:   0.300000 | Q:   0.123236 | won: True 
#   16 | steps:   436 | steps_t:   403 | t: 3.655949 | r:    -1.000000 | e:   0.300000 | Q:   0.123236 | won: True 
#   17 | steps:   448 | steps_t:   415 | t: 3.702522 | r:    -1.000000 | e:   0.300000 | Q:   0.123236 | won: True 
#   18 | steps:   461 | steps_t:   428 | t: 3.756632 | r:    -1.000000 | e:   0.300000 | Q:   0.123236 | won: True 
#   19 | steps:   473 | steps_t:   440 | t: 3.805276 | r:    -1.000000 | e:   0.300000 | Q:   0.123236 | won: True 
#   20 | steps:   480 | steps_t:   447 | t: 3.834822 | r:     1.000000 | e:   0.300000 | Q:   0.123236 | won: True 
#   21 | steps:   578 | steps_t:   545 | t: 4.581604 | r:    -1.000000 | e:   0.300000 | Q:   0.123236 | won: True 
#   22 | steps:   605 | steps_t:   572 | t: 4.691994 | r:    -1.000000 | e:   0.300000 | Q:   0.123236 | won: True 
#   23 | steps:   634 | steps_t:   601 | t: 4.823544 | r:    -1.000000 | e:   0.300000 | Q:   0.123236 | won: True 
#   24 | steps:   643 | steps_t:   610 | t: 4.863991 | r:    -1.000000 | e:   0.300000 | Q:   0.123236 | won: True 
#   25 | steps:   652 | steps_t:   619 | t: 4.902853 | r:    -1.000000 | e:   0.300000 | Q:   0.123236 | won: True 
#   26 | steps:   671 | steps_t:   638 | t: 5.153105 | r:    -1.000000 | e:   0.300000 | Q:   0.123236 | won: True 
#   27 | steps:   693 | steps_t:   660 | t: 5.503879 | r:    -1.000000 | e:   0.300000 | Q:   0.123236 | won: True 
#   28 | steps:   771 | steps_t:   738 | t: 5.806059 | r:    -1.000000 | e:   0.300000 | Q:   0.123236 | won: True 
#   29 | steps:   781 | steps_t:   748 | t: 5.848702 | r:    -1.000000 | e:   0.300000 | Q:   0.123236 | won: True 
#   30 | steps:   800 | steps_t:   767 | t: 6.033176 | r:    -1.000000 | e:   0.300000 | Q:   0.123236 | won: True 
#   31 | steps:   807 | steps_t:   774 | t: 6.152520 | r:    -1.000000 | e:   0.300000 | Q:   0.123236 | won: True 
#   32 | steps:   834 | steps_t:   801 | t: 6.275959 | r:    -1.000000 | e:   0.300000 | Q:   0.123236 | won: True 
#   33 | steps:   845 | steps_t:   812 | t: 6.417813 | r:    -1.000000 | e:   0.300000 | Q:   0.123236 | won: True 
#   34 | steps:   856 | steps_t:   823 | t: 6.556415 | r:    -1.000000 | e:   0.300000 | Q:   0.123236 | won: True 
#   35 | steps:   876 | steps_t:   843 | t: 6.652402 | r:     1.000000 | e:   0.300000 | Q:   0.123236 | won: True 
#   36 | steps:  1058 | steps_t:  1025 | t: 8.300584 | r:    -1.000000 | e:   0.300000 | Q:   0.123236 | won: True 
#   37 | steps:  1076 | steps_t:  1043 | t: 8.383511 | r:    -1.000000 | e:   0.300000 | Q:   0.123236 | won: True 
#   38 | steps:  1082 | steps_t:  1049 | t: 8.414029 | r:    -1.000000 | e:   0.300000 | Q:   0.123236 | won: True 
#   39 | steps:  1169 | steps_t:  1136 | t: 9.225631 | r:    -1.000000 | e:   0.300000 | Q:   0.123236 | won: True 
#   40 | steps:  1187 | steps_t:  1154 | t: 9.310363 | r:    -1.000000 | e:   0.300000 | Q:   0.123236 | won: True 
#   41 | steps:  1223 | steps_t:  1190 | t: 9.822453 | r:    -1.000000 | e:   0.300000 | Q:   0.123236 | won: True 
#   42 | steps:  1238 | steps_t:  1205 | t: 10.072033 | r:    -1.000000 | e:   0.300000 | Q:   0.123236 | won: True 
#   43 | steps:  1288 | steps_t:  1255 | t: 10.380402 | r:    -1.000000 | e:   0.300000 | Q:   0.123236 | won: True 
#   44 | steps:  1344 | steps_t:  1311 | t: 10.806036 | r:    -1.000000 | e:   0.300000 | Q:   0.123236 | won: True 
#   45 | steps:  1354 | steps_t:  1321 | t: 10.935070 | r:    -1.000000 | e:   0.300000 | Q:   0.123236 | won: True 
#   46 | steps:  1368 | steps_t:  1335 | t: 10.994083 | r:    -1.000000 | e:   0.300000 | Q:   0.123236 | won: True 
#   47 | steps:  1394 | steps_t:  1361 | t: 11.216840 | r:    -1.000000 | e:   0.300000 | Q:   0.123236 | won: True 
#   48 | steps:  1473 | steps_t:  1440 | t: 11.813851 | r:    -1.000000 | e:   0.300000 | Q:   0.123236 | won: True 
#   49 | steps:  1499 | steps_t:  1466 | t: 11.928264 | r:    -1.000000 | e:   0.300000 | Q:   0.123236 | won: True 
#   50 | steps:  1560 | steps_t:  1527 | t: 12.438035 | r:    -1.000000 | e:   0.300000 | Q:   0.123236 | won: True 
#   51 | steps:  1661 | steps_t:  1628 | t: 13.021244 | r:    -1.000000 | e:   0.300000 | Q:   0.123236 | won: True 
#   52 | steps:  1770 | steps_t:  1737 | t: 13.947891 | r:    -1.000000 | e:   0.300000 | Q:   0.123236 | won: True 
#   53 | steps:  1819 | steps_t:  1786 | t: 14.421920 | r:    -1.000000 | e:   0.300000 | Q:   0.123236 | won: True 
#   54 | steps:  1895 | steps_t:  1862 | t: 15.033378 | r:    -1.000000 | e:   0.300000 | Q:   0.123236 | won: True 
#   55 | steps:  1949 | steps_t:  1916 | t: 15.831973 | r:     1.000000 | e:   0.300000 | Q:   0.123236 | won: True 
#   56 | steps:  2325 | steps_t:  2292 | t: 18.941499 | r:    -1.000000 | e:   0.300000 | Q:   0.123236 | won: True 
#   57 | steps:  2413 | steps_t:  2380 | t: 19.556870 | r:    -1.000000 | e:   0.300000 | Q:   0.123236 | won: True 
#   58 | steps:  2546 | steps_t:  2513 | t: 20.516262 | r:    -1.000000 | e:   0.300000 | Q:   0.123236 | won: True 
#   59 | steps:  2589 | steps_t:  2556 | t: 20.776718 | r:    -1.000000 | e:   0.300000 | Q:   0.123236 | won: True 
#   60 | steps:  2647 | steps_t:  2614 | t: 21.187356 | r:    -1.000000 | e:   0.300000 | Q:   0.123236 | won: True 
#   61 | steps:  2714 | steps_t:  2681 | t: 21.640746 | r:    -1.000000 | e:   0.300000 | Q:   0.123236 | won: True 
#   62 | steps:  2755 | steps_t:  2722 | t: 21.911815 | r:    -1.000000 | e:   0.300000 | Q:   0.123236 | won: True 
#   63 | steps:  2802 | steps_t:  2769 | t: 22.351032 | r:    -1.000000 | e:   0.300000 | Q:   0.123236 | won: True 
#   64 | steps:  2833 | steps_t:  2800 | t: 22.514221 | r:    -1.000000 | e:   0.300000 | Q:   0.123236 | won: True 
#   65 | steps:  2864 | steps_t:  2831 | t: 22.701579 | r:    -1.000000 | e:   0.300000 | Q:   0.123236 | won: True 
#   66 | steps:  2879 | steps_t:  2846 | t: 22.968195 | r:    -1.000000 | e:   0.300000 | Q:   0.123236 | won: True 
#   67 | steps:  2931 | steps_t:  2898 | t: 23.398308 | r:    -1.000000 | e:   0.300000 | Q:   0.123236 | won: True 
#   68 | steps:  3051 | steps_t:  3018 | t: 24.744505 | r:    -1.000000 | e:   0.300000 | Q:   0.123236 | won: True 
#   69 | steps:  3066 | steps_t:  3033 | t: 24.822431 | r:    -1.000000 | e:   0.300000 | Q:   0.123236 | won: True 
#   70 | steps:  3101 | steps_t:  3068 | t: 25.398863 | r:    -1.000000 | e:   0.300000 | Q:   0.123236 | won: True 
#   71 | steps:  3197 | steps_t:  3164 | t: 26.894520 | r:    -1.000000 | e:   0.300000 | Q:   0.123236 | won: True 
#   72 | steps:  3270 | steps_t:  3237 | t: 27.459842 | r:    -1.000000 | e:   0.300000 | Q:   0.123236 | won: True 
#   73 | steps:  3368 | steps_t:  3335 | t: 28.394896 | r:    -1.000000 | e:   0.300000 | Q:   0.123236 | won: True 
#   74 | steps:  3447 | steps_t:  3414 | t: 29.089962 | r:    -1.000000 | e:   0.300000 | Q:   0.123236 | won: True 
#   75 | steps:  3477 | steps_t:  3444 | t: 29.265280 | r:    -1.000000 | e:   0.300000 | Q:   0.123236 | won: True 
#   76 | steps:  3547 | steps_t:  3514 | t: 29.732090 | r:    -1.000000 | e:   0.300000 | Q:   0.123236 | won: True 
#   77 | steps:  3561 | steps_t:  3528 | t: 29.805855 | r:    -1.000000 | e:   0.300000 | Q:   0.123236 | won: True 
#   78 | steps:  3580 | steps_t:  3547 | t: 30.018521 | r:    -1.000000 | e:   0.300000 | Q:   0.123236 | won: True 
#   79 | steps:  3636 | steps_t:  3603 | t: 30.406814 | r:    -1.000000 | e:   0.300000 | Q:   0.123236 | won: True 
#   80 | steps:  3648 | steps_t:  3615 | t: 30.480531 | r:    -1.000000 | e:   0.300000 | Q:   0.123236 | won: True 
#   81 | steps:  3664 | steps_t:  3631 | t: 30.567356 | r:    -1.000000 | e:   0.300000 | Q:   0.123236 | won: True 
#   82 | steps:  3679 | steps_t:  3646 | t: 30.650684 | r:    -1.000000 | e:   0.300000 | Q:   0.123236 | won: True 
#   83 | steps:  3780 | steps_t:  3747 | t: 32.017722 | r:    -1.000000 | e:   0.300000 | Q:   0.123236 | won: True 
#   84 | steps:  3854 | steps_t:  3821 | t: 32.738168 | r:    -1.000000 | e:   0.300000 | Q:   0.123236 | won: True 
#   85 | steps:  3907 | steps_t:  3874 | t: 33.318300 | r:    -1.000000 | e:   0.300000 | Q:   0.123236 | won: True 
#   86 | steps:  4027 | steps_t:  3994 | t: 34.736752 | r:    -1.000000 | e:   0.300000 | Q:   0.123236 | won: True 
#   87 | steps:  4075 | steps_t:  4042 | t: 35.199599 | r:    -1.000000 | e:   0.300000 | Q:   0.123236 | won: True 
#   88 | steps:  4171 | steps_t:  4138 | t: 36.126890 | r:    -1.000000 | e:   0.300000 | Q:   0.123236 | won: True 
#   89 | steps:  4197 | steps_t:  4164 | t: 36.260000 | r:    -1.000000 | e:   0.300000 | Q:   0.123236 | won: True 
#   90 | steps:  4203 | steps_t:  4170 | t: 36.290229 | r:    -1.000000 | e:   0.300000 | Q:   0.123236 | won: True 
#   91 | steps:  4239 | steps_t:  4206 | t: 36.890696 | r:    -1.000000 | e:   0.300000 | Q:   0.123236 | won: True 
#   92 | steps:  4282 | steps_t:  4249 | t: 37.343207 | r:    -1.000000 | e:   0.300000 | Q:   0.123236 | won: True 
#   93 | steps:  4385 | steps_t:  4352 | t: 38.796088 | r:    -1.000000 | e:   0.300000 | Q:   0.123236 | won: True 
#   94 | steps:  4451 | steps_t:  4418 | t: 39.463914 | r:    -1.000000 | e:   0.300000 | Q:   0.123236 | won: True 
#   95 | steps:  4645 | steps_t:  4612 | t: 41.107105 | r:    -1.000000 | e:   0.300000 | Q:   0.123236 | won: True 
#   96 | steps:  4677 | steps_t:  4644 | t: 41.572568 | r:    -1.000000 | e:   0.300000 | Q:   0.123236 | won: True 
#   97 | steps:  4863 | steps_t:  4830 | t: 43.507627 | r:    -1.000000 | e:   0.300000 | Q:   0.123236 | won: True 
#   98 | steps:  4978 | steps_t:  4945 | t: 44.905451 | r:    -1.000000 | e:   0.300000 | Q:   0.123236 | won: True 
#   99 | steps:  5027 | steps_t:  4994 | t: 45.387645 | r:    -1.000000 | e:   0.300000 | Q:   0.123236 | won: True 
#  100 | steps:  5051 | steps_t:  5018 | t: 45.585952 | r:    -1.000000 | e:   0.300000 | Q:   0.123236 | won: True 
#  101 | steps:  5117 | steps_t:  5084 | t: 46.307618 | r:    -1.000000 | e:   0.300000 | Q:   0.123236 | won: True 
#  102 | steps:  5315 | steps_t:  5282 | t: 48.354733 | r:    -1.000000 | e:   0.300000 | Q:   0.123236 | won: True 
#  103 | steps:  5367 | steps_t:  5334 | t: 48.837374 | r:    -1.000000 | e:   0.300000 | Q:   0.123236 | won: True 
#  104 | steps:  5414 | steps_t:  5381 | t: 49.293537 | r:    -1.000000 | e:   0.300000 | Q:   0.123236 | won: True 
#  105 | steps:  5534 | steps_t:  5501 | t: 50.381318 | r:     1.000000 | e:   0.300000 | Q:   0.123236 | won: True 
#  106 | steps:  5655 | steps_t:  5622 | t: 51.542661 | r:    -1.000000 | e:   0.300000 | Q:   0.123236 | won: True 
#  107 | steps:  5698 | steps_t:  5665 | t: 51.799738 | r:    -1.000000 | e:   0.300000 | Q:   0.123236 | won: True 
#  108 | steps:  5767 | steps_t:  5734 | t: 52.240873 | r:    -1.000000 | e:   0.300000 | Q:   0.123236 | won: True 
#  109 | steps:  5816 | steps_t:  5783 | t: 52.527150 | r:    -1.000000 | e:   0.300000 | Q:   0.123236 | won: True 
#  110 | steps:  5843 | steps_t:  5810 | t: 52.642493 | r:    -1.000000 | e:   0.300000 | Q:   0.123236 | won: True 
#  111 | steps:  5926 | steps_t:  5893 | t: 53.369694 | r:    -1.000000 | e:   0.300000 | Q:   0.123236 | won: True 
#  112 | steps:  5994 | steps_t:  5961 | t: 53.922586 | r:     1.000000 | e:   0.300000 | Q:   0.123236 | won: True 
#  113 | steps:  6002 | steps_t:  5969 | t: 53.952463 | r:     1.000000 | e:   0.300000 | Q:   0.123236 | won: True 
#  114 | steps:  6040 | steps_t:  6007 | t: 54.460464 | r:    -1.000000 | e:   0.300000 | Q:   0.123236 | won: True 
#  115 | steps:  6102 | steps_t:  6069 | t: 54.809402 | r:    -1.000000 | e:   0.300000 | Q:   0.123236 | won: True 
#  116 | steps:  6232 | steps_t:  6199 | t: 55.630449 | r:    -1.000000 | e:   0.300000 | Q:   0.123236 | won: True 
#  117 | steps:  6298 | steps_t:  6265 | t: 55.934117 | r:    -1.000000 | e:   0.300000 | Q:   0.123236 | won: True 
#  118 | steps:  6316 | steps_t:  6283 | t: 56.215213 | r:     1.000000 | e:   0.300000 | Q:   0.123236 | won: True 
#  119 | steps:  6507 | steps_t:  6474 | t: 58.091097 | r:    -1.000000 | e:   0.300000 | Q:   0.123236 | won: True 
#  120 | steps:  6578 | steps_t:  6545 | t: 58.621176 | r:    -1.000000 | e:   0.300000 | Q:   0.123236 | won: True 
#  121 | steps:  6626 | steps_t:  6593 | t: 59.052198 | r:    -1.000000 | e:   0.300000 | Q:   0.123236 | won: True 
#  122 | steps:  6700 | steps_t:  6667 | t: 60.244188 | r:    -1.000000 | e:   0.300000 | Q:   0.123236 | won: True 
#  123 | steps:  6756 | steps_t:  6723 | t: 60.930686 | r:    -1.000000 | e:   0.300000 | Q:   0.123236 | won: True 
#  124 | steps:  6946 | steps_t:  6913 | t: 62.815045 | r:    -1.000000 | e:   0.300000 | Q:   0.123236 | won: True 
#  125 | steps:  6982 | steps_t:  6949 | t: 63.148233 | r:    -1.000000 | e:   0.300000 | Q:   0.123236 | won: True 
#  126 | steps:  7095 | steps_t:  7062 | t: 64.017769 | r:    -1.000000 | e:   0.300000 | Q:   0.123236 | won: True 
#  127 | steps:  7135 | steps_t:  7102 | t: 64.191553 | r:    -1.000000 | e:   0.300000 | Q:   0.123236 | won: True 
#  128 | steps:  7209 | steps_t:  7176 | t: 64.901865 | r:    -1.000000 | e:   0.300000 | Q:   0.123236 | won: True 
#  129 | steps:  7233 | steps_t:  7200 | t: 65.104258 | r:    -1.000000 | e:   0.300000 | Q:   0.123236 | won: True 
#  130 | steps:  7333 | steps_t:  7300 | t: 66.299381 | r:    -1.000000 | e:   0.300000 | Q:   0.123236 | won: True 
#  131 | steps:  7520 | steps_t:  7487 | t: 68.029848 | r:    -1.000000 | e:   0.300000 | Q:   0.123236 | won: True 
#  132 | steps:  7712 | steps_t:  7679 | t: 69.484405 | r:    -1.000000 | e:   0.300000 | Q:   0.123236 | won: True 
#  133 | steps:  7798 | steps_t:  7765 | t: 70.384414 | r:    -1.000000 | e:   0.300000 | Q:   0.123236 | won: True 
#  134 | steps:  7911 | steps_t:  7878 | t: 71.744596 | r:    -1.000000 | e:   0.300000 | Q:   0.123236 | won: True 
#  135 | steps:  7994 | steps_t:  7961 | t: 72.909880 | r:     1.000000 | e:   0.300000 | Q:   0.123236 | won: True 
#  136 | steps:  8048 | steps_t:  8015 | t: 73.309598 | r:    -1.000000 | e:   0.300000 | Q:   0.123236 | won: True 
#  137 | steps:  8082 | steps_t:  8049 | t: 73.457111 | r:    -1.000000 | e:   0.300000 | Q:   0.123236 | won: True 
#  138 | steps:  8177 | steps_t:  8144 | t: 74.220368 | r:    -1.000000 | e:   0.300000 | Q:   0.123236 | won: True 
#  139 | steps:  8314 | steps_t:  8281 | t: 75.907816 | r:    -1.000000 | e:   0.300000 | Q:   0.123236 | won: True 
#  140 | steps:  8399 | steps_t:  8366 | t: 76.478044 | r:    -1.000000 | e:   0.300000 | Q:   0.123236 | won: True 
#  141 | steps:  8532 | steps_t:  8499 | t: 77.781262 | r:    -1.000000 | e:   0.300000 | Q:   0.123236 | won: True 
#  142 | steps:  8636 | steps_t:  8603 | t: 78.921857 | r:    -1.000000 | e:   0.300000 | Q:   0.123236 | won: True 
#  143 | steps:  8714 | steps_t:  8681 | t: 79.570191 | r:    -1.000000 | e:   0.300000 | Q:   0.123236 | won: True 
#  144 | steps:  8801 | steps_t:  8768 | t: 80.778713 | r:    -1.000000 | e:   0.300000 | Q:   0.123236 | won: True 
#  145 | steps:  8828 | steps_t:  8795 | t: 80.978281 | r:    -1.000000 | e:   0.300000 | Q:   0.123236 | won: True 
#  146 | steps:  8838 | steps_t:  8805 | t: 81.533441 | r:    -1.000000 | e:   0.300000 | Q:   0.123236 | won: True 
#  147 | steps:  8868 | steps_t:  8835 | t: 81.994388 | r:    -1.000000 | e:   0.300000 | Q:   0.123236 | won: True 
#  148 | steps:  8889 | steps_t:  8856 | t: 82.135864 | r:    -1.000000 | e:   0.300000 | Q:   0.123236 | won: True 
#  149 | steps:  9135 | steps_t:  9102 | t: 85.241643 | r:    -1.000000 | e:   0.300000 | Q:   0.123236 | won: True 
#  150 | steps:  9145 | steps_t:  9112 | t: 85.447700 | r:    -1.000000 | e:   0.300000 | Q:   0.123236 | won: True 
#  151 | steps:  9175 | steps_t:  9142 | t: 85.998725 | r:    -1.000000 | e:   0.300000 | Q:   0.123236 | won: True 
#  152 | steps:  9314 | steps_t:  9281 | t: 87.160644 | r:    -1.000000 | e:   0.300000 | Q:   0.123236 | won: True 
#  153 | steps:  9359 | steps_t:  9326 | t: 87.503199 | r:    -1.000000 | e:   0.300000 | Q:   0.123236 | won: True 
#  154 | steps:  9448 | steps_t:  9415 | t: 88.364005 | r:    -1.000000 | e:   0.300000 | Q:   0.123236 | won: True 
#  155 | steps:  9569 | steps_t:  9536 | t: 89.558263 | r:    -1.000000 | e:   0.300000 | Q:   0.123236 | won: True 
#  156 | steps:  9740 | steps_t:  9707 | t: 90.998750 | r:    -1.000000 | e:   0.300000 | Q:   0.123236 | won: True 
#  157 | steps:  9747 | steps_t:  9714 | t: 91.036043 | r:    -1.000000 | e:   0.300000 | Q:   0.123236 | won: True 
#  158 | steps:  9765 | steps_t:  9732 | t: 91.124310 | r:    -1.000000 | e:   0.300000 | Q:   0.123236 | won: True 
#  159 | steps:  9845 | steps_t:  9812 | t: 91.935171 | r:    -1.000000 | e:   0.300000 | Q:   0.123236 | won: True 
#  160 | steps:  9873 | steps_t:  9840 | t: 92.086330 | r:    -1.000000 | e:   0.300000 | Q:   0.123236 | won: True 
#  161 | steps:  9894 | steps_t:  9861 | t: 92.331349 | r:    -1.000000 | e:   0.300000 | Q:   0.123236 | won: True 
#  162 | steps:  9924 | steps_t:  9891 | t: 92.667699 | r:    -1.000000 | e:   0.300000 | Q:   0.123236 | won: True 
#  163 | steps: 10063 | steps_t: 10030 | t: 94.601742 | r:    -1.000000 | e:   0.300000 | Q:   0.123236 | won: True 
#  164 | steps: 10101 | steps_t: 10068 | t: 95.004482 | r:    -1.000000 | e:   0.300000 | Q:   0.123236 | won: True 
#  165 | steps: 10226 | steps_t: 10193 | t: 95.877812 | r:    -1.000000 | e:   0.300000 | Q:   0.123236 | won: True 
#  166 | steps: 10402 | steps_t: 10369 | t: 97.568650 | r:    -1.000000 | e:   0.300000 | Q:   0.123236 | won: True 
#  167 | steps: 10428 | steps_t: 10395 | t: 98.053144 | r:    -1.000000 | e:   0.300000 | Q:   0.123236 | won: True 
#  168 | steps: 10492 | steps_t: 10459 | t: 98.796086 | r:    -1.000000 | e:   0.300000 | Q:   0.123236 | won: True 
#  169 | steps: 10541 | steps_t: 10508 | t: 99.467918 | r:    -1.000000 | e:   0.300000 | Q:   0.123236 | won: True 
#  170 | steps: 10554 | steps_t: 10521 | t: 99.701128 | r:    -1.000000 | e:   0.300000 | Q:   0.123236 | won: True 
#  171 | steps: 10572 | steps_t: 10539 | t: 99.878671 | r:    -1.000000 | e:   0.300000 | Q:   0.123236 | won: True 
#  172 | steps: 10819 | steps_t: 10786 | t: 101.909942 | r:    -1.000000 | e:   0.300000 | Q:   0.123236 | won: True 
#  173 | steps: 10896 | steps_t: 10863 | t: 102.831330 | r:    -1.000000 | e:   0.300000 | Q:   0.123236 | won: True 
#  174 | steps: 10939 | steps_t: 10906 | t: 103.125150 | r:    -1.000000 | e:   0.300000 | Q:   0.123236 | won: True 
#  175 | steps: 10990 | steps_t: 10957 | t: 103.736680 | r:    -1.000000 | e:   0.300000 | Q:   0.123236 | won: True 
#  176 | steps: 11212 | steps_t: 11179 | t: 105.512673 | r:    -1.000000 | e:   0.300000 | Q:   0.123236 | won: True 
#  177 | steps: 11306 | steps_t: 11273 | t: 106.365731 | r:    -1.000000 | e:   0.300000 | Q:   0.123236 | won: True 
#  178 | steps: 11328 | steps_t: 11295 | t: 106.639183 | r:    -1.000000 | e:   0.300000 | Q:   0.123236 | won: True 
#  179 | steps: 11384 | steps_t: 11351 | t: 107.149741 | r:    -1.000000 | e:   0.300000 | Q:   0.123236 | won: True 
#  180 | steps: 11403 | steps_t: 11370 | t: 107.322818 | r:    -1.000000 | e:   0.300000 | Q:   0.123236 | won: True 
#  181 | steps: 11497 | steps_t: 11464 | t: 107.992952 | r:    -1.000000 | e:   0.300000 | Q:   0.123236 | won: True 
#  182 | steps: 11593 | steps_t: 11560 | t: 108.983651 | r:    -1.000000 | e:   0.300000 | Q:   0.123236 | won: True 
#  183 | steps: 11689 | steps_t: 11656 | t: 110.001069 | r:    -1.000000 | e:   0.300000 | Q:   0.123236 | won: True 
#  184 | steps: 11783 | steps_t: 11750 | t: 110.752402 | r:    -1.000000 | e:   0.300000 | Q:   0.123236 | won: True 
#  185 | steps: 11796 | steps_t: 11763 | t: 110.807150 | r:    -1.000000 | e:   0.300000 | Q:   0.123236 | won: True 
#  186 | steps: 11917 | steps_t: 11884 | t: 112.089211 | r:    -1.000000 | e:   0.300000 | Q:   0.123236 | won: True 
#  187 | steps: 11961 | steps_t: 11928 | t: 112.458600 | r:    -1.000000 | e:   0.300000 | Q:   0.123236 | won: True 
#  188 | steps: 12004 | steps_t: 11971 | t: 112.994265 | r:    -1.000000 | e:   0.300000 | Q:   0.123236 | won: True 
#  189 | steps: 12151 | steps_t: 12118 | t: 114.261525 | r:    -1.000000 | e:   0.300000 | Q:   0.123236 | won: True 
