#    1 | steps:    11 | steps_t:     0 | t: 0.088483 | r:    -2.000000 | e:   1.000000 | Q:        nan | won: True 
#    1 | steps:    29 | steps_t:     0 | t: 0.091403 | r:    -4.000000 | e:   1.000000 | Q:        nan | won: True 
#    1 | steps:    57 | steps_t:    24 | t: 0.339181 | r:    -6.000000 | e:   0.747368 | Q:   0.125258 | won: True 
#    1 | steps:    74 | steps_t:    41 | t: 0.468392 | r:    -8.000000 | e:   0.568421 | Q:   0.125258 | won: True 
#    1 | steps:   102 | steps_t:    69 | t: 0.722735 | r:    -6.000000 | e:   0.300000 | Q:   0.125258 | won: True 
#    1 | steps:   111 | steps_t:    78 | t: 0.837373 | r:    -8.000000 | e:   0.300000 | Q:   0.125258 | won: True 
#    1 | steps:   118 | steps_t:    85 | t: 0.857719 | r:   -10.000000 | e:   0.300000 | Q:   0.143718 | won: True 
#    1 | steps:   138 | steps_t:   105 | t: 1.023468 | r:   -12.000000 | e:   0.300000 | Q:   0.143718 | won: True 
#    1 | steps:   148 | steps_t:   115 | t: 1.141706 | r:   -14.000000 | e:   0.300000 | Q:   0.143718 | won: True 
#    1 | steps:   158 | steps_t:   125 | t: 1.253215 | r:   -16.000000 | e:   0.300000 | Q:   0.143718 | won: True 
#    1 | steps:   164 | steps_t:   131 | t: 1.360835 | r:   -18.000000 | e:   0.300000 | Q:   0.143718 | won: True 
#    1 | steps:   412 | steps_t:   379 | t: 3.108396 | r:   -20.000000 | e:   0.300000 | Q:   0.143718 | won: True 
#    1 | steps:   662 | steps_t:   629 | t: 5.025435 | r:   -22.000000 | e:   0.300000 | Q:   0.143718 | won: True 
#    1 | steps:   681 | steps_t:   648 | t: 5.090256 | r:   -24.000000 | e:   0.300000 | Q:   0.143718 | won: True 
#    1 | steps:  1023 | steps_t:   990 | t: 7.836869 | r:   -22.000000 | e:   0.300000 | Q:   0.143718 | won: True 
#    1 | steps:  1248 | steps_t:  1215 | t: 9.671881 | r:   -20.000000 | e:   0.300000 | Q:   0.276824 | won: True 
#    1 | steps:  1415 | steps_t:  1382 | t: 10.675075 | r:   -22.000000 | e:   0.300000 | Q:   0.276824 | won: True 
#    1 | steps:  1440 | steps_t:  1407 | t: 10.916983 | r:   -20.000000 | e:   0.300000 | Q:   0.276824 | won: True 
#    1 | steps:  1479 | steps_t:  1446 | t: 11.283042 | r:   -18.000000 | e:   0.300000 | Q:   0.276824 | won: True 
#    1 | steps:  1553 | steps_t:  1520 | t: 12.176425 | r:   -16.000000 | e:   0.300000 | Q:   0.276824 | won: True 
#    1 | steps:  1578 | steps_t:  1545 | t: 12.421147 | r:   -14.000000 | e:   0.300000 | Q:   0.276824 | won: True 
#    1 | steps:  1619 | steps_t:  1586 | t: 12.711367 | r:   -16.000000 | e:   0.300000 | Q:   0.276824 | won: True 
#    1 | steps:  1626 | steps_t:  1593 | t: 12.816181 | r:   -18.000000 | e:   0.300000 | Q:   0.276824 | won: True 
#    1 | steps:  1648 | steps_t:  1615 | t: 13.130402 | r:   -16.000000 | e:   0.300000 | Q:   0.276824 | won: True 
#    1 | steps:  1665 | steps_t:  1632 | t: 13.273160 | r:   -14.000000 | e:   0.300000 | Q:   0.276824 | won: True 
#    1 | steps:  1728 | steps_t:  1695 | t: 13.713310 | r:   -12.000000 | e:   0.300000 | Q:   0.319130 | won: True 
#    1 | steps:  1754 | steps_t:  1721 | t: 13.797791 | r:   -10.000000 | e:   0.300000 | Q:   0.379030 | won: True 
#    1 | steps:  1853 | steps_t:  1820 | t: 14.264693 | r:    -8.000000 | e:   0.300000 | Q:   0.556294 | won: True 
#    1 | steps:  1863 | steps_t:  1830 | t: 14.378083 | r:   -10.000000 | e:   0.300000 | Q:   0.556294 | won: True 
#    1 | steps:  1893 | steps_t:  1860 | t: 14.554005 | r:   -12.000000 | e:   0.300000 | Q:   0.556294 | won: True 
#    1 | steps:  1906 | steps_t:  1873 | t: 14.594247 | r:   -14.000000 | e:   0.300000 | Q:   0.556294 | won: True 
#    1 | steps:  1918 | steps_t:  1885 | t: 14.637974 | r:   -16.000000 | e:   0.300000 | Q:   0.556294 | won: True 
#    1 | steps:  1935 | steps_t:  1902 | t: 14.779057 | r:   -18.000000 | e:   0.300000 | Q:   0.556294 | won: True 
#    1 | steps:  1941 | steps_t:  1908 | t: 14.796401 | r:   -20.000000 | e:   0.300000 | Q:   0.556294 | won: True 
#    1 | steps:  1969 | steps_t:  1936 | t: 14.965462 | r:   -18.000000 | e:   0.300000 | Q:   0.556294 | won: True 
#    1 | steps:  1998 | steps_t:  1965 | t: 15.142471 | r:   -16.000000 | e:   0.300000 | Q:   0.556294 | won: True 
#    1 | steps:  2010 | steps_t:  1977 | t: 15.180662 | r:   -14.000000 | e:   0.300000 | Q:   0.556294 | won: True 
#    1 | steps:  2046 | steps_t:  2013 | t: 15.710676 | r:   -12.000000 | e:   0.300000 | Q:   0.556294 | won: True 
#    1 | steps:  2062 | steps_t:  2029 | t: 15.761289 | r:   -10.000000 | e:   0.300000 | Q:   0.556294 | won: True 
#    1 | steps:  2068 | steps_t:  2035 | t: 15.780107 | r:   -12.000000 | e:   0.300000 | Q:   0.556294 | won: True 
#    1 | steps:  2076 | steps_t:  2043 | t: 15.807004 | r:   -14.000000 | e:   0.300000 | Q:   0.556294 | won: True 
#    1 | steps:  2087 | steps_t:  2054 | t: 15.924383 | r:   -12.000000 | e:   0.300000 | Q:   0.556294 | won: True 
#    1 | steps:  2102 | steps_t:  2069 | t: 16.060620 | r:   -10.000000 | e:   0.300000 | Q:   0.556294 | won: True 
#    1 | steps:  2109 | steps_t:  2076 | t: 16.163057 | r:    -8.000000 | e:   0.300000 | Q:   0.556294 | won: True 
#    1 | steps:  2123 | steps_t:  2090 | t: 16.374761 | r:    -6.000000 | e:   0.300000 | Q:   0.556294 | won: True 
#    1 | steps:  2136 | steps_t:  2103 | t: 16.416793 | r:    -8.000000 | e:   0.300000 | Q:   0.556294 | won: True 
#    1 | steps:  2145 | steps_t:  2112 | t: 16.446899 | r:    -6.000000 | e:   0.300000 | Q:   0.556294 | won: True 
#    1 | steps:  2158 | steps_t:  2125 | t: 16.491877 | r:    -4.000000 | e:   0.300000 | Q:   0.556294 | won: True 
#    1 | steps:  2167 | steps_t:  2134 | t: 16.521833 | r:    -2.000000 | e:   0.300000 | Q:   0.556294 | won: True 
#    1 | steps:  2180 | steps_t:  2147 | t: 16.566780 | r:     0.000000 | e:   0.300000 | Q:   0.556294 | won: True 
#    1 | steps:  2219 | steps_t:  2186 | t: 16.777857 | r:     2.000000 | e:   0.300000 | Q:   0.694940 | won: True 
#    1 | steps:  2227 | steps_t:  2194 | t: 16.804187 | r:     4.000000 | e:   0.300000 | Q:   0.777645 | won: True 
#    1 | steps:  2237 | steps_t:  2204 | t: 16.835029 | r:     6.000000 | e:   0.300000 | Q:   0.828561 | won: True 
#    1 | steps:  2243 | steps_t:  2210 | t: 16.940175 | r:     8.000000 | e:   0.300000 | Q:   0.828561 | won: True 
#    1 | steps:  2253 | steps_t:  2220 | t: 16.974508 | r:    10.000000 | e:   0.300000 | Q:   0.891920 | won: True 
#    1 | steps:  2279 | steps_t:  2246 | t: 17.314668 | r:    12.000000 | e:   0.300000 | Q:   1.087766 | won: True 
#    1 | steps:  2286 | steps_t:  2253 | t: 17.499646 | r:    14.000000 | e:   0.300000 | Q:   1.113847 | won: True 
#    1 | steps:  2298 | steps_t:  2265 | t: 17.627184 | r:    16.000000 | e:   0.300000 | Q:   1.113847 | won: True 
#    1 | steps:  2304 | steps_t:  2271 | t: 17.730926 | r:    18.000000 | e:   0.300000 | Q:   1.204945 | won: True 
#    1 | steps:  2312 | steps_t:  2279 | t: 17.754856 | r:    20.000000 | e:   0.300000 | Q:   1.239856 | won: True 
#    1 | steps:  2321 | steps_t:  2288 | t: 17.865087 | r:    22.000000 | e:   0.300000 | Q:   1.314189 | won: True 
#    1 | steps:  2339 | steps_t:  2306 | t: 18.009227 | r:    24.000000 | e:   0.300000 | Q:   1.314189 | won: True 
#    1 | steps:  2352 | steps_t:  2319 | t: 18.051833 | r:    26.000000 | e:   0.300000 | Q:   1.484930 | won: True 
#    1 | steps:  2363 | steps_t:  2330 | t: 18.167714 | r:    28.000000 | e:   0.300000 | Q:   1.608563 | won: True 
#    1 | steps:  2370 | steps_t:  2337 | t: 18.191282 | r:    30.000000 | e:   0.300000 | Q:   1.608563 | won: True 
#    1 | steps:  2383 | steps_t:  2350 | t: 18.236509 | r:    32.000000 | e:   0.300000 | Q:   1.685326 | won: True 
#    1 | steps:  2397 | steps_t:  2364 | t: 18.366076 | r:    34.000000 | e:   0.300000 | Q:   1.872528 | won: True 
#    1 | steps:  2412 | steps_t:  2379 | t: 18.498176 | r:    36.000000 | e:   0.300000 | Q:   1.872528 | won: True 
#    1 | steps:  2418 | steps_t:  2385 | t: 18.603498 | r:    38.000000 | e:   0.300000 | Q:   1.956161 | won: True 
#    1 | steps:  2432 | steps_t:  2399 | t: 18.648358 | r:    40.000000 | e:   0.300000 | Q:   2.141289 | won: True 
#    1 | steps:  2441 | steps_t:  2408 | t: 18.758925 | r:    42.000000 | e:   0.300000 | Q:   2.197472 | won: True 
#    1 | steps:  2451 | steps_t:  2418 | t: 18.789334 | r:    44.000000 | e:   0.300000 | Q:   2.197472 | won: True 
#    1 | steps:  2461 | steps_t:  2428 | t: 18.903794 | r:    46.000000 | e:   0.300000 | Q:   2.197472 | won: True 
#    1 | steps:  2471 | steps_t:  2438 | t: 19.026679 | r:    48.000000 | e:   0.300000 | Q:   2.522313 | won: True 
#    1 | steps:  2478 | steps_t:  2445 | t: 19.048582 | r:    50.000000 | e:   0.300000 | Q:   2.644049 | won: True 
#    1 | steps:  2491 | steps_t:  2458 | t: 19.174787 | r:    52.000000 | e:   0.300000 | Q:   2.644049 | won: True 
#    1 | steps:  2503 | steps_t:  2470 | t: 19.292728 | r:    54.000000 | e:   0.300000 | Q:   2.644049 | won: True 
#    1 | steps:  2515 | steps_t:  2482 | t: 19.420204 | r:    52.000000 | e:   0.300000 | Q:   2.644049 | won: True 
#    1 | steps:  2527 | steps_t:  2494 | t: 19.544686 | r:    54.000000 | e:   0.300000 | Q:   2.644049 | won: True 
#    1 | steps:  2542 | steps_t:  2509 | t: 19.593551 | r:    56.000000 | e:   0.300000 | Q:   2.644049 | won: True 
#    1 | steps:  2553 | steps_t:  2520 | t: 19.633411 | r:    58.000000 | e:   0.300000 | Q:   2.644049 | won: True 
#    1 | steps:  2566 | steps_t:  2533 | t: 19.838091 | r:    60.000000 | e:   0.300000 | Q:   2.644049 | won: True 
#    1 | steps:  2572 | steps_t:  2539 | t: 19.943277 | r:    62.000000 | e:   0.300000 | Q:   2.644049 | won: True 
#    1 | steps:  2578 | steps_t:  2545 | t: 19.968345 | r:    64.000000 | e:   0.300000 | Q:   2.644049 | won: True 
#    1 | steps:  2587 | steps_t:  2554 | t: 20.079915 | r:    66.000000 | e:   0.300000 | Q:   2.644049 | won: True 
#    1 | steps:  2598 | steps_t:  2565 | t: 20.118846 | r:    68.000000 | e:   0.300000 | Q:   2.644049 | won: True 
#    1 | steps:  2605 | steps_t:  2572 | t: 20.147302 | r:    70.000000 | e:   0.300000 | Q:   2.644049 | won: True 
#    1 | steps:  2614 | steps_t:  2581 | t: 20.341755 | r:    72.000000 | e:   0.300000 | Q:   2.644049 | won: True 
#    1 | steps:  2623 | steps_t:  2590 | t: 20.368620 | r:    74.000000 | e:   0.300000 | Q:   2.644049 | won: True 
#    1 | steps:  2631 | steps_t:  2598 | t: 20.397064 | r:    76.000000 | e:   0.300000 | Q:   2.644049 | won: True 
#    1 | steps:  2641 | steps_t:  2608 | t: 20.434123 | r:    78.000000 | e:   0.300000 | Q:   2.644049 | won: True 
#    1 | steps:  2657 | steps_t:  2624 | t: 20.490582 | r:    80.000000 | e:   0.300000 | Q:   2.644049 | won: True 
#    1 | steps:  2667 | steps_t:  2634 | t: 20.607329 | r:    82.000000 | e:   0.300000 | Q:   2.644049 | won: True 
#    1 | steps:  2676 | steps_t:  2643 | t: 20.723710 | r:    84.000000 | e:   0.300000 | Q:   2.647884 | won: True 
#    1 | steps:  2686 | steps_t:  2653 | t: 20.836291 | r:    86.000000 | e:   0.300000 | Q:   2.647884 | won: True 
#    1 | steps:  2693 | steps_t:  2660 | t: 20.858320 | r:    88.000000 | e:   0.300000 | Q:   2.647884 | won: True 
#    1 | steps:  2700 | steps_t:  2667 | t: 20.881786 | r:    90.000000 | e:   0.300000 | Q:   2.647884 | won: True 
#    1 | steps:  2716 | steps_t:  2683 | t: 20.933678 | r:    92.000000 | e:   0.300000 | Q:   2.716828 | won: True 
#    1 | steps:  2724 | steps_t:  2691 | t: 20.961594 | r:    94.000000 | e:   0.300000 | Q:   2.716828 | won: True 
#    1 | steps:  2734 | steps_t:  2701 | t: 21.075537 | r:    96.000000 | e:   0.300000 | Q:   2.734383 | won: True 
