#    2 | steps:    21 | steps_t:     0 | t: 0.091779 | r:    -1.000000 | e:   1.000000 | Q:   0.099171 | won: True 
#    3 | steps:    32 | steps_t:     0 | t: 0.094008 | r:    -1.000000 | e:   1.000000 | Q:   0.099171 | won: True 
#    4 | steps:    62 | steps_t:     0 | t: 0.097189 | r:     1.000000 | e:   1.000000 | Q:   0.099171 | won: True 
#    5 | steps:    74 | steps_t:     0 | t: 0.181743 | r:    -1.000000 | e:   1.000000 | Q:   0.099171 | won: True 
#    6 | steps:    84 | steps_t:     0 | t: 0.182684 | r:     1.000000 | e:   1.000000 | Q:   0.099171 | won: True 
#    7 | steps:   109 | steps_t:     8 | t: 0.466373 | r:    -1.000000 | e:   0.991579 | Q:   0.099171 | won: True 
#    8 | steps:   161 | steps_t:    60 | t: 0.773361 | r:    -1.000000 | e:   0.936842 | Q:   0.102714 | won: True 
#    9 | steps:   171 | steps_t:    70 | t: 0.885002 | r:     1.000000 | e:   0.926316 | Q:   0.102714 | won: True 
#   10 | steps:   192 | steps_t:    91 | t: 1.038273 | r:    -1.000000 | e:   0.904211 | Q:   0.102714 | won: True 
#   11 | steps:   242 | steps_t:   141 | t: 1.349550 | r:    -1.000000 | e:   0.851579 | Q:   0.102714 | won: True 
#   12 | steps:   325 | steps_t:   224 | t: 1.916131 | r:    -1.000000 | e:   0.764211 | Q:   0.102714 | won: True 
#   13 | steps:   359 | steps_t:   258 | t: 2.180573 | r:    -1.000000 | e:   0.728421 | Q:   0.102714 | won: True 
#   14 | steps:   404 | steps_t:   303 | t: 2.470339 | r:    -1.000000 | e:   0.681053 | Q:   0.102714 | won: True 
#   15 | steps:   415 | steps_t:   314 | t: 2.505922 | r:     1.000000 | e:   0.669474 | Q:   0.102714 | won: True 
#   16 | steps:   427 | steps_t:   326 | t: 2.623946 | r:    -1.000000 | e:   0.656842 | Q:   0.102714 | won: True 
#   17 | steps:   442 | steps_t:   341 | t: 2.749480 | r:    -1.000000 | e:   0.641053 | Q:   0.102714 | won: True 
#   18 | steps:   460 | steps_t:   359 | t: 2.877974 | r:     1.000000 | e:   0.622105 | Q:   0.102714 | won: True 
#   19 | steps:   473 | steps_t:   372 | t: 2.920083 | r:    -1.000000 | e:   0.608421 | Q:   0.102714 | won: True 
#   20 | steps:   491 | steps_t:   390 | t: 2.969216 | r:    -1.000000 | e:   0.589474 | Q:   0.102714 | won: True 
#   21 | steps:   500 | steps_t:   399 | t: 2.993181 | r:    -1.000000 | e:   0.580000 | Q:   0.102714 | won: True 
#   22 | steps:   516 | steps_t:   415 | t: 3.200431 | r:    -1.000000 | e:   0.563158 | Q:   0.102714 | won: True 
#   23 | steps:   530 | steps_t:   429 | t: 3.490940 | r:    -1.000000 | e:   0.548421 | Q:   0.102714 | won: True 
#   24 | steps:   558 | steps_t:   457 | t: 3.571634 | r:     1.000000 | e:   0.518947 | Q:   0.102714 | won: True 
#   25 | steps:   576 | steps_t:   475 | t: 3.702166 | r:     1.000000 | e:   0.500000 | Q:   0.102714 | won: True 
#   26 | steps:   585 | steps_t:   484 | t: 3.727601 | r:    -1.000000 | e:   0.490526 | Q:   0.102714 | won: True 
#   27 | steps:   596 | steps_t:   495 | t: 3.839936 | r:     1.000000 | e:   0.478947 | Q:   0.102714 | won: True 
#   28 | steps:   605 | steps_t:   504 | t: 3.866523 | r:     1.000000 | e:   0.469474 | Q:   0.102714 | won: True 
#   29 | steps:   680 | steps_t:   579 | t: 4.253934 | r:    -1.000000 | e:   0.390526 | Q:   0.102714 | won: True 
#   30 | steps:   687 | steps_t:   586 | t: 4.275124 | r:    -1.000000 | e:   0.383158 | Q:   0.102714 | won: True 
#   31 | steps:   864 | steps_t:   763 | t: 5.725096 | r:    -1.000000 | e:   0.300000 | Q:   0.102714 | won: True 
#   32 | steps:   902 | steps_t:   801 | t: 6.091887 | r:     1.000000 | e:   0.300000 | Q:   0.102714 | won: True 
#   33 | steps:   926 | steps_t:   825 | t: 6.168319 | r:     1.000000 | e:   0.300000 | Q:   0.102714 | won: True 
#   34 | steps:   932 | steps_t:   831 | t: 6.184073 | r:     1.000000 | e:   0.300000 | Q:   0.102714 | won: True 
#   35 | steps:   953 | steps_t:   852 | t: 6.327155 | r:    -1.000000 | e:   0.300000 | Q:   0.102714 | won: True 
#   36 | steps:   983 | steps_t:   882 | t: 6.591144 | r:     1.000000 | e:   0.300000 | Q:   0.102714 | won: True 
#   37 | steps:   992 | steps_t:   891 | t: 6.698816 | r:    -1.000000 | e:   0.300000 | Q:   0.102714 | won: True 
#   38 | steps:  1040 | steps_t:   939 | t: 6.921593 | r:    -1.000000 | e:   0.300000 | Q:   0.102714 | won: True 
#   39 | steps:  1140 | steps_t:  1039 | t: 7.454353 | r:    -1.000000 | e:   0.300000 | Q:   0.102714 | won: True 
#   40 | steps:  1167 | steps_t:  1066 | t: 7.625993 | r:    -1.000000 | e:   0.300000 | Q:   0.102714 | won: True 
#   41 | steps:  1219 | steps_t:  1118 | t: 7.956347 | r:    -1.000000 | e:   0.300000 | Q:   0.102714 | won: True 
#   42 | steps:  1281 | steps_t:  1180 | t: 8.242641 | r:     1.000000 | e:   0.300000 | Q:   0.102714 | won: True 
#   43 | steps:  1286 | steps_t:  1185 | t: 8.257829 | r:    -1.000000 | e:   0.300000 | Q:   0.102714 | won: True 
#   44 | steps:  1317 | steps_t:  1216 | t: 8.516352 | r:     1.000000 | e:   0.300000 | Q:   0.102714 | won: True 
#   45 | steps:  1340 | steps_t:  1239 | t: 8.680759 | r:     1.000000 | e:   0.300000 | Q:   0.102714 | won: True 
#   46 | steps:  1390 | steps_t:  1289 | t: 9.000845 | r:    -1.000000 | e:   0.300000 | Q:   0.102714 | won: True 
#   47 | steps:  1436 | steps_t:  1335 | t: 9.243135 | r:    -1.000000 | e:   0.300000 | Q:   0.102714 | won: True 
#   48 | steps:  1458 | steps_t:  1357 | t: 9.391513 | r:    -1.000000 | e:   0.300000 | Q:   0.102714 | won: True 
