#    2 | steps:    28 | steps_t:     0 | t: 0.092493 | r:     0.000000 | e:   1.000000 | Q:        nan | won: True 
#    3 | steps:   102 | steps_t:    69 | t: 0.558295 | r:     0.000000 | e:   0.300000 | Q:   0.114615 | won: True 
#    4 | steps:   115 | steps_t:    82 | t: 0.602991 | r:     0.000000 | e:   0.300000 | Q:   0.114615 | won: True 
#    5 | steps:   120 | steps_t:    87 | t: 0.620094 | r:     0.000000 | e:   0.300000 | Q:   0.114615 | won: True 
#    6 | steps:   174 | steps_t:   141 | t: 1.125894 | r:     0.000000 | e:   0.300000 | Q:   0.114615 | won: True 
#    7 | steps:   271 | steps_t:   238 | t: 2.011598 | r:     0.000000 | e:   0.300000 | Q:   0.114615 | won: True 
#    8 | steps:   291 | steps_t:   258 | t: 2.085062 | r:     0.000000 | e:   0.300000 | Q:   0.114615 | won: True 
#    9 | steps:   300 | steps_t:   267 | t: 2.196085 | r:     0.000000 | e:   0.300000 | Q:   0.114615 | won: True 
#   10 | steps:   355 | steps_t:   322 | t: 2.636958 | r:     0.000000 | e:   0.300000 | Q:   0.114615 | won: True 
#   11 | steps:   365 | steps_t:   332 | t: 2.756708 | r:     0.000000 | e:   0.300000 | Q:   0.114615 | won: True 
#   12 | steps:   378 | steps_t:   345 | t: 2.957257 | r:     0.000000 | e:   0.300000 | Q:   0.114615 | won: True 
#   13 | steps:   384 | steps_t:   351 | t: 2.983401 | r:     0.000000 | e:   0.300000 | Q:   0.114615 | won: True 
#   14 | steps:   424 | steps_t:   391 | t: 3.120464 | r:     0.000000 | e:   0.300000 | Q:   0.114615 | won: True 
#   15 | steps:   506 | steps_t:   473 | t: 3.778109 | r:     0.000000 | e:   0.300000 | Q:   0.114615 | won: True 
#   16 | steps:   515 | steps_t:   482 | t: 3.969827 | r:     0.000000 | e:   0.300000 | Q:   0.114615 | won: True 
#   17 | steps:   521 | steps_t:   488 | t: 4.077487 | r:     0.000000 | e:   0.300000 | Q:   0.114615 | won: True 
#   18 | steps:   537 | steps_t:   504 | t: 4.130861 | r:     0.000000 | e:   0.300000 | Q:   0.114615 | won: True 
#   19 | steps:   577 | steps_t:   544 | t: 4.259214 | r:     0.000000 | e:   0.300000 | Q:   0.114615 | won: True 
#   20 | steps:   614 | steps_t:   581 | t: 4.538632 | r:     0.000000 | e:   0.300000 | Q:   0.114615 | won: True 
#   21 | steps:   642 | steps_t:   609 | t: 4.721560 | r:     0.000000 | e:   0.300000 | Q:   0.114615 | won: True 
#   22 | steps:   673 | steps_t:   640 | t: 5.073777 | r:     0.000000 | e:   0.300000 | Q:   0.114615 | won: True 
#   23 | steps:   680 | steps_t:   647 | t: 5.098320 | r:     0.000000 | e:   0.300000 | Q:   0.114615 | won: True 
#   24 | steps:   690 | steps_t:   657 | t: 5.217197 | r:     0.000000 | e:   0.300000 | Q:   0.114615 | won: True 
#   25 | steps:   698 | steps_t:   665 | t: 5.242755 | r:     0.000000 | e:   0.300000 | Q:   0.114615 | won: True 
#   26 | steps:   712 | steps_t:   679 | t: 5.295904 | r:     0.000000 | e:   0.300000 | Q:   0.114615 | won: True 
#   27 | steps:   721 | steps_t:   688 | t: 5.329689 | r:     0.000000 | e:   0.300000 | Q:   0.114615 | won: True 
#   28 | steps:   763 | steps_t:   730 | t: 5.727288 | r:     0.000000 | e:   0.300000 | Q:   0.114615 | won: True 
#   29 | steps:   789 | steps_t:   756 | t: 5.996211 | r:     0.000000 | e:   0.300000 | Q:   0.114615 | won: True 
#   30 | steps:   807 | steps_t:   774 | t: 6.162842 | r:     0.000000 | e:   0.300000 | Q:   0.114615 | won: True 
#   31 | steps:   822 | steps_t:   789 | t: 6.303491 | r:     0.000000 | e:   0.300000 | Q:   0.114615 | won: True 
#   32 | steps:   865 | steps_t:   832 | t: 6.628534 | r:     0.000000 | e:   0.300000 | Q:   0.114615 | won: True 
#   33 | steps:   871 | steps_t:   838 | t: 6.651809 | r:     0.000000 | e:   0.300000 | Q:   0.114615 | won: True 
#   34 | steps:   899 | steps_t:   866 | t: 6.879579 | r:     0.000000 | e:   0.300000 | Q:   0.114615 | won: True 
#   35 | steps:   923 | steps_t:   890 | t: 7.130471 | r:     0.000000 | e:   0.300000 | Q:   0.114615 | won: True 
#   36 | steps:   959 | steps_t:   926 | t: 7.275948 | r:     0.000000 | e:   0.300000 | Q:   0.114615 | won: True 
#   37 | steps:   968 | steps_t:   935 | t: 7.406331 | r:     0.000000 | e:   0.300000 | Q:   0.114615 | won: True 
#   38 | steps:   982 | steps_t:   949 | t: 7.459591 | r:     0.000000 | e:   0.300000 | Q:   0.114615 | won: True 
#   39 | steps:   996 | steps_t:   963 | t: 7.600440 | r:     0.000000 | e:   0.300000 | Q:   0.114615 | won: True 
#   40 | steps:  1008 | steps_t:   975 | t: 7.647687 | r:     0.000000 | e:   0.300000 | Q:   0.114615 | won: True 
#   41 | steps:  1038 | steps_t:  1005 | t: 7.843851 | r:     0.000000 | e:   0.300000 | Q:   0.114615 | won: True 
#   42 | steps:  1059 | steps_t:  1026 | t: 8.005774 | r:     0.000000 | e:   0.300000 | Q:   0.114615 | won: True 
#   43 | steps:  1075 | steps_t:  1042 | t: 8.152498 | r:     0.000000 | e:   0.300000 | Q:   0.114615 | won: True 
#   44 | steps:  1079 | steps_t:  1046 | t: 8.167204 | r:     0.000000 | e:   0.300000 | Q:   0.114615 | won: True 
#   45 | steps:  1083 | steps_t:  1050 | t: 8.185258 | r:     0.000000 | e:   0.300000 | Q:   0.114615 | won: True 
#   46 | steps:  1142 | steps_t:  1109 | t: 8.676013 | r:     0.000000 | e:   0.300000 | Q:   0.114615 | won: True 
#   47 | steps:  1149 | steps_t:  1116 | t: 8.703582 | r:     0.000000 | e:   0.300000 | Q:   0.114615 | won: True 
#   48 | steps:  1160 | steps_t:  1127 | t: 8.745146 | r:     0.000000 | e:   0.300000 | Q:   0.114615 | won: True 
#   49 | steps:  1167 | steps_t:  1134 | t: 8.858889 | r:     0.000000 | e:   0.300000 | Q:   0.114615 | won: True 
#   50 | steps:  1183 | steps_t:  1150 | t: 9.097630 | r:     0.000000 | e:   0.300000 | Q:   0.114615 | won: True 
#   51 | steps:  1205 | steps_t:  1172 | t: 9.182954 | r:     0.000000 | e:   0.300000 | Q:   0.114615 | won: True 
#   52 | steps:  1214 | steps_t:  1181 | t: 9.220240 | r:     0.000000 | e:   0.300000 | Q:   0.114615 | won: True 
#   53 | steps:  1221 | steps_t:  1188 | t: 9.252055 | r:     0.000000 | e:   0.300000 | Q:   0.114615 | won: True 
#   54 | steps:  1258 | steps_t:  1225 | t: 9.490975 | r:     0.000000 | e:   0.300000 | Q:   0.114615 | won: True 
#   55 | steps:  1270 | steps_t:  1237 | t: 9.712145 | r:     0.000000 | e:   0.300000 | Q:   0.114615 | won: True 
#   56 | steps:  1352 | steps_t:  1319 | t: 10.301511 | r:     0.000000 | e:   0.300000 | Q:   0.114615 | won: True 
#   57 | steps:  1361 | steps_t:  1328 | t: 10.336559 | r:     0.000000 | e:   0.300000 | Q:   0.114615 | won: True 
#   58 | steps:  1403 | steps_t:  1370 | t: 10.674726 | r:     0.000000 | e:   0.300000 | Q:   0.114615 | won: True 
#   59 | steps:  1418 | steps_t:  1385 | t: 10.820125 | r:     0.000000 | e:   0.300000 | Q:   0.114615 | won: True 
#   60 | steps:  1425 | steps_t:  1392 | t: 10.854971 | r:     0.000000 | e:   0.300000 | Q:   0.114615 | won: True 
#   61 | steps:  1431 | steps_t:  1398 | t: 10.972613 | r:     0.000000 | e:   0.300000 | Q:   0.114615 | won: True 
#   62 | steps:  1441 | steps_t:  1408 | t: 11.009990 | r:     0.000000 | e:   0.300000 | Q:   0.114615 | won: True 
#   63 | steps:  1452 | steps_t:  1419 | t: 11.055129 | r:     0.000000 | e:   0.300000 | Q:   0.114615 | won: True 
#   64 | steps:  1466 | steps_t:  1433 | t: 11.293520 | r:     0.000000 | e:   0.300000 | Q:   0.114615 | won: True 
#   65 | steps:  1475 | steps_t:  1442 | t: 11.331431 | r:     0.000000 | e:   0.300000 | Q:   0.114615 | won: True 
#   66 | steps:  1492 | steps_t:  1459 | t: 11.580537 | r:     0.000000 | e:   0.300000 | Q:   0.114615 | won: True 
#   67 | steps:  1532 | steps_t:  1499 | t: 11.914896 | r:     0.000000 | e:   0.300000 | Q:   0.114615 | won: True 
#   68 | steps:  1543 | steps_t:  1510 | t: 12.138869 | r:     0.000000 | e:   0.300000 | Q:   0.114615 | won: True 
#   69 | steps:  1550 | steps_t:  1517 | t: 12.263105 | r:     0.000000 | e:   0.300000 | Q:   0.114615 | won: True 
#   70 | steps:  1558 | steps_t:  1525 | t: 12.385691 | r:     0.000000 | e:   0.300000 | Q:   0.114615 | won: True 
#   71 | steps:  1567 | steps_t:  1534 | t: 12.424976 | r:     0.000000 | e:   0.300000 | Q:   0.114615 | won: True 
#   72 | steps:  1577 | steps_t:  1544 | t: 12.468374 | r:     0.000000 | e:   0.300000 | Q:   0.114615 | won: True 
#   73 | steps:  1582 | steps_t:  1549 | t: 12.489609 | r:     0.000000 | e:   0.300000 | Q:   0.114615 | won: True 
#   74 | steps:  1600 | steps_t:  1567 | t: 12.578796 | r:     0.000000 | e:   0.300000 | Q:   0.114615 | won: True 
#   75 | steps:  1616 | steps_t:  1583 | t: 12.732475 | r:     0.000000 | e:   0.300000 | Q:   0.114615 | won: True 
#   76 | steps:  1621 | steps_t:  1588 | t: 12.750749 | r:     0.000000 | e:   0.300000 | Q:   0.114615 | won: True 
#   77 | steps:  1651 | steps_t:  1618 | t: 13.304771 | r:     0.000000 | e:   0.300000 | Q:   0.114615 | won: True 
#   78 | steps:  1655 | steps_t:  1622 | t: 13.321286 | r:     0.000000 | e:   0.300000 | Q:   0.114615 | won: True 
#   79 | steps:  1661 | steps_t:  1628 | t: 13.346691 | r:     0.000000 | e:   0.300000 | Q:   0.114615 | won: True 
#   80 | steps:  1676 | steps_t:  1643 | t: 13.493937 | r:     0.000000 | e:   0.300000 | Q:   0.114615 | won: True 
#   81 | steps:  1699 | steps_t:  1666 | t: 13.671313 | r:     0.000000 | e:   0.300000 | Q:   0.114615 | won: True 
#   82 | steps:  1712 | steps_t:  1679 | t: 13.725156 | r:     0.000000 | e:   0.300000 | Q:   0.114615 | won: True 
#   83 | steps:  1720 | steps_t:  1687 | t: 13.756878 | r:     0.000000 | e:   0.300000 | Q:   0.114615 | won: True 
#   84 | steps:  1725 | steps_t:  1692 | t: 13.776031 | r:     0.000000 | e:   0.300000 | Q:   0.114615 | won: True 
#   85 | steps:  1740 | steps_t:  1707 | t: 14.013076 | r:     0.000000 | e:   0.300000 | Q:   0.114615 | won: True 
#   86 | steps:  1752 | steps_t:  1719 | t: 14.153505 | r:     0.000000 | e:   0.300000 | Q:   0.114615 | won: True 
#   87 | steps:  1762 | steps_t:  1729 | t: 14.286663 | r:     0.000000 | e:   0.300000 | Q:   0.114615 | won: True 
#   88 | steps:  1773 | steps_t:  1740 | t: 14.330266 | r:     0.000000 | e:   0.300000 | Q:   0.114615 | won: True 
#   89 | steps:  1787 | steps_t:  1754 | t: 14.655875 | r:     0.000000 | e:   0.300000 | Q:   0.114615 | won: True 
#   90 | steps:  1799 | steps_t:  1766 | t: 14.790339 | r:     0.000000 | e:   0.300000 | Q:   0.114615 | won: True 
#   91 | steps:  1834 | steps_t:  1801 | t: 15.116874 | r:     0.000000 | e:   0.300000 | Q:   0.114615 | won: True 
#   92 | steps:  1863 | steps_t:  1830 | t: 15.409269 | r:     0.000000 | e:   0.300000 | Q:   0.114615 | won: True 
#   93 | steps:  1877 | steps_t:  1844 | t: 15.563568 | r:     0.000000 | e:   0.300000 | Q:   0.114615 | won: True 
#   94 | steps:  1884 | steps_t:  1851 | t: 15.591220 | r:     0.000000 | e:   0.300000 | Q:   0.114615 | won: True 
#   95 | steps:  1898 | steps_t:  1865 | t: 15.653799 | r:     0.000000 | e:   0.300000 | Q:   0.114615 | won: True 
#   96 | steps:  1913 | steps_t:  1880 | t: 15.806608 | r:     0.000000 | e:   0.300000 | Q:   0.114615 | won: True 
#   97 | steps:  1924 | steps_t:  1891 | t: 16.025629 | r:     0.000000 | e:   0.300000 | Q:   0.114615 | won: True 
#   98 | steps:  1939 | steps_t:  1906 | t: 16.272308 | r:     0.000000 | e:   0.300000 | Q:   0.114615 | won: True 
#   99 | steps:  1947 | steps_t:  1914 | t: 16.391749 | r:     0.000000 | e:   0.300000 | Q:   0.114615 | won: True 
#  100 | steps:  1954 | steps_t:  1921 | t: 16.516238 | r:     0.000000 | e:   0.300000 | Q:   0.114615 | won: True 
#  101 | steps:  1964 | steps_t:  1931 | t: 16.724749 | r:     0.000000 | e:   0.300000 | Q:   0.114615 | won: True 
#  102 | steps:  1987 | steps_t:  1954 | t: 16.898610 | r:     0.000000 | e:   0.300000 | Q:   0.114615 | won: True 
#  103 | steps:  2000 | steps_t:  1967 | t: 17.031469 | r:     0.000000 | e:   0.300000 | Q:   0.114615 | won: True 
#  104 | steps:  2018 | steps_t:  1985 | t: 17.194091 | r:     0.000000 | e:   0.300000 | Q:   0.114615 | won: True 
#  105 | steps:  2096 | steps_t:  2063 | t: 17.759049 | r:     0.000000 | e:   0.300000 | Q:   0.114615 | won: True 
#  106 | steps:  2102 | steps_t:  2069 | t: 17.873768 | r:     0.000000 | e:   0.300000 | Q:   0.114615 | won: True 
#  107 | steps:  2107 | steps_t:  2074 | t: 17.893502 | r:     0.000000 | e:   0.300000 | Q:   0.114615 | won: True 
#  108 | steps:  2111 | steps_t:  2078 | t: 17.910843 | r:     0.000000 | e:   0.300000 | Q:   0.114615 | won: True 
#  109 | steps:  2128 | steps_t:  2095 | t: 18.153686 | r:     0.000000 | e:   0.300000 | Q:   0.114615 | won: True 
#  110 | steps:  2174 | steps_t:  2141 | t: 18.669549 | r:     0.000000 | e:   0.300000 | Q:   0.114615 | won: True 
#  111 | steps:  2185 | steps_t:  2152 | t: 18.799353 | r:     0.000000 | e:   0.300000 | Q:   0.114615 | won: True 
#  112 | steps:  2198 | steps_t:  2165 | t: 19.019697 | r:     0.000000 | e:   0.300000 | Q:   0.114615 | won: True 
#  113 | steps:  2207 | steps_t:  2174 | t: 19.058061 | r:     0.000000 | e:   0.300000 | Q:   0.114615 | won: True 
#  114 | steps:  2217 | steps_t:  2184 | t: 19.100042 | r:     0.000000 | e:   0.300000 | Q:   0.114615 | won: True 
#  115 | steps:  2228 | steps_t:  2195 | t: 19.145243 | r:     0.000000 | e:   0.300000 | Q:   0.114615 | won: True 
#  116 | steps:  2236 | steps_t:  2203 | t: 19.267411 | r:     0.000000 | e:   0.300000 | Q:   0.114615 | won: True 
#  117 | steps:  2243 | steps_t:  2210 | t: 19.297800 | r:     0.000000 | e:   0.300000 | Q:   0.114615 | won: True 
#  118 | steps:  2260 | steps_t:  2227 | t: 19.550329 | r:     0.000000 | e:   0.300000 | Q:   0.114615 | won: True 
#  119 | steps:  2292 | steps_t:  2259 | t: 19.762371 | r:     0.000000 | e:   0.300000 | Q:   0.114615 | won: True 
#  120 | steps:  2304 | steps_t:  2271 | t: 20.074494 | r:     0.000000 | e:   0.300000 | Q:   0.114615 | won: True 
#  121 | steps:  2353 | steps_t:  2320 | t: 20.444713 | r:     0.000000 | e:   0.300000 | Q:   0.114615 | won: True 
#  122 | steps:  2360 | steps_t:  2327 | t: 20.476690 | r:     0.000000 | e:   0.300000 | Q:   0.114615 | won: True 
#  123 | steps:  2391 | steps_t:  2358 | t: 20.697457 | r:     0.000000 | e:   0.300000 | Q:   0.114615 | won: True 
#  124 | steps:  2446 | steps_t:  2413 | t: 21.252418 | r:     0.000000 | e:   0.300000 | Q:   0.114615 | won: True 
#  125 | steps:  2455 | steps_t:  2422 | t: 21.292058 | r:     0.000000 | e:   0.300000 | Q:   0.114615 | won: True 
#  126 | steps:  2460 | steps_t:  2427 | t: 21.488931 | r:     0.000000 | e:   0.300000 | Q:   0.114615 | won: True 
#  127 | steps:  2473 | steps_t:  2440 | t: 21.546043 | r:     0.000000 | e:   0.300000 | Q:   0.114615 | won: True 
#  128 | steps:  2478 | steps_t:  2445 | t: 21.567747 | r:     0.000000 | e:   0.300000 | Q:   0.114615 | won: True 
#  129 | steps:  2509 | steps_t:  2476 | t: 21.858808 | r:     0.000000 | e:   0.300000 | Q:   0.114615 | won: True 
#  130 | steps:  2520 | steps_t:  2487 | t: 21.907401 | r:     0.000000 | e:   0.300000 | Q:   0.114615 | won: True 
#  131 | steps:  2546 | steps_t:  2513 | t: 22.123612 | r:     0.000000 | e:   0.300000 | Q:   0.114615 | won: True 
#  132 | steps:  2570 | steps_t:  2537 | t: 22.222883 | r:     0.000000 | e:   0.300000 | Q:   0.114615 | won: True 
#  133 | steps:  2599 | steps_t:  2566 | t: 22.693763 | r:     0.000000 | e:   0.300000 | Q:   0.114615 | won: True 
#  134 | steps:  2636 | steps_t:  2603 | t: 23.021986 | r:     0.000000 | e:   0.300000 | Q:   0.114615 | won: True 
#  135 | steps:  2645 | steps_t:  2612 | t: 23.061051 | r:     0.000000 | e:   0.300000 | Q:   0.114615 | won: True 
#  136 | steps:  2669 | steps_t:  2636 | t: 23.166286 | r:     0.000000 | e:   0.300000 | Q:   0.114615 | won: True 
#  137 | steps:  2677 | steps_t:  2644 | t: 23.199820 | r:     0.000000 | e:   0.300000 | Q:   0.114615 | won: True 
#  138 | steps:  2684 | steps_t:  2651 | t: 23.232188 | r:     0.000000 | e:   0.300000 | Q:   0.114615 | won: True 
#  139 | steps:  2704 | steps_t:  2671 | t: 23.586791 | r:     0.000000 | e:   0.300000 | Q:   0.114615 | won: True 
#  140 | steps:  2710 | steps_t:  2677 | t: 23.612985 | r:     0.000000 | e:   0.300000 | Q:   0.114615 | won: True 
#  141 | steps:  2734 | steps_t:  2701 | t: 23.719084 | r:     0.000000 | e:   0.300000 | Q:   0.114615 | won: True 
#  142 | steps:  2742 | steps_t:  2709 | t: 23.753509 | r:     0.000000 | e:   0.300000 | Q:   0.114615 | won: True 
#  143 | steps:  2768 | steps_t:  2735 | t: 24.116000 | r:     0.000000 | e:   0.300000 | Q:   0.114615 | won: True 
#  144 | steps:  2778 | steps_t:  2745 | t: 24.337962 | r:     0.000000 | e:   0.300000 | Q:   0.114615 | won: True 
#  145 | steps:  2822 | steps_t:  2789 | t: 24.702336 | r:     0.000000 | e:   0.300000 | Q:   0.114615 | won: True 
#  146 | steps:  2827 | steps_t:  2794 | t: 24.727930 | r:     0.000000 | e:   0.300000 | Q:   0.114615 | won: True 
#  147 | steps:  2839 | steps_t:  2806 | t: 24.789969 | r:     0.000000 | e:   0.300000 | Q:   0.114615 | won: True 
#  148 | steps:  2874 | steps_t:  2841 | t: 25.230906 | r:     0.000000 | e:   0.300000 | Q:   0.114615 | won: True 
#  149 | steps:  2889 | steps_t:  2856 | t: 25.395944 | r:     0.000000 | e:   0.300000 | Q:   0.114615 | won: True 
#  150 | steps:  2927 | steps_t:  2894 | t: 26.152235 | r:     0.000000 | e:   0.300000 | Q:   0.114615 | won: True 
#  151 | steps:  2974 | steps_t:  2941 | t: 26.863819 | r:     0.000000 | e:   0.300000 | Q:   0.114615 | won: True 
#  152 | steps:  2984 | steps_t:  2951 | t: 27.100992 | r:     0.000000 | e:   0.300000 | Q:   0.114615 | won: True 
#  153 | steps:  3034 | steps_t:  3001 | t: 27.516628 | r:     0.000000 | e:   0.300000 | Q:   0.114615 | won: True 
#  154 | steps:  3040 | steps_t:  3007 | t: 27.545422 | r:     0.000000 | e:   0.300000 | Q:   0.114615 | won: True 
#  155 | steps:  3044 | steps_t:  3011 | t: 27.661037 | r:     0.000000 | e:   0.300000 | Q:   0.114615 | won: True 
#  156 | steps:  3063 | steps_t:  3030 | t: 27.744524 | r:     0.000000 | e:   0.300000 | Q:   0.114615 | won: True 
#  157 | steps:  3097 | steps_t:  3064 | t: 28.184706 | r:     0.000000 | e:   0.300000 | Q:   0.114615 | won: True 
#  158 | steps:  3131 | steps_t:  3098 | t: 28.429464 | r:     0.000000 | e:   0.300000 | Q:   0.114615 | won: True 
#  159 | steps:  3142 | steps_t:  3109 | t: 28.479813 | r:     0.000000 | e:   0.300000 | Q:   0.114615 | won: True 
#  160 | steps:  3148 | steps_t:  3115 | t: 28.513557 | r:     0.000000 | e:   0.300000 | Q:   0.114615 | won: True 
#  161 | steps:  3167 | steps_t:  3134 | t: 28.598827 | r:     0.000000 | e:   0.300000 | Q:   0.114615 | won: True 
#  162 | steps:  3189 | steps_t:  3156 | t: 28.795499 | r:     0.000000 | e:   0.300000 | Q:   0.114615 | won: True 
#  163 | steps:  3202 | steps_t:  3169 | t: 28.854029 | r:     0.000000 | e:   0.300000 | Q:   0.114615 | won: True 
#  164 | steps:  3223 | steps_t:  3190 | t: 29.143728 | r:     0.000000 | e:   0.300000 | Q:   0.114615 | won: True 
#  165 | steps:  3238 | steps_t:  3205 | t: 29.303312 | r:     0.000000 | e:   0.300000 | Q:   0.114615 | won: True 
#  166 | steps:  3273 | steps_t:  3240 | t: 29.751743 | r:     0.000000 | e:   0.300000 | Q:   0.114615 | won: True 
#  167 | steps:  3285 | steps_t:  3252 | t: 29.908170 | r:     0.000000 | e:   0.300000 | Q:   0.114615 | won: True 
#  168 | steps:  3291 | steps_t:  3258 | t: 30.031313 | r:     0.000000 | e:   0.300000 | Q:   0.114615 | won: True 
#  169 | steps:  3299 | steps_t:  3266 | t: 30.069744 | r:     0.000000 | e:   0.300000 | Q:   0.114615 | won: True 
#  170 | steps:  3308 | steps_t:  3275 | t: 30.205968 | r:     0.000000 | e:   0.300000 | Q:   0.114615 | won: True 
#  171 | steps:  3318 | steps_t:  3285 | t: 30.250354 | r:     0.000000 | e:   0.300000 | Q:   0.114615 | won: True 
#  172 | steps:  3327 | steps_t:  3294 | t: 30.290132 | r:     0.000000 | e:   0.300000 | Q:   0.114615 | won: True 
#  173 | steps:  3349 | steps_t:  3316 | t: 30.488352 | r:     0.000000 | e:   0.300000 | Q:   0.114615 | won: True 
#  174 | steps:  3356 | steps_t:  3323 | t: 30.614587 | r:     0.000000 | e:   0.300000 | Q:   0.114615 | won: True 
#  175 | steps:  3384 | steps_t:  3351 | t: 30.757196 | r:     0.000000 | e:   0.300000 | Q:   0.114615 | won: True 
#  176 | steps:  3441 | steps_t:  3408 | t: 31.493866 | r:     0.000000 | e:   0.300000 | Q:   0.114615 | won: True 
#  177 | steps:  3486 | steps_t:  3453 | t: 31.993877 | r:     0.000000 | e:   0.300000 | Q:   0.114615 | won: True 
#  178 | steps:  3522 | steps_t:  3489 | t: 32.359054 | r:     0.000000 | e:   0.300000 | Q:   0.114615 | won: True 
#  179 | steps:  3529 | steps_t:  3496 | t: 32.393322 | r:     0.000000 | e:   0.300000 | Q:   0.114615 | won: True 
#  180 | steps:  3544 | steps_t:  3511 | t: 32.470363 | r:     0.000000 | e:   0.300000 | Q:   0.114615 | won: True 
#  181 | steps:  3553 | steps_t:  3520 | t: 32.615350 | r:     0.000000 | e:   0.300000 | Q:   0.114615 | won: True 
#  182 | steps:  3558 | steps_t:  3525 | t: 32.644262 | r:     0.000000 | e:   0.300000 | Q:   0.114615 | won: True 
#  183 | steps:  3576 | steps_t:  3543 | t: 32.822304 | r:     0.000000 | e:   0.300000 | Q:   0.114615 | won: True 
#  184 | steps:  3589 | steps_t:  3556 | t: 32.889527 | r:     0.000000 | e:   0.300000 | Q:   0.114615 | won: True 
#  185 | steps:  3612 | steps_t:  3579 | t: 33.191620 | r:     0.000000 | e:   0.300000 | Q:   0.114615 | won: True 
#  186 | steps:  3635 | steps_t:  3602 | t: 33.386735 | r:     0.000000 | e:   0.300000 | Q:   0.114615 | won: True 
#  187 | steps:  3641 | steps_t:  3608 | t: 33.510985 | r:     0.000000 | e:   0.300000 | Q:   0.114615 | won: True 
#  188 | steps:  3658 | steps_t:  3625 | t: 33.781821 | r:     0.000000 | e:   0.300000 | Q:   0.114615 | won: True 
#  189 | steps:  3666 | steps_t:  3633 | t: 33.909241 | r:     0.000000 | e:   0.300000 | Q:   0.114615 | won: True 
#  190 | steps:  3675 | steps_t:  3642 | t: 33.951752 | r:     0.000000 | e:   0.300000 | Q:   0.114615 | won: True 
#  191 | steps:  3682 | steps_t:  3649 | t: 33.990717 | r:     0.000000 | e:   0.300000 | Q:   0.114615 | won: True 
#  192 | steps:  3726 | steps_t:  3693 | t: 34.385329 | r:     0.000000 | e:   0.300000 | Q:   0.114615 | won: True 
#  193 | steps:  3734 | steps_t:  3701 | t: 34.607850 | r:     0.000000 | e:   0.300000 | Q:   0.114615 | won: True 
#  194 | steps:  3745 | steps_t:  3712 | t: 34.666036 | r:     0.000000 | e:   0.300000 | Q:   0.114615 | won: True 
#  195 | steps:  3752 | steps_t:  3719 | t: 34.797225 | r:     0.000000 | e:   0.300000 | Q:   0.114615 | won: True 
#  196 | steps:  3773 | steps_t:  3740 | t: 35.148632 | r:     0.000000 | e:   0.300000 | Q:   0.114615 | won: True 
#  197 | steps:  3789 | steps_t:  3756 | t: 35.313030 | r:     0.000000 | e:   0.300000 | Q:   0.114615 | won: True 
#  198 | steps:  3809 | steps_t:  3776 | t: 35.499922 | r:     0.000000 | e:   0.300000 | Q:   0.114615 | won: True 
#  199 | steps:  3836 | steps_t:  3803 | t: 35.893399 | r:     0.000000 | e:   0.300000 | Q:   0.114615 | won: True 
#  200 | steps:  3856 | steps_t:  3823 | t: 36.096338 | r:     0.000000 | e:   0.300000 | Q:   0.114615 | won: True 
#  201 | steps:  3863 | steps_t:  3830 | t: 36.132984 | r:     0.000000 | e:   0.300000 | Q:   0.114615 | won: True 
#  202 | steps:  3880 | steps_t:  3847 | t: 36.209065 | r:     0.000000 | e:   0.300000 | Q:   0.114615 | won: True 
#  203 | steps:  3890 | steps_t:  3857 | t: 36.257778 | r:     0.000000 | e:   0.300000 | Q:   0.114615 | won: True 
#  204 | steps:  3944 | steps_t:  3911 | t: 36.624249 | r:     0.000000 | e:   0.300000 | Q:   0.114615 | won: True 
#  205 | steps:  3975 | steps_t:  3942 | t: 36.852750 | r:     0.000000 | e:   0.300000 | Q:   0.114615 | won: True 
#  206 | steps:  3983 | steps_t:  3950 | t: 36.887860 | r:     0.000000 | e:   0.300000 | Q:   0.114615 | won: True 
#  207 | steps:  3991 | steps_t:  3958 | t: 36.926160 | r:     0.000000 | e:   0.300000 | Q:   0.114615 | won: True 
#  208 | steps:  4014 | steps_t:  3981 | t: 37.415204 | r:     0.000000 | e:   0.300000 | Q:   0.114615 | won: True 
#  209 | steps:  4040 | steps_t:  4007 | t: 37.742079 | r:     0.000000 | e:   0.300000 | Q:   0.114615 | won: True 
#  210 | steps:  4078 | steps_t:  4045 | t: 38.286300 | r:     0.000000 | e:   0.300000 | Q:   0.114615 | won: True 
#  211 | steps:  4124 | steps_t:  4091 | t: 38.856872 | r:     0.000000 | e:   0.300000 | Q:   0.114615 | won: True 
#  212 | steps:  4132 | steps_t:  4099 | t: 38.991778 | r:     0.000000 | e:   0.300000 | Q:   0.114615 | won: True 
#  213 | steps:  4152 | steps_t:  4119 | t: 39.083195 | r:     0.000000 | e:   0.300000 | Q:   0.114615 | won: True 
#  214 | steps:  4158 | steps_t:  4125 | t: 39.111316 | r:     0.000000 | e:   0.300000 | Q:   0.114615 | won: True 
#  215 | steps:  4175 | steps_t:  4142 | t: 39.188089 | r:     0.000000 | e:   0.300000 | Q:   0.114615 | won: True 
#  216 | steps:  4190 | steps_t:  4157 | t: 39.354999 | r:     0.000000 | e:   0.300000 | Q:   0.114615 | won: True 
#  217 | steps:  4201 | steps_t:  4168 | t: 39.408155 | r:     0.000000 | e:   0.300000 | Q:   0.114615 | won: True 
#  218 | steps:  4208 | steps_t:  4175 | t: 39.533578 | r:     0.000000 | e:   0.300000 | Q:   0.114615 | won: True 
#  219 | steps:  4217 | steps_t:  4184 | t: 39.584233 | r:     0.000000 | e:   0.300000 | Q:   0.114615 | won: True 
#  220 | steps:  4239 | steps_t:  4206 | t: 39.796727 | r:     0.000000 | e:   0.300000 | Q:   0.114615 | won: True 
#  221 | steps:  4250 | steps_t:  4217 | t: 39.850931 | r:     0.000000 | e:   0.300000 | Q:   0.114615 | won: True 
#  222 | steps:  4257 | steps_t:  4224 | t: 39.884907 | r:     0.000000 | e:   0.300000 | Q:   0.114615 | won: True 
#  223 | steps:  4265 | steps_t:  4232 | t: 39.928795 | r:     0.000000 | e:   0.300000 | Q:   0.114615 | won: True 
#  224 | steps:  4271 | steps_t:  4238 | t: 39.964427 | r:     0.000000 | e:   0.300000 | Q:   0.114615 | won: True 
#  225 | steps:  4278 | steps_t:  4245 | t: 40.000969 | r:     0.000000 | e:   0.300000 | Q:   0.114615 | won: True 
#  226 | steps:  4303 | steps_t:  4270 | t: 40.140590 | r:     0.000000 | e:   0.300000 | Q:   0.114615 | won: True 
#  227 | steps:  4310 | steps_t:  4277 | t: 40.264753 | r:     0.000000 | e:   0.300000 | Q:   0.114615 | won: True 
#  228 | steps:  4363 | steps_t:  4330 | t: 40.642259 | r:     0.000000 | e:   0.300000 | Q:   0.114615 | won: True 
#  229 | steps:  4393 | steps_t:  4360 | t: 40.914877 | r:     0.000000 | e:   0.300000 | Q:   0.114615 | won: True 
#  230 | steps:  4407 | steps_t:  4374 | t: 41.295093 | r:     0.000000 | e:   0.300000 | Q:   0.114615 | won: True 
#  231 | steps:  4416 | steps_t:  4383 | t: 41.526482 | r:     0.000000 | e:   0.300000 | Q:   0.114615 | won: True 
#  232 | steps:  4423 | steps_t:  4390 | t: 41.569637 | r:     0.000000 | e:   0.300000 | Q:   0.114615 | won: True 
#  233 | steps:  4433 | steps_t:  4400 | t: 41.816936 | r:     0.000000 | e:   0.300000 | Q:   0.114615 | won: True 
#  234 | steps:  4452 | steps_t:  4419 | t: 42.007470 | r:     0.000000 | e:   0.300000 | Q:   0.114615 | won: True 
#  235 | steps:  4484 | steps_t:  4451 | t: 42.356188 | r:     0.000000 | e:   0.300000 | Q:   0.114615 | won: True 
#  236 | steps:  4488 | steps_t:  4455 | t: 42.478690 | r:     0.000000 | e:   0.300000 | Q:   0.114615 | won: True 
#  237 | steps:  4493 | steps_t:  4460 | t: 42.504935 | r:     0.000000 | e:   0.300000 | Q:   0.114615 | won: True 
#  238 | steps:  4510 | steps_t:  4477 | t: 42.791070 | r:     0.000000 | e:   0.300000 | Q:   0.114615 | won: True 
#  239 | steps:  4514 | steps_t:  4481 | t: 42.903533 | r:     0.000000 | e:   0.300000 | Q:   0.114615 | won: True 
#  240 | steps:  4522 | steps_t:  4489 | t: 42.941458 | r:     0.000000 | e:   0.300000 | Q:   0.114615 | won: True 
#  241 | steps:  4532 | steps_t:  4499 | t: 43.083060 | r:     0.000000 | e:   0.300000 | Q:   0.114615 | won: True 
#  242 | steps:  4538 | steps_t:  4505 | t: 43.315744 | r:     0.000000 | e:   0.300000 | Q:   0.114615 | won: True 
#  243 | steps:  4551 | steps_t:  4518 | t: 43.380328 | r:     0.000000 | e:   0.300000 | Q:   0.114615 | won: True 
#  244 | steps:  4562 | steps_t:  4529 | t: 43.537459 | r:     0.000000 | e:   0.300000 | Q:   0.114615 | won: True 
#  245 | steps:  4597 | steps_t:  4564 | t: 43.998107 | r:     0.000000 | e:   0.300000 | Q:   0.114615 | won: True 
#  246 | steps:  4621 | steps_t:  4588 | t: 44.213156 | r:     0.000000 | e:   0.300000 | Q:   0.114615 | won: True 
#  247 | steps:  4633 | steps_t:  4600 | t: 44.456980 | r:     0.000000 | e:   0.300000 | Q:   0.114615 | won: True 
#  248 | steps:  4649 | steps_t:  4616 | t: 44.549288 | r:     0.000000 | e:   0.300000 | Q:   0.114615 | won: True 
#  249 | steps:  4653 | steps_t:  4620 | t: 44.572549 | r:     0.000000 | e:   0.300000 | Q:   0.114615 | won: True 
#  250 | steps:  4706 | steps_t:  4673 | t: 45.302511 | r:     0.000000 | e:   0.300000 | Q:   0.114615 | won: True 
#  251 | steps:  4724 | steps_t:  4691 | t: 45.483200 | r:     0.000000 | e:   0.300000 | Q:   0.114615 | won: True 
#  252 | steps:  4730 | steps_t:  4697 | t: 45.708074 | r:     0.000000 | e:   0.300000 | Q:   0.114615 | won: True 
#  253 | steps:  4782 | steps_t:  4749 | t: 46.140797 | r:     0.000000 | e:   0.300000 | Q:   0.114615 | won: True 
#  254 | steps:  4801 | steps_t:  4768 | t: 46.242684 | r:     0.000000 | e:   0.300000 | Q:   0.114615 | won: True 
#  255 | steps:  4805 | steps_t:  4772 | t: 46.264920 | r:     0.000000 | e:   0.300000 | Q:   0.114615 | won: True 
#  256 | steps:  4816 | steps_t:  4783 | t: 46.328162 | r:     0.000000 | e:   0.300000 | Q:   0.114615 | won: True 
#  257 | steps:  4821 | steps_t:  4788 | t: 46.365286 | r:     0.000000 | e:   0.300000 | Q:   0.114615 | won: True 
#  258 | steps:  4838 | steps_t:  4805 | t: 46.692318 | r:     0.000000 | e:   0.300000 | Q:   0.114615 | won: True 
#  259 | steps:  4842 | steps_t:  4809 | t: 46.723692 | r:     0.000000 | e:   0.300000 | Q:   0.114615 | won: True 
#  260 | steps:  4847 | steps_t:  4814 | t: 46.871828 | r:     0.000000 | e:   0.300000 | Q:   0.114615 | won: True 
#  261 | steps:  4877 | steps_t:  4844 | t: 47.234166 | r:     0.000000 | e:   0.300000 | Q:   0.114615 | won: True 
#  262 | steps:  4900 | steps_t:  4867 | t: 47.454024 | r:     0.000000 | e:   0.300000 | Q:   0.114615 | won: True 
#  263 | steps:  4917 | steps_t:  4884 | t: 47.566008 | r:     0.000000 | e:   0.300000 | Q:   0.114615 | won: True 
#  264 | steps:  4933 | steps_t:  4900 | t: 47.728120 | r:     0.000000 | e:   0.300000 | Q:   0.114615 | won: True 
#  265 | steps:  4945 | steps_t:  4912 | t: 48.039579 | r:     0.000000 | e:   0.300000 | Q:   0.114615 | won: True 
#  266 | steps:  4973 | steps_t:  4940 | t: 48.198482 | r:     0.000000 | e:   0.300000 | Q:   0.114615 | won: True 
#  267 | steps:  5048 | steps_t:  5015 | t: 49.316680 | r:     0.000000 | e:   0.300000 | Q:   0.114615 | won: True 
#  268 | steps:  5062 | steps_t:  5029 | t: 49.598825 | r:     0.000000 | e:   0.300000 | Q:   0.114615 | won: True 
#  269 | steps:  5079 | steps_t:  5046 | t: 49.709328 | r:     0.000000 | e:   0.300000 | Q:   0.114615 | won: True 
#  270 | steps:  5100 | steps_t:  5067 | t: 50.031993 | r:     0.000000 | e:   0.300000 | Q:   0.114615 | won: True 
#  271 | steps:  5112 | steps_t:  5079 | t: 50.100735 | r:     0.000000 | e:   0.300000 | Q:   0.114615 | won: True 
#  272 | steps:  5125 | steps_t:  5092 | t: 50.283208 | r:     0.000000 | e:   0.300000 | Q:   0.114615 | won: True 
