#    1 | steps:    32 | steps_t:     0 | t: 0.091189 | r:     2.000000 | e:   1.000000 | Q:   0.121817 | won: True 
#    1 | steps:   173 | steps_t:   140 | t: 1.235968 | r:     4.000000 | e:   0.300000 | Q:   0.121817 | won: True 
#    1 | steps:   278 | steps_t:   245 | t: 2.003333 | r:     6.000000 | e:   0.300000 | Q:   0.121817 | won: True 
#    1 | steps:   316 | steps_t:   283 | t: 2.625154 | r:     8.000000 | e:   0.300000 | Q:   0.124362 | won: True 
#    1 | steps:   420 | steps_t:   387 | t: 3.535321 | r:    10.000000 | e:   0.300000 | Q:   0.131981 | won: True 
#    1 | steps:   509 | steps_t:   476 | t: 4.133240 | r:    12.000000 | e:   0.300000 | Q:   0.131981 | won: True 
#    1 | steps:   524 | steps_t:   491 | t: 4.184608 | r:    10.000000 | e:   0.300000 | Q:   0.131981 | won: True 
#    1 | steps:   530 | steps_t:   497 | t: 4.285927 | r:     8.000000 | e:   0.300000 | Q:   0.131981 | won: True 
#    1 | steps:   539 | steps_t:   506 | t: 4.313997 | r:     6.000000 | e:   0.300000 | Q:   0.131981 | won: True 
#    1 | steps:   544 | steps_t:   511 | t: 4.416021 | r:     4.000000 | e:   0.300000 | Q:   0.131981 | won: True 
#    1 | steps:   570 | steps_t:   537 | t: 4.583066 | r:     2.000000 | e:   0.300000 | Q:   0.131981 | won: True 
#    1 | steps:   577 | steps_t:   544 | t: 4.602389 | r:     0.000000 | e:   0.300000 | Q:   0.131981 | won: True 
#    1 | steps:   602 | steps_t:   569 | t: 4.760073 | r:    -2.000000 | e:   0.300000 | Q:   0.131981 | won: True 
#    1 | steps:   614 | steps_t:   581 | t: 4.795923 | r:     0.000000 | e:   0.300000 | Q:   0.131981 | won: True 
#    1 | steps:   642 | steps_t:   609 | t: 4.890903 | r:     2.000000 | e:   0.300000 | Q:   0.131981 | won: True 
#    1 | steps:   657 | steps_t:   624 | t: 5.018315 | r:     4.000000 | e:   0.300000 | Q:   0.131981 | won: True 
#    1 | steps:   674 | steps_t:   641 | t: 5.146964 | r:     6.000000 | e:   0.300000 | Q:   0.131981 | won: True 
#    1 | steps:   685 | steps_t:   652 | t: 5.345745 | r:     8.000000 | e:   0.300000 | Q:   0.131981 | won: True 
#    1 | steps:   700 | steps_t:   667 | t: 5.397952 | r:    10.000000 | e:   0.300000 | Q:   0.131981 | won: True 
#    1 | steps:   707 | steps_t:   674 | t: 5.418882 | r:    12.000000 | e:   0.300000 | Q:   0.131981 | won: True 
#    1 | steps:   712 | steps_t:   679 | t: 5.434532 | r:    10.000000 | e:   0.300000 | Q:   0.131981 | won: True 
#    1 | steps:   721 | steps_t:   688 | t: 5.545280 | r:     8.000000 | e:   0.300000 | Q:   0.131981 | won: True 
#    1 | steps:   728 | steps_t:   695 | t: 5.568599 | r:     6.000000 | e:   0.300000 | Q:   0.131981 | won: True 
#    1 | steps:   746 | steps_t:   713 | t: 5.792140 | r:     8.000000 | e:   0.300000 | Q:   0.131981 | won: True 
#    1 | steps:   757 | steps_t:   724 | t: 5.991635 | r:     6.000000 | e:   0.300000 | Q:   0.131981 | won: True 
#    1 | steps:   773 | steps_t:   740 | t: 6.046712 | r:     4.000000 | e:   0.300000 | Q:   0.131981 | won: True 
#    1 | steps:   783 | steps_t:   750 | t: 6.164390 | r:     2.000000 | e:   0.300000 | Q:   0.131981 | won: True 
#    1 | steps:   794 | steps_t:   761 | t: 6.278708 | r:     0.000000 | e:   0.300000 | Q:   0.131981 | won: True 
#    1 | steps:   807 | steps_t:   774 | t: 6.322473 | r:    -2.000000 | e:   0.300000 | Q:   0.131981 | won: True 
#    1 | steps:   820 | steps_t:   787 | t: 6.620422 | r:    -4.000000 | e:   0.300000 | Q:   0.131981 | won: True 
#    1 | steps:   830 | steps_t:   797 | t: 6.649156 | r:    -6.000000 | e:   0.300000 | Q:   0.131981 | won: True 
#    1 | steps:   838 | steps_t:   805 | t: 6.675379 | r:    -8.000000 | e:   0.300000 | Q:   0.131981 | won: True 
#    1 | steps:   850 | steps_t:   817 | t: 6.788227 | r:   -10.000000 | e:   0.300000 | Q:   0.131981 | won: True 
#    1 | steps:   861 | steps_t:   828 | t: 6.906144 | r:   -12.000000 | e:   0.300000 | Q:   0.131981 | won: True 
#    1 | steps:   871 | steps_t:   838 | t: 7.180622 | r:   -14.000000 | e:   0.300000 | Q:   0.131981 | won: True 
#    1 | steps:   948 | steps_t:   915 | t: 7.423483 | r:   -16.000000 | e:   0.300000 | Q:   0.131981 | won: True 
#    1 | steps:   955 | steps_t:   922 | t: 7.445086 | r:   -18.000000 | e:   0.300000 | Q:   0.131981 | won: True 
#    1 | steps:  1084 | steps_t:  1051 | t: 8.757371 | r:   -20.000000 | e:   0.300000 | Q:   0.131981 | won: True 
#    1 | steps:  1095 | steps_t:  1062 | t: 8.958432 | r:   -22.000000 | e:   0.300000 | Q:   0.131981 | won: True 
#    1 | steps:  1104 | steps_t:  1071 | t: 8.989272 | r:   -24.000000 | e:   0.300000 | Q:   0.131981 | won: True 
#    1 | steps:  1112 | steps_t:  1079 | t: 9.098783 | r:   -26.000000 | e:   0.300000 | Q:   0.131981 | won: True 
#    1 | steps:  1120 | steps_t:  1087 | t: 9.208796 | r:   -28.000000 | e:   0.300000 | Q:   0.131981 | won: True 
#    1 | steps:  1132 | steps_t:  1099 | t: 9.414731 | r:   -30.000000 | e:   0.300000 | Q:   0.131981 | won: True 
#    1 | steps:  1153 | steps_t:  1120 | t: 9.809335 | r:   -32.000000 | e:   0.300000 | Q:   0.131981 | won: True 
#    1 | steps:  1174 | steps_t:  1141 | t: 9.873690 | r:   -34.000000 | e:   0.300000 | Q:   0.131981 | won: True 
#    1 | steps:  1183 | steps_t:  1150 | t: 9.899210 | r:   -36.000000 | e:   0.300000 | Q:   0.131981 | won: True 
#    1 | steps:  1190 | steps_t:  1157 | t: 10.006004 | r:   -38.000000 | e:   0.300000 | Q:   0.131981 | won: True 
#    1 | steps:  1217 | steps_t:  1184 | t: 10.171944 | r:   -40.000000 | e:   0.300000 | Q:   0.131981 | won: True 
#    1 | steps:  1230 | steps_t:  1197 | t: 10.295354 | r:   -42.000000 | e:   0.300000 | Q:   0.131981 | won: True 
#    1 | steps:  1237 | steps_t:  1204 | t: 10.480551 | r:   -44.000000 | e:   0.300000 | Q:   0.131981 | won: True 
#    1 | steps:  1242 | steps_t:  1209 | t: 10.495915 | r:   -46.000000 | e:   0.300000 | Q:   0.131981 | won: True 
#    1 | steps:  1256 | steps_t:  1223 | t: 10.539037 | r:   -48.000000 | e:   0.300000 | Q:   0.131981 | won: True 
#    1 | steps:  1275 | steps_t:  1242 | t: 10.758468 | r:   -50.000000 | e:   0.300000 | Q:   0.131981 | won: True 
#    1 | steps:  1319 | steps_t:  1286 | t: 11.314529 | r:   -52.000000 | e:   0.300000 | Q:   0.131981 | won: True 
#    1 | steps:  1403 | steps_t:  1370 | t: 11.828233 | r:   -54.000000 | e:   0.300000 | Q:   0.131981 | won: True 
#    1 | steps:  1439 | steps_t:  1406 | t: 12.016964 | r:   -56.000000 | e:   0.300000 | Q:   0.131981 | won: True 
#    1 | steps:  1481 | steps_t:  1448 | t: 12.547989 | r:   -58.000000 | e:   0.300000 | Q:   0.131981 | won: True 
#    1 | steps:  1511 | steps_t:  1478 | t: 12.887383 | r:   -60.000000 | e:   0.300000 | Q:   0.131981 | won: True 
#    1 | steps:  1545 | steps_t:  1512 | t: 13.239258 | r:   -62.000000 | e:   0.300000 | Q:   0.131981 | won: True 
#    1 | steps:  1565 | steps_t:  1532 | t: 13.464316 | r:   -64.000000 | e:   0.300000 | Q:   0.131981 | won: True 
#    1 | steps:  1598 | steps_t:  1565 | t: 13.650212 | r:   -66.000000 | e:   0.300000 | Q:   0.131981 | won: True 
#    1 | steps:  1637 | steps_t:  1604 | t: 13.933493 | r:   -68.000000 | e:   0.300000 | Q:   0.131981 | won: True 
#    1 | steps:  1651 | steps_t:  1618 | t: 13.974284 | r:   -70.000000 | e:   0.300000 | Q:   0.131981 | won: True 
#    1 | steps:  1692 | steps_t:  1659 | t: 14.268749 | r:   -72.000000 | e:   0.300000 | Q:   0.131981 | won: True 
#    1 | steps:  1706 | steps_t:  1673 | t: 14.309680 | r:   -74.000000 | e:   0.300000 | Q:   0.131981 | won: True 
#    1 | steps:  1714 | steps_t:  1681 | t: 14.332597 | r:   -76.000000 | e:   0.300000 | Q:   0.131981 | won: True 
#    1 | steps:  1728 | steps_t:  1695 | t: 14.542516 | r:   -78.000000 | e:   0.300000 | Q:   0.131981 | won: True 
#    1 | steps:  1736 | steps_t:  1703 | t: 14.570769 | r:   -80.000000 | e:   0.300000 | Q:   0.131981 | won: True 
#    1 | steps:  1741 | steps_t:  1708 | t: 14.585920 | r:   -82.000000 | e:   0.300000 | Q:   0.131981 | won: True 
#    1 | steps:  1748 | steps_t:  1715 | t: 14.606433 | r:   -84.000000 | e:   0.300000 | Q:   0.131981 | won: True 
#    1 | steps:  1758 | steps_t:  1725 | t: 14.635755 | r:   -86.000000 | e:   0.300000 | Q:   0.131981 | won: True 
#    1 | steps:  1768 | steps_t:  1735 | t: 14.744471 | r:   -88.000000 | e:   0.300000 | Q:   0.131981 | won: True 
#    1 | steps:  1775 | steps_t:  1742 | t: 14.855489 | r:   -90.000000 | e:   0.300000 | Q:   0.131981 | won: True 
#    1 | steps:  1790 | steps_t:  1757 | t: 15.067665 | r:   -88.000000 | e:   0.300000 | Q:   0.131981 | won: True 
#    1 | steps:  1796 | steps_t:  1763 | t: 15.172393 | r:   -90.000000 | e:   0.300000 | Q:   0.131981 | won: True 
#    1 | steps:  1801 | steps_t:  1768 | t: 15.186842 | r:   -92.000000 | e:   0.300000 | Q:   0.131981 | won: True 
#    1 | steps:  1806 | steps_t:  1773 | t: 15.201847 | r:   -94.000000 | e:   0.300000 | Q:   0.131981 | won: True 
#    1 | steps:  1815 | steps_t:  1782 | t: 15.227925 | r:   -96.000000 | e:   0.300000 | Q:   0.131981 | won: True 
#    1 | steps:  1825 | steps_t:  1792 | t: 15.257178 | r:   -98.000000 | e:   0.300000 | Q:   0.131981 | won: True 
#    1 | steps:  1835 | steps_t:  1802 | t: 15.286167 | r:  -100.000000 | e:   0.300000 | Q:   0.131981 | won: True 
#    1 | steps:  1841 | steps_t:  1808 | t: 15.306038 | r:  -102.000000 | e:   0.300000 | Q:   0.131981 | won: True 
#    1 | steps:  1848 | steps_t:  1815 | t: 15.327507 | r:  -104.000000 | e:   0.300000 | Q:   0.131981 | won: True 
#    1 | steps:  1856 | steps_t:  1823 | t: 15.356958 | r:  -106.000000 | e:   0.300000 | Q:   0.131981 | won: True 
#    1 | steps:  1863 | steps_t:  1830 | t: 15.461912 | r:  -108.000000 | e:   0.300000 | Q:   0.131981 | won: True 
#    1 | steps:  1873 | steps_t:  1840 | t: 15.494165 | r:  -110.000000 | e:   0.300000 | Q:   0.131981 | won: True 
#    1 | steps:  1889 | steps_t:  1856 | t: 15.551521 | r:  -112.000000 | e:   0.300000 | Q:   0.131981 | won: True 
#    1 | steps:  1899 | steps_t:  1866 | t: 15.665241 | r:  -114.000000 | e:   0.300000 | Q:   0.131981 | won: True 
#    1 | steps:  1909 | steps_t:  1876 | t: 15.694467 | r:  -116.000000 | e:   0.300000 | Q:   0.131981 | won: True 
#    1 | steps:  1923 | steps_t:  1890 | t: 15.828507 | r:  -114.000000 | e:   0.300000 | Q:   0.131981 | won: True 
#    1 | steps:  1928 | steps_t:  1895 | t: 15.844253 | r:  -116.000000 | e:   0.300000 | Q:   0.131981 | won: True 
#    1 | steps:  1937 | steps_t:  1904 | t: 15.873644 | r:  -118.000000 | e:   0.300000 | Q:   0.131981 | won: True 
#    1 | steps:  1968 | steps_t:  1935 | t: 16.053946 | r:  -116.000000 | e:   0.300000 | Q:   0.131981 | won: True 
#    1 | steps:  2009 | steps_t:  1976 | t: 16.265977 | r:  -114.000000 | e:   0.300000 | Q:   0.131981 | won: True 
#    1 | steps:  2033 | steps_t:  2000 | t: 16.423760 | r:  -116.000000 | e:   0.300000 | Q:   0.131981 | won: True 
#    1 | steps:  2045 | steps_t:  2012 | t: 16.459936 | r:  -118.000000 | e:   0.300000 | Q:   0.131981 | won: True 
#    1 | steps:  2052 | steps_t:  2019 | t: 16.480339 | r:  -116.000000 | e:   0.300000 | Q:   0.131981 | won: True 
#    1 | steps:  2070 | steps_t:  2037 | t: 16.784073 | r:  -118.000000 | e:   0.300000 | Q:   0.131981 | won: True 
#    1 | steps:  2080 | steps_t:  2047 | t: 16.893529 | r:  -120.000000 | e:   0.300000 | Q:   0.131981 | won: True 
#    1 | steps:  2095 | steps_t:  2062 | t: 16.942900 | r:  -122.000000 | e:   0.300000 | Q:   0.131981 | won: True 
#    1 | steps:  2120 | steps_t:  2087 | t: 17.025227 | r:  -124.000000 | e:   0.300000 | Q:   0.131981 | won: True 
#    1 | steps:  2130 | steps_t:  2097 | t: 17.055842 | r:  -126.000000 | e:   0.300000 | Q:   0.131981 | won: True 
#    1 | steps:  2146 | steps_t:  2113 | t: 17.188350 | r:  -128.000000 | e:   0.300000 | Q:   0.131981 | won: True 
#    1 | steps:  2181 | steps_t:  2148 | t: 17.546538 | r:  -130.000000 | e:   0.300000 | Q:   0.131981 | won: True 
#    1 | steps:  2249 | steps_t:  2216 | t: 18.082386 | r:  -132.000000 | e:   0.300000 | Q:   0.131981 | won: True 
#    1 | steps:  2255 | steps_t:  2222 | t: 18.109768 | r:  -134.000000 | e:   0.300000 | Q:   0.131981 | won: True 
#    1 | steps:  2264 | steps_t:  2231 | t: 18.137986 | r:  -136.000000 | e:   0.300000 | Q:   0.131981 | won: True 
#    1 | steps:  2272 | steps_t:  2239 | t: 18.246250 | r:  -138.000000 | e:   0.300000 | Q:   0.131981 | won: True 
#    1 | steps:  2281 | steps_t:  2248 | t: 18.274406 | r:  -140.000000 | e:   0.300000 | Q:   0.131981 | won: True 
#    1 | steps:  2287 | steps_t:  2254 | t: 18.293125 | r:  -138.000000 | e:   0.300000 | Q:   0.131981 | won: True 
#    1 | steps:  2293 | steps_t:  2260 | t: 18.391969 | r:  -140.000000 | e:   0.300000 | Q:   0.131981 | won: True 
#    1 | steps:  2324 | steps_t:  2291 | t: 18.737415 | r:  -142.000000 | e:   0.300000 | Q:   0.131981 | won: True 
#    1 | steps:  2333 | steps_t:  2300 | t: 18.765713 | r:  -144.000000 | e:   0.300000 | Q:   0.131981 | won: True 
#    1 | steps:  2349 | steps_t:  2316 | t: 18.812036 | r:  -146.000000 | e:   0.300000 | Q:   0.131981 | won: True 
#    1 | steps:  2358 | steps_t:  2325 | t: 18.928089 | r:  -148.000000 | e:   0.300000 | Q:   0.131981 | won: True 
#    1 | steps:  2371 | steps_t:  2338 | t: 18.973096 | r:  -150.000000 | e:   0.300000 | Q:   0.131981 | won: True 
#    1 | steps:  2376 | steps_t:  2343 | t: 18.988155 | r:  -152.000000 | e:   0.300000 | Q:   0.131981 | won: True 
#    1 | steps:  2385 | steps_t:  2352 | t: 19.017088 | r:  -154.000000 | e:   0.300000 | Q:   0.131981 | won: True 
#    1 | steps:  2392 | steps_t:  2359 | t: 19.038728 | r:  -156.000000 | e:   0.300000 | Q:   0.131981 | won: True 
#    1 | steps:  2404 | steps_t:  2371 | t: 19.073115 | r:  -158.000000 | e:   0.300000 | Q:   0.131981 | won: True 
#    1 | steps:  2411 | steps_t:  2378 | t: 19.094146 | r:  -160.000000 | e:   0.300000 | Q:   0.131981 | won: True 
#    1 | steps:  2428 | steps_t:  2395 | t: 19.230567 | r:  -162.000000 | e:   0.300000 | Q:   0.131981 | won: True 
#    1 | steps:  2435 | steps_t:  2402 | t: 19.337109 | r:  -160.000000 | e:   0.300000 | Q:   0.131981 | won: True 
#    1 | steps:  2445 | steps_t:  2412 | t: 19.370659 | r:  -158.000000 | e:   0.300000 | Q:   0.131981 | won: True 
#    1 | steps:  2457 | steps_t:  2424 | t: 19.406620 | r:  -160.000000 | e:   0.300000 | Q:   0.131981 | won: True 
#    1 | steps:  2466 | steps_t:  2433 | t: 19.435910 | r:  -162.000000 | e:   0.300000 | Q:   0.131981 | won: True 
#    1 | steps:  2477 | steps_t:  2444 | t: 19.475285 | r:  -164.000000 | e:   0.300000 | Q:   0.131981 | won: True 
#    1 | steps:  2505 | steps_t:  2472 | t: 19.732157 | r:  -162.000000 | e:   0.300000 | Q:   0.131981 | won: True 
#    1 | steps:  2519 | steps_t:  2486 | t: 19.785928 | r:  -164.000000 | e:   0.300000 | Q:   0.131981 | won: True 
#    1 | steps:  2525 | steps_t:  2492 | t: 19.986871 | r:  -166.000000 | e:   0.300000 | Q:   0.131981 | won: True 
#    1 | steps:  2530 | steps_t:  2497 | t: 20.005486 | r:  -168.000000 | e:   0.300000 | Q:   0.131981 | won: True 
#    1 | steps:  2539 | steps_t:  2506 | t: 20.032654 | r:  -170.000000 | e:   0.300000 | Q:   0.131981 | won: True 
#    1 | steps:  2559 | steps_t:  2526 | t: 20.097160 | r:  -168.000000 | e:   0.300000 | Q:   0.131981 | won: True 
#    1 | steps:  2569 | steps_t:  2536 | t: 20.130243 | r:  -166.000000 | e:   0.300000 | Q:   0.131981 | won: True 
#    1 | steps:  2617 | steps_t:  2584 | t: 20.532183 | r:  -164.000000 | e:   0.300000 | Q:   0.131981 | won: True 
#    1 | steps:  2677 | steps_t:  2644 | t: 20.812871 | r:  -162.000000 | e:   0.300000 | Q:   0.131981 | won: True 
#    1 | steps:  2734 | steps_t:  2701 | t: 21.175212 | r:  -160.000000 | e:   0.300000 | Q:   0.131981 | won: True 
#    1 | steps:  2790 | steps_t:  2757 | t: 21.677650 | r:  -162.000000 | e:   0.300000 | Q:   0.131981 | won: True 
#    1 | steps:  2800 | steps_t:  2767 | t: 21.718057 | r:  -160.000000 | e:   0.300000 | Q:   0.131981 | won: True 
#    1 | steps:  2819 | steps_t:  2786 | t: 21.796828 | r:  -158.000000 | e:   0.300000 | Q:   0.131981 | won: True 
#    1 | steps:  2849 | steps_t:  2816 | t: 21.931759 | r:  -156.000000 | e:   0.300000 | Q:   0.131981 | won: True 
#    1 | steps:  2952 | steps_t:  2919 | t: 22.938915 | r:  -154.000000 | e:   0.300000 | Q:   0.131981 | won: True 
#    1 | steps:  2997 | steps_t:  2964 | t: 23.333881 | r:  -152.000000 | e:   0.300000 | Q:   0.131981 | won: True 
#    1 | steps:  3087 | steps_t:  3054 | t: 24.192489 | r:  -150.000000 | e:   0.300000 | Q:   0.131981 | won: True 
#    1 | steps:  3110 | steps_t:  3077 | t: 24.429974 | r:  -148.000000 | e:   0.300000 | Q:   0.131981 | won: True 
#    1 | steps:  3117 | steps_t:  3084 | t: 24.451925 | r:  -146.000000 | e:   0.300000 | Q:   0.131981 | won: True 
#    1 | steps:  3141 | steps_t:  3108 | t: 24.609403 | r:  -144.000000 | e:   0.300000 | Q:   0.131981 | won: True 
#    1 | steps:  3252 | steps_t:  3219 | t: 25.119679 | r:  -142.000000 | e:   0.300000 | Q:   0.131981 | won: True 
#    1 | steps:  3299 | steps_t:  3266 | t: 25.508132 | r:  -140.000000 | e:   0.300000 | Q:   0.131981 | won: True 
#    1 | steps:  3319 | steps_t:  3286 | t: 25.568488 | r:  -138.000000 | e:   0.300000 | Q:   0.131981 | won: True 
#    1 | steps:  3422 | steps_t:  3389 | t: 26.400111 | r:  -136.000000 | e:   0.300000 | Q:   0.131981 | won: True 
#    1 | steps:  3445 | steps_t:  3412 | t: 26.474495 | r:  -134.000000 | e:   0.300000 | Q:   0.131981 | won: True 
#    1 | steps:  3527 | steps_t:  3494 | t: 27.049716 | r:  -132.000000 | e:   0.300000 | Q:   0.131981 | won: True 
#    1 | steps:  3561 | steps_t:  3528 | t: 27.162710 | r:  -130.000000 | e:   0.300000 | Q:   0.131981 | won: True 
#    1 | steps:  3573 | steps_t:  3540 | t: 27.293586 | r:  -128.000000 | e:   0.300000 | Q:   0.131981 | won: True 
#    1 | steps:  3584 | steps_t:  3551 | t: 27.413615 | r:  -130.000000 | e:   0.300000 | Q:   0.131981 | won: True 
#    1 | steps:  3595 | steps_t:  3562 | t: 27.449596 | r:  -132.000000 | e:   0.300000 | Q:   0.131981 | won: True 
#    1 | steps:  3622 | steps_t:  3589 | t: 27.822173 | r:  -134.000000 | e:   0.300000 | Q:   0.131981 | won: True 
#    1 | steps:  3669 | steps_t:  3636 | t: 28.106912 | r:  -132.000000 | e:   0.300000 | Q:   0.131981 | won: True 
#    1 | steps:  3689 | steps_t:  3656 | t: 28.275629 | r:  -130.000000 | e:   0.300000 | Q:   0.131981 | won: True 
#    1 | steps:  3705 | steps_t:  3672 | t: 28.336919 | r:  -128.000000 | e:   0.300000 | Q:   0.131981 | won: True 
#    1 | steps:  3738 | steps_t:  3705 | t: 28.521296 | r:  -126.000000 | e:   0.300000 | Q:   0.131981 | won: True 
#    1 | steps:  3797 | steps_t:  3764 | t: 28.870707 | r:  -124.000000 | e:   0.300000 | Q:   0.131981 | won: True 
#    1 | steps:  3873 | steps_t:  3840 | t: 29.342547 | r:  -122.000000 | e:   0.300000 | Q:   0.131981 | won: True 
#    1 | steps:  3918 | steps_t:  3885 | t: 29.476101 | r:  -120.000000 | e:   0.300000 | Q:   0.131981 | won: True 
#    1 | steps:  3937 | steps_t:  3904 | t: 29.609888 | r:  -118.000000 | e:   0.300000 | Q:   0.131981 | won: True 
#    1 | steps:  3982 | steps_t:  3949 | t: 29.998438 | r:  -116.000000 | e:   0.300000 | Q:   0.131981 | won: True 
#    1 | steps:  4021 | steps_t:  3988 | t: 30.456217 | r:  -114.000000 | e:   0.300000 | Q:   0.131981 | won: True 
#    1 | steps:  4031 | steps_t:  3998 | t: 30.488217 | r:  -112.000000 | e:   0.300000 | Q:   0.131981 | won: True 
#    1 | steps:  4090 | steps_t:  4057 | t: 31.343907 | r:  -110.000000 | e:   0.300000 | Q:   0.131981 | won: True 
#    1 | steps:  4107 | steps_t:  4074 | t: 31.484721 | r:  -108.000000 | e:   0.300000 | Q:   0.131981 | won: True 
#    1 | steps:  4133 | steps_t:  4100 | t: 31.572960 | r:  -110.000000 | e:   0.300000 | Q:   0.131981 | won: True 
#    1 | steps:  4314 | steps_t:  4281 | t: 32.539039 | r:  -108.000000 | e:   0.300000 | Q:   0.131981 | won: True 
#    1 | steps:  4406 | steps_t:  4373 | t: 33.166151 | r:  -110.000000 | e:   0.300000 | Q:   0.131981 | won: True 
#    1 | steps:  4437 | steps_t:  4404 | t: 33.513496 | r:  -108.000000 | e:   0.300000 | Q:   0.131981 | won: True 
#    1 | steps:  4444 | steps_t:  4411 | t: 33.617587 | r:  -110.000000 | e:   0.300000 | Q:   0.131981 | won: True 
#    1 | steps:  4466 | steps_t:  4433 | t: 33.767851 | r:  -112.000000 | e:   0.300000 | Q:   0.131981 | won: True 
#    1 | steps:  4472 | steps_t:  4439 | t: 33.867153 | r:  -114.000000 | e:   0.300000 | Q:   0.131981 | won: True 
#    1 | steps:  4481 | steps_t:  4448 | t: 33.981922 | r:  -116.000000 | e:   0.300000 | Q:   0.131981 | won: True 
#    1 | steps:  4523 | steps_t:  4490 | t: 34.194836 | r:  -118.000000 | e:   0.300000 | Q:   0.131981 | won: True 
#    1 | steps:  4584 | steps_t:  4551 | t: 34.545611 | r:  -116.000000 | e:   0.300000 | Q:   0.131981 | won: True 
#    1 | steps:  4593 | steps_t:  4560 | t: 34.650722 | r:  -118.000000 | e:   0.300000 | Q:   0.131981 | won: True 
#    1 | steps:  4607 | steps_t:  4574 | t: 34.860544 | r:  -120.000000 | e:   0.300000 | Q:   0.131981 | won: True 
#    1 | steps:  4627 | steps_t:  4594 | t: 34.927792 | r:  -118.000000 | e:   0.300000 | Q:   0.131981 | won: True 
#    1 | steps:  4681 | steps_t:  4648 | t: 35.510554 | r:  -116.000000 | e:   0.300000 | Q:   0.131981 | won: True 
#    1 | steps:  4708 | steps_t:  4675 | t: 35.678937 | r:  -114.000000 | e:   0.300000 | Q:   0.131981 | won: True 
#    1 | steps:  4740 | steps_t:  4707 | t: 36.032572 | r:  -112.000000 | e:   0.300000 | Q:   0.131981 | won: True 
#    1 | steps:  4768 | steps_t:  4735 | t: 36.288579 | r:  -110.000000 | e:   0.300000 | Q:   0.131981 | won: True 
#    1 | steps:  4782 | steps_t:  4749 | t: 36.333764 | r:  -108.000000 | e:   0.300000 | Q:   0.131981 | won: True 
#    1 | steps:  5004 | steps_t:  4971 | t: 37.845893 | r:  -106.000000 | e:   0.300000 | Q:   0.131981 | won: True 
#    1 | steps:  5018 | steps_t:  4985 | t: 37.969033 | r:  -104.000000 | e:   0.300000 | Q:   0.131981 | won: True 
#    1 | steps:  5053 | steps_t:  5020 | t: 38.163811 | r:  -102.000000 | e:   0.300000 | Q:   0.131981 | won: True 
#    1 | steps:  5113 | steps_t:  5080 | t: 38.924892 | r:  -100.000000 | e:   0.300000 | Q:   0.131981 | won: True 
#    1 | steps:  5126 | steps_t:  5093 | t: 39.293521 | r:   -98.000000 | e:   0.300000 | Q:   0.131981 | won: True 
#    1 | steps:  5162 | steps_t:  5129 | t: 39.409568 | r:   -96.000000 | e:   0.300000 | Q:   0.131981 | won: True 
#    1 | steps:  5302 | steps_t:  5269 | t: 40.322967 | r:   -94.000000 | e:   0.300000 | Q:   0.131981 | won: True 
#    1 | steps:  5328 | steps_t:  5295 | t: 40.418664 | r:   -92.000000 | e:   0.300000 | Q:   0.131981 | won: True 
#    1 | steps:  5352 | steps_t:  5319 | t: 40.573671 | r:   -90.000000 | e:   0.300000 | Q:   0.131981 | won: True 
#    1 | steps:  5361 | steps_t:  5328 | t: 40.603364 | r:   -88.000000 | e:   0.300000 | Q:   0.131981 | won: True 
#    1 | steps:  5367 | steps_t:  5334 | t: 40.704253 | r:   -90.000000 | e:   0.300000 | Q:   0.131981 | won: True 
#    1 | steps:  5437 | steps_t:  5404 | t: 41.329932 | r:   -88.000000 | e:   0.300000 | Q:   0.131981 | won: True 
#    1 | steps:  5497 | steps_t:  5464 | t: 41.769253 | r:   -90.000000 | e:   0.300000 | Q:   0.131981 | won: True 
#    1 | steps:  5548 | steps_t:  5515 | t: 42.187716 | r:   -88.000000 | e:   0.300000 | Q:   0.131981 | won: True 
#    1 | steps:  5600 | steps_t:  5567 | t: 42.510565 | r:   -86.000000 | e:   0.300000 | Q:   0.131981 | won: True 
#    1 | steps:  5626 | steps_t:  5593 | t: 42.599542 | r:   -84.000000 | e:   0.300000 | Q:   0.131981 | won: True 
#    1 | steps:  5642 | steps_t:  5609 | t: 42.730853 | r:   -82.000000 | e:   0.300000 | Q:   0.131981 | won: True 
#    1 | steps:  5691 | steps_t:  5658 | t: 43.210558 | r:   -80.000000 | e:   0.300000 | Q:   0.131981 | won: True 
#    1 | steps:  5719 | steps_t:  5686 | t: 43.375500 | r:   -78.000000 | e:   0.300000 | Q:   0.131981 | won: True 
#    1 | steps:  5783 | steps_t:  5750 | t: 43.905619 | r:   -76.000000 | e:   0.300000 | Q:   0.131981 | won: True 
#    1 | steps:  5801 | steps_t:  5768 | t: 43.969050 | r:   -74.000000 | e:   0.300000 | Q:   0.131981 | won: True 
#    1 | steps:  5809 | steps_t:  5776 | t: 44.078187 | r:   -72.000000 | e:   0.300000 | Q:   0.131981 | won: True 
#    1 | steps:  5849 | steps_t:  5816 | t: 44.373661 | r:   -70.000000 | e:   0.300000 | Q:   0.131981 | won: True 
#    1 | steps:  5934 | steps_t:  5901 | t: 44.957459 | r:   -68.000000 | e:   0.300000 | Q:   0.131981 | won: True 
#    1 | steps:  5994 | steps_t:  5961 | t: 45.255028 | r:   -66.000000 | e:   0.300000 | Q:   0.131981 | won: True 
#    1 | steps:  6016 | steps_t:  5983 | t: 45.526053 | r:   -64.000000 | e:   0.300000 | Q:   0.131981 | won: True 
#    1 | steps:  6043 | steps_t:  6010 | t: 45.614549 | r:   -62.000000 | e:   0.300000 | Q:   0.131981 | won: True 
#    1 | steps:  6063 | steps_t:  6030 | t: 45.845843 | r:   -60.000000 | e:   0.300000 | Q:   0.131981 | won: True 
#    1 | steps:  6079 | steps_t:  6046 | t: 46.052456 | r:   -58.000000 | e:   0.300000 | Q:   0.131981 | won: True 
#    1 | steps:  6125 | steps_t:  6092 | t: 46.200540 | r:   -56.000000 | e:   0.300000 | Q:   0.131981 | won: True 
#    1 | steps:  6160 | steps_t:  6127 | t: 46.392780 | r:   -54.000000 | e:   0.300000 | Q:   0.131981 | won: True 
#    1 | steps:  6233 | steps_t:  6200 | t: 46.705429 | r:   -52.000000 | e:   0.300000 | Q:   0.131981 | won: True 
#    1 | steps:  6302 | steps_t:  6269 | t: 46.923872 | r:   -50.000000 | e:   0.300000 | Q:   0.131981 | won: True 
#    1 | steps:  6311 | steps_t:  6278 | t: 46.951223 | r:   -48.000000 | e:   0.300000 | Q:   0.131981 | won: True 
#    1 | steps:  6380 | steps_t:  6347 | t: 47.333734 | r:   -46.000000 | e:   0.300000 | Q:   0.131981 | won: True 
#    1 | steps:  6579 | steps_t:  6546 | t: 48.772939 | r:   -44.000000 | e:   0.300000 | Q:   0.131981 | won: True 
#    1 | steps:  6694 | steps_t:  6661 | t: 49.454025 | r:   -46.000000 | e:   0.300000 | Q:   0.131981 | won: True 
#    1 | steps:  6716 | steps_t:  6683 | t: 49.607898 | r:   -48.000000 | e:   0.300000 | Q:   0.131981 | won: True 
#    1 | steps:  6738 | steps_t:  6705 | t: 49.920334 | r:   -46.000000 | e:   0.300000 | Q:   0.131981 | won: True 
#    1 | steps:  6787 | steps_t:  6754 | t: 50.244374 | r:   -48.000000 | e:   0.300000 | Q:   0.131981 | won: True 
#    1 | steps:  6872 | steps_t:  6839 | t: 50.671938 | r:   -50.000000 | e:   0.300000 | Q:   0.131981 | won: True 
#    1 | steps:  6892 | steps_t:  6859 | t: 50.815138 | r:   -48.000000 | e:   0.300000 | Q:   0.131981 | won: True 
#    1 | steps:  6917 | steps_t:  6884 | t: 51.139163 | r:   -46.000000 | e:   0.300000 | Q:   0.131981 | won: True 
#    1 | steps:  6931 | steps_t:  6898 | t: 51.182361 | r:   -44.000000 | e:   0.300000 | Q:   0.131981 | won: True 
#    1 | steps:  7010 | steps_t:  6977 | t: 51.774207 | r:   -42.000000 | e:   0.300000 | Q:   0.131981 | won: True 
#    1 | steps:  7020 | steps_t:  6987 | t: 51.804577 | r:   -40.000000 | e:   0.300000 | Q:   0.131981 | won: True 
#    1 | steps:  7044 | steps_t:  7011 | t: 52.051480 | r:   -38.000000 | e:   0.300000 | Q:   0.131981 | won: True 
#    1 | steps:  7129 | steps_t:  7096 | t: 52.740537 | r:   -40.000000 | e:   0.300000 | Q:   0.131981 | won: True 
#    1 | steps:  7166 | steps_t:  7133 | t: 53.191987 | r:   -42.000000 | e:   0.300000 | Q:   0.131981 | won: True 
#    1 | steps:  7249 | steps_t:  7216 | t: 53.679961 | r:   -44.000000 | e:   0.300000 | Q:   0.131981 | won: True 
#    1 | steps:  7282 | steps_t:  7249 | t: 53.907359 | r:   -46.000000 | e:   0.300000 | Q:   0.131981 | won: True 
#    1 | steps:  7455 | steps_t:  7422 | t: 54.823730 | r:   -44.000000 | e:   0.300000 | Q:   0.131981 | won: True 
#    1 | steps:  7462 | steps_t:  7429 | t: 54.850489 | r:   -42.000000 | e:   0.300000 | Q:   0.131981 | won: True 
#    1 | steps:  7570 | steps_t:  7537 | t: 55.530140 | r:   -40.000000 | e:   0.300000 | Q:   0.131981 | won: True 
#    1 | steps:  7657 | steps_t:  7624 | t: 56.063263 | r:   -42.000000 | e:   0.300000 | Q:   0.131981 | won: True 
#    1 | steps:  7669 | steps_t:  7636 | t: 56.102485 | r:   -44.000000 | e:   0.300000 | Q:   0.131981 | won: True 
#    1 | steps:  7727 | steps_t:  7694 | t: 56.525191 | r:   -46.000000 | e:   0.300000 | Q:   0.131981 | won: True 
#    1 | steps:  7787 | steps_t:  7754 | t: 56.973424 | r:   -48.000000 | e:   0.300000 | Q:   0.131981 | won: True 
#    1 | steps:  7866 | steps_t:  7833 | t: 57.476534 | r:   -50.000000 | e:   0.300000 | Q:   0.131981 | won: True 
#    1 | steps:  7946 | steps_t:  7913 | t: 57.825297 | r:   -52.000000 | e:   0.300000 | Q:   0.131981 | won: True 
#    1 | steps:  7994 | steps_t:  7961 | t: 58.309165 | r:   -54.000000 | e:   0.300000 | Q:   0.131981 | won: True 
#    1 | steps:  8085 | steps_t:  8052 | t: 59.171729 | r:   -56.000000 | e:   0.300000 | Q:   0.131981 | won: True 
#    1 | steps:  8157 | steps_t:  8124 | t: 59.566606 | r:   -58.000000 | e:   0.300000 | Q:   0.131981 | won: True 
#    1 | steps:  8217 | steps_t:  8184 | t: 59.937482 | r:   -60.000000 | e:   0.300000 | Q:   0.131981 | won: True 
#    1 | steps:  8276 | steps_t:  8243 | t: 60.214448 | r:   -62.000000 | e:   0.300000 | Q:   0.131981 | won: True 
#    1 | steps:  8351 | steps_t:  8318 | t: 60.949237 | r:   -64.000000 | e:   0.300000 | Q:   0.131981 | won: True 
#    1 | steps:  8361 | steps_t:  8328 | t: 60.992421 | r:   -66.000000 | e:   0.300000 | Q:   0.131981 | won: True 
#    1 | steps:  8404 | steps_t:  8371 | t: 61.306662 | r:   -64.000000 | e:   0.300000 | Q:   0.131981 | won: True 
#    1 | steps:  8411 | steps_t:  8378 | t: 61.333661 | r:   -66.000000 | e:   0.300000 | Q:   0.131981 | won: True 
#    1 | steps:  8424 | steps_t:  8391 | t: 61.397783 | r:   -68.000000 | e:   0.300000 | Q:   0.131981 | won: True 
#    1 | steps:  8439 | steps_t:  8406 | t: 61.730663 | r:   -70.000000 | e:   0.300000 | Q:   0.131981 | won: True 
#    1 | steps:  8465 | steps_t:  8432 | t: 61.842522 | r:   -72.000000 | e:   0.300000 | Q:   0.131981 | won: True 
#    1 | steps:  8476 | steps_t:  8443 | t: 61.975760 | r:   -70.000000 | e:   0.300000 | Q:   0.131981 | won: True 
#    1 | steps:  8488 | steps_t:  8455 | t: 62.108738 | r:   -68.000000 | e:   0.300000 | Q:   0.131981 | won: True 
#    1 | steps:  8520 | steps_t:  8487 | t: 62.381837 | r:   -70.000000 | e:   0.300000 | Q:   0.131981 | won: True 
#    1 | steps:  8528 | steps_t:  8495 | t: 62.407237 | r:   -72.000000 | e:   0.300000 | Q:   0.131981 | won: True 
#    1 | steps:  8557 | steps_t:  8524 | t: 62.587884 | r:   -74.000000 | e:   0.300000 | Q:   0.131981 | won: True 
#    1 | steps:  8678 | steps_t:  8645 | t: 63.491764 | r:   -76.000000 | e:   0.300000 | Q:   0.131981 | won: True 
#    1 | steps:  8796 | steps_t:  8763 | t: 64.353175 | r:   -74.000000 | e:   0.300000 | Q:   0.131981 | won: True 
#    1 | steps:  8868 | steps_t:  8835 | t: 64.839611 | r:   -72.000000 | e:   0.300000 | Q:   0.131981 | won: True 
#    1 | steps:  8876 | steps_t:  8843 | t: 64.867124 | r:   -74.000000 | e:   0.300000 | Q:   0.131981 | won: True 
#    1 | steps:  8909 | steps_t:  8876 | t: 65.134760 | r:   -76.000000 | e:   0.300000 | Q:   0.131981 | won: True 
#    1 | steps:  8950 | steps_t:  8917 | t: 65.425615 | r:   -78.000000 | e:   0.300000 | Q:   0.131981 | won: True 
#    1 | steps:  8966 | steps_t:  8933 | t: 65.559162 | r:   -80.000000 | e:   0.300000 | Q:   0.131981 | won: True 
#    1 | steps:  9001 | steps_t:  8968 | t: 65.754742 | r:   -82.000000 | e:   0.300000 | Q:   0.131981 | won: True 
#    1 | steps:  9007 | steps_t:  8974 | t: 65.774255 | r:   -84.000000 | e:   0.300000 | Q:   0.131981 | won: True 
#    1 | steps:  9021 | steps_t:  8988 | t: 65.907910 | r:   -86.000000 | e:   0.300000 | Q:   0.131981 | won: True 
#    1 | steps:  9134 | steps_t:  9101 | t: 66.838159 | r:   -88.000000 | e:   0.300000 | Q:   0.131981 | won: True 
#    1 | steps:  9152 | steps_t:  9119 | t: 66.979444 | r:   -90.000000 | e:   0.300000 | Q:   0.131981 | won: True 
#    1 | steps:  9160 | steps_t:  9127 | t: 67.102646 | r:   -92.000000 | e:   0.300000 | Q:   0.131981 | won: True 
#    1 | steps:  9211 | steps_t:  9178 | t: 67.347012 | r:   -94.000000 | e:   0.300000 | Q:   0.131981 | won: True 
#    1 | steps:  9231 | steps_t:  9198 | t: 67.429930 | r:   -96.000000 | e:   0.300000 | Q:   0.131981 | won: True 
#    1 | steps:  9293 | steps_t:  9260 | t: 67.914917 | r:   -98.000000 | e:   0.300000 | Q:   0.131981 | won: True 
#    1 | steps:  9326 | steps_t:  9293 | t: 68.104569 | r:  -100.000000 | e:   0.300000 | Q:   0.131981 | won: True 
#    1 | steps:  9346 | steps_t:  9313 | t: 68.272261 | r:  -102.000000 | e:   0.300000 | Q:   0.131981 | won: True 
#    1 | steps:  9356 | steps_t:  9323 | t: 68.315486 | r:  -100.000000 | e:   0.300000 | Q:   0.131981 | won: True 
#    1 | steps:  9385 | steps_t:  9352 | t: 68.432821 | r:  -102.000000 | e:   0.300000 | Q:   0.131981 | won: True 
#    1 | steps:  9444 | steps_t:  9411 | t: 68.870049 | r:  -104.000000 | e:   0.300000 | Q:   0.131981 | won: True 
#    1 | steps:  9474 | steps_t:  9441 | t: 68.964809 | r:  -106.000000 | e:   0.300000 | Q:   0.131981 | won: True 
#    1 | steps:  9518 | steps_t:  9485 | t: 69.194363 | r:  -104.000000 | e:   0.300000 | Q:   0.131981 | won: True 
#    1 | steps:  9531 | steps_t:  9498 | t: 69.233918 | r:  -106.000000 | e:   0.300000 | Q:   0.131981 | won: True 
#    1 | steps:  9553 | steps_t:  9520 | t: 69.306590 | r:  -108.000000 | e:   0.300000 | Q:   0.131981 | won: True 
#    1 | steps:  9627 | steps_t:  9594 | t: 69.874988 | r:  -110.000000 | e:   0.300000 | Q:   0.131981 | won: True 
#    1 | steps:  9660 | steps_t:  9627 | t: 70.064385 | r:  -112.000000 | e:   0.300000 | Q:   0.131981 | won: True 
#    1 | steps:  9806 | steps_t:  9773 | t: 71.274307 | r:  -114.000000 | e:   0.300000 | Q:   0.131981 | won: True 
#    1 | steps:  9826 | steps_t:  9793 | t: 71.419171 | r:  -116.000000 | e:   0.300000 | Q:   0.131981 | won: True 
#    1 | steps:  9878 | steps_t:  9845 | t: 71.823449 | r:  -118.000000 | e:   0.300000 | Q:   0.131981 | won: True 
#    1 | steps:  9997 | steps_t:  9964 | t: 73.100999 | r:  -120.000000 | e:   0.300000 | Q:   0.131981 | won: True 
#    1 | steps: 10043 | steps_t: 10010 | t: 73.364707 | r:  -122.000000 | e:   0.300000 | Q:   0.131981 | won: True 
#    1 | steps: 10087 | steps_t: 10054 | t: 73.611512 | r:  -124.000000 | e:   0.300000 | Q:   0.131981 | won: True 
#    1 | steps: 10134 | steps_t: 10101 | t: 73.962417 | r:  -126.000000 | e:   0.300000 | Q:   0.131981 | won: True 
#    1 | steps: 10180 | steps_t: 10147 | t: 74.356743 | r:  -128.000000 | e:   0.300000 | Q:   0.131981 | won: True 
#    1 | steps: 10213 | steps_t: 10180 | t: 74.798662 | r:  -130.000000 | e:   0.300000 | Q:   0.131981 | won: True 
#    1 | steps: 10342 | steps_t: 10309 | t: 75.648280 | r:  -132.000000 | e:   0.300000 | Q:   0.131981 | won: True 
#    1 | steps: 10448 | steps_t: 10415 | t: 76.251827 | r:  -134.000000 | e:   0.300000 | Q:   0.131981 | won: True 
#    1 | steps: 10539 | steps_t: 10506 | t: 77.040554 | r:  -136.000000 | e:   0.300000 | Q:   0.131981 | won: True 
#    1 | steps: 10557 | steps_t: 10524 | t: 77.100588 | r:  -138.000000 | e:   0.300000 | Q:   0.131981 | won: True 
#    1 | steps: 10610 | steps_t: 10577 | t: 77.357667 | r:  -140.000000 | e:   0.300000 | Q:   0.131981 | won: True 
#    1 | steps: 10639 | steps_t: 10606 | t: 77.617970 | r:  -142.000000 | e:   0.300000 | Q:   0.131981 | won: True 
#    1 | steps: 10691 | steps_t: 10658 | t: 78.209065 | r:  -144.000000 | e:   0.300000 | Q:   0.131981 | won: True 
#    1 | steps: 10785 | steps_t: 10752 | t: 78.929701 | r:  -146.000000 | e:   0.300000 | Q:   0.131981 | won: True 
#    1 | steps: 10905 | steps_t: 10872 | t: 79.854289 | r:  -148.000000 | e:   0.300000 | Q:   0.131981 | won: True 
#    1 | steps: 10964 | steps_t: 10931 | t: 80.210979 | r:  -150.000000 | e:   0.300000 | Q:   0.131981 | won: True 
#    1 | steps: 11145 | steps_t: 11112 | t: 82.062030 | r:  -152.000000 | e:   0.300000 | Q:   0.131981 | won: True 
#    1 | steps: 11262 | steps_t: 11229 | t: 82.758177 | r:  -154.000000 | e:   0.300000 | Q:   0.131981 | won: True 
#    1 | steps: 11287 | steps_t: 11254 | t: 82.839049 | r:  -156.000000 | e:   0.300000 | Q:   0.131981 | won: True 
#    1 | steps: 11303 | steps_t: 11270 | t: 82.893978 | r:  -158.000000 | e:   0.300000 | Q:   0.131981 | won: True 
#    1 | steps: 11324 | steps_t: 11291 | t: 83.052160 | r:  -160.000000 | e:   0.300000 | Q:   0.131981 | won: True 
#    1 | steps: 11455 | steps_t: 11422 | t: 84.128014 | r:  -162.000000 | e:   0.300000 | Q:   0.131981 | won: True 
#    1 | steps: 11470 | steps_t: 11437 | t: 84.258275 | r:  -160.000000 | e:   0.300000 | Q:   0.131981 | won: True 
#    1 | steps: 11486 | steps_t: 11453 | t: 84.559311 | r:  -162.000000 | e:   0.300000 | Q:   0.131981 | won: True 
#    1 | steps: 11566 | steps_t: 11533 | t: 85.304987 | r:  -164.000000 | e:   0.300000 | Q:   0.131981 | won: True 
#    1 | steps: 11679 | steps_t: 11646 | t: 86.160756 | r:  -166.000000 | e:   0.300000 | Q:   0.131981 | won: True 
#    1 | steps: 11693 | steps_t: 11660 | t: 86.288704 | r:  -168.000000 | e:   0.300000 | Q:   0.131981 | won: True 
#    1 | steps: 11784 | steps_t: 11751 | t: 87.157852 | r:  -170.000000 | e:   0.300000 | Q:   0.131981 | won: True 
#    1 | steps: 12009 | steps_t: 11976 | t: 88.850352 | r:  -172.000000 | e:   0.300000 | Q:   0.131981 | won: True 
#    1 | steps: 12041 | steps_t: 12008 | t: 88.958465 | r:  -170.000000 | e:   0.300000 | Q:   0.131981 | won: True 
#    1 | steps: 12053 | steps_t: 12020 | t: 88.994928 | r:  -172.000000 | e:   0.300000 | Q:   0.131981 | won: True 
#    1 | steps: 12169 | steps_t: 12136 | t: 89.612441 | r:  -174.000000 | e:   0.300000 | Q:   0.131981 | won: True 
#    1 | steps: 12206 | steps_t: 12173 | t: 89.966841 | r:  -176.000000 | e:   0.300000 | Q:   0.131981 | won: True 
#    1 | steps: 12346 | steps_t: 12313 | t: 90.813172 | r:  -178.000000 | e:   0.300000 | Q:   0.131981 | won: True 
#    1 | steps: 12365 | steps_t: 12332 | t: 90.961387 | r:  -180.000000 | e:   0.300000 | Q:   0.131981 | won: True 
#    1 | steps: 12518 | steps_t: 12485 | t: 92.514122 | r:  -182.000000 | e:   0.300000 | Q:   0.131981 | won: True 
#    1 | steps: 12634 | steps_t: 12601 | t: 93.377649 | r:  -184.000000 | e:   0.300000 | Q:   0.131981 | won: True 
#    1 | steps: 12688 | steps_t: 12655 | t: 93.716684 | r:  -186.000000 | e:   0.300000 | Q:   0.131981 | won: True 
#    1 | steps: 12763 | steps_t: 12730 | t: 94.121945 | r:  -188.000000 | e:   0.300000 | Q:   0.131981 | won: True 
#    1 | steps: 12889 | steps_t: 12856 | t: 95.096847 | r:  -186.000000 | e:   0.300000 | Q:   0.131981 | won: True 
#    1 | steps: 12981 | steps_t: 12948 | t: 96.295662 | r:  -188.000000 | e:   0.300000 | Q:   0.131981 | won: True 
#    1 | steps: 13081 | steps_t: 13048 | t: 96.931824 | r:  -190.000000 | e:   0.300000 | Q:   0.131981 | won: True 
#    1 | steps: 13120 | steps_t: 13087 | t: 97.223524 | r:  -192.000000 | e:   0.300000 | Q:   0.131981 | won: True 
#    1 | steps: 13202 | steps_t: 13169 | t: 97.972862 | r:  -190.000000 | e:   0.300000 | Q:   0.131981 | won: True 
#    1 | steps: 13210 | steps_t: 13177 | t: 98.075903 | r:  -192.000000 | e:   0.300000 | Q:   0.131981 | won: True 
#    1 | steps: 13264 | steps_t: 13231 | t: 98.407362 | r:  -194.000000 | e:   0.300000 | Q:   0.131981 | won: True 
#    1 | steps: 13307 | steps_t: 13274 | t: 98.876006 | r:  -196.000000 | e:   0.300000 | Q:   0.131981 | won: True 
#    1 | steps: 13464 | steps_t: 13431 | t: 100.467124 | r:  -198.000000 | e:   0.300000 | Q:   0.131981 | won: True 
#    1 | steps: 13509 | steps_t: 13476 | t: 101.044950 | r:  -200.000000 | e:   0.300000 | Q:   0.131981 | won: True 
#    1 | steps: 13517 | steps_t: 13484 | t: 101.155701 | r:  -202.000000 | e:   0.300000 | Q:   0.131981 | won: True 
#    1 | steps: 13527 | steps_t: 13494 | t: 101.191269 | r:  -204.000000 | e:   0.300000 | Q:   0.131981 | won: True 
#    1 | steps: 13534 | steps_t: 13501 | t: 101.220396 | r:  -206.000000 | e:   0.300000 | Q:   0.131981 | won: True 
#    1 | steps: 13542 | steps_t: 13509 | t: 101.254131 | r:  -208.000000 | e:   0.300000 | Q:   0.131981 | won: True 
#    1 | steps: 13555 | steps_t: 13522 | t: 101.306779 | r:  -210.000000 | e:   0.300000 | Q:   0.131981 | won: True 
#    1 | steps: 13574 | steps_t: 13541 | t: 101.535340 | r:  -212.000000 | e:   0.300000 | Q:   0.131981 | won: True 
#    1 | steps: 13585 | steps_t: 13552 | t: 101.571683 | r:  -214.000000 | e:   0.300000 | Q:   0.131981 | won: True 
#    1 | steps: 13609 | steps_t: 13576 | t: 101.731820 | r:  -216.000000 | e:   0.300000 | Q:   0.131981 | won: True 
#    1 | steps: 13652 | steps_t: 13619 | t: 101.950686 | r:  -218.000000 | e:   0.300000 | Q:   0.131981 | won: True 
#    1 | steps: 13661 | steps_t: 13628 | t: 102.137967 | r:  -216.000000 | e:   0.300000 | Q:   0.131981 | won: True 
#    1 | steps: 13672 | steps_t: 13639 | t: 102.269072 | r:  -218.000000 | e:   0.300000 | Q:   0.131981 | won: True 
#    1 | steps: 13682 | steps_t: 13649 | t: 102.391189 | r:  -216.000000 | e:   0.300000 | Q:   0.131981 | won: True 
#    1 | steps: 13689 | steps_t: 13656 | t: 102.496794 | r:  -218.000000 | e:   0.300000 | Q:   0.131981 | won: True 
#    1 | steps: 13733 | steps_t: 13700 | t: 102.736467 | r:  -220.000000 | e:   0.300000 | Q:   0.131981 | won: True 
#    1 | steps: 13898 | steps_t: 13865 | t: 103.502751 | r:  -222.000000 | e:   0.300000 | Q:   0.131981 | won: True 
#    1 | steps: 13933 | steps_t: 13900 | t: 103.617636 | r:  -224.000000 | e:   0.300000 | Q:   0.131981 | won: True 
#    1 | steps: 14188 | steps_t: 14155 | t: 105.860166 | r:  -226.000000 | e:   0.300000 | Q:   0.131981 | won: True 
#    1 | steps: 14323 | steps_t: 14290 | t: 106.843919 | r:  -228.000000 | e:   0.300000 | Q:   0.131981 | won: True 
#    1 | steps: 14347 | steps_t: 14314 | t: 107.090775 | r:  -230.000000 | e:   0.300000 | Q:   0.131981 | won: True 
#    1 | steps: 14368 | steps_t: 14335 | t: 107.231092 | r:  -232.000000 | e:   0.300000 | Q:   0.131981 | won: True 
#    1 | steps: 14466 | steps_t: 14433 | t: 107.626589 | r:  -230.000000 | e:   0.300000 | Q:   0.131981 | won: True 
#    1 | steps: 14531 | steps_t: 14498 | t: 108.153635 | r:  -228.000000 | e:   0.300000 | Q:   0.131981 | won: True 
#    1 | steps: 14561 | steps_t: 14528 | t: 108.257901 | r:  -226.000000 | e:   0.300000 | Q:   0.131981 | won: True 
#    1 | steps: 14593 | steps_t: 14560 | t: 108.443145 | r:  -224.000000 | e:   0.300000 | Q:   0.131981 | won: True 
#    1 | steps: 14612 | steps_t: 14579 | t: 108.666974 | r:  -222.000000 | e:   0.300000 | Q:   0.131981 | won: True 
#    1 | steps: 14774 | steps_t: 14741 | t: 109.968509 | r:  -224.000000 | e:   0.300000 | Q:   0.131981 | won: True 
#    1 | steps: 14859 | steps_t: 14826 | t: 110.555556 | r:  -226.000000 | e:   0.300000 | Q:   0.131981 | won: True 
#    1 | steps: 15062 | steps_t: 15029 | t: 112.231322 | r:  -228.000000 | e:   0.300000 | Q:   0.131981 | won: True 
#    1 | steps: 15098 | steps_t: 15065 | t: 112.425863 | r:  -226.000000 | e:   0.300000 | Q:   0.131981 | won: True 
#    1 | steps: 15112 | steps_t: 15079 | t: 112.553139 | r:  -224.000000 | e:   0.300000 | Q:   0.131981 | won: True 
#    1 | steps: 15183 | steps_t: 15150 | t: 113.197380 | r:  -222.000000 | e:   0.300000 | Q:   0.131981 | won: True 
#    1 | steps: 15191 | steps_t: 15158 | t: 113.306141 | r:  -220.000000 | e:   0.300000 | Q:   0.131981 | won: True 
#    1 | steps: 15269 | steps_t: 15236 | t: 114.133699 | r:  -218.000000 | e:   0.300000 | Q:   0.131981 | won: True 
#    1 | steps: 15328 | steps_t: 15295 | t: 114.654353 | r:  -220.000000 | e:   0.300000 | Q:   0.131981 | won: True 
#    1 | steps: 15344 | steps_t: 15311 | t: 114.708881 | r:  -222.000000 | e:   0.300000 | Q:   0.131981 | won: True 
#    1 | steps: 15362 | steps_t: 15329 | t: 114.852740 | r:  -224.000000 | e:   0.300000 | Q:   0.131981 | won: True 
#    1 | steps: 15454 | steps_t: 15421 | t: 115.545435 | r:  -222.000000 | e:   0.300000 | Q:   0.131981 | won: True 
#    1 | steps: 15483 | steps_t: 15450 | t: 115.718829 | r:  -220.000000 | e:   0.300000 | Q:   0.131981 | won: True 
#    1 | steps: 15516 | steps_t: 15483 | t: 115.827734 | r:  -218.000000 | e:   0.300000 | Q:   0.131981 | won: True 
#    1 | steps: 15558 | steps_t: 15525 | t: 116.202490 | r:  -216.000000 | e:   0.300000 | Q:   0.131981 | won: True 
#    1 | steps: 15567 | steps_t: 15534 | t: 116.237746 | r:  -214.000000 | e:   0.300000 | Q:   0.131981 | won: True 
#    1 | steps: 15622 | steps_t: 15589 | t: 116.412790 | r:  -216.000000 | e:   0.300000 | Q:   0.131981 | won: True 
#    1 | steps: 15798 | steps_t: 15765 | t: 117.607978 | r:  -214.000000 | e:   0.300000 | Q:   0.131981 | won: True 
#    1 | steps: 15848 | steps_t: 15815 | t: 118.091832 | r:  -212.000000 | e:   0.300000 | Q:   0.131981 | won: True 
#    1 | steps: 15889 | steps_t: 15856 | t: 118.468091 | r:  -210.000000 | e:   0.300000 | Q:   0.131981 | won: True 
#    1 | steps: 15946 | steps_t: 15913 | t: 118.886100 | r:  -212.000000 | e:   0.300000 | Q:   0.131981 | won: True 
#    1 | steps: 15999 | steps_t: 15966 | t: 119.215426 | r:  -214.000000 | e:   0.300000 | Q:   0.131981 | won: True 
#    1 | steps: 16059 | steps_t: 16026 | t: 119.640385 | r:  -216.000000 | e:   0.300000 | Q:   0.131981 | won: True 
#    1 | steps: 16107 | steps_t: 16074 | t: 120.031487 | r:  -218.000000 | e:   0.300000 | Q:   0.131981 | won: True 
#    1 | steps: 16150 | steps_t: 16117 | t: 120.340201 | r:  -220.000000 | e:   0.300000 | Q:   0.131981 | won: True 
#    1 | steps: 16237 | steps_t: 16204 | t: 120.936588 | r:  -222.000000 | e:   0.300000 | Q:   0.131981 | won: True 
#    1 | steps: 16306 | steps_t: 16273 | t: 121.485919 | r:  -224.000000 | e:   0.300000 | Q:   0.131981 | won: True 
#    1 | steps: 16326 | steps_t: 16293 | t: 121.639244 | r:  -226.000000 | e:   0.300000 | Q:   0.131981 | won: True 
#    1 | steps: 16420 | steps_t: 16387 | t: 122.342875 | r:  -228.000000 | e:   0.300000 | Q:   0.131981 | won: True 
#    1 | steps: 16534 | steps_t: 16501 | t: 123.272947 | r:  -230.000000 | e:   0.300000 | Q:   0.131981 | won: True 
#    1 | steps: 16600 | steps_t: 16567 | t: 123.735578 | r:  -232.000000 | e:   0.300000 | Q:   0.131981 | won: True 
#    1 | steps: 16686 | steps_t: 16653 | t: 124.333626 | r:  -234.000000 | e:   0.300000 | Q:   0.131981 | won: True 
#    1 | steps: 16768 | steps_t: 16735 | t: 124.853206 | r:  -232.000000 | e:   0.300000 | Q:   0.131981 | won: True 
#    1 | steps: 16960 | steps_t: 16927 | t: 126.423980 | r:  -234.000000 | e:   0.300000 | Q:   0.131981 | won: True 
#    1 | steps: 16990 | steps_t: 16957 | t: 126.687951 | r:  -236.000000 | e:   0.300000 | Q:   0.131981 | won: True 
#    1 | steps: 17157 | steps_t: 17124 | t: 128.447280 | r:  -238.000000 | e:   0.300000 | Q:   0.131981 | won: True 
#    1 | steps: 17185 | steps_t: 17152 | t: 128.547992 | r:  -240.000000 | e:   0.300000 | Q:   0.131981 | won: True 
#    1 | steps: 17265 | steps_t: 17232 | t: 129.365726 | r:  -242.000000 | e:   0.300000 | Q:   0.131981 | won: True 
#    1 | steps: 17375 | steps_t: 17342 | t: 129.875122 | r:  -244.000000 | e:   0.300000 | Q:   0.131981 | won: True 
#    1 | steps: 17464 | steps_t: 17431 | t: 131.002539 | r:  -246.000000 | e:   0.300000 | Q:   0.131981 | won: True 
#    1 | steps: 17521 | steps_t: 17488 | t: 131.791412 | r:  -248.000000 | e:   0.300000 | Q:   0.131981 | won: True 
#    1 | steps: 17594 | steps_t: 17561 | t: 132.280984 | r:  -246.000000 | e:   0.300000 | Q:   0.131981 | won: True 
#    1 | steps: 17614 | steps_t: 17581 | t: 132.518750 | r:  -244.000000 | e:   0.300000 | Q:   0.131981 | won: True 
#    1 | steps: 17653 | steps_t: 17620 | t: 132.808196 | r:  -242.000000 | e:   0.300000 | Q:   0.131981 | won: True 
#    1 | steps: 17808 | steps_t: 17775 | t: 133.968336 | r:  -244.000000 | e:   0.300000 | Q:   0.131981 | won: True 
#    1 | steps: 17858 | steps_t: 17825 | t: 134.545974 | r:  -246.000000 | e:   0.300000 | Q:   0.131981 | won: True 
#    1 | steps: 17891 | steps_t: 17858 | t: 134.736240 | r:  -248.000000 | e:   0.300000 | Q:   0.131981 | won: True 
#    1 | steps: 17932 | steps_t: 17899 | t: 134.880748 | r:  -250.000000 | e:   0.300000 | Q:   0.131981 | won: True 
#    1 | steps: 18110 | steps_t: 18077 | t: 136.709555 | r:  -252.000000 | e:   0.300000 | Q:   0.131981 | won: True 
#    1 | steps: 18128 | steps_t: 18095 | t: 136.774674 | r:  -254.000000 | e:   0.300000 | Q:   0.131981 | won: True 
#    1 | steps: 18157 | steps_t: 18124 | t: 137.049659 | r:  -252.000000 | e:   0.300000 | Q:   0.131981 | won: True 
#    1 | steps: 18186 | steps_t: 18153 | t: 137.181541 | r:  -254.000000 | e:   0.300000 | Q:   0.131981 | won: True 
#    1 | steps: 18250 | steps_t: 18217 | t: 137.545128 | r:  -256.000000 | e:   0.300000 | Q:   0.131981 | won: True 
#    1 | steps: 18331 | steps_t: 18298 | t: 138.055813 | r:  -258.000000 | e:   0.300000 | Q:   0.131981 | won: True 
#    1 | steps: 18348 | steps_t: 18315 | t: 138.276864 | r:  -260.000000 | e:   0.300000 | Q:   0.131981 | won: True 
#    1 | steps: 18433 | steps_t: 18400 | t: 139.041399 | r:  -262.000000 | e:   0.300000 | Q:   0.131981 | won: True 
#    1 | steps: 18454 | steps_t: 18421 | t: 139.114664 | r:  -260.000000 | e:   0.300000 | Q:   0.131981 | won: True 
#    1 | steps: 18471 | steps_t: 18438 | t: 139.171971 | r:  -262.000000 | e:   0.300000 | Q:   0.131981 | won: True 
#    1 | steps: 18516 | steps_t: 18483 | t: 139.476768 | r:  -260.000000 | e:   0.300000 | Q:   0.131981 | won: True 
#    1 | steps: 18530 | steps_t: 18497 | t: 139.520041 | r:  -258.000000 | e:   0.300000 | Q:   0.131981 | won: True 
#    1 | steps: 18623 | steps_t: 18590 | t: 139.971114 | r:  -256.000000 | e:   0.300000 | Q:   0.131981 | won: True 
#    1 | steps: 18671 | steps_t: 18638 | t: 140.470034 | r:  -258.000000 | e:   0.300000 | Q:   0.131981 | won: True 
#    1 | steps: 18703 | steps_t: 18670 | t: 140.663142 | r:  -256.000000 | e:   0.300000 | Q:   0.131981 | won: True 
#    1 | steps: 18718 | steps_t: 18685 | t: 140.718830 | r:  -254.000000 | e:   0.300000 | Q:   0.131981 | won: True 
#    1 | steps: 18765 | steps_t: 18732 | t: 140.860494 | r:  -256.000000 | e:   0.300000 | Q:   0.131981 | won: True 
#    1 | steps: 18771 | steps_t: 18738 | t: 140.882304 | r:  -258.000000 | e:   0.300000 | Q:   0.131981 | won: True 
#    1 | steps: 18835 | steps_t: 18802 | t: 141.254960 | r:  -260.000000 | e:   0.300000 | Q:   0.131981 | won: True 
#    1 | steps: 18893 | steps_t: 18860 | t: 141.605297 | r:  -258.000000 | e:   0.300000 | Q:   0.131981 | won: True 
#    1 | steps: 18922 | steps_t: 18889 | t: 141.776988 | r:  -256.000000 | e:   0.300000 | Q:   0.131981 | won: True 
#    1 | steps: 19189 | steps_t: 19156 | t: 143.802878 | r:  -258.000000 | e:   0.300000 | Q:   0.131981 | won: True 
#    1 | steps: 19319 | steps_t: 19286 | t: 144.553178 | r:  -260.000000 | e:   0.300000 | Q:   0.131981 | won: True 
#    1 | steps: 19443 | steps_t: 19410 | t: 145.129946 | r:  -262.000000 | e:   0.300000 | Q:   0.131981 | won: True 
#    1 | steps: 19460 | steps_t: 19427 | t: 145.269142 | r:  -264.000000 | e:   0.300000 | Q:   0.131981 | won: True 
#    1 | steps: 19466 | steps_t: 19433 | t: 145.288242 | r:  -266.000000 | e:   0.300000 | Q:   0.131981 | won: True 
#    1 | steps: 19539 | steps_t: 19506 | t: 146.111100 | r:  -264.000000 | e:   0.300000 | Q:   0.131981 | won: True 
#    1 | steps: 19574 | steps_t: 19541 | t: 146.398108 | r:  -266.000000 | e:   0.300000 | Q:   0.131981 | won: True 
#    1 | steps: 19584 | steps_t: 19551 | t: 146.514242 | r:  -268.000000 | e:   0.300000 | Q:   0.131981 | won: True 
#    1 | steps: 19605 | steps_t: 19572 | t: 146.587411 | r:  -270.000000 | e:   0.300000 | Q:   0.131981 | won: True 
#    1 | steps: 19613 | steps_t: 19580 | t: 146.618418 | r:  -268.000000 | e:   0.300000 | Q:   0.131981 | won: True 
#    1 | steps: 19636 | steps_t: 19603 | t: 146.784972 | r:  -270.000000 | e:   0.300000 | Q:   0.131981 | won: True 
#    1 | steps: 19659 | steps_t: 19626 | t: 147.021043 | r:  -272.000000 | e:   0.300000 | Q:   0.131981 | won: True 
#    1 | steps: 19674 | steps_t: 19641 | t: 147.068699 | r:  -274.000000 | e:   0.300000 | Q:   0.131981 | won: True 
#    1 | steps: 19682 | steps_t: 19649 | t: 147.094654 | r:  -276.000000 | e:   0.300000 | Q:   0.131981 | won: True 
#    1 | steps: 19697 | steps_t: 19664 | t: 147.138387 | r:  -278.000000 | e:   0.300000 | Q:   0.131981 | won: True 
#    1 | steps: 19742 | steps_t: 19709 | t: 147.355479 | r:  -280.000000 | e:   0.300000 | Q:   0.131981 | won: True 
#    1 | steps: 19813 | steps_t: 19780 | t: 147.656119 | r:  -282.000000 | e:   0.300000 | Q:   0.131981 | won: True 
#    1 | steps: 19979 | steps_t: 19946 | t: 148.446799 | r:  -284.000000 | e:   0.300000 | Q:   0.131981 | won: True 
#    1 | steps: 20007 | steps_t: 19974 | t: 148.704589 | r:  -286.000000 | e:   0.300000 | Q:   0.131981 | won: True 
#    1 | steps: 20374 | steps_t: 20341 | t: 151.507585 | r:  -288.000000 | e:   0.300000 | Q:   0.131981 | won: True 
#    1 | steps: 20502 | steps_t: 20469 | t: 152.502550 | r:  -290.000000 | e:   0.300000 | Q:   0.131981 | won: True 
#    1 | steps: 20584 | steps_t: 20551 | t: 152.834667 | r:  -292.000000 | e:   0.300000 | Q:   0.131981 | won: True 
#    1 | steps: 20670 | steps_t: 20637 | t: 153.514659 | r:  -294.000000 | e:   0.300000 | Q:   0.131981 | won: True 
#    1 | steps: 20720 | steps_t: 20687 | t: 153.841238 | r:  -296.000000 | e:   0.300000 | Q:   0.131981 | won: True 
#    1 | steps: 20735 | steps_t: 20702 | t: 154.048239 | r:  -298.000000 | e:   0.300000 | Q:   0.131981 | won: True 
#    1 | steps: 20756 | steps_t: 20723 | t: 154.204270 | r:  -300.000000 | e:   0.300000 | Q:   0.131981 | won: True 
#    1 | steps: 20803 | steps_t: 20770 | t: 154.444917 | r:  -302.000000 | e:   0.300000 | Q:   0.131981 | won: True 
#    1 | steps: 21045 | steps_t: 21012 | t: 155.886841 | r:  -304.000000 | e:   0.300000 | Q:   0.131981 | won: True 
#    1 | steps: 21081 | steps_t: 21048 | t: 156.255385 | r:  -306.000000 | e:   0.300000 | Q:   0.131981 | won: True 
#    1 | steps: 21298 | steps_t: 21265 | t: 157.457110 | r:  -308.000000 | e:   0.300000 | Q:   0.131981 | won: True 
#    1 | steps: 21427 | steps_t: 21394 | t: 158.295474 | r:  -310.000000 | e:   0.300000 | Q:   0.131981 | won: True 
#    1 | steps: 21504 | steps_t: 21471 | t: 158.788476 | r:  -308.000000 | e:   0.300000 | Q:   0.131981 | won: True 
#    1 | steps: 21527 | steps_t: 21494 | t: 158.858106 | r:  -310.000000 | e:   0.300000 | Q:   0.131981 | won: True 
#    1 | steps: 21539 | steps_t: 21506 | t: 158.983141 | r:  -308.000000 | e:   0.300000 | Q:   0.131981 | won: True 
#    1 | steps: 21557 | steps_t: 21524 | t: 159.128691 | r:  -310.000000 | e:   0.300000 | Q:   0.131981 | won: True 
#    1 | steps: 21581 | steps_t: 21548 | t: 159.622506 | r:  -312.000000 | e:   0.300000 | Q:   0.131981 | won: True 
#    1 | steps: 21681 | steps_t: 21648 | t: 160.120846 | r:  -314.000000 | e:   0.300000 | Q:   0.131981 | won: True 
#    1 | steps: 21858 | steps_t: 21825 | t: 161.254330 | r:  -316.000000 | e:   0.300000 | Q:   0.131981 | won: True 
#    1 | steps: 21895 | steps_t: 21862 | t: 161.786511 | r:  -318.000000 | e:   0.300000 | Q:   0.131981 | won: True 
#    1 | steps: 21984 | steps_t: 21951 | t: 162.485296 | r:  -320.000000 | e:   0.300000 | Q:   0.131981 | won: True 
#    1 | steps: 22057 | steps_t: 22024 | t: 162.983082 | r:  -322.000000 | e:   0.300000 | Q:   0.131981 | won: True 
#    1 | steps: 22086 | steps_t: 22053 | t: 163.242751 | r:  -324.000000 | e:   0.300000 | Q:   0.131981 | won: True 
#    1 | steps: 22198 | steps_t: 22165 | t: 164.191972 | r:  -322.000000 | e:   0.300000 | Q:   0.131981 | won: True 
#    1 | steps: 22213 | steps_t: 22180 | t: 164.243763 | r:  -320.000000 | e:   0.300000 | Q:   0.131981 | won: True 
#    1 | steps: 22318 | steps_t: 22285 | t: 165.161674 | r:  -322.000000 | e:   0.300000 | Q:   0.131981 | won: True 
#    1 | steps: 22347 | steps_t: 22314 | t: 165.288679 | r:  -320.000000 | e:   0.300000 | Q:   0.131981 | won: True 
#    1 | steps: 22361 | steps_t: 22328 | t: 165.437383 | r:  -322.000000 | e:   0.300000 | Q:   0.131981 | won: True 
#    1 | steps: 22373 | steps_t: 22340 | t: 165.567110 | r:  -320.000000 | e:   0.300000 | Q:   0.131981 | won: True 
#    1 | steps: 22401 | steps_t: 22368 | t: 165.740247 | r:  -322.000000 | e:   0.300000 | Q:   0.131981 | won: True 
#    1 | steps: 22496 | steps_t: 22463 | t: 166.302806 | r:  -324.000000 | e:   0.300000 | Q:   0.131981 | won: True 
#    1 | steps: 22524 | steps_t: 22491 | t: 166.478846 | r:  -322.000000 | e:   0.300000 | Q:   0.131981 | won: True 
#    1 | steps: 22540 | steps_t: 22507 | t: 166.620918 | r:  -320.000000 | e:   0.300000 | Q:   0.131981 | won: True 
#    1 | steps: 22582 | steps_t: 22549 | t: 166.932866 | r:  -318.000000 | e:   0.300000 | Q:   0.131981 | won: True 
#    1 | steps: 22598 | steps_t: 22565 | t: 167.074174 | r:  -316.000000 | e:   0.300000 | Q:   0.131981 | won: True 
#    1 | steps: 22657 | steps_t: 22624 | t: 168.010010 | r:  -318.000000 | e:   0.300000 | Q:   0.131981 | won: True 
#    1 | steps: 22767 | steps_t: 22734 | t: 169.188423 | r:  -316.000000 | e:   0.300000 | Q:   0.131981 | won: True 
#    1 | steps: 22873 | steps_t: 22840 | t: 170.019053 | r:  -318.000000 | e:   0.300000 | Q:   0.131981 | won: True 
#    1 | steps: 23008 | steps_t: 22975 | t: 171.467213 | r:  -320.000000 | e:   0.300000 | Q:   0.131981 | won: True 
#    1 | steps: 23042 | steps_t: 23009 | t: 171.746940 | r:  -322.000000 | e:   0.300000 | Q:   0.131981 | won: True 
#    1 | steps: 23157 | steps_t: 23124 | t: 173.019913 | r:  -324.000000 | e:   0.300000 | Q:   0.131981 | won: True 
#    1 | steps: 23187 | steps_t: 23154 | t: 173.300772 | r:  -326.000000 | e:   0.300000 | Q:   0.131981 | won: True 
#    1 | steps: 23223 | steps_t: 23190 | t: 173.427722 | r:  -324.000000 | e:   0.300000 | Q:   0.131981 | won: True 
#    1 | steps: 23273 | steps_t: 23240 | t: 173.838480 | r:  -322.000000 | e:   0.300000 | Q:   0.131981 | won: True 
#    1 | steps: 23446 | steps_t: 23413 | t: 174.968865 | r:  -324.000000 | e:   0.300000 | Q:   0.131981 | won: True 
#    1 | steps: 23669 | steps_t: 23636 | t: 176.094190 | r:  -326.000000 | e:   0.300000 | Q:   0.131981 | won: True 
#    1 | steps: 23720 | steps_t: 23687 | t: 176.505063 | r:  -328.000000 | e:   0.300000 | Q:   0.131981 | won: True 
#    1 | steps: 23791 | steps_t: 23758 | t: 176.991071 | r:  -330.000000 | e:   0.300000 | Q:   0.131981 | won: True 
#    1 | steps: 23964 | steps_t: 23931 | t: 178.532444 | r:  -332.000000 | e:   0.300000 | Q:   0.131981 | won: True 
#    1 | steps: 24024 | steps_t: 23991 | t: 178.987532 | r:  -334.000000 | e:   0.300000 | Q:   0.131981 | won: True 
#    1 | steps: 24050 | steps_t: 24017 | t: 179.232499 | r:  -336.000000 | e:   0.300000 | Q:   0.131981 | won: True 
#    1 | steps: 24134 | steps_t: 24101 | t: 179.922672 | r:  -338.000000 | e:   0.300000 | Q:   0.131981 | won: True 
#    1 | steps: 24171 | steps_t: 24138 | t: 180.215621 | r:  -340.000000 | e:   0.300000 | Q:   0.131981 | won: True 
#    1 | steps: 24187 | steps_t: 24154 | t: 180.273769 | r:  -342.000000 | e:   0.300000 | Q:   0.131981 | won: True 
#    1 | steps: 24235 | steps_t: 24202 | t: 180.437854 | r:  -344.000000 | e:   0.300000 | Q:   0.131981 | won: True 
#    1 | steps: 24371 | steps_t: 24338 | t: 181.282391 | r:  -346.000000 | e:   0.300000 | Q:   0.131981 | won: True 
#    1 | steps: 24385 | steps_t: 24352 | t: 181.502625 | r:  -348.000000 | e:   0.300000 | Q:   0.131981 | won: True 
#    1 | steps: 24425 | steps_t: 24392 | t: 182.206840 | r:  -350.000000 | e:   0.300000 | Q:   0.131981 | won: True 
#    1 | steps: 24476 | steps_t: 24443 | t: 182.790694 | r:  -348.000000 | e:   0.300000 | Q:   0.131981 | won: True 
#    1 | steps: 24681 | steps_t: 24648 | t: 184.169665 | r:  -350.000000 | e:   0.300000 | Q:   0.131981 | won: True 
#    1 | steps: 24863 | steps_t: 24830 | t: 185.227017 | r:  -352.000000 | e:   0.300000 | Q:   0.131981 | won: True 
#    1 | steps: 24890 | steps_t: 24857 | t: 185.566564 | r:  -354.000000 | e:   0.300000 | Q:   0.131981 | won: True 
#    1 | steps: 25042 | steps_t: 25009 | t: 186.711921 | r:  -352.000000 | e:   0.300000 | Q:   0.131981 | won: True 
#    1 | steps: 25056 | steps_t: 25023 | t: 186.758896 | r:  -350.000000 | e:   0.300000 | Q:   0.131981 | won: True 
#    1 | steps: 25088 | steps_t: 25055 | t: 186.950937 | r:  -352.000000 | e:   0.300000 | Q:   0.131981 | won: True 
#    1 | steps: 25113 | steps_t: 25080 | t: 187.212157 | r:  -350.000000 | e:   0.300000 | Q:   0.131981 | won: True 
#    1 | steps: 25123 | steps_t: 25090 | t: 187.245338 | r:  -352.000000 | e:   0.300000 | Q:   0.131981 | won: True 
#    1 | steps: 25154 | steps_t: 25121 | t: 187.429526 | r:  -354.000000 | e:   0.300000 | Q:   0.131981 | won: True 
#    1 | steps: 25170 | steps_t: 25137 | t: 187.484164 | r:  -356.000000 | e:   0.300000 | Q:   0.131981 | won: True 
#    1 | steps: 25183 | steps_t: 25150 | t: 187.531411 | r:  -354.000000 | e:   0.300000 | Q:   0.131981 | won: True 
#    1 | steps: 25248 | steps_t: 25215 | t: 188.054633 | r:  -356.000000 | e:   0.300000 | Q:   0.131981 | won: True 
#    1 | steps: 25280 | steps_t: 25247 | t: 188.255586 | r:  -358.000000 | e:   0.300000 | Q:   0.131981 | won: True 
#    1 | steps: 25319 | steps_t: 25286 | t: 188.635754 | r:  -360.000000 | e:   0.300000 | Q:   0.131981 | won: True 
#    1 | steps: 25329 | steps_t: 25296 | t: 188.754919 | r:  -362.000000 | e:   0.300000 | Q:   0.131981 | won: True 
#    1 | steps: 25344 | steps_t: 25311 | t: 189.061831 | r:  -364.000000 | e:   0.300000 | Q:   0.131981 | won: True 
#    1 | steps: 25446 | steps_t: 25413 | t: 189.730280 | r:  -366.000000 | e:   0.300000 | Q:   0.131981 | won: True 
#    1 | steps: 25496 | steps_t: 25463 | t: 189.902634 | r:  -368.000000 | e:   0.300000 | Q:   0.131981 | won: True 
#    1 | steps: 25534 | steps_t: 25501 | t: 190.104855 | r:  -370.000000 | e:   0.300000 | Q:   0.131981 | won: True 
#    1 | steps: 25568 | steps_t: 25535 | t: 190.301733 | r:  -372.000000 | e:   0.300000 | Q:   0.131981 | won: True 
#    1 | steps: 25612 | steps_t: 25579 | t: 190.620290 | r:  -374.000000 | e:   0.300000 | Q:   0.131981 | won: True 
#    1 | steps: 25712 | steps_t: 25679 | t: 191.368564 | r:  -372.000000 | e:   0.300000 | Q:   0.131981 | won: True 
#    1 | steps: 25839 | steps_t: 25806 | t: 192.070548 | r:  -374.000000 | e:   0.300000 | Q:   0.131981 | won: True 
#    1 | steps: 25868 | steps_t: 25835 | t: 192.422303 | r:  -372.000000 | e:   0.300000 | Q:   0.131981 | won: True 
#    1 | steps: 25948 | steps_t: 25915 | t: 193.105863 | r:  -374.000000 | e:   0.300000 | Q:   0.131981 | won: True 
#    1 | steps: 25987 | steps_t: 25954 | t: 193.319061 | r:  -376.000000 | e:   0.300000 | Q:   0.131981 | won: True 
#    1 | steps: 26022 | steps_t: 25989 | t: 193.609915 | r:  -378.000000 | e:   0.300000 | Q:   0.131981 | won: True 
#    1 | steps: 26228 | steps_t: 26195 | t: 195.538252 | r:  -380.000000 | e:   0.300000 | Q:   0.131981 | won: True 
#    1 | steps: 26361 | steps_t: 26328 | t: 196.380117 | r:  -382.000000 | e:   0.300000 | Q:   0.131981 | won: True 
#    1 | steps: 26410 | steps_t: 26377 | t: 196.714948 | r:  -384.000000 | e:   0.300000 | Q:   0.131981 | won: True 
#    1 | steps: 26538 | steps_t: 26505 | t: 197.684200 | r:  -386.000000 | e:   0.300000 | Q:   0.131981 | won: True 
#    1 | steps: 26721 | steps_t: 26688 | t: 199.320449 | r:  -388.000000 | e:   0.300000 | Q:   0.131981 | won: True 
#    1 | steps: 26960 | steps_t: 26927 | t: 201.493427 | r:  -390.000000 | e:   0.300000 | Q:   0.131981 | won: True 
#    1 | steps: 27046 | steps_t: 27013 | t: 201.942056 | r:  -392.000000 | e:   0.300000 | Q:   0.131981 | won: True 
#    1 | steps: 27079 | steps_t: 27046 | t: 202.215810 | r:  -394.000000 | e:   0.300000 | Q:   0.131981 | won: True 
#    1 | steps: 27154 | steps_t: 27121 | t: 202.953576 | r:  -396.000000 | e:   0.300000 | Q:   0.131981 | won: True 
#    1 | steps: 27195 | steps_t: 27162 | t: 203.495629 | r:  -398.000000 | e:   0.300000 | Q:   0.131981 | won: True 
#    1 | steps: 27319 | steps_t: 27286 | t: 204.881484 | r:  -400.000000 | e:   0.300000 | Q:   0.131981 | won: True 
#    1 | steps: 27390 | steps_t: 27357 | t: 205.522090 | r:  -402.000000 | e:   0.300000 | Q:   0.131981 | won: True 
#    1 | steps: 27438 | steps_t: 27405 | t: 205.921407 | r:  -400.000000 | e:   0.300000 | Q:   0.131981 | won: True 
#    1 | steps: 27493 | steps_t: 27460 | t: 206.095480 | r:  -402.000000 | e:   0.300000 | Q:   0.131981 | won: True 
#    1 | steps: 27563 | steps_t: 27530 | t: 206.654902 | r:  -404.000000 | e:   0.300000 | Q:   0.131981 | won: True 
#    1 | steps: 27576 | steps_t: 27543 | t: 206.700181 | r:  -406.000000 | e:   0.300000 | Q:   0.131981 | won: True 
#    1 | steps: 27702 | steps_t: 27669 | t: 207.516269 | r:  -408.000000 | e:   0.300000 | Q:   0.131981 | won: True 
#    1 | steps: 27712 | steps_t: 27679 | t: 207.553954 | r:  -410.000000 | e:   0.300000 | Q:   0.131981 | won: True 
#    1 | steps: 27782 | steps_t: 27749 | t: 208.394972 | r:  -412.000000 | e:   0.300000 | Q:   0.131981 | won: True 
#    1 | steps: 28004 | steps_t: 27971 | t: 209.633446 | r:  -414.000000 | e:   0.300000 | Q:   0.131981 | won: True 
#    1 | steps: 28110 | steps_t: 28077 | t: 210.412012 | r:  -412.000000 | e:   0.300000 | Q:   0.131981 | won: True 
#    1 | steps: 28135 | steps_t: 28102 | t: 210.663857 | r:  -414.000000 | e:   0.300000 | Q:   0.131981 | won: True 
#    1 | steps: 28215 | steps_t: 28182 | t: 210.934886 | r:  -416.000000 | e:   0.300000 | Q:   0.131981 | won: True 
#    1 | steps: 28233 | steps_t: 28200 | t: 210.995579 | r:  -418.000000 | e:   0.300000 | Q:   0.131981 | won: True 
#    1 | steps: 28242 | steps_t: 28209 | t: 211.026284 | r:  -420.000000 | e:   0.300000 | Q:   0.131981 | won: True 
#    1 | steps: 28290 | steps_t: 28257 | t: 211.275820 | r:  -422.000000 | e:   0.300000 | Q:   0.131981 | won: True 
#    1 | steps: 28344 | steps_t: 28311 | t: 211.537266 | r:  -424.000000 | e:   0.300000 | Q:   0.131981 | won: True 
#    1 | steps: 28377 | steps_t: 28344 | t: 211.824297 | r:  -426.000000 | e:   0.300000 | Q:   0.131981 | won: True 
#    1 | steps: 28506 | steps_t: 28473 | t: 212.617130 | r:  -428.000000 | e:   0.300000 | Q:   0.131981 | won: True 
#    1 | steps: 28533 | steps_t: 28500 | t: 212.799752 | r:  -430.000000 | e:   0.300000 | Q:   0.131981 | won: True 
#    1 | steps: 28553 | steps_t: 28520 | t: 212.959709 | r:  -432.000000 | e:   0.300000 | Q:   0.131981 | won: True 
#    1 | steps: 28679 | steps_t: 28646 | t: 213.674266 | r:  -434.000000 | e:   0.300000 | Q:   0.131981 | won: True 
#    1 | steps: 28732 | steps_t: 28699 | t: 214.124272 | r:  -436.000000 | e:   0.300000 | Q:   0.131981 | won: True 
#    1 | steps: 28749 | steps_t: 28716 | t: 214.270809 | r:  -438.000000 | e:   0.300000 | Q:   0.131981 | won: True 
#    1 | steps: 28818 | steps_t: 28785 | t: 214.960693 | r:  -440.000000 | e:   0.300000 | Q:   0.131981 | won: True 
#    1 | steps: 28833 | steps_t: 28800 | t: 215.102555 | r:  -442.000000 | e:   0.300000 | Q:   0.131981 | won: True 
#    1 | steps: 28874 | steps_t: 28841 | t: 215.255537 | r:  -444.000000 | e:   0.300000 | Q:   0.131981 | won: True 
#    1 | steps: 28999 | steps_t: 28966 | t: 216.230610 | r:  -446.000000 | e:   0.300000 | Q:   0.131981 | won: True 
#    1 | steps: 29072 | steps_t: 29039 | t: 217.012122 | r:  -448.000000 | e:   0.300000 | Q:   0.131981 | won: True 
#    1 | steps: 29083 | steps_t: 29050 | t: 217.059519 | r:  -450.000000 | e:   0.300000 | Q:   0.131981 | won: True 
#    1 | steps: 29121 | steps_t: 29088 | t: 217.283096 | r:  -452.000000 | e:   0.300000 | Q:   0.131981 | won: True 
#    1 | steps: 29138 | steps_t: 29105 | t: 217.436879 | r:  -454.000000 | e:   0.300000 | Q:   0.131981 | won: True 
#    1 | steps: 29205 | steps_t: 29172 | t: 218.120293 | r:  -456.000000 | e:   0.300000 | Q:   0.131981 | won: True 
#    1 | steps: 29255 | steps_t: 29222 | t: 218.733483 | r:  -458.000000 | e:   0.300000 | Q:   0.131981 | won: True 
#    1 | steps: 29308 | steps_t: 29275 | t: 218.942677 | r:  -460.000000 | e:   0.300000 | Q:   0.131981 | won: True 
#    1 | steps: 29323 | steps_t: 29290 | t: 219.084978 | r:  -462.000000 | e:   0.300000 | Q:   0.131981 | won: True 
#    1 | steps: 29523 | steps_t: 29490 | t: 220.725418 | r:  -464.000000 | e:   0.300000 | Q:   0.131981 | won: True 
#    1 | steps: 29586 | steps_t: 29553 | t: 221.046829 | r:  -466.000000 | e:   0.300000 | Q:   0.131981 | won: True 
#    1 | steps: 29593 | steps_t: 29560 | t: 221.161331 | r:  -468.000000 | e:   0.300000 | Q:   0.131981 | won: True 
#    1 | steps: 29622 | steps_t: 29589 | t: 221.276901 | r:  -470.000000 | e:   0.300000 | Q:   0.131981 | won: True 
#    1 | steps: 29656 | steps_t: 29623 | t: 221.663372 | r:  -472.000000 | e:   0.300000 | Q:   0.131981 | won: True 
#    1 | steps: 29799 | steps_t: 29766 | t: 222.666540 | r:  -474.000000 | e:   0.300000 | Q:   0.131981 | won: True 
#    1 | steps: 29822 | steps_t: 29789 | t: 222.756956 | r:  -476.000000 | e:   0.300000 | Q:   0.131981 | won: True 
#    1 | steps: 29870 | steps_t: 29837 | t: 223.096854 | r:  -478.000000 | e:   0.300000 | Q:   0.131981 | won: True 
#    1 | steps: 29934 | steps_t: 29901 | t: 223.605313 | r:  -480.000000 | e:   0.300000 | Q:   0.131981 | won: True 
#    1 | steps: 29974 | steps_t: 29941 | t: 224.153987 | r:  -482.000000 | e:   0.300000 | Q:   0.131981 | won: True 
#    1 | steps: 30114 | steps_t: 30081 | t: 225.184257 | r:  -484.000000 | e:   0.300000 | Q:   0.131981 | won: True 
#    1 | steps: 30167 | steps_t: 30134 | t: 225.748637 | r:  -486.000000 | e:   0.300000 | Q:   0.131981 | won: True 
#    1 | steps: 30204 | steps_t: 30171 | t: 226.065646 | r:  -488.000000 | e:   0.300000 | Q:   0.131981 | won: True 
#    1 | steps: 30244 | steps_t: 30211 | t: 226.580890 | r:  -490.000000 | e:   0.300000 | Q:   0.131981 | won: True 
#    1 | steps: 30282 | steps_t: 30249 | t: 227.084057 | r:  -492.000000 | e:   0.300000 | Q:   0.131981 | won: True 
#    1 | steps: 30563 | steps_t: 30530 | t: 229.564347 | r:  -494.000000 | e:   0.300000 | Q:   0.131981 | won: True 
#    1 | steps: 30575 | steps_t: 30542 | t: 229.875394 | r:  -496.000000 | e:   0.300000 | Q:   0.131981 | won: True 
#    1 | steps: 30629 | steps_t: 30596 | t: 230.418254 | r:  -498.000000 | e:   0.300000 | Q:   0.131981 | won: True 
#    1 | steps: 30638 | steps_t: 30605 | t: 230.476127 | r:  -500.000000 | e:   0.300000 | Q:   0.131981 | won: True 
#    1 | steps: 30657 | steps_t: 30624 | t: 230.649700 | r:  -502.000000 | e:   0.300000 | Q:   0.131981 | won: True 
#    1 | steps: 30684 | steps_t: 30651 | t: 231.030243 | r:  -504.000000 | e:   0.300000 | Q:   0.131981 | won: True 
#    1 | steps: 30742 | steps_t: 30709 | t: 231.559824 | r:  -506.000000 | e:   0.300000 | Q:   0.131981 | won: True 
#    1 | steps: 30850 | steps_t: 30817 | t: 232.933084 | r:  -504.000000 | e:   0.300000 | Q:   0.131981 | won: True 
#    1 | steps: 30997 | steps_t: 30964 | t: 234.234441 | r:  -506.000000 | e:   0.300000 | Q:   0.131981 | won: True 
#    1 | steps: 31051 | steps_t: 31018 | t: 234.757939 | r:  -508.000000 | e:   0.300000 | Q:   0.131981 | won: True 
#    1 | steps: 31122 | steps_t: 31089 | t: 235.407886 | r:  -510.000000 | e:   0.300000 | Q:   0.131981 | won: True 
#    1 | steps: 31243 | steps_t: 31210 | t: 236.420487 | r:  -512.000000 | e:   0.300000 | Q:   0.131981 | won: True 
#    1 | steps: 31322 | steps_t: 31289 | t: 237.082844 | r:  -514.000000 | e:   0.300000 | Q:   0.131981 | won: True 
#    1 | steps: 31365 | steps_t: 31332 | t: 237.511096 | r:  -516.000000 | e:   0.300000 | Q:   0.131981 | won: True 
#    1 | steps: 31474 | steps_t: 31441 | t: 238.855868 | r:  -518.000000 | e:   0.300000 | Q:   0.131981 | won: True 
#    1 | steps: 31632 | steps_t: 31599 | t: 239.764490 | r:  -520.000000 | e:   0.300000 | Q:   0.131981 | won: True 
#    1 | steps: 31767 | steps_t: 31734 | t: 240.764946 | r:  -522.000000 | e:   0.300000 | Q:   0.131981 | won: True 
