#    2 | steps:    20 | steps_t:     0 | t: 0.091980 | r:    -1.000000 | e:   1.000000 | Q:   0.112833 | won: True 
#    3 | steps:    25 | steps_t:     0 | t: 0.174367 | r:    -1.000000 | e:   1.000000 | Q:   0.112833 | won: True 
#    4 | steps:    36 | steps_t:     0 | t: 0.256968 | r:    -1.000000 | e:   1.000000 | Q:   0.112833 | won: True 
#    5 | steps:    84 | steps_t:     0 | t: 0.508269 | r:     1.000000 | e:   1.000000 | Q:   0.112833 | won: True 
#    6 | steps:   147 | steps_t:     0 | t: 0.680263 | r:    -1.000000 | e:   1.000000 | Q:   0.112833 | won: True 
#    7 | steps:   168 | steps_t:     0 | t: 0.847647 | r:    -1.000000 | e:   1.000000 | Q:   0.112833 | won: True 
#    8 | steps:   215 | steps_t:     0 | t: 0.854456 | r:     1.000000 | e:   1.000000 | Q:   0.112833 | won: True 
#    9 | steps:   261 | steps_t:     0 | t: 1.191337 | r:     1.000000 | e:   1.000000 | Q:   0.112833 | won: True 
#   10 | steps:   275 | steps_t:     0 | t: 1.193024 | r:    -1.000000 | e:   1.000000 | Q:   0.112833 | won: True 
#   11 | steps:   293 | steps_t:     0 | t: 1.280507 | r:     1.000000 | e:   1.000000 | Q:   0.112833 | won: True 
#   12 | steps:   319 | steps_t:     0 | t: 1.365968 | r:    -1.000000 | e:   1.000000 | Q:   0.112833 | won: True 
#   13 | steps:   379 | steps_t:     0 | t: 1.460372 | r:    -1.000000 | e:   1.000000 | Q:   0.112833 | won: True 
#   14 | steps:   427 | steps_t:    26 | t: 1.878112 | r:    -1.000000 | e:   0.999838 | Q:   0.112833 | won: True 
#   15 | steps:   459 | steps_t:    58 | t: 2.221009 | r:    -1.000000 | e:   0.999637 | Q:   0.112833 | won: True 
#   16 | steps:   466 | steps_t:    65 | t: 2.245468 | r:    -1.000000 | e:   0.999594 | Q:   0.112833 | won: True 
#   17 | steps:   492 | steps_t:    91 | t: 2.479872 | r:     1.000000 | e:   0.999431 | Q:   0.112833 | won: True 
#   18 | steps:   530 | steps_t:   129 | t: 2.744444 | r:     1.000000 | e:   0.999194 | Q:   0.112833 | won: True 
#   19 | steps:   578 | steps_t:   177 | t: 2.973098 | r:    -1.000000 | e:   0.998894 | Q:   0.112833 | won: True 
#   20 | steps:   599 | steps_t:   198 | t: 3.116755 | r:     1.000000 | e:   0.998762 | Q:   0.112833 | won: True 
#   21 | steps:   612 | steps_t:   211 | t: 3.316753 | r:     1.000000 | e:   0.998681 | Q:   0.112833 | won: True 
#   22 | steps:   652 | steps_t:   251 | t: 3.585626 | r:    -1.000000 | e:   0.998431 | Q:   0.112833 | won: True 
#   23 | steps:   691 | steps_t:   290 | t: 3.849282 | r:     1.000000 | e:   0.998188 | Q:   0.112833 | won: True 
#   24 | steps:   708 | steps_t:   307 | t: 3.982456 | r:     1.000000 | e:   0.998081 | Q:   0.112833 | won: True 
#   25 | steps:   743 | steps_t:   342 | t: 4.328130 | r:     1.000000 | e:   0.997862 | Q:   0.112833 | won: True 
#   26 | steps:   777 | steps_t:   376 | t: 4.431290 | r:    -1.000000 | e:   0.997650 | Q:   0.112833 | won: True 
#   27 | steps:   839 | steps_t:   438 | t: 4.769799 | r:     1.000000 | e:   0.997263 | Q:   0.112833 | won: True 
#   28 | steps:   845 | steps_t:   444 | t: 4.786618 | r:     1.000000 | e:   0.997225 | Q:   0.112833 | won: True 
#   29 | steps:   874 | steps_t:   473 | t: 4.872372 | r:    -1.000000 | e:   0.997044 | Q:   0.112833 | won: True 
#   30 | steps:   883 | steps_t:   482 | t: 4.902521 | r:     1.000000 | e:   0.996988 | Q:   0.112833 | won: True 
#   31 | steps:   904 | steps_t:   503 | t: 4.973833 | r:     1.000000 | e:   0.996856 | Q:   0.112833 | won: True 
#   32 | steps:   938 | steps_t:   537 | t: 5.246272 | r:    -1.000000 | e:   0.996644 | Q:   0.112833 | won: True 
#   33 | steps:   976 | steps_t:   575 | t: 5.433269 | r:     1.000000 | e:   0.996406 | Q:   0.112833 | won: True 
#   34 | steps:   985 | steps_t:   584 | t: 5.625757 | r:    -1.000000 | e:   0.996350 | Q:   0.112833 | won: True 
#   35 | steps:  1003 | steps_t:   602 | t: 5.761400 | r:    -1.000000 | e:   0.996237 | Q:   0.112833 | won: True 
#   36 | steps:  1041 | steps_t:   640 | t: 5.949129 | r:    -1.000000 | e:   0.996000 | Q:   0.112833 | won: True 
#   37 | steps:  1059 | steps_t:   658 | t: 6.165396 | r:     1.000000 | e:   0.995888 | Q:   0.112833 | won: True 
#   38 | steps:  1075 | steps_t:   674 | t: 6.213600 | r:    -1.000000 | e:   0.995788 | Q:   0.112833 | won: True 
#   39 | steps:  1095 | steps_t:   694 | t: 6.508197 | r:     1.000000 | e:   0.995663 | Q:   0.112833 | won: True 
#   40 | steps:  1130 | steps_t:   729 | t: 6.774241 | r:     1.000000 | e:   0.995444 | Q:   0.112833 | won: True 
#   41 | steps:  1166 | steps_t:   765 | t: 7.125415 | r:    -1.000000 | e:   0.995219 | Q:   0.112833 | won: True 
#   42 | steps:  1194 | steps_t:   793 | t: 7.373083 | r:    -1.000000 | e:   0.995044 | Q:   0.112833 | won: True 
#   43 | steps:  1238 | steps_t:   837 | t: 7.665205 | r:     1.000000 | e:   0.994769 | Q:   0.112833 | won: True 
#   44 | steps:  1324 | steps_t:   923 | t: 8.181003 | r:     1.000000 | e:   0.994231 | Q:   0.112833 | won: True 
#   45 | steps:  1342 | steps_t:   941 | t: 8.481615 | r:    -1.000000 | e:   0.994119 | Q:   0.112833 | won: True 
#   46 | steps:  1353 | steps_t:   952 | t: 8.517568 | r:     1.000000 | e:   0.994050 | Q:   0.112833 | won: True 
#   47 | steps:  1397 | steps_t:   996 | t: 8.819962 | r:     1.000000 | e:   0.993775 | Q:   0.112833 | won: True 
#   48 | steps:  1428 | steps_t:  1027 | t: 9.081288 | r:    -1.000000 | e:   0.993581 | Q:   0.112833 | won: True 
#   49 | steps:  1465 | steps_t:  1064 | t: 9.535162 | r:    -1.000000 | e:   0.993350 | Q:   0.112833 | won: True 
#   50 | steps:  1480 | steps_t:  1079 | t: 9.666310 | r:     1.000000 | e:   0.993256 | Q:   0.112833 | won: True 
#   51 | steps:  1520 | steps_t:  1119 | t: 9.792118 | r:    -1.000000 | e:   0.993006 | Q:   0.112833 | won: True 
#   52 | steps:  1619 | steps_t:  1218 | t: 10.498446 | r:    -1.000000 | e:   0.992387 | Q:   0.112833 | won: True 
#   53 | steps:  1635 | steps_t:  1234 | t: 10.550790 | r:    -1.000000 | e:   0.992287 | Q:   0.112833 | won: True 
#   54 | steps:  1680 | steps_t:  1279 | t: 10.691494 | r:    -1.000000 | e:   0.992006 | Q:   0.112833 | won: True 
#   55 | steps:  1696 | steps_t:  1295 | t: 10.743642 | r:     1.000000 | e:   0.991906 | Q:   0.112833 | won: True 
#   56 | steps:  1712 | steps_t:  1311 | t: 10.796863 | r:     1.000000 | e:   0.991806 | Q:   0.112833 | won: True 
#   57 | steps:  1864 | steps_t:  1463 | t: 12.192911 | r:     1.000000 | e:   0.990856 | Q:   0.112833 | won: True 
#   58 | steps:  1933 | steps_t:  1532 | t: 12.579697 | r:    -1.000000 | e:   0.990425 | Q:   0.112833 | won: True 
#   59 | steps:  1959 | steps_t:  1558 | t: 12.664627 | r:     1.000000 | e:   0.990263 | Q:   0.112833 | won: True 
#   60 | steps:  1986 | steps_t:  1585 | t: 12.918173 | r:    -1.000000 | e:   0.990094 | Q:   0.112833 | won: True 
#   61 | steps:  2015 | steps_t:  1614 | t: 13.100946 | r:    -1.000000 | e:   0.989912 | Q:   0.112833 | won: True 
#   62 | steps:  2029 | steps_t:  1628 | t: 13.238784 | r:    -1.000000 | e:   0.989825 | Q:   0.112833 | won: True 
#   63 | steps:  2035 | steps_t:  1634 | t: 13.258584 | r:    -1.000000 | e:   0.989788 | Q:   0.112833 | won: True 
#   64 | steps:  2107 | steps_t:  1706 | t: 13.743715 | r:     1.000000 | e:   0.989337 | Q:   0.112833 | won: True 
#   65 | steps:  2118 | steps_t:  1717 | t: 13.779093 | r:     1.000000 | e:   0.989269 | Q:   0.112833 | won: True 
#   66 | steps:  2140 | steps_t:  1739 | t: 13.940559 | r:     1.000000 | e:   0.989131 | Q:   0.112833 | won: True 
#   67 | steps:  2153 | steps_t:  1752 | t: 14.151993 | r:     1.000000 | e:   0.989050 | Q:   0.112833 | won: True 
#   68 | steps:  2166 | steps_t:  1765 | t: 14.194718 | r:    -1.000000 | e:   0.988969 | Q:   0.112833 | won: True 
#   69 | steps:  2185 | steps_t:  1784 | t: 14.261222 | r:     1.000000 | e:   0.988850 | Q:   0.112833 | won: True 
#   70 | steps:  2220 | steps_t:  1819 | t: 14.540896 | r:     1.000000 | e:   0.988631 | Q:   0.112833 | won: True 
#   71 | steps:  2235 | steps_t:  1834 | t: 14.768236 | r:     1.000000 | e:   0.988537 | Q:   0.112833 | won: True 
#   72 | steps:  2257 | steps_t:  1856 | t: 14.923619 | r:     1.000000 | e:   0.988400 | Q:   0.112833 | won: True 
#   73 | steps:  2292 | steps_t:  1891 | t: 15.295246 | r:    -1.000000 | e:   0.988181 | Q:   0.112833 | won: True 
#   74 | steps:  2302 | steps_t:  1901 | t: 15.331048 | r:    -1.000000 | e:   0.988119 | Q:   0.112833 | won: True 
#   75 | steps:  2337 | steps_t:  1936 | t: 15.540018 | r:    -1.000000 | e:   0.987900 | Q:   0.112833 | won: True 
#   76 | steps:  2354 | steps_t:  1953 | t: 15.676808 | r:     1.000000 | e:   0.987794 | Q:   0.112833 | won: True 
#   77 | steps:  2433 | steps_t:  2032 | t: 16.446747 | r:     1.000000 | e:   0.987300 | Q:   0.112833 | won: True 
#   78 | steps:  2451 | steps_t:  2050 | t: 16.584503 | r:    -1.000000 | e:   0.987187 | Q:   0.112833 | won: True 
#   79 | steps:  2491 | steps_t:  2090 | t: 17.052532 | r:    -1.000000 | e:   0.986938 | Q:   0.112833 | won: True 
#   80 | steps:  2511 | steps_t:  2110 | t: 17.207117 | r:     1.000000 | e:   0.986812 | Q:   0.112833 | won: True 
#   81 | steps:  2581 | steps_t:  2180 | t: 17.695226 | r:     1.000000 | e:   0.986375 | Q:   0.112833 | won: True 
#   82 | steps:  2598 | steps_t:  2197 | t: 17.751506 | r:     1.000000 | e:   0.986269 | Q:   0.112833 | won: True 
#   83 | steps:  2652 | steps_t:  2251 | t: 18.101310 | r:    -1.000000 | e:   0.985931 | Q:   0.112833 | won: True 
#   84 | steps:  2724 | steps_t:  2323 | t: 18.602464 | r:     1.000000 | e:   0.985481 | Q:   0.112833 | won: True 
#   85 | steps:  2756 | steps_t:  2355 | t: 18.876141 | r:    -1.000000 | e:   0.985281 | Q:   0.112833 | won: True 
#   86 | steps:  2768 | steps_t:  2367 | t: 19.008277 | r:    -1.000000 | e:   0.985206 | Q:   0.112833 | won: True 
#   87 | steps:  2830 | steps_t:  2429 | t: 19.739126 | r:    -1.000000 | e:   0.984819 | Q:   0.112833 | won: True 
#   88 | steps:  2837 | steps_t:  2436 | t: 19.763817 | r:    -1.000000 | e:   0.984775 | Q:   0.112833 | won: True 
#   89 | steps:  2895 | steps_t:  2494 | t: 20.142600 | r:    -1.000000 | e:   0.984413 | Q:   0.112833 | won: True 
#   90 | steps:  2928 | steps_t:  2527 | t: 20.514056 | r:     1.000000 | e:   0.984206 | Q:   0.112833 | won: True 
#   91 | steps:  2969 | steps_t:  2568 | t: 20.941352 | r:    -1.000000 | e:   0.983950 | Q:   0.112833 | won: True 
#   92 | steps:  3114 | steps_t:  2713 | t: 21.871385 | r:     1.000000 | e:   0.983044 | Q:   0.112833 | won: True 
#   93 | steps:  3143 | steps_t:  2742 | t: 21.979675 | r:     1.000000 | e:   0.982862 | Q:   0.112833 | won: True 
#   94 | steps:  3158 | steps_t:  2757 | t: 22.034202 | r:     1.000000 | e:   0.982769 | Q:   0.112833 | won: True 
#   95 | steps:  3204 | steps_t:  2803 | t: 22.626618 | r:     1.000000 | e:   0.982481 | Q:   0.112833 | won: True 
#   96 | steps:  3261 | steps_t:  2860 | t: 23.017913 | r:    -1.000000 | e:   0.982125 | Q:   0.112833 | won: True 
#   97 | steps:  3300 | steps_t:  2899 | t: 23.411725 | r:     1.000000 | e:   0.981881 | Q:   0.112833 | won: True 
#   98 | steps:  3365 | steps_t:  2964 | t: 23.831234 | r:     1.000000 | e:   0.981475 | Q:   0.112833 | won: True 
#   99 | steps:  3377 | steps_t:  2976 | t: 24.046625 | r:    -1.000000 | e:   0.981400 | Q:   0.112833 | won: True 
#  100 | steps:  3421 | steps_t:  3020 | t: 24.465120 | r:     1.000000 | e:   0.981125 | Q:   0.112833 | won: True 
#  101 | steps:  3448 | steps_t:  3047 | t: 24.569076 | r:    -1.000000 | e:   0.980956 | Q:   0.112833 | won: True 
#  102 | steps:  3467 | steps_t:  3066 | t: 24.735746 | r:    -1.000000 | e:   0.980838 | Q:   0.112833 | won: True 
#  103 | steps:  3518 | steps_t:  3117 | t: 25.261965 | r:    -1.000000 | e:   0.980519 | Q:   0.112833 | won: True 
#  104 | steps:  3549 | steps_t:  3148 | t: 25.545729 | r:    -1.000000 | e:   0.980325 | Q:   0.112833 | won: True 
#  105 | steps:  3592 | steps_t:  3191 | t: 26.127491 | r:    -1.000000 | e:   0.980056 | Q:   0.112833 | won: True 
#  106 | steps:  3623 | steps_t:  3222 | t: 26.416315 | r:    -1.000000 | e:   0.979862 | Q:   0.112833 | won: True 
#  107 | steps:  3658 | steps_t:  3257 | t: 26.537633 | r:     1.000000 | e:   0.979644 | Q:   0.112833 | won: True 
#  108 | steps:  3681 | steps_t:  3280 | t: 26.623366 | r:     1.000000 | e:   0.979500 | Q:   0.112833 | won: True 
#  109 | steps:  3700 | steps_t:  3299 | t: 26.782300 | r:     1.000000 | e:   0.979381 | Q:   0.112833 | won: True 
#  110 | steps:  3721 | steps_t:  3320 | t: 26.857691 | r:    -1.000000 | e:   0.979250 | Q:   0.112833 | won: True 
#  111 | steps:  3752 | steps_t:  3351 | t: 27.050765 | r:    -1.000000 | e:   0.979056 | Q:   0.112833 | won: True 
#  112 | steps:  3763 | steps_t:  3362 | t: 27.086163 | r:    -1.000000 | e:   0.978988 | Q:   0.112833 | won: True 
#  113 | steps:  3792 | steps_t:  3391 | t: 27.280666 | r:    -1.000000 | e:   0.978806 | Q:   0.112833 | won: True 
#  114 | steps:  3798 | steps_t:  3397 | t: 27.305173 | r:     1.000000 | e:   0.978769 | Q:   0.112833 | won: True 
#  115 | steps:  3820 | steps_t:  3419 | t: 27.651990 | r:    -1.000000 | e:   0.978631 | Q:   0.112833 | won: True 
#  116 | steps:  3918 | steps_t:  3517 | t: 28.550746 | r:    -1.000000 | e:   0.978019 | Q:   0.112833 | won: True 
#  117 | steps:  3979 | steps_t:  3578 | t: 29.408234 | r:    -1.000000 | e:   0.977638 | Q:   0.112833 | won: True 
#  118 | steps:  4032 | steps_t:  3631 | t: 29.863203 | r:    -1.000000 | e:   0.977306 | Q:   0.112833 | won: True 
#  119 | steps:  4068 | steps_t:  3667 | t: 30.089595 | r:     1.000000 | e:   0.977081 | Q:   0.112833 | won: True 
#  120 | steps:  4091 | steps_t:  3690 | t: 30.263110 | r:     1.000000 | e:   0.976938 | Q:   0.112833 | won: True 
#  121 | steps:  4129 | steps_t:  3728 | t: 30.589676 | r:     1.000000 | e:   0.976700 | Q:   0.112833 | won: True 
#  122 | steps:  4142 | steps_t:  3741 | t: 30.637705 | r:    -1.000000 | e:   0.976619 | Q:   0.112833 | won: True 
#  123 | steps:  4254 | steps_t:  3853 | t: 31.757405 | r:    -1.000000 | e:   0.975919 | Q:   0.112833 | won: True 
#  124 | steps:  4263 | steps_t:  3862 | t: 31.795993 | r:    -1.000000 | e:   0.975862 | Q:   0.112833 | won: True 
#  125 | steps:  4327 | steps_t:  3926 | t: 32.475063 | r:     1.000000 | e:   0.975463 | Q:   0.112833 | won: True 
#  126 | steps:  4345 | steps_t:  3944 | t: 32.633566 | r:    -1.000000 | e:   0.975350 | Q:   0.112833 | won: True 
#  127 | steps:  4361 | steps_t:  3960 | t: 32.696586 | r:    -1.000000 | e:   0.975250 | Q:   0.112833 | won: True 
#  128 | steps:  4417 | steps_t:  4016 | t: 33.078212 | r:    -1.000000 | e:   0.974900 | Q:   0.112833 | won: True 
#  129 | steps:  4465 | steps_t:  4064 | t: 33.416832 | r:     1.000000 | e:   0.974600 | Q:   0.112833 | won: True 
#  130 | steps:  4488 | steps_t:  4087 | t: 33.493341 | r:     1.000000 | e:   0.974456 | Q:   0.112833 | won: True 
#  131 | steps:  4496 | steps_t:  4095 | t: 33.608020 | r:    -1.000000 | e:   0.974406 | Q:   0.112833 | won: True 
#  132 | steps:  4528 | steps_t:  4127 | t: 33.814786 | r:     1.000000 | e:   0.974206 | Q:   0.112833 | won: True 
#  133 | steps:  4541 | steps_t:  4140 | t: 34.035049 | r:    -1.000000 | e:   0.974125 | Q:   0.112833 | won: True 
#  134 | steps:  4605 | steps_t:  4204 | t: 34.693618 | r:     1.000000 | e:   0.973725 | Q:   0.112833 | won: True 
#  135 | steps:  4640 | steps_t:  4239 | t: 34.995712 | r:    -1.000000 | e:   0.973506 | Q:   0.112833 | won: True 
#  136 | steps:  4662 | steps_t:  4261 | t: 35.341473 | r:    -1.000000 | e:   0.973369 | Q:   0.112833 | won: True 
#  137 | steps:  4721 | steps_t:  4320 | t: 35.716723 | r:    -1.000000 | e:   0.973000 | Q:   0.112833 | won: True 
#  138 | steps:  4765 | steps_t:  4364 | t: 35.943530 | r:     1.000000 | e:   0.972725 | Q:   0.112833 | won: True 
#  139 | steps:  4818 | steps_t:  4417 | t: 36.202405 | r:     1.000000 | e:   0.972394 | Q:   0.112833 | won: True 
#  140 | steps:  4867 | steps_t:  4466 | t: 36.619917 | r:    -1.000000 | e:   0.972087 | Q:   0.112833 | won: True 
#  141 | steps:  4882 | steps_t:  4481 | t: 36.837748 | r:    -1.000000 | e:   0.971994 | Q:   0.112833 | won: True 
#  142 | steps:  4977 | steps_t:  4576 | t: 37.672828 | r:     1.000000 | e:   0.971400 | Q:   0.112833 | won: True 
#  143 | steps:  5001 | steps_t:  4600 | t: 37.840151 | r:     1.000000 | e:   0.971250 | Q:   0.112833 | won: True 
#  144 | steps:  5053 | steps_t:  4652 | t: 38.368264 | r:     1.000000 | e:   0.970925 | Q:   0.112833 | won: True 
#  145 | steps:  5096 | steps_t:  4695 | t: 38.957671 | r:    -1.000000 | e:   0.970656 | Q:   0.112833 | won: True 
#  146 | steps:  5116 | steps_t:  4715 | t: 39.208816 | r:    -1.000000 | e:   0.970531 | Q:   0.112833 | won: True 
#  147 | steps:  5189 | steps_t:  4788 | t: 39.886455 | r:     1.000000 | e:   0.970075 | Q:   0.112833 | won: True 
#  148 | steps:  5198 | steps_t:  4797 | t: 40.010932 | r:    -1.000000 | e:   0.970019 | Q:   0.112833 | won: True 
#  149 | steps:  5223 | steps_t:  4822 | t: 40.175372 | r:     1.000000 | e:   0.969862 | Q:   0.112833 | won: True 
#  150 | steps:  5240 | steps_t:  4839 | t: 40.229028 | r:    -1.000000 | e:   0.969756 | Q:   0.112833 | won: True 
#  151 | steps:  5273 | steps_t:  4872 | t: 40.436562 | r:     1.000000 | e:   0.969550 | Q:   0.112833 | won: True 
#  152 | steps:  5288 | steps_t:  4887 | t: 40.667279 | r:     1.000000 | e:   0.969456 | Q:   0.112833 | won: True 
#  153 | steps:  5322 | steps_t:  4921 | t: 40.781919 | r:    -1.000000 | e:   0.969244 | Q:   0.112833 | won: True 
#  154 | steps:  5341 | steps_t:  4940 | t: 40.944164 | r:     1.000000 | e:   0.969125 | Q:   0.112833 | won: True 
#  155 | steps:  5351 | steps_t:  4950 | t: 41.064645 | r:     1.000000 | e:   0.969063 | Q:   0.112833 | won: True 
#  156 | steps:  5374 | steps_t:  4973 | t: 41.487734 | r:     1.000000 | e:   0.968919 | Q:   0.112833 | won: True 
#  157 | steps:  5399 | steps_t:  4998 | t: 41.745497 | r:     1.000000 | e:   0.968762 | Q:   0.112833 | won: True 
#  158 | steps:  5526 | steps_t:  5125 | t: 42.675545 | r:     1.000000 | e:   0.967969 | Q:   0.112833 | won: True 
#  159 | steps:  5544 | steps_t:  5143 | t: 42.735185 | r:    -1.000000 | e:   0.967856 | Q:   0.112833 | won: True 
#  160 | steps:  5558 | steps_t:  5157 | t: 42.785349 | r:    -1.000000 | e:   0.967769 | Q:   0.112833 | won: True 
#  161 | steps:  5606 | steps_t:  5205 | t: 43.378304 | r:    -1.000000 | e:   0.967469 | Q:   0.112833 | won: True 
#  162 | steps:  5619 | steps_t:  5218 | t: 43.417870 | r:    -1.000000 | e:   0.967387 | Q:   0.112833 | won: True 
#  163 | steps:  5642 | steps_t:  5241 | t: 43.489462 | r:     1.000000 | e:   0.967244 | Q:   0.112833 | won: True 
#  164 | steps:  5660 | steps_t:  5259 | t: 43.630397 | r:    -1.000000 | e:   0.967131 | Q:   0.112833 | won: True 
#  165 | steps:  5693 | steps_t:  5292 | t: 43.738803 | r:     1.000000 | e:   0.966925 | Q:   0.112833 | won: True 
#  166 | steps:  5727 | steps_t:  5326 | t: 43.929483 | r:     1.000000 | e:   0.966712 | Q:   0.112833 | won: True 
#  167 | steps:  5762 | steps_t:  5361 | t: 44.300180 | r:    -1.000000 | e:   0.966494 | Q:   0.112833 | won: True 
#  168 | steps:  5780 | steps_t:  5379 | t: 44.359081 | r:    -1.000000 | e:   0.966381 | Q:   0.112833 | won: True 
#  169 | steps:  5828 | steps_t:  5427 | t: 44.625681 | r:     1.000000 | e:   0.966081 | Q:   0.112833 | won: True 
#  170 | steps:  5843 | steps_t:  5442 | t: 44.775982 | r:    -1.000000 | e:   0.965987 | Q:   0.112833 | won: True 
#  171 | steps:  5854 | steps_t:  5453 | t: 44.817764 | r:    -1.000000 | e:   0.965919 | Q:   0.112833 | won: True 
#  172 | steps:  5865 | steps_t:  5464 | t: 44.956158 | r:    -1.000000 | e:   0.965850 | Q:   0.112833 | won: True 
#  173 | steps:  5875 | steps_t:  5474 | t: 45.077419 | r:     1.000000 | e:   0.965788 | Q:   0.112833 | won: True 
#  174 | steps:  5902 | steps_t:  5501 | t: 45.260288 | r:     1.000000 | e:   0.965619 | Q:   0.112833 | won: True 
#  175 | steps:  5912 | steps_t:  5511 | t: 45.303962 | r:    -1.000000 | e:   0.965556 | Q:   0.112833 | won: True 
#  176 | steps:  5919 | steps_t:  5518 | t: 45.336101 | r:    -1.000000 | e:   0.965512 | Q:   0.112833 | won: True 
#  177 | steps:  5933 | steps_t:  5532 | t: 45.395660 | r:    -1.000000 | e:   0.965425 | Q:   0.112833 | won: True 
#  178 | steps:  5940 | steps_t:  5539 | t: 45.425077 | r:    -1.000000 | e:   0.965381 | Q:   0.112833 | won: True 
#  179 | steps:  5950 | steps_t:  5549 | t: 45.470283 | r:    -1.000000 | e:   0.965319 | Q:   0.112833 | won: True 
#  180 | steps:  5962 | steps_t:  5561 | t: 45.612813 | r:     1.000000 | e:   0.965244 | Q:   0.112833 | won: True 
#  181 | steps:  5984 | steps_t:  5583 | t: 45.695943 | r:    -1.000000 | e:   0.965106 | Q:   0.112833 | won: True 
#  182 | steps:  6001 | steps_t:  5600 | t: 45.758761 | r:    -1.000000 | e:   0.965000 | Q:   0.112833 | won: True 
#  183 | steps:  6028 | steps_t:  5627 | t: 46.030081 | r:    -1.000000 | e:   0.964831 | Q:   0.112833 | won: True 
#  184 | steps:  6084 | steps_t:  5683 | t: 46.488379 | r:     1.000000 | e:   0.964481 | Q:   0.112833 | won: True 
#  185 | steps:  6129 | steps_t:  5728 | t: 46.752689 | r:     1.000000 | e:   0.964200 | Q:   0.112833 | won: True 
#  186 | steps:  6153 | steps_t:  5752 | t: 47.027054 | r:    -1.000000 | e:   0.964050 | Q:   0.112833 | won: True 
#  187 | steps:  6184 | steps_t:  5783 | t: 47.316113 | r:     1.000000 | e:   0.963856 | Q:   0.112833 | won: True 
#  188 | steps:  6203 | steps_t:  5802 | t: 47.471724 | r:     1.000000 | e:   0.963738 | Q:   0.112833 | won: True 
#  189 | steps:  6245 | steps_t:  5844 | t: 48.048296 | r:    -1.000000 | e:   0.963475 | Q:   0.112833 | won: True 
#  190 | steps:  6254 | steps_t:  5853 | t: 48.081429 | r:    -1.000000 | e:   0.963419 | Q:   0.112833 | won: True 
#  191 | steps:  6274 | steps_t:  5873 | t: 48.427322 | r:     1.000000 | e:   0.963294 | Q:   0.112833 | won: True 
#  192 | steps:  6290 | steps_t:  5889 | t: 48.566505 | r:    -1.000000 | e:   0.963194 | Q:   0.112833 | won: True 
#  193 | steps:  6320 | steps_t:  5919 | t: 48.843900 | r:    -1.000000 | e:   0.963006 | Q:   0.112833 | won: True 
#  194 | steps:  6330 | steps_t:  5929 | t: 48.964985 | r:    -1.000000 | e:   0.962944 | Q:   0.112833 | won: True 
#  195 | steps:  6355 | steps_t:  5954 | t: 49.231410 | r:     1.000000 | e:   0.962788 | Q:   0.112833 | won: True 
#  196 | steps:  6373 | steps_t:  5972 | t: 49.309778 | r:     1.000000 | e:   0.962675 | Q:   0.112833 | won: True 
#  197 | steps:  6391 | steps_t:  5990 | t: 49.465303 | r:    -1.000000 | e:   0.962562 | Q:   0.112833 | won: True 
#  198 | steps:  6407 | steps_t:  6006 | t: 49.608278 | r:     1.000000 | e:   0.962462 | Q:   0.112833 | won: True 
#  199 | steps:  6422 | steps_t:  6021 | t: 49.753180 | r:     1.000000 | e:   0.962369 | Q:   0.112833 | won: True 
#  200 | steps:  6456 | steps_t:  6055 | t: 49.954919 | r:    -1.000000 | e:   0.962156 | Q:   0.112833 | won: True 
#  201 | steps:  6475 | steps_t:  6074 | t: 50.104901 | r:    -1.000000 | e:   0.962037 | Q:   0.112833 | won: True 
#  202 | steps:  6531 | steps_t:  6130 | t: 50.806815 | r:    -1.000000 | e:   0.961688 | Q:   0.112833 | won: True 
#  203 | steps:  6553 | steps_t:  6152 | t: 50.883250 | r:     1.000000 | e:   0.961550 | Q:   0.112833 | won: True 
#  204 | steps:  6574 | steps_t:  6173 | t: 50.961742 | r:     1.000000 | e:   0.961419 | Q:   0.112833 | won: True 
#  205 | steps:  6582 | steps_t:  6181 | t: 50.990059 | r:    -1.000000 | e:   0.961369 | Q:   0.112833 | won: True 
#  206 | steps:  6614 | steps_t:  6213 | t: 51.190373 | r:    -1.000000 | e:   0.961169 | Q:   0.112833 | won: True 
#  207 | steps:  6638 | steps_t:  6237 | t: 51.268232 | r:    -1.000000 | e:   0.961019 | Q:   0.112833 | won: True 
#  208 | steps:  6655 | steps_t:  6254 | t: 51.601034 | r:    -1.000000 | e:   0.960913 | Q:   0.112833 | won: True 
#  209 | steps:  6675 | steps_t:  6274 | t: 51.670019 | r:    -1.000000 | e:   0.960788 | Q:   0.112833 | won: True 
#  210 | steps:  6708 | steps_t:  6307 | t: 51.957888 | r:    -1.000000 | e:   0.960581 | Q:   0.112833 | won: True 
#  211 | steps:  6756 | steps_t:  6355 | t: 52.448092 | r:     1.000000 | e:   0.960281 | Q:   0.112833 | won: True 
#  212 | steps:  6787 | steps_t:  6386 | t: 52.647974 | r:    -1.000000 | e:   0.960087 | Q:   0.112833 | won: True 
#  213 | steps:  6802 | steps_t:  6401 | t: 52.704940 | r:    -1.000000 | e:   0.959994 | Q:   0.112833 | won: True 
#  214 | steps:  6823 | steps_t:  6422 | t: 52.873222 | r:     1.000000 | e:   0.959862 | Q:   0.112833 | won: True 
#  215 | steps:  6840 | steps_t:  6439 | t: 53.018136 | r:    -1.000000 | e:   0.959756 | Q:   0.112833 | won: True 
#  216 | steps:  6952 | steps_t:  6551 | t: 53.976064 | r:    -1.000000 | e:   0.959056 | Q:   0.112833 | won: True 
#  217 | steps:  7059 | steps_t:  6658 | t: 55.006499 | r:    -1.000000 | e:   0.958387 | Q:   0.112833 | won: True 
#  218 | steps:  7076 | steps_t:  6675 | t: 55.064795 | r:    -1.000000 | e:   0.958281 | Q:   0.112833 | won: True 
#  219 | steps:  7111 | steps_t:  6710 | t: 55.339802 | r:    -1.000000 | e:   0.958063 | Q:   0.112833 | won: True 
#  220 | steps:  7146 | steps_t:  6745 | t: 55.630864 | r:    -1.000000 | e:   0.957844 | Q:   0.112833 | won: True 
#  221 | steps:  7156 | steps_t:  6755 | t: 55.665364 | r:     1.000000 | e:   0.957781 | Q:   0.112833 | won: True 
#  222 | steps:  7169 | steps_t:  6768 | t: 55.712100 | r:    -1.000000 | e:   0.957700 | Q:   0.112833 | won: True 
#  223 | steps:  7219 | steps_t:  6818 | t: 56.072959 | r:     1.000000 | e:   0.957388 | Q:   0.112833 | won: True 
#  224 | steps:  7250 | steps_t:  6849 | t: 56.179725 | r:     1.000000 | e:   0.957194 | Q:   0.112833 | won: True 
#  225 | steps:  7274 | steps_t:  6873 | t: 56.341329 | r:    -1.000000 | e:   0.957044 | Q:   0.112833 | won: True 
#  226 | steps:  7287 | steps_t:  6886 | t: 56.383909 | r:    -1.000000 | e:   0.956963 | Q:   0.112833 | won: True 
#  227 | steps:  7325 | steps_t:  6924 | t: 56.675820 | r:    -1.000000 | e:   0.956725 | Q:   0.112833 | won: True 
#  228 | steps:  7352 | steps_t:  6951 | t: 56.766502 | r:    -1.000000 | e:   0.956556 | Q:   0.112833 | won: True 
#  229 | steps:  7360 | steps_t:  6959 | t: 56.793236 | r:    -1.000000 | e:   0.956506 | Q:   0.112833 | won: True 
#  230 | steps:  7378 | steps_t:  6977 | t: 56.939746 | r:    -1.000000 | e:   0.956394 | Q:   0.112833 | won: True 
#  231 | steps:  7398 | steps_t:  6997 | t: 57.095224 | r:    -1.000000 | e:   0.956269 | Q:   0.112833 | won: True 
#  232 | steps:  7429 | steps_t:  7028 | t: 57.202050 | r:    -1.000000 | e:   0.956075 | Q:   0.112833 | won: True 
#  233 | steps:  7513 | steps_t:  7112 | t: 57.732978 | r:    -1.000000 | e:   0.955550 | Q:   0.112833 | won: True 
#  234 | steps:  7525 | steps_t:  7124 | t: 57.859375 | r:    -1.000000 | e:   0.955475 | Q:   0.112833 | won: True 
#  235 | steps:  7566 | steps_t:  7165 | t: 58.069094 | r:    -1.000000 | e:   0.955219 | Q:   0.112833 | won: True 
#  236 | steps:  7578 | steps_t:  7177 | t: 58.272351 | r:    -1.000000 | e:   0.955144 | Q:   0.112833 | won: True 
#  237 | steps:  7593 | steps_t:  7192 | t: 58.408681 | r:     1.000000 | e:   0.955050 | Q:   0.112833 | won: True 
#  238 | steps:  7632 | steps_t:  7231 | t: 58.733255 | r:    -1.000000 | e:   0.954806 | Q:   0.112833 | won: True 
#  239 | steps:  7645 | steps_t:  7244 | t: 58.860490 | r:    -1.000000 | e:   0.954725 | Q:   0.112833 | won: True 
#  240 | steps:  7665 | steps_t:  7264 | t: 58.934100 | r:     1.000000 | e:   0.954600 | Q:   0.112833 | won: True 
#  241 | steps:  7682 | steps_t:  7281 | t: 59.080226 | r:     1.000000 | e:   0.954494 | Q:   0.112833 | won: True 
#  242 | steps:  7750 | steps_t:  7349 | t: 59.653589 | r:    -1.000000 | e:   0.954069 | Q:   0.112833 | won: True 
#  243 | steps:  7792 | steps_t:  7391 | t: 60.049961 | r:     1.000000 | e:   0.953806 | Q:   0.112833 | won: True 
#  244 | steps:  7835 | steps_t:  7434 | t: 60.190606 | r:    -1.000000 | e:   0.953538 | Q:   0.112833 | won: True 
#  245 | steps:  7848 | steps_t:  7447 | t: 60.234129 | r:     1.000000 | e:   0.953456 | Q:   0.112833 | won: True 
#  246 | steps:  7881 | steps_t:  7480 | t: 60.503844 | r:     1.000000 | e:   0.953250 | Q:   0.112833 | won: True 
#  247 | steps:  7917 | steps_t:  7516 | t: 60.785634 | r:     1.000000 | e:   0.953025 | Q:   0.112833 | won: True 
#  248 | steps:  8013 | steps_t:  7612 | t: 61.340117 | r:     1.000000 | e:   0.952425 | Q:   0.112833 | won: True 
#  249 | steps:  8023 | steps_t:  7622 | t: 61.371557 | r:    -1.000000 | e:   0.952363 | Q:   0.112833 | won: True 
#  250 | steps:  8064 | steps_t:  7663 | t: 61.590164 | r:    -1.000000 | e:   0.952106 | Q:   0.112833 | won: True 
#  251 | steps:  8095 | steps_t:  7694 | t: 61.772512 | r:    -1.000000 | e:   0.951913 | Q:   0.112833 | won: True 
#  252 | steps:  8117 | steps_t:  7716 | t: 61.846607 | r:     1.000000 | e:   0.951775 | Q:   0.112833 | won: True 
#  253 | steps:  8142 | steps_t:  7741 | t: 61.934379 | r:    -1.000000 | e:   0.951619 | Q:   0.112833 | won: True 
#  254 | steps:  8152 | steps_t:  7751 | t: 62.053502 | r:     1.000000 | e:   0.951556 | Q:   0.112833 | won: True 
#  255 | steps:  8163 | steps_t:  7762 | t: 62.093805 | r:     1.000000 | e:   0.951488 | Q:   0.112833 | won: True 
#  256 | steps:  8186 | steps_t:  7785 | t: 62.345911 | r:    -1.000000 | e:   0.951344 | Q:   0.112833 | won: True 
#  257 | steps:  8232 | steps_t:  7831 | t: 62.522314 | r:    -1.000000 | e:   0.951056 | Q:   0.112833 | won: True 
#  258 | steps:  8242 | steps_t:  7841 | t: 62.649445 | r:    -1.000000 | e:   0.950994 | Q:   0.112833 | won: True 
#  259 | steps:  8311 | steps_t:  7910 | t: 63.052004 | r:     1.000000 | e:   0.950562 | Q:   0.112833 | won: True 
#  260 | steps:  8373 | steps_t:  7972 | t: 63.442531 | r:     1.000000 | e:   0.950175 | Q:   0.112833 | won: True 
#  261 | steps:  8398 | steps_t:  7997 | t: 63.530565 | r:    -1.000000 | e:   0.950019 | Q:   0.112833 | won: True 
#  262 | steps:  8432 | steps_t:  8031 | t: 63.815464 | r:    -1.000000 | e:   0.949806 | Q:   0.112833 | won: True 
#  263 | steps:  8449 | steps_t:  8048 | t: 63.956295 | r:    -1.000000 | e:   0.949700 | Q:   0.112833 | won: True 
#  264 | steps:  8487 | steps_t:  8086 | t: 64.091548 | r:     1.000000 | e:   0.949462 | Q:   0.112833 | won: True 
#  265 | steps:  8534 | steps_t:  8133 | t: 64.255827 | r:    -1.000000 | e:   0.949169 | Q:   0.112833 | won: True 
#  266 | steps:  8581 | steps_t:  8180 | t: 64.687405 | r:    -1.000000 | e:   0.948875 | Q:   0.112833 | won: True 
#  267 | steps:  8621 | steps_t:  8220 | t: 64.918490 | r:     1.000000 | e:   0.948625 | Q:   0.112833 | won: True 
#  268 | steps:  8873 | steps_t:  8472 | t: 67.241857 | r:     1.000000 | e:   0.947050 | Q:   0.112833 | won: True 
#  269 | steps:  8896 | steps_t:  8495 | t: 67.408206 | r:    -1.000000 | e:   0.946906 | Q:   0.112833 | won: True 
#  270 | steps:  8901 | steps_t:  8500 | t: 67.510408 | r:    -1.000000 | e:   0.946875 | Q:   0.112833 | won: True 
#  271 | steps:  8931 | steps_t:  8530 | t: 67.693245 | r:    -1.000000 | e:   0.946688 | Q:   0.112833 | won: True 
#  272 | steps:  8942 | steps_t:  8541 | t: 67.812741 | r:     1.000000 | e:   0.946619 | Q:   0.112833 | won: True 
#  273 | steps:  8959 | steps_t:  8558 | t: 68.038573 | r:    -1.000000 | e:   0.946512 | Q:   0.112833 | won: True 
#  274 | steps:  8965 | steps_t:  8564 | t: 68.057298 | r:    -1.000000 | e:   0.946475 | Q:   0.112833 | won: True 
#  275 | steps:  8973 | steps_t:  8572 | t: 68.084688 | r:    -1.000000 | e:   0.946425 | Q:   0.112833 | won: True 
#  276 | steps:  9005 | steps_t:  8604 | t: 68.293413 | r:    -1.000000 | e:   0.946225 | Q:   0.112833 | won: True 
#  277 | steps:  9077 | steps_t:  8676 | t: 68.713657 | r:    -1.000000 | e:   0.945775 | Q:   0.112833 | won: True 
#  278 | steps:  9179 | steps_t:  8778 | t: 69.623429 | r:    -1.000000 | e:   0.945137 | Q:   0.112833 | won: True 
#  279 | steps:  9187 | steps_t:  8786 | t: 69.648335 | r:    -1.000000 | e:   0.945087 | Q:   0.112833 | won: True 
#  280 | steps:  9200 | steps_t:  8799 | t: 69.861308 | r:    -1.000000 | e:   0.945006 | Q:   0.112833 | won: True 
#  281 | steps:  9242 | steps_t:  8841 | t: 70.329831 | r:     1.000000 | e:   0.944744 | Q:   0.112833 | won: True 
#  282 | steps:  9252 | steps_t:  8851 | t: 70.360915 | r:    -1.000000 | e:   0.944681 | Q:   0.112833 | won: True 
#  283 | steps:  9296 | steps_t:  8895 | t: 70.664910 | r:     1.000000 | e:   0.944406 | Q:   0.112833 | won: True 
#  284 | steps:  9329 | steps_t:  8928 | t: 71.184621 | r:     1.000000 | e:   0.944200 | Q:   0.112833 | won: True 
#  285 | steps:  9350 | steps_t:  8949 | t: 71.249697 | r:    -1.000000 | e:   0.944069 | Q:   0.112833 | won: True 
#  286 | steps:  9445 | steps_t:  9044 | t: 72.081823 | r:    -1.000000 | e:   0.943475 | Q:   0.112833 | won: True 
#  287 | steps:  9464 | steps_t:  9063 | t: 72.144248 | r:    -1.000000 | e:   0.943356 | Q:   0.112833 | won: True 
#  288 | steps:  9494 | steps_t:  9093 | t: 72.322448 | r:    -1.000000 | e:   0.943169 | Q:   0.112833 | won: True 
#  289 | steps:  9505 | steps_t:  9104 | t: 72.444055 | r:    -1.000000 | e:   0.943100 | Q:   0.112833 | won: True 
#  290 | steps:  9520 | steps_t:  9119 | t: 72.582593 | r:     1.000000 | e:   0.943006 | Q:   0.112833 | won: True 
#  291 | steps:  9539 | steps_t:  9138 | t: 72.811620 | r:     1.000000 | e:   0.942887 | Q:   0.112833 | won: True 
#  292 | steps:  9553 | steps_t:  9152 | t: 73.036440 | r:    -1.000000 | e:   0.942800 | Q:   0.112833 | won: True 
#  293 | steps:  9568 | steps_t:  9167 | t: 73.087480 | r:    -1.000000 | e:   0.942706 | Q:   0.112833 | won: True 
#  294 | steps:  9600 | steps_t:  9199 | t: 73.285381 | r:     1.000000 | e:   0.942506 | Q:   0.112833 | won: True 
#  295 | steps:  9614 | steps_t:  9213 | t: 73.337217 | r:    -1.000000 | e:   0.942419 | Q:   0.112833 | won: True 
#  296 | steps:  9625 | steps_t:  9224 | t: 73.542557 | r:    -1.000000 | e:   0.942350 | Q:   0.112833 | won: True 
#  297 | steps:  9640 | steps_t:  9239 | t: 73.679598 | r:    -1.000000 | e:   0.942256 | Q:   0.112833 | won: True 
#  298 | steps:  9677 | steps_t:  9276 | t: 74.154661 | r:     1.000000 | e:   0.942025 | Q:   0.112833 | won: True 
#  299 | steps:  9689 | steps_t:  9288 | t: 74.278326 | r:     1.000000 | e:   0.941950 | Q:   0.112833 | won: True 
#  300 | steps:  9709 | steps_t:  9308 | t: 74.440348 | r:    -1.000000 | e:   0.941825 | Q:   0.112833 | won: True 
#  301 | steps:  9722 | steps_t:  9321 | t: 74.481560 | r:     1.000000 | e:   0.941744 | Q:   0.112833 | won: True 
#  302 | steps:  9808 | steps_t:  9407 | t: 75.085608 | r:    -1.000000 | e:   0.941206 | Q:   0.112833 | won: True 
#  303 | steps:  9819 | steps_t:  9418 | t: 75.121279 | r:     1.000000 | e:   0.941137 | Q:   0.112833 | won: True 
#  304 | steps:  9841 | steps_t:  9440 | t: 75.193549 | r:     1.000000 | e:   0.941000 | Q:   0.112833 | won: True 
#  305 | steps:  9948 | steps_t:  9547 | t: 75.691135 | r:    -1.000000 | e:   0.940331 | Q:   0.112833 | won: True 
#  306 | steps:  9953 | steps_t:  9552 | t: 75.792814 | r:    -1.000000 | e:   0.940300 | Q:   0.112833 | won: True 
#  307 | steps: 10014 | steps_t:  9613 | t: 76.331096 | r:    -1.000000 | e:   0.939919 | Q:   0.112833 | won: True 
#  308 | steps: 10040 | steps_t:  9639 | t: 76.663304 | r:     1.000000 | e:   0.939756 | Q:   0.112833 | won: True 
#  309 | steps: 10064 | steps_t:  9663 | t: 76.822705 | r:    -1.000000 | e:   0.939606 | Q:   0.112833 | won: True 
#  310 | steps: 10087 | steps_t:  9686 | t: 77.242752 | r:    -1.000000 | e:   0.939462 | Q:   0.112833 | won: True 
#  311 | steps: 10151 | steps_t:  9750 | t: 77.444158 | r:     1.000000 | e:   0.939063 | Q:   0.112833 | won: True 
#  312 | steps: 10161 | steps_t:  9760 | t: 77.567641 | r:    -1.000000 | e:   0.939000 | Q:   0.112833 | won: True 
#  313 | steps: 10220 | steps_t:  9819 | t: 78.117758 | r:     1.000000 | e:   0.938631 | Q:   0.112833 | won: True 
#  314 | steps: 10248 | steps_t:  9847 | t: 78.375724 | r:    -1.000000 | e:   0.938456 | Q:   0.112833 | won: True 
#  315 | steps: 10259 | steps_t:  9858 | t: 78.411692 | r:    -1.000000 | e:   0.938388 | Q:   0.112833 | won: True 
#  316 | steps: 10284 | steps_t:  9883 | t: 78.500345 | r:    -1.000000 | e:   0.938231 | Q:   0.112833 | won: True 
#  317 | steps: 10302 | steps_t:  9901 | t: 78.562091 | r:    -1.000000 | e:   0.938119 | Q:   0.112833 | won: True 
#  318 | steps: 10336 | steps_t:  9935 | t: 78.681866 | r:     1.000000 | e:   0.937906 | Q:   0.112833 | won: True 
#  319 | steps: 10355 | steps_t:  9954 | t: 78.828894 | r:     1.000000 | e:   0.937787 | Q:   0.112833 | won: True 
#  320 | steps: 10393 | steps_t:  9992 | t: 79.045508 | r:    -1.000000 | e:   0.937550 | Q:   0.112833 | won: True 
#  321 | steps: 10432 | steps_t: 10031 | t: 79.172856 | r:    -1.000000 | e:   0.937306 | Q:   0.112833 | won: True 
#  322 | steps: 10468 | steps_t: 10067 | t: 79.292804 | r:    -1.000000 | e:   0.937081 | Q:   0.112833 | won: True 
#  323 | steps: 10478 | steps_t: 10077 | t: 79.326426 | r:    -1.000000 | e:   0.937019 | Q:   0.112833 | won: True 
#  324 | steps: 10501 | steps_t: 10100 | t: 79.650143 | r:     1.000000 | e:   0.936875 | Q:   0.112833 | won: True 
#  325 | steps: 10555 | steps_t: 10154 | t: 80.155348 | r:    -1.000000 | e:   0.936538 | Q:   0.112833 | won: True 
#  326 | steps: 10571 | steps_t: 10170 | t: 80.296408 | r:    -1.000000 | e:   0.936438 | Q:   0.112833 | won: True 
#  327 | steps: 10592 | steps_t: 10191 | t: 80.370394 | r:     1.000000 | e:   0.936306 | Q:   0.112833 | won: True 
#  328 | steps: 10599 | steps_t: 10198 | t: 80.396737 | r:    -1.000000 | e:   0.936262 | Q:   0.112833 | won: True 
#  329 | steps: 10621 | steps_t: 10220 | t: 80.727943 | r:     1.000000 | e:   0.936125 | Q:   0.112833 | won: True 
#  330 | steps: 10655 | steps_t: 10254 | t: 80.845130 | r:     1.000000 | e:   0.935913 | Q:   0.112833 | won: True 
#  331 | steps: 10676 | steps_t: 10275 | t: 81.018930 | r:    -1.000000 | e:   0.935781 | Q:   0.112833 | won: True 
#  332 | steps: 10698 | steps_t: 10297 | t: 81.360804 | r:     1.000000 | e:   0.935644 | Q:   0.112833 | won: True 
#  333 | steps: 10719 | steps_t: 10318 | t: 81.517666 | r:    -1.000000 | e:   0.935512 | Q:   0.112833 | won: True 
#  334 | steps: 10758 | steps_t: 10357 | t: 81.734494 | r:    -1.000000 | e:   0.935269 | Q:   0.112833 | won: True 
#  335 | steps: 10779 | steps_t: 10378 | t: 81.888603 | r:     1.000000 | e:   0.935137 | Q:   0.112833 | won: True 
#  336 | steps: 10792 | steps_t: 10391 | t: 81.932416 | r:    -1.000000 | e:   0.935056 | Q:   0.112833 | won: True 
#  337 | steps: 10809 | steps_t: 10408 | t: 82.082260 | r:    -1.000000 | e:   0.934950 | Q:   0.112833 | won: True 
#  338 | steps: 10839 | steps_t: 10438 | t: 82.189516 | r:    -1.000000 | e:   0.934762 | Q:   0.112833 | won: True 
#  339 | steps: 10862 | steps_t: 10461 | t: 82.549802 | r:     1.000000 | e:   0.934619 | Q:   0.112833 | won: True 
#  340 | steps: 10959 | steps_t: 10558 | t: 83.421605 | r:    -1.000000 | e:   0.934013 | Q:   0.112833 | won: True 
#  341 | steps: 11000 | steps_t: 10599 | t: 83.672270 | r:    -1.000000 | e:   0.933756 | Q:   0.112833 | won: True 
#  342 | steps: 11045 | steps_t: 10644 | t: 84.086955 | r:    -1.000000 | e:   0.933475 | Q:   0.112833 | won: True 
#  343 | steps: 11082 | steps_t: 10681 | t: 84.297392 | r:    -1.000000 | e:   0.933244 | Q:   0.112833 | won: True 
#  344 | steps: 11090 | steps_t: 10689 | t: 84.323035 | r:     1.000000 | e:   0.933194 | Q:   0.112833 | won: True 
#  345 | steps: 11111 | steps_t: 10710 | t: 84.397935 | r:    -1.000000 | e:   0.933063 | Q:   0.112833 | won: True 
#  346 | steps: 11142 | steps_t: 10741 | t: 84.702445 | r:     1.000000 | e:   0.932869 | Q:   0.112833 | won: True 
#  347 | steps: 11157 | steps_t: 10756 | t: 84.758583 | r:     1.000000 | e:   0.932775 | Q:   0.112833 | won: True 
#  348 | steps: 11179 | steps_t: 10778 | t: 85.028321 | r:     1.000000 | e:   0.932638 | Q:   0.112833 | won: True 
#  349 | steps: 11190 | steps_t: 10789 | t: 85.072305 | r:     1.000000 | e:   0.932569 | Q:   0.112833 | won: True 
#  350 | steps: 11222 | steps_t: 10821 | t: 85.287675 | r:     1.000000 | e:   0.932369 | Q:   0.112833 | won: True 
#  351 | steps: 11240 | steps_t: 10839 | t: 85.351600 | r:    -1.000000 | e:   0.932256 | Q:   0.112833 | won: True 
#  352 | steps: 11254 | steps_t: 10853 | t: 85.406591 | r:     1.000000 | e:   0.932169 | Q:   0.112833 | won: True 
#  353 | steps: 11332 | steps_t: 10931 | t: 86.019831 | r:     1.000000 | e:   0.931681 | Q:   0.112833 | won: True 
#  354 | steps: 11403 | steps_t: 11002 | t: 86.797680 | r:    -1.000000 | e:   0.931237 | Q:   0.112833 | won: True 
#  355 | steps: 11426 | steps_t: 11025 | t: 87.053657 | r:     1.000000 | e:   0.931094 | Q:   0.112833 | won: True 
#  356 | steps: 11435 | steps_t: 11034 | t: 87.084620 | r:     1.000000 | e:   0.931037 | Q:   0.112833 | won: True 
#  357 | steps: 11546 | steps_t: 11145 | t: 87.880040 | r:    -1.000000 | e:   0.930344 | Q:   0.112833 | won: True 
#  358 | steps: 11584 | steps_t: 11183 | t: 88.450377 | r:    -1.000000 | e:   0.930106 | Q:   0.112833 | won: True 
#  359 | steps: 11604 | steps_t: 11203 | t: 88.625743 | r:     1.000000 | e:   0.929981 | Q:   0.112833 | won: True 
#  360 | steps: 11629 | steps_t: 11228 | t: 88.908931 | r:    -1.000000 | e:   0.929825 | Q:   0.112833 | won: True 
#  361 | steps: 11643 | steps_t: 11242 | t: 89.039639 | r:    -1.000000 | e:   0.929737 | Q:   0.112833 | won: True 
#  362 | steps: 11674 | steps_t: 11273 | t: 89.249131 | r:     1.000000 | e:   0.929544 | Q:   0.112833 | won: True 
#  363 | steps: 11766 | steps_t: 11365 | t: 90.174059 | r:    -1.000000 | e:   0.928969 | Q:   0.112833 | won: True 
#  364 | steps: 11792 | steps_t: 11391 | t: 90.265399 | r:    -1.000000 | e:   0.928806 | Q:   0.112833 | won: True 
#  365 | steps: 11826 | steps_t: 11425 | t: 90.640139 | r:    -1.000000 | e:   0.928594 | Q:   0.112833 | won: True 
#  366 | steps: 11855 | steps_t: 11454 | t: 90.843743 | r:    -1.000000 | e:   0.928412 | Q:   0.112833 | won: True 
#  367 | steps: 11907 | steps_t: 11506 | t: 91.201661 | r:     1.000000 | e:   0.928087 | Q:   0.112833 | won: True 
#  368 | steps: 11931 | steps_t: 11530 | t: 91.384055 | r:     1.000000 | e:   0.927937 | Q:   0.112833 | won: True 
#  369 | steps: 11954 | steps_t: 11553 | t: 91.554863 | r:    -1.000000 | e:   0.927794 | Q:   0.112833 | won: True 
#  370 | steps: 11977 | steps_t: 11576 | t: 91.633115 | r:    -1.000000 | e:   0.927650 | Q:   0.112833 | won: True 
#  371 | steps: 12035 | steps_t: 11634 | t: 91.858898 | r:     1.000000 | e:   0.927288 | Q:   0.112833 | won: True 
#  372 | steps: 12044 | steps_t: 11643 | t: 91.897892 | r:     1.000000 | e:   0.927231 | Q:   0.112833 | won: True 
#  373 | steps: 12056 | steps_t: 11655 | t: 91.941268 | r:    -1.000000 | e:   0.927156 | Q:   0.112833 | won: True 
#  374 | steps: 12107 | steps_t: 11706 | t: 92.406325 | r:    -1.000000 | e:   0.926837 | Q:   0.112833 | won: True 
#  375 | steps: 12113 | steps_t: 11712 | t: 92.517407 | r:    -1.000000 | e:   0.926800 | Q:   0.112833 | won: True 
#  376 | steps: 12124 | steps_t: 11723 | t: 92.640087 | r:     1.000000 | e:   0.926731 | Q:   0.112833 | won: True 
#  377 | steps: 12172 | steps_t: 11771 | t: 92.997598 | r:    -1.000000 | e:   0.926431 | Q:   0.112833 | won: True 
#  378 | steps: 12206 | steps_t: 11805 | t: 93.288434 | r:     1.000000 | e:   0.926219 | Q:   0.112833 | won: True 
#  379 | steps: 12220 | steps_t: 11819 | t: 93.511743 | r:    -1.000000 | e:   0.926131 | Q:   0.112833 | won: True 
#  380 | steps: 12235 | steps_t: 11834 | t: 93.641992 | r:     1.000000 | e:   0.926037 | Q:   0.112833 | won: True 
#  381 | steps: 12345 | steps_t: 11944 | t: 94.213129 | r:     1.000000 | e:   0.925350 | Q:   0.112833 | won: True 
#  382 | steps: 12386 | steps_t: 11985 | t: 94.379286 | r:    -1.000000 | e:   0.925094 | Q:   0.112833 | won: True 
#  383 | steps: 12497 | steps_t: 12096 | t: 95.031760 | r:    -1.000000 | e:   0.924400 | Q:   0.112833 | won: True 
#  384 | steps: 12536 | steps_t: 12135 | t: 95.248950 | r:    -1.000000 | e:   0.924156 | Q:   0.112833 | won: True 
#  385 | steps: 12583 | steps_t: 12182 | t: 95.491267 | r:     1.000000 | e:   0.923863 | Q:   0.112833 | won: True 
#  386 | steps: 12627 | steps_t: 12226 | t: 95.807233 | r:    -1.000000 | e:   0.923588 | Q:   0.112833 | won: True 
#  387 | steps: 12773 | steps_t: 12372 | t: 96.990863 | r:    -1.000000 | e:   0.922675 | Q:   0.112833 | won: True 
#  388 | steps: 12819 | steps_t: 12418 | t: 97.257352 | r:    -1.000000 | e:   0.922388 | Q:   0.112833 | won: True 
#  389 | steps: 12847 | steps_t: 12446 | t: 97.440333 | r:    -1.000000 | e:   0.922212 | Q:   0.112833 | won: True 
#  390 | steps: 12859 | steps_t: 12458 | t: 97.573352 | r:    -1.000000 | e:   0.922138 | Q:   0.112833 | won: True 
#  391 | steps: 12878 | steps_t: 12477 | t: 97.647637 | r:    -1.000000 | e:   0.922019 | Q:   0.112833 | won: True 
#  392 | steps: 12924 | steps_t: 12523 | t: 98.020422 | r:    -1.000000 | e:   0.921731 | Q:   0.112833 | won: True 
#  393 | steps: 12969 | steps_t: 12568 | t: 98.357873 | r:    -1.000000 | e:   0.921450 | Q:   0.112833 | won: True 
#  394 | steps: 12995 | steps_t: 12594 | t: 98.637018 | r:    -1.000000 | e:   0.921288 | Q:   0.112833 | won: True 
#  395 | steps: 13025 | steps_t: 12624 | t: 99.112881 | r:     1.000000 | e:   0.921100 | Q:   0.112833 | won: True 
#  396 | steps: 13079 | steps_t: 12678 | t: 99.495947 | r:     1.000000 | e:   0.920763 | Q:   0.112833 | won: True 
#  397 | steps: 13093 | steps_t: 12692 | t: 99.552874 | r:    -1.000000 | e:   0.920675 | Q:   0.112833 | won: True 
#  398 | steps: 13122 | steps_t: 12721 | t: 99.832754 | r:     1.000000 | e:   0.920494 | Q:   0.112833 | won: True 
#  399 | steps: 13190 | steps_t: 12789 | t: 100.424488 | r:    -1.000000 | e:   0.920069 | Q:   0.112833 | won: True 
#  400 | steps: 13228 | steps_t: 12827 | t: 100.728847 | r:    -1.000000 | e:   0.919831 | Q:   0.112833 | won: True 
#  401 | steps: 13267 | steps_t: 12866 | t: 101.062523 | r:     1.000000 | e:   0.919588 | Q:   0.112833 | won: True 
#  402 | steps: 13300 | steps_t: 12899 | t: 101.258624 | r:    -1.000000 | e:   0.919381 | Q:   0.112833 | won: True 
#  403 | steps: 13344 | steps_t: 12943 | t: 101.760603 | r:    -1.000000 | e:   0.919106 | Q:   0.112833 | won: True 
#  404 | steps: 13351 | steps_t: 12950 | t: 101.786435 | r:    -1.000000 | e:   0.919063 | Q:   0.112833 | won: True 
#  405 | steps: 13512 | steps_t: 13111 | t: 102.976566 | r:     1.000000 | e:   0.918056 | Q:   0.112833 | won: True 
#  406 | steps: 13661 | steps_t: 13260 | t: 104.085702 | r:    -1.000000 | e:   0.917125 | Q:   0.112833 | won: True 
#  407 | steps: 13677 | steps_t: 13276 | t: 104.241618 | r:     1.000000 | e:   0.917025 | Q:   0.112833 | won: True 
#  408 | steps: 13702 | steps_t: 13301 | t: 104.328567 | r:     1.000000 | e:   0.916869 | Q:   0.112833 | won: True 
#  409 | steps: 13781 | steps_t: 13380 | t: 105.058680 | r:    -1.000000 | e:   0.916375 | Q:   0.112833 | won: True 
#  410 | steps: 13789 | steps_t: 13388 | t: 105.091830 | r:     1.000000 | e:   0.916325 | Q:   0.112833 | won: True 
#  411 | steps: 13818 | steps_t: 13417 | t: 105.426486 | r:     1.000000 | e:   0.916144 | Q:   0.112833 | won: True 
#  412 | steps: 13835 | steps_t: 13434 | t: 105.601245 | r:     1.000000 | e:   0.916038 | Q:   0.112833 | won: True 
#  413 | steps: 13861 | steps_t: 13460 | t: 105.728584 | r:    -1.000000 | e:   0.915875 | Q:   0.112833 | won: True 
#  414 | steps: 13909 | steps_t: 13508 | t: 106.220369 | r:    -1.000000 | e:   0.915575 | Q:   0.112833 | won: True 
#  415 | steps: 13951 | steps_t: 13550 | t: 106.793410 | r:     1.000000 | e:   0.915312 | Q:   0.112833 | won: True 
#  416 | steps: 13963 | steps_t: 13562 | t: 106.846974 | r:    -1.000000 | e:   0.915238 | Q:   0.112833 | won: True 
#  417 | steps: 13979 | steps_t: 13578 | t: 107.115743 | r:     1.000000 | e:   0.915138 | Q:   0.112833 | won: True 
#  418 | steps: 13986 | steps_t: 13585 | t: 107.240641 | r:    -1.000000 | e:   0.915094 | Q:   0.112833 | won: True 
#  419 | steps: 14068 | steps_t: 13667 | t: 107.952801 | r:    -1.000000 | e:   0.914581 | Q:   0.112833 | won: True 
#  420 | steps: 14107 | steps_t: 13706 | t: 108.406569 | r:    -1.000000 | e:   0.914338 | Q:   0.112833 | won: True 
#  421 | steps: 14134 | steps_t: 13733 | t: 108.521089 | r:    -1.000000 | e:   0.914169 | Q:   0.112833 | won: True 
#  422 | steps: 14149 | steps_t: 13748 | t: 108.580190 | r:    -1.000000 | e:   0.914075 | Q:   0.112833 | won: True 
#  423 | steps: 14184 | steps_t: 13783 | t: 108.732304 | r:     1.000000 | e:   0.913856 | Q:   0.112833 | won: True 
#  424 | steps: 14201 | steps_t: 13800 | t: 108.899975 | r:    -1.000000 | e:   0.913750 | Q:   0.112833 | won: True 
#  425 | steps: 14227 | steps_t: 13826 | t: 109.105182 | r:    -1.000000 | e:   0.913587 | Q:   0.112833 | won: True 
#  426 | steps: 14289 | steps_t: 13888 | t: 109.657667 | r:    -1.000000 | e:   0.913200 | Q:   0.112833 | won: True 
#  427 | steps: 14334 | steps_t: 13933 | t: 109.954762 | r:    -1.000000 | e:   0.912919 | Q:   0.112833 | won: True 
#  428 | steps: 14346 | steps_t: 13945 | t: 110.188402 | r:     1.000000 | e:   0.912844 | Q:   0.112833 | won: True 
#  429 | steps: 14397 | steps_t: 13996 | t: 110.673887 | r:    -1.000000 | e:   0.912525 | Q:   0.112833 | won: True 
#  430 | steps: 14453 | steps_t: 14052 | t: 111.085130 | r:     1.000000 | e:   0.912175 | Q:   0.112833 | won: True 
#  431 | steps: 14476 | steps_t: 14075 | t: 111.443931 | r:     1.000000 | e:   0.912031 | Q:   0.112833 | won: True 
#  432 | steps: 14528 | steps_t: 14127 | t: 111.810748 | r:     1.000000 | e:   0.911706 | Q:   0.112833 | won: True 
#  433 | steps: 14591 | steps_t: 14190 | t: 112.229660 | r:    -1.000000 | e:   0.911312 | Q:   0.112833 | won: True 
#  434 | steps: 14614 | steps_t: 14213 | t: 112.506866 | r:     1.000000 | e:   0.911169 | Q:   0.112833 | won: True 
#  435 | steps: 14627 | steps_t: 14226 | t: 112.645681 | r:    -1.000000 | e:   0.911088 | Q:   0.112833 | won: True 
#  436 | steps: 14636 | steps_t: 14235 | t: 112.772425 | r:    -1.000000 | e:   0.911031 | Q:   0.112833 | won: True 
#  437 | steps: 14686 | steps_t: 14285 | t: 113.138176 | r:    -1.000000 | e:   0.910719 | Q:   0.112833 | won: True 
#  438 | steps: 14698 | steps_t: 14297 | t: 113.184148 | r:    -1.000000 | e:   0.910644 | Q:   0.112833 | won: True 
#  439 | steps: 14709 | steps_t: 14308 | t: 113.317475 | r:     1.000000 | e:   0.910575 | Q:   0.112833 | won: True 
#  440 | steps: 14738 | steps_t: 14337 | t: 113.595842 | r:    -1.000000 | e:   0.910394 | Q:   0.112833 | won: True 
#  441 | steps: 14817 | steps_t: 14416 | t: 114.322559 | r:    -1.000000 | e:   0.909900 | Q:   0.112833 | won: True 
#  442 | steps: 14832 | steps_t: 14431 | t: 114.385431 | r:    -1.000000 | e:   0.909806 | Q:   0.112833 | won: True 
#  443 | steps: 14850 | steps_t: 14449 | t: 114.719034 | r:    -1.000000 | e:   0.909694 | Q:   0.112833 | won: True 
#  444 | steps: 14947 | steps_t: 14546 | t: 115.244506 | r:    -1.000000 | e:   0.909088 | Q:   0.112833 | won: True 
#  445 | steps: 14975 | steps_t: 14574 | t: 115.520573 | r:     1.000000 | e:   0.908913 | Q:   0.112833 | won: True 
#  446 | steps: 15004 | steps_t: 14603 | t: 115.814778 | r:     1.000000 | e:   0.908731 | Q:   0.112833 | won: True 
#  447 | steps: 15027 | steps_t: 14626 | t: 115.894956 | r:     1.000000 | e:   0.908587 | Q:   0.112833 | won: True 
#  448 | steps: 15144 | steps_t: 14743 | t: 116.566644 | r:    -1.000000 | e:   0.907856 | Q:   0.112833 | won: True 
#  449 | steps: 15174 | steps_t: 14773 | t: 116.767722 | r:    -1.000000 | e:   0.907669 | Q:   0.112833 | won: True 
#  450 | steps: 15182 | steps_t: 14781 | t: 116.892324 | r:     1.000000 | e:   0.907619 | Q:   0.112833 | won: True 
#  451 | steps: 15194 | steps_t: 14793 | t: 117.024293 | r:     1.000000 | e:   0.907544 | Q:   0.112833 | won: True 
#  452 | steps: 15203 | steps_t: 14802 | t: 117.228054 | r:     1.000000 | e:   0.907488 | Q:   0.112833 | won: True 
#  453 | steps: 15255 | steps_t: 14854 | t: 117.587053 | r:    -1.000000 | e:   0.907162 | Q:   0.112833 | won: True 
#  454 | steps: 15273 | steps_t: 14872 | t: 117.647672 | r:     1.000000 | e:   0.907050 | Q:   0.112833 | won: True 
#  455 | steps: 15280 | steps_t: 14879 | t: 117.675811 | r:    -1.000000 | e:   0.907006 | Q:   0.112833 | won: True 
#  456 | steps: 15346 | steps_t: 14945 | t: 118.437314 | r:    -1.000000 | e:   0.906594 | Q:   0.112833 | won: True 
#  457 | steps: 15375 | steps_t: 14974 | t: 118.711802 | r:    -1.000000 | e:   0.906412 | Q:   0.112833 | won: True 
#  458 | steps: 15442 | steps_t: 15041 | t: 119.036819 | r:     1.000000 | e:   0.905994 | Q:   0.112833 | won: True 
#  459 | steps: 15448 | steps_t: 15047 | t: 119.056000 | r:     1.000000 | e:   0.905956 | Q:   0.112833 | won: True 
#  460 | steps: 15487 | steps_t: 15086 | t: 119.365174 | r:     1.000000 | e:   0.905713 | Q:   0.112833 | won: True 
#  461 | steps: 15525 | steps_t: 15124 | t: 119.940267 | r:     1.000000 | e:   0.905475 | Q:   0.112833 | won: True 
#  462 | steps: 15546 | steps_t: 15145 | t: 120.274080 | r:     1.000000 | e:   0.905344 | Q:   0.112833 | won: True 
#  463 | steps: 15601 | steps_t: 15200 | t: 120.532282 | r:     1.000000 | e:   0.905000 | Q:   0.112833 | won: True 
#  464 | steps: 15669 | steps_t: 15268 | t: 120.928951 | r:    -1.000000 | e:   0.904575 | Q:   0.112833 | won: True 
#  465 | steps: 15729 | steps_t: 15328 | t: 121.306037 | r:     1.000000 | e:   0.904200 | Q:   0.112833 | won: True 
#  466 | steps: 15741 | steps_t: 15340 | t: 121.347617 | r:     1.000000 | e:   0.904125 | Q:   0.112833 | won: True 
#  467 | steps: 15763 | steps_t: 15362 | t: 121.424470 | r:    -1.000000 | e:   0.903987 | Q:   0.112833 | won: True 
#  468 | steps: 15811 | steps_t: 15410 | t: 121.767905 | r:    -1.000000 | e:   0.903687 | Q:   0.112833 | won: True 
#  469 | steps: 15822 | steps_t: 15421 | t: 121.809303 | r:    -1.000000 | e:   0.903619 | Q:   0.112833 | won: True 
#  470 | steps: 15827 | steps_t: 15426 | t: 121.828385 | r:    -1.000000 | e:   0.903587 | Q:   0.112833 | won: True 
#  471 | steps: 15845 | steps_t: 15444 | t: 122.072406 | r:    -1.000000 | e:   0.903475 | Q:   0.112833 | won: True 
#  472 | steps: 15875 | steps_t: 15474 | t: 122.342282 | r:    -1.000000 | e:   0.903288 | Q:   0.112833 | won: True 
#  473 | steps: 15904 | steps_t: 15503 | t: 122.518183 | r:    -1.000000 | e:   0.903106 | Q:   0.112833 | won: True 
#  474 | steps: 15958 | steps_t: 15557 | t: 122.875808 | r:    -1.000000 | e:   0.902769 | Q:   0.112833 | won: True 
#  475 | steps: 16008 | steps_t: 15607 | t: 123.301322 | r:    -1.000000 | e:   0.902456 | Q:   0.112833 | won: True 
#  476 | steps: 16103 | steps_t: 15702 | t: 123.858963 | r:    -1.000000 | e:   0.901863 | Q:   0.112833 | won: True 
#  477 | steps: 16140 | steps_t: 15739 | t: 124.074319 | r:    -1.000000 | e:   0.901631 | Q:   0.112833 | won: True 
#  478 | steps: 16216 | steps_t: 15815 | t: 124.587810 | r:     1.000000 | e:   0.901156 | Q:   0.112833 | won: True 
#  479 | steps: 16255 | steps_t: 15854 | t: 124.811221 | r:     1.000000 | e:   0.900913 | Q:   0.112833 | won: True 
#  480 | steps: 16293 | steps_t: 15892 | t: 125.033921 | r:     1.000000 | e:   0.900675 | Q:   0.112833 | won: True 
#  481 | steps: 16367 | steps_t: 15966 | t: 125.451194 | r:     1.000000 | e:   0.900212 | Q:   0.112833 | won: True 
#  482 | steps: 16405 | steps_t: 16004 | t: 125.746299 | r:    -1.000000 | e:   0.899975 | Q:   0.112833 | won: True 
#  483 | steps: 16450 | steps_t: 16049 | t: 126.069105 | r:    -1.000000 | e:   0.899694 | Q:   0.112833 | won: True 
#  484 | steps: 16492 | steps_t: 16091 | t: 126.383347 | r:     1.000000 | e:   0.899431 | Q:   0.112833 | won: True 
#  485 | steps: 16513 | steps_t: 16112 | t: 126.466717 | r:    -1.000000 | e:   0.899300 | Q:   0.112833 | won: True 
#  486 | steps: 16525 | steps_t: 16124 | t: 126.600549 | r:    -1.000000 | e:   0.899225 | Q:   0.112833 | won: True 
#  487 | steps: 16572 | steps_t: 16171 | t: 126.847208 | r:     1.000000 | e:   0.898931 | Q:   0.112833 | won: True 
#  488 | steps: 16624 | steps_t: 16223 | t: 127.384990 | r:    -1.000000 | e:   0.898606 | Q:   0.112833 | won: True 
#  489 | steps: 16655 | steps_t: 16254 | t: 127.675717 | r:     1.000000 | e:   0.898413 | Q:   0.112833 | won: True 
#  490 | steps: 16691 | steps_t: 16290 | t: 127.885351 | r:     1.000000 | e:   0.898188 | Q:   0.112833 | won: True 
#  491 | steps: 16780 | steps_t: 16379 | t: 128.259996 | r:     1.000000 | e:   0.897631 | Q:   0.112833 | won: True 
#  492 | steps: 16793 | steps_t: 16392 | t: 128.395373 | r:    -1.000000 | e:   0.897550 | Q:   0.112833 | won: True 
#  493 | steps: 16808 | steps_t: 16407 | t: 128.458711 | r:     1.000000 | e:   0.897456 | Q:   0.112833 | won: True 
#  494 | steps: 16820 | steps_t: 16419 | t: 128.603385 | r:    -1.000000 | e:   0.897381 | Q:   0.112833 | won: True 
#  495 | steps: 16830 | steps_t: 16429 | t: 128.642230 | r:    -1.000000 | e:   0.897319 | Q:   0.112833 | won: True 
#  496 | steps: 16990 | steps_t: 16589 | t: 129.998189 | r:    -1.000000 | e:   0.896319 | Q:   0.112833 | won: True 
#  497 | steps: 17005 | steps_t: 16604 | t: 130.146571 | r:    -1.000000 | e:   0.896225 | Q:   0.112833 | won: True 
#  498 | steps: 17026 | steps_t: 16625 | t: 130.232469 | r:    -1.000000 | e:   0.896094 | Q:   0.112833 | won: True 
#  499 | steps: 17095 | steps_t: 16694 | t: 130.910970 | r:    -1.000000 | e:   0.895663 | Q:   0.112833 | won: True 
#  500 | steps: 17111 | steps_t: 16710 | t: 131.061882 | r:    -1.000000 | e:   0.895563 | Q:   0.112833 | won: True 
#  501 | steps: 17122 | steps_t: 16721 | t: 131.225590 | r:    -1.000000 | e:   0.895494 | Q:   0.112833 | won: True 
#  502 | steps: 17142 | steps_t: 16741 | t: 131.345180 | r:    -1.000000 | e:   0.895369 | Q:   0.112833 | won: True 
#  503 | steps: 17159 | steps_t: 16758 | t: 131.467395 | r:     1.000000 | e:   0.895262 | Q:   0.112833 | won: True 
#  504 | steps: 17194 | steps_t: 16793 | t: 131.794083 | r:    -1.000000 | e:   0.895044 | Q:   0.112833 | won: True 
#  505 | steps: 17221 | steps_t: 16820 | t: 132.154828 | r:    -1.000000 | e:   0.894875 | Q:   0.112833 | won: True 
#  506 | steps: 17236 | steps_t: 16835 | t: 132.388968 | r:     1.000000 | e:   0.894781 | Q:   0.112833 | won: True 
#  507 | steps: 17332 | steps_t: 16931 | t: 132.994164 | r:    -1.000000 | e:   0.894181 | Q:   0.112833 | won: True 
#  508 | steps: 17374 | steps_t: 16973 | t: 133.244112 | r:     1.000000 | e:   0.893919 | Q:   0.112833 | won: True 
#  509 | steps: 17384 | steps_t: 16983 | t: 133.461086 | r:    -1.000000 | e:   0.893856 | Q:   0.112833 | won: True 
#  510 | steps: 17394 | steps_t: 16993 | t: 133.503076 | r:     1.000000 | e:   0.893794 | Q:   0.112833 | won: True 
#  511 | steps: 17406 | steps_t: 17005 | t: 133.811496 | r:    -1.000000 | e:   0.893719 | Q:   0.112833 | won: True 
#  512 | steps: 17454 | steps_t: 17053 | t: 134.072336 | r:    -1.000000 | e:   0.893419 | Q:   0.112833 | won: True 
#  513 | steps: 17492 | steps_t: 17091 | t: 134.214587 | r:    -1.000000 | e:   0.893181 | Q:   0.112833 | won: True 
#  514 | steps: 17543 | steps_t: 17142 | t: 134.659182 | r:    -1.000000 | e:   0.892863 | Q:   0.112833 | won: True 
#  515 | steps: 17601 | steps_t: 17200 | t: 135.220751 | r:     1.000000 | e:   0.892500 | Q:   0.112833 | won: True 
#  516 | steps: 17610 | steps_t: 17209 | t: 135.345267 | r:    -1.000000 | e:   0.892444 | Q:   0.112833 | won: True 
#  517 | steps: 17617 | steps_t: 17216 | t: 135.460341 | r:    -1.000000 | e:   0.892400 | Q:   0.112833 | won: True 
#  518 | steps: 17636 | steps_t: 17235 | t: 135.617126 | r:     1.000000 | e:   0.892281 | Q:   0.112833 | won: True 
#  519 | steps: 17655 | steps_t: 17254 | t: 135.772756 | r:     1.000000 | e:   0.892162 | Q:   0.112833 | won: True 
#  520 | steps: 17663 | steps_t: 17262 | t: 135.891659 | r:    -1.000000 | e:   0.892112 | Q:   0.112833 | won: True 
#  521 | steps: 17689 | steps_t: 17288 | t: 135.993196 | r:     1.000000 | e:   0.891950 | Q:   0.112833 | won: True 
#  522 | steps: 17728 | steps_t: 17327 | t: 136.314166 | r:     1.000000 | e:   0.891706 | Q:   0.112833 | won: True 
#  523 | steps: 17739 | steps_t: 17338 | t: 136.360178 | r:    -1.000000 | e:   0.891637 | Q:   0.112833 | won: True 
#  524 | steps: 17780 | steps_t: 17379 | t: 136.610480 | r:    -1.000000 | e:   0.891381 | Q:   0.112833 | won: True 
#  525 | steps: 17800 | steps_t: 17399 | t: 136.685874 | r:    -1.000000 | e:   0.891256 | Q:   0.112833 | won: True 
#  526 | steps: 17814 | steps_t: 17413 | t: 136.833082 | r:    -1.000000 | e:   0.891169 | Q:   0.112833 | won: True 
#  527 | steps: 17823 | steps_t: 17422 | t: 136.965586 | r:     1.000000 | e:   0.891112 | Q:   0.112833 | won: True 
#  528 | steps: 17846 | steps_t: 17445 | t: 137.148708 | r:    -1.000000 | e:   0.890969 | Q:   0.112833 | won: True 
#  529 | steps: 17882 | steps_t: 17481 | t: 137.287030 | r:    -1.000000 | e:   0.890744 | Q:   0.112833 | won: True 
#  530 | steps: 17939 | steps_t: 17538 | t: 137.840914 | r:    -1.000000 | e:   0.890387 | Q:   0.112833 | won: True 
#  531 | steps: 17952 | steps_t: 17551 | t: 137.990710 | r:     1.000000 | e:   0.890306 | Q:   0.112833 | won: True 
#  532 | steps: 17963 | steps_t: 17562 | t: 138.038851 | r:    -1.000000 | e:   0.890238 | Q:   0.112833 | won: True 
#  533 | steps: 17976 | steps_t: 17575 | t: 138.195684 | r:     1.000000 | e:   0.890156 | Q:   0.112833 | won: True 
#  534 | steps: 18031 | steps_t: 17630 | t: 138.489746 | r:    -1.000000 | e:   0.889813 | Q:   0.112833 | won: True 
#  535 | steps: 18042 | steps_t: 17641 | t: 138.530083 | r:    -1.000000 | e:   0.889744 | Q:   0.112833 | won: True 
