#    1 | steps:    87 | steps_t:    54 | t: 0.173773 | r:    -2.000000 | e:   0.431579 | Q:   0.121024 | won: True 
#    1 | steps:   203 | steps_t:   170 | t: 1.099660 | r:    -4.000000 | e:   0.300000 | Q:   0.121024 | won: True 
#    1 | steps:   218 | steps_t:   185 | t: 1.150308 | r:    -6.000000 | e:   0.300000 | Q:   0.121024 | won: True 
#    1 | steps:   230 | steps_t:   197 | t: 1.185867 | r:    -4.000000 | e:   0.300000 | Q:   0.121024 | won: True 
#    1 | steps:   245 | steps_t:   212 | t: 1.401031 | r:    -2.000000 | e:   0.300000 | Q:   0.121024 | won: True 
#    1 | steps:   285 | steps_t:   252 | t: 1.772109 | r:    -4.000000 | e:   0.300000 | Q:   0.121024 | won: True 
#    1 | steps:   294 | steps_t:   261 | t: 1.804694 | r:    -6.000000 | e:   0.300000 | Q:   0.121024 | won: True 
#    1 | steps:   348 | steps_t:   315 | t: 2.135841 | r:    -4.000000 | e:   0.300000 | Q:   0.121024 | won: True 
#    1 | steps:   364 | steps_t:   331 | t: 2.181812 | r:    -6.000000 | e:   0.300000 | Q:   0.121024 | won: True 
#    1 | steps:   422 | steps_t:   389 | t: 2.604484 | r:    -8.000000 | e:   0.300000 | Q:   0.145984 | won: True 
#    1 | steps:   471 | steps_t:   438 | t: 3.252722 | r:   -10.000000 | e:   0.300000 | Q:   0.145984 | won: True 
#    1 | steps:   517 | steps_t:   484 | t: 3.648908 | r:   -12.000000 | e:   0.300000 | Q:   0.145984 | won: True 
#    1 | steps:   552 | steps_t:   519 | t: 3.927221 | r:   -14.000000 | e:   0.300000 | Q:   0.145984 | won: True 
#    1 | steps:   653 | steps_t:   620 | t: 4.400899 | r:   -12.000000 | e:   0.300000 | Q:   0.145984 | won: True 
#    1 | steps:   675 | steps_t:   642 | t: 4.464527 | r:   -14.000000 | e:   0.300000 | Q:   0.145984 | won: True 
#    1 | steps:   684 | steps_t:   651 | t: 4.666556 | r:   -16.000000 | e:   0.300000 | Q:   0.145984 | won: True 
#    1 | steps:   690 | steps_t:   657 | t: 4.762882 | r:   -14.000000 | e:   0.300000 | Q:   0.145984 | won: True 
#    1 | steps:   699 | steps_t:   666 | t: 4.790444 | r:   -16.000000 | e:   0.300000 | Q:   0.145984 | won: True 
#    1 | steps:   712 | steps_t:   679 | t: 4.989917 | r:   -18.000000 | e:   0.300000 | Q:   0.145984 | won: True 
#    1 | steps:   729 | steps_t:   696 | t: 5.125762 | r:   -20.000000 | e:   0.300000 | Q:   0.145984 | won: True 
#    1 | steps:   737 | steps_t:   704 | t: 5.242709 | r:   -22.000000 | e:   0.300000 | Q:   0.145984 | won: True 
#    1 | steps:   790 | steps_t:   757 | t: 5.662054 | r:   -20.000000 | e:   0.300000 | Q:   0.145984 | won: True 
#    1 | steps:   796 | steps_t:   763 | t: 5.681619 | r:   -22.000000 | e:   0.300000 | Q:   0.145984 | won: True 
#    1 | steps:   915 | steps_t:   882 | t: 6.371856 | r:   -24.000000 | e:   0.300000 | Q:   0.145984 | won: True 
#    1 | steps:   928 | steps_t:   895 | t: 6.496974 | r:   -26.000000 | e:   0.300000 | Q:   0.145984 | won: True 
#    1 | steps:  1019 | steps_t:   986 | t: 7.015418 | r:   -28.000000 | e:   0.300000 | Q:   0.152281 | won: True 
#    1 | steps:  1042 | steps_t:  1009 | t: 7.423194 | r:   -30.000000 | e:   0.300000 | Q:   0.237229 | won: True 
#    1 | steps:  1076 | steps_t:  1043 | t: 7.607513 | r:   -32.000000 | e:   0.300000 | Q:   0.237229 | won: True 
#    1 | steps:  1105 | steps_t:  1072 | t: 7.859571 | r:   -34.000000 | e:   0.300000 | Q:   0.237229 | won: True 
#    1 | steps:  1122 | steps_t:  1089 | t: 8.082096 | r:   -36.000000 | e:   0.300000 | Q:   0.237229 | won: True 
#    1 | steps:  1153 | steps_t:  1120 | t: 8.180592 | r:   -38.000000 | e:   0.300000 | Q:   0.237229 | won: True 
#    1 | steps:  1167 | steps_t:  1134 | t: 8.220363 | r:   -40.000000 | e:   0.300000 | Q:   0.237229 | won: True 
#    1 | steps:  1616 | steps_t:  1583 | t: 11.481399 | r:   -38.000000 | e:   0.300000 | Q:   0.636412 | won: True 
#    1 | steps:  1639 | steps_t:  1606 | t: 11.640756 | r:   -36.000000 | e:   0.300000 | Q:   0.653872 | won: True 
#    1 | steps:  1667 | steps_t:  1634 | t: 12.063099 | r:   -34.000000 | e:   0.300000 | Q:   0.794266 | won: True 
#    1 | steps:  1770 | steps_t:  1737 | t: 12.544626 | r:   -32.000000 | e:   0.300000 | Q:   1.143228 | won: True 
#    1 | steps:  1830 | steps_t:  1797 | t: 13.064338 | r:   -34.000000 | e:   0.300000 | Q:   1.143228 | won: True 
#    1 | steps:  1892 | steps_t:  1859 | t: 13.514071 | r:   -32.000000 | e:   0.300000 | Q:   1.143228 | won: True 
#    1 | steps:  1918 | steps_t:  1885 | t: 13.599573 | r:   -30.000000 | e:   0.300000 | Q:   1.690147 | won: True 
#    1 | steps:  1923 | steps_t:  1890 | t: 13.701528 | r:   -32.000000 | e:   0.300000 | Q:   1.690147 | won: True 
#    1 | steps:  1936 | steps_t:  1903 | t: 13.828066 | r:   -30.000000 | e:   0.300000 | Q:   1.808096 | won: True 
#    1 | steps:  1960 | steps_t:  1927 | t: 14.071795 | r:   -28.000000 | e:   0.300000 | Q:   1.923216 | won: True 
#    1 | steps:  1974 | steps_t:  1941 | t: 14.116493 | r:   -26.000000 | e:   0.300000 | Q:   2.319273 | won: True 
#    1 | steps:  1985 | steps_t:  1952 | t: 14.153980 | r:   -28.000000 | e:   0.300000 | Q:   2.319273 | won: True 
#    1 | steps:  1999 | steps_t:  1966 | t: 14.197705 | r:   -26.000000 | e:   0.300000 | Q:   2.319273 | won: True 
#    1 | steps:  2008 | steps_t:  1975 | t: 14.309143 | r:   -24.000000 | e:   0.300000 | Q:   2.319273 | won: True 
#    1 | steps:  2030 | steps_t:  1997 | t: 14.374425 | r:   -22.000000 | e:   0.300000 | Q:   2.319273 | won: True 
#    1 | steps:  2044 | steps_t:  2011 | t: 14.495486 | r:   -20.000000 | e:   0.300000 | Q:   2.319273 | won: True 
#    1 | steps:  2049 | steps_t:  2016 | t: 14.512160 | r:   -22.000000 | e:   0.300000 | Q:   2.319273 | won: True 
#    1 | steps:  2070 | steps_t:  2037 | t: 14.910575 | r:   -20.000000 | e:   0.300000 | Q:   2.506733 | won: True 
#    1 | steps:  2102 | steps_t:  2069 | t: 15.095113 | r:   -18.000000 | e:   0.300000 | Q:   2.506733 | won: True 
#    1 | steps:  2111 | steps_t:  2078 | t: 15.208774 | r:   -16.000000 | e:   0.300000 | Q:   2.706423 | won: True 
#    1 | steps:  2129 | steps_t:  2096 | t: 15.342719 | r:   -14.000000 | e:   0.300000 | Q:   3.279675 | won: True 
#    1 | steps:  2135 | steps_t:  2102 | t: 15.364262 | r:   -12.000000 | e:   0.300000 | Q:   3.279675 | won: True 
#    1 | steps:  2145 | steps_t:  2112 | t: 15.482392 | r:   -10.000000 | e:   0.300000 | Q:   3.279675 | won: True 
#    1 | steps:  2159 | steps_t:  2126 | t: 15.529955 | r:    -8.000000 | e:   0.300000 | Q:   3.279675 | won: True 
#    1 | steps:  2176 | steps_t:  2143 | t: 15.586636 | r:    -6.000000 | e:   0.300000 | Q:   3.279675 | won: True 
#    1 | steps:  2188 | steps_t:  2155 | t: 15.788974 | r:    -4.000000 | e:   0.300000 | Q:   3.673384 | won: True 
#    1 | steps:  2205 | steps_t:  2172 | t: 15.843198 | r:    -2.000000 | e:   0.300000 | Q:   3.841187 | won: True 
#    1 | steps:  2225 | steps_t:  2192 | t: 15.986417 | r:     0.000000 | e:   0.300000 | Q:   3.841187 | won: True 
#    1 | steps:  2236 | steps_t:  2203 | t: 16.184177 | r:     2.000000 | e:   0.300000 | Q:   3.841187 | won: True 
#    1 | steps:  2246 | steps_t:  2213 | t: 16.218889 | r:     4.000000 | e:   0.300000 | Q:   3.841187 | won: True 
#    1 | steps:  2253 | steps_t:  2220 | t: 16.319980 | r:     2.000000 | e:   0.300000 | Q:   3.841187 | won: True 
#    1 | steps:  2260 | steps_t:  2227 | t: 16.347885 | r:     4.000000 | e:   0.300000 | Q:   4.342019 | won: True 
#    1 | steps:  2278 | steps_t:  2245 | t: 16.490899 | r:     2.000000 | e:   0.300000 | Q:   4.351280 | won: True 
#    1 | steps:  2286 | steps_t:  2253 | t: 16.515197 | r:     4.000000 | e:   0.300000 | Q:   4.524204 | won: True 
#    1 | steps:  2299 | steps_t:  2266 | t: 16.641989 | r:     6.000000 | e:   0.300000 | Q:   4.524204 | won: True 
#    1 | steps:  2306 | steps_t:  2273 | t: 16.660964 | r:     4.000000 | e:   0.300000 | Q:   4.524204 | won: True 
#    1 | steps:  2315 | steps_t:  2282 | t: 16.769298 | r:     6.000000 | e:   0.300000 | Q:   4.758018 | won: True 
#    1 | steps:  2339 | steps_t:  2306 | t: 16.848958 | r:     8.000000 | e:   0.300000 | Q:   5.258919 | won: True 
#    1 | steps:  2354 | steps_t:  2321 | t: 16.981480 | r:    10.000000 | e:   0.300000 | Q:   5.896162 | won: True 
#    1 | steps:  2364 | steps_t:  2331 | t: 17.012820 | r:     8.000000 | e:   0.300000 | Q:   5.896162 | won: True 
#    1 | steps:  2378 | steps_t:  2345 | t: 17.056905 | r:    10.000000 | e:   0.300000 | Q:   5.896162 | won: True 
#    1 | steps:  2386 | steps_t:  2353 | t: 17.083499 | r:     8.000000 | e:   0.300000 | Q:   5.896162 | won: True 
#    1 | steps:  2395 | steps_t:  2362 | t: 17.112086 | r:    10.000000 | e:   0.300000 | Q:   6.180141 | won: True 
#    1 | steps:  2410 | steps_t:  2377 | t: 17.164009 | r:    12.000000 | e:   0.300000 | Q:   6.180141 | won: True 
#    1 | steps:  2416 | steps_t:  2383 | t: 17.186336 | r:    14.000000 | e:   0.300000 | Q:   6.446804 | won: True 
#    1 | steps:  2427 | steps_t:  2394 | t: 17.303540 | r:    16.000000 | e:   0.300000 | Q:   6.446804 | won: True 
#    1 | steps:  2435 | steps_t:  2402 | t: 17.327857 | r:    18.000000 | e:   0.300000 | Q:   6.446804 | won: True 
#    1 | steps:  2447 | steps_t:  2414 | t: 17.362100 | r:    20.000000 | e:   0.300000 | Q:   6.483000 | won: True 
#    1 | steps:  2466 | steps_t:  2433 | t: 17.588734 | r:    22.000000 | e:   0.300000 | Q:   6.825378 | won: True 
#    1 | steps:  2474 | steps_t:  2441 | t: 17.863699 | r:    24.000000 | e:   0.300000 | Q:   7.200992 | won: True 
#    1 | steps:  2481 | steps_t:  2448 | t: 17.885950 | r:    26.000000 | e:   0.300000 | Q:   7.263743 | won: True 
#    1 | steps:  2496 | steps_t:  2463 | t: 18.095774 | r:    28.000000 | e:   0.300000 | Q:   7.434573 | won: True 
#    1 | steps:  2505 | steps_t:  2472 | t: 18.219995 | r:    30.000000 | e:   0.300000 | Q:   7.638400 | won: True 
#    1 | steps:  2517 | steps_t:  2484 | t: 18.260154 | r:    32.000000 | e:   0.300000 | Q:   7.638400 | won: True 
#    1 | steps:  2524 | steps_t:  2491 | t: 18.283305 | r:    34.000000 | e:   0.300000 | Q:   7.966519 | won: True 
#    1 | steps:  2534 | steps_t:  2501 | t: 18.318811 | r:    36.000000 | e:   0.300000 | Q:   7.966519 | won: True 
#    1 | steps:  2542 | steps_t:  2509 | t: 18.348053 | r:    38.000000 | e:   0.300000 | Q:   7.966519 | won: True 
#    1 | steps:  2550 | steps_t:  2517 | t: 18.376394 | r:    40.000000 | e:   0.300000 | Q:   7.966519 | won: True 
#    1 | steps:  2562 | steps_t:  2529 | t: 18.496121 | r:    42.000000 | e:   0.300000 | Q:   7.966519 | won: True 
#    1 | steps:  2569 | steps_t:  2536 | t: 18.605357 | r:    44.000000 | e:   0.300000 | Q:   7.966519 | won: True 
#    1 | steps:  2586 | steps_t:  2553 | t: 18.826694 | r:    46.000000 | e:   0.300000 | Q:   8.329684 | won: True 
#    1 | steps:  2599 | steps_t:  2566 | t: 18.866596 | r:    48.000000 | e:   0.300000 | Q:   8.698690 | won: True 
#    1 | steps:  2625 | steps_t:  2592 | t: 19.034902 | r:    50.000000 | e:   0.300000 | Q:   8.698690 | won: True 
#    1 | steps:  2637 | steps_t:  2604 | t: 19.070388 | r:    52.000000 | e:   0.300000 | Q:   8.698690 | won: True 
#    1 | steps:  2645 | steps_t:  2612 | t: 19.095765 | r:    54.000000 | e:   0.300000 | Q:   8.698690 | won: True 
#    1 | steps:  2656 | steps_t:  2623 | t: 19.214940 | r:    52.000000 | e:   0.300000 | Q:   8.698690 | won: True 
#    1 | steps:  2667 | steps_t:  2634 | t: 19.247406 | r:    54.000000 | e:   0.300000 | Q:   8.768639 | won: True 
#    1 | steps:  2674 | steps_t:  2641 | t: 19.271762 | r:    56.000000 | e:   0.300000 | Q:   8.768639 | won: True 
#    1 | steps:  2680 | steps_t:  2647 | t: 19.291439 | r:    54.000000 | e:   0.300000 | Q:   8.768639 | won: True 
#    1 | steps:  2685 | steps_t:  2652 | t: 19.309236 | r:    52.000000 | e:   0.300000 | Q:   8.768639 | won: True 
#    1 | steps:  2694 | steps_t:  2661 | t: 19.340305 | r:    50.000000 | e:   0.300000 | Q:   8.768639 | won: True 
#    1 | steps:  2701 | steps_t:  2668 | t: 19.363435 | r:    52.000000 | e:   0.300000 | Q:   8.768639 | won: True 
#    1 | steps:  2707 | steps_t:  2674 | t: 19.383967 | r:    54.000000 | e:   0.300000 | Q:   8.768639 | won: True 
#    1 | steps:  2713 | steps_t:  2680 | t: 19.404671 | r:    56.000000 | e:   0.300000 | Q:   8.768639 | won: True 
#    1 | steps:  2719 | steps_t:  2686 | t: 19.504772 | r:    58.000000 | e:   0.300000 | Q:   8.768639 | won: True 
#    1 | steps:  2729 | steps_t:  2696 | t: 19.545683 | r:    60.000000 | e:   0.300000 | Q:   8.768639 | won: True 
#    1 | steps:  2739 | steps_t:  2706 | t: 19.665905 | r:    62.000000 | e:   0.300000 | Q:   8.768639 | won: True 
#    1 | steps:  2745 | steps_t:  2712 | t: 19.684131 | r:    64.000000 | e:   0.300000 | Q:   8.768639 | won: True 
#    1 | steps:  2761 | steps_t:  2728 | t: 19.899439 | r:    66.000000 | e:   0.300000 | Q:   8.768639 | won: True 
#    1 | steps:  2770 | steps_t:  2737 | t: 19.925634 | r:    68.000000 | e:   0.300000 | Q:   8.768639 | won: True 
#    1 | steps:  2779 | steps_t:  2746 | t: 19.956975 | r:    66.000000 | e:   0.300000 | Q:   8.768639 | won: True 
#    1 | steps:  2793 | steps_t:  2760 | t: 20.002792 | r:    68.000000 | e:   0.300000 | Q:   8.768639 | won: True 
#    1 | steps:  2804 | steps_t:  2771 | t: 20.038315 | r:    70.000000 | e:   0.300000 | Q:   8.768639 | won: True 
#    1 | steps:  2816 | steps_t:  2783 | t: 20.077383 | r:    72.000000 | e:   0.300000 | Q:   8.768639 | won: True 
#    1 | steps:  2824 | steps_t:  2791 | t: 20.106295 | r:    74.000000 | e:   0.300000 | Q:   8.768639 | won: True 
#    1 | steps:  2832 | steps_t:  2799 | t: 20.138476 | r:    76.000000 | e:   0.300000 | Q:   8.768639 | won: True 
#    1 | steps:  2841 | steps_t:  2808 | t: 20.173766 | r:    78.000000 | e:   0.300000 | Q:   8.768639 | won: True 
#    1 | steps:  2853 | steps_t:  2820 | t: 20.299083 | r:    80.000000 | e:   0.300000 | Q:   8.768639 | won: True 
#    1 | steps:  2864 | steps_t:  2831 | t: 20.337576 | r:    78.000000 | e:   0.300000 | Q:   8.768639 | won: True 
#    1 | steps:  2878 | steps_t:  2845 | t: 20.386474 | r:    80.000000 | e:   0.300000 | Q:   9.015497 | won: True 
#    1 | steps:  2888 | steps_t:  2855 | t: 20.420045 | r:    82.000000 | e:   0.300000 | Q:   9.015497 | won: True 
#    1 | steps:  2895 | steps_t:  2862 | t: 20.608313 | r:    84.000000 | e:   0.300000 | Q:   9.015497 | won: True 
#    1 | steps:  2905 | steps_t:  2872 | t: 20.642703 | r:    86.000000 | e:   0.300000 | Q:   9.619183 | won: True 
#    1 | steps:  2914 | steps_t:  2881 | t: 20.670665 | r:    88.000000 | e:   0.300000 | Q:   9.850842 | won: True 
#    1 | steps:  2924 | steps_t:  2891 | t: 20.782511 | r:    90.000000 | e:   0.300000 | Q:   9.850842 | won: True 
#    1 | steps:  2933 | steps_t:  2900 | t: 20.897372 | r:    92.000000 | e:   0.300000 | Q:   9.850842 | won: True 
#    1 | steps:  2944 | steps_t:  2911 | t: 21.101212 | r:    94.000000 | e:   0.300000 | Q:   9.850842 | won: True 
#    1 | steps:  2950 | steps_t:  2917 | t: 21.122417 | r:    96.000000 | e:   0.300000 | Q:   9.850842 | won: True 
#    1 | steps:  2959 | steps_t:  2926 | t: 21.155482 | r:    98.000000 | e:   0.300000 | Q:   9.850842 | won: True 
#    1 | steps:  2966 | steps_t:  2933 | t: 21.179932 | r:   100.000000 | e:   0.300000 | Q:   9.850842 | won: True 
#    1 | steps:  2980 | steps_t:  2947 | t: 21.226230 | r:   102.000000 | e:   0.300000 | Q:   9.850842 | won: True 
#    1 | steps:  2988 | steps_t:  2955 | t: 21.257064 | r:   104.000000 | e:   0.300000 | Q:   9.960661 | won: True 
#    1 | steps:  2998 | steps_t:  2965 | t: 21.292458 | r:   106.000000 | e:   0.300000 | Q:  10.062707 | won: True 
#    1 | steps:  3004 | steps_t:  2971 | t: 21.403520 | r:   108.000000 | e:   0.300000 | Q:  10.062707 | won: True 
#    1 | steps:  3015 | steps_t:  2982 | t: 21.439027 | r:   110.000000 | e:   0.300000 | Q:  10.062707 | won: True 
#    1 | steps:  3028 | steps_t:  2995 | t: 21.481311 | r:   108.000000 | e:   0.300000 | Q:  10.062707 | won: True 
#    1 | steps:  3037 | steps_t:  3004 | t: 21.512020 | r:   110.000000 | e:   0.300000 | Q:  10.062707 | won: True 
#    1 | steps:  3045 | steps_t:  3012 | t: 21.539548 | r:   112.000000 | e:   0.300000 | Q:  10.062707 | won: True 
#    1 | steps:  3052 | steps_t:  3019 | t: 21.564258 | r:   114.000000 | e:   0.300000 | Q:  10.062707 | won: True 
#    1 | steps:  3062 | steps_t:  3029 | t: 21.600497 | r:   116.000000 | e:   0.300000 | Q:  10.062707 | won: True 
#    1 | steps:  3069 | steps_t:  3036 | t: 21.627121 | r:   118.000000 | e:   0.300000 | Q:  10.062707 | won: True 
#    1 | steps:  3078 | steps_t:  3045 | t: 21.662753 | r:   120.000000 | e:   0.300000 | Q:  10.062707 | won: True 
#    1 | steps:  3089 | steps_t:  3056 | t: 21.878076 | r:   122.000000 | e:   0.300000 | Q:  10.062707 | won: True 
#    1 | steps:  3097 | steps_t:  3064 | t: 21.905511 | r:   124.000000 | e:   0.300000 | Q:  10.062707 | won: True 
#    1 | steps:  3103 | steps_t:  3070 | t: 21.926273 | r:   126.000000 | e:   0.300000 | Q:  10.062707 | won: True 
#    1 | steps:  3115 | steps_t:  3082 | t: 21.968593 | r:   128.000000 | e:   0.300000 | Q:  10.062707 | won: True 
#    1 | steps:  3125 | steps_t:  3092 | t: 22.003035 | r:   130.000000 | e:   0.300000 | Q:  10.062707 | won: True 
#    1 | steps:  3136 | steps_t:  3103 | t: 22.042726 | r:   132.000000 | e:   0.300000 | Q:  10.232372 | won: True 
#    1 | steps:  3145 | steps_t:  3112 | t: 22.075255 | r:   134.000000 | e:   0.300000 | Q:  10.232372 | won: True 
#    1 | steps:  3152 | steps_t:  3119 | t: 22.103737 | r:   136.000000 | e:   0.300000 | Q:  10.232372 | won: True 
#    1 | steps:  3163 | steps_t:  3130 | t: 22.146923 | r:   138.000000 | e:   0.300000 | Q:  10.232372 | won: True 
#    1 | steps:  3172 | steps_t:  3139 | t: 22.267914 | r:   140.000000 | e:   0.300000 | Q:  10.232372 | won: True 
#    1 | steps:  3180 | steps_t:  3147 | t: 22.300383 | r:   142.000000 | e:   0.300000 | Q:  10.232372 | won: True 
#    1 | steps:  3191 | steps_t:  3158 | t: 22.337357 | r:   144.000000 | e:   0.300000 | Q:  10.401530 | won: True 
#    1 | steps:  3197 | steps_t:  3164 | t: 22.358228 | r:   146.000000 | e:   0.300000 | Q:  11.437624 | won: True 
#    1 | steps:  3206 | steps_t:  3173 | t: 22.472802 | r:   148.000000 | e:   0.300000 | Q:  11.493606 | won: True 
#    1 | steps:  3218 | steps_t:  3185 | t: 22.514686 | r:   150.000000 | e:   0.300000 | Q:  11.493606 | won: True 
#    1 | steps:  3232 | steps_t:  3199 | t: 22.650157 | r:   152.000000 | e:   0.300000 | Q:  11.493606 | won: True 
#    1 | steps:  3241 | steps_t:  3208 | t: 22.679731 | r:   154.000000 | e:   0.300000 | Q:  11.493606 | won: True 
#    1 | steps:  3247 | steps_t:  3214 | t: 22.700420 | r:   156.000000 | e:   0.300000 | Q:  11.493606 | won: True 
#    1 | steps:  3255 | steps_t:  3222 | t: 22.813399 | r:   158.000000 | e:   0.300000 | Q:  11.493606 | won: True 
#    1 | steps:  3269 | steps_t:  3236 | t: 22.869775 | r:   160.000000 | e:   0.300000 | Q:  11.493606 | won: True 
#    1 | steps:  3277 | steps_t:  3244 | t: 22.901508 | r:   162.000000 | e:   0.300000 | Q:  11.493606 | won: True 
#    1 | steps:  3286 | steps_t:  3253 | t: 23.103615 | r:   164.000000 | e:   0.300000 | Q:  11.493606 | won: True 
#    1 | steps:  3300 | steps_t:  3267 | t: 23.152600 | r:   166.000000 | e:   0.300000 | Q:  11.493606 | won: True 
#    1 | steps:  3314 | steps_t:  3281 | t: 23.370508 | r:   168.000000 | e:   0.300000 | Q:  11.493606 | won: True 
#    1 | steps:  3321 | steps_t:  3288 | t: 23.395032 | r:   170.000000 | e:   0.300000 | Q:  11.493606 | won: True 
#    1 | steps:  3330 | steps_t:  3297 | t: 23.427352 | r:   172.000000 | e:   0.300000 | Q:  11.493606 | won: True 
#    1 | steps:  3339 | steps_t:  3306 | t: 23.459213 | r:   174.000000 | e:   0.300000 | Q:  11.493606 | won: True 
#    1 | steps:  3349 | steps_t:  3316 | t: 23.493867 | r:   172.000000 | e:   0.300000 | Q:  11.493606 | won: True 
#    1 | steps:  3356 | steps_t:  3323 | t: 23.519925 | r:   174.000000 | e:   0.300000 | Q:  11.493606 | won: True 
#    1 | steps:  3365 | steps_t:  3332 | t: 23.725735 | r:   176.000000 | e:   0.300000 | Q:  11.493606 | won: True 
#    1 | steps:  3372 | steps_t:  3339 | t: 23.751594 | r:   178.000000 | e:   0.300000 | Q:  11.493606 | won: True 
#    1 | steps:  3384 | steps_t:  3351 | t: 23.797600 | r:   180.000000 | e:   0.300000 | Q:  11.493606 | won: True 
#    1 | steps:  3393 | steps_t:  3360 | t: 23.831388 | r:   182.000000 | e:   0.300000 | Q:  11.493606 | won: True 
#    1 | steps:  3402 | steps_t:  3369 | t: 23.948991 | r:   184.000000 | e:   0.300000 | Q:  11.493606 | won: True 
#    1 | steps:  3413 | steps_t:  3380 | t: 24.070548 | r:   186.000000 | e:   0.300000 | Q:  11.493606 | won: True 
#    1 | steps:  3422 | steps_t:  3389 | t: 24.102305 | r:   188.000000 | e:   0.300000 | Q:  11.493606 | won: True 
#    1 | steps:  3428 | steps_t:  3395 | t: 24.122658 | r:   186.000000 | e:   0.300000 | Q:  11.493606 | won: True 
#    1 | steps:  3442 | steps_t:  3409 | t: 24.430259 | r:   188.000000 | e:   0.300000 | Q:  11.493606 | won: True 
#    1 | steps:  3457 | steps_t:  3424 | t: 24.644331 | r:   190.000000 | e:   0.300000 | Q:  11.493606 | won: True 
#    1 | steps:  3466 | steps_t:  3433 | t: 24.678861 | r:   192.000000 | e:   0.300000 | Q:  11.493606 | won: True 
#    1 | steps:  3472 | steps_t:  3439 | t: 24.699683 | r:   194.000000 | e:   0.300000 | Q:  11.493606 | won: True 
#    1 | steps:  3478 | steps_t:  3445 | t: 24.721600 | r:   196.000000 | e:   0.300000 | Q:  11.493606 | won: True 
#    1 | steps:  3486 | steps_t:  3453 | t: 24.747682 | r:   198.000000 | e:   0.300000 | Q:  11.493606 | won: True 
#    1 | steps:  3491 | steps_t:  3458 | t: 24.848953 | r:   196.000000 | e:   0.300000 | Q:  11.493606 | won: True 
#    1 | steps:  3497 | steps_t:  3464 | t: 24.873689 | r:   198.000000 | e:   0.300000 | Q:  11.493606 | won: True 
#    1 | steps:  3510 | steps_t:  3477 | t: 24.917477 | r:   200.000000 | e:   0.300000 | Q:  11.493606 | won: True 
#    1 | steps:  3517 | steps_t:  3484 | t: 25.021689 | r:   202.000000 | e:   0.300000 | Q:  11.493606 | won: True 
#    1 | steps:  3524 | steps_t:  3491 | t: 25.047281 | r:   204.000000 | e:   0.300000 | Q:  11.493606 | won: True 
#    1 | steps:  3532 | steps_t:  3499 | t: 25.250501 | r:   206.000000 | e:   0.300000 | Q:  11.493606 | won: True 
#    1 | steps:  3545 | steps_t:  3512 | t: 25.301182 | r:   208.000000 | e:   0.300000 | Q:  11.493606 | won: True 
#    1 | steps:  3551 | steps_t:  3518 | t: 25.410303 | r:   210.000000 | e:   0.300000 | Q:  11.493606 | won: True 
#    1 | steps:  3560 | steps_t:  3527 | t: 25.442646 | r:   212.000000 | e:   0.300000 | Q:  11.493606 | won: True 
#    1 | steps:  3568 | steps_t:  3535 | t: 25.473250 | r:   214.000000 | e:   0.300000 | Q:  11.493606 | won: True 
#    1 | steps:  3574 | steps_t:  3541 | t: 25.583925 | r:   216.000000 | e:   0.300000 | Q:  11.493606 | won: True 
#    1 | steps:  3580 | steps_t:  3547 | t: 25.606758 | r:   218.000000 | e:   0.300000 | Q:  11.493606 | won: True 
#    1 | steps:  3589 | steps_t:  3556 | t: 25.642132 | r:   220.000000 | e:   0.300000 | Q:  11.493606 | won: True 
#    1 | steps:  3601 | steps_t:  3568 | t: 25.684925 | r:   222.000000 | e:   0.300000 | Q:  11.493606 | won: True 
#    1 | steps:  3620 | steps_t:  3587 | t: 25.758936 | r:   224.000000 | e:   0.300000 | Q:  11.493606 | won: True 
#    1 | steps:  3627 | steps_t:  3594 | t: 25.786409 | r:   226.000000 | e:   0.300000 | Q:  11.493606 | won: True 
#    1 | steps:  3636 | steps_t:  3603 | t: 25.817340 | r:   228.000000 | e:   0.300000 | Q:  11.493606 | won: True 
#    1 | steps:  3643 | steps_t:  3610 | t: 25.843948 | r:   230.000000 | e:   0.300000 | Q:  11.493606 | won: True 
#    1 | steps:  3650 | steps_t:  3617 | t: 25.869804 | r:   232.000000 | e:   0.300000 | Q:  11.493606 | won: True 
#    1 | steps:  3674 | steps_t:  3641 | t: 25.964506 | r:   234.000000 | e:   0.300000 | Q:  11.493606 | won: True 
#    1 | steps:  3680 | steps_t:  3647 | t: 25.989369 | r:   236.000000 | e:   0.300000 | Q:  11.493606 | won: True 
#    1 | steps:  3686 | steps_t:  3653 | t: 26.095550 | r:   238.000000 | e:   0.300000 | Q:  11.493606 | won: True 
#    1 | steps:  3695 | steps_t:  3662 | t: 26.212065 | r:   240.000000 | e:   0.300000 | Q:  11.493606 | won: True 
#    1 | steps:  3701 | steps_t:  3668 | t: 26.238419 | r:   242.000000 | e:   0.300000 | Q:  11.493606 | won: True 
#    1 | steps:  3709 | steps_t:  3676 | t: 26.354826 | r:   244.000000 | e:   0.300000 | Q:  11.493606 | won: True 
#    1 | steps:  3717 | steps_t:  3684 | t: 26.470518 | r:   246.000000 | e:   0.300000 | Q:  11.493606 | won: True 
#    1 | steps:  3728 | steps_t:  3695 | t: 26.512899 | r:   248.000000 | e:   0.300000 | Q:  11.493606 | won: True 
#    1 | steps:  3734 | steps_t:  3701 | t: 26.536722 | r:   250.000000 | e:   0.300000 | Q:  11.493606 | won: True 
#    1 | steps:  3741 | steps_t:  3708 | t: 26.646538 | r:   252.000000 | e:   0.300000 | Q:  11.493606 | won: True 
#    1 | steps:  3751 | steps_t:  3718 | t: 26.773843 | r:   254.000000 | e:   0.300000 | Q:  11.493606 | won: True 
#    1 | steps:  3758 | steps_t:  3725 | t: 26.972338 | r:   256.000000 | e:   0.300000 | Q:  11.493606 | won: True 
#    1 | steps:  3772 | steps_t:  3739 | t: 27.028462 | r:   258.000000 | e:   0.300000 | Q:  11.493606 | won: True 
#    1 | steps:  3780 | steps_t:  3747 | t: 27.152575 | r:   260.000000 | e:   0.300000 | Q:  11.493606 | won: True 
#    1 | steps:  3788 | steps_t:  3755 | t: 27.272707 | r:   262.000000 | e:   0.300000 | Q:  11.493606 | won: True 
#    1 | steps:  3795 | steps_t:  3762 | t: 27.296630 | r:   264.000000 | e:   0.300000 | Q:  11.493606 | won: True 
#    1 | steps:  3805 | steps_t:  3772 | t: 27.420873 | r:   266.000000 | e:   0.300000 | Q:  11.493606 | won: True 
#    1 | steps:  3814 | steps_t:  3781 | t: 27.451648 | r:   264.000000 | e:   0.300000 | Q:  11.493606 | won: True 
#    1 | steps:  3827 | steps_t:  3794 | t: 27.582139 | r:   266.000000 | e:   0.300000 | Q:  11.493606 | won: True 
#    1 | steps:  3841 | steps_t:  3808 | t: 27.715018 | r:   268.000000 | e:   0.300000 | Q:  11.493606 | won: True 
#    1 | steps:  3852 | steps_t:  3819 | t: 27.752507 | r:   270.000000 | e:   0.300000 | Q:  11.493606 | won: True 
#    1 | steps:  3866 | steps_t:  3833 | t: 27.891266 | r:   272.000000 | e:   0.300000 | Q:  11.493606 | won: True 
#    1 | steps:  3872 | steps_t:  3839 | t: 27.912193 | r:   274.000000 | e:   0.300000 | Q:  11.493606 | won: True 
#    1 | steps:  3879 | steps_t:  3846 | t: 28.019683 | r:   272.000000 | e:   0.300000 | Q:  11.493606 | won: True 
#    1 | steps:  3893 | steps_t:  3860 | t: 28.067872 | r:   274.000000 | e:   0.300000 | Q:  11.493606 | won: True 
#    1 | steps:  3901 | steps_t:  3868 | t: 28.272961 | r:   276.000000 | e:   0.300000 | Q:  11.493606 | won: True 
#    1 | steps:  3909 | steps_t:  3876 | t: 28.385485 | r:   278.000000 | e:   0.300000 | Q:  11.493606 | won: True 
#    1 | steps:  3919 | steps_t:  3886 | t: 28.419926 | r:   280.000000 | e:   0.300000 | Q:  11.493606 | won: True 
#    1 | steps:  3928 | steps_t:  3895 | t: 28.453115 | r:   282.000000 | e:   0.300000 | Q:  11.493606 | won: True 
#    1 | steps:  3934 | steps_t:  3901 | t: 28.481429 | r:   284.000000 | e:   0.300000 | Q:  11.493606 | won: True 
#    1 | steps:  3941 | steps_t:  3908 | t: 28.512079 | r:   286.000000 | e:   0.300000 | Q:  11.493606 | won: True 
#    1 | steps:  3947 | steps_t:  3914 | t: 28.620004 | r:   288.000000 | e:   0.300000 | Q:  11.493606 | won: True 
#    1 | steps:  3958 | steps_t:  3925 | t: 28.658874 | r:   290.000000 | e:   0.300000 | Q:  11.493606 | won: True 
#    1 | steps:  3967 | steps_t:  3934 | t: 28.694126 | r:   292.000000 | e:   0.300000 | Q:  11.493606 | won: True 
#    1 | steps:  3978 | steps_t:  3945 | t: 28.820778 | r:   294.000000 | e:   0.300000 | Q:  11.493606 | won: True 
#    1 | steps:  3990 | steps_t:  3957 | t: 29.038234 | r:   296.000000 | e:   0.300000 | Q:  11.493606 | won: True 
#    1 | steps:  4003 | steps_t:  3970 | t: 29.083269 | r:   298.000000 | e:   0.300000 | Q:  11.493606 | won: True 
#    1 | steps:  4010 | steps_t:  3977 | t: 29.109918 | r:   300.000000 | e:   0.300000 | Q:  11.493606 | won: True 
#    1 | steps:  4019 | steps_t:  3986 | t: 29.147171 | r:   302.000000 | e:   0.300000 | Q:  11.493606 | won: True 
#    1 | steps:  4033 | steps_t:  4000 | t: 29.285478 | r:   304.000000 | e:   0.300000 | Q:  11.493606 | won: True 
#    1 | steps:  4043 | steps_t:  4010 | t: 29.321029 | r:   306.000000 | e:   0.300000 | Q:  11.493606 | won: True 
#    1 | steps:  4051 | steps_t:  4018 | t: 29.354493 | r:   308.000000 | e:   0.300000 | Q:  11.493606 | won: True 
#    1 | steps:  4061 | steps_t:  4028 | t: 29.393865 | r:   310.000000 | e:   0.300000 | Q:  11.493606 | won: True 
#    1 | steps:  4069 | steps_t:  4036 | t: 29.599515 | r:   312.000000 | e:   0.300000 | Q:  11.493606 | won: True 
#    1 | steps:  4077 | steps_t:  4044 | t: 29.628647 | r:   314.000000 | e:   0.300000 | Q:  11.493606 | won: True 
#    1 | steps:  4087 | steps_t:  4054 | t: 29.667650 | r:   316.000000 | e:   0.300000 | Q:  11.493606 | won: True 
#    1 | steps:  4096 | steps_t:  4063 | t: 29.792816 | r:   318.000000 | e:   0.300000 | Q:  11.493606 | won: True 
#    1 | steps:  4105 | steps_t:  4072 | t: 29.910941 | r:   320.000000 | e:   0.300000 | Q:  11.493606 | won: True 
#    1 | steps:  4111 | steps_t:  4078 | t: 29.931194 | r:   322.000000 | e:   0.300000 | Q:  11.493606 | won: True 
#    1 | steps:  4119 | steps_t:  4086 | t: 30.051203 | r:   324.000000 | e:   0.300000 | Q:  11.493606 | won: True 
#    1 | steps:  4131 | steps_t:  4098 | t: 30.097200 | r:   326.000000 | e:   0.300000 | Q:  11.493606 | won: True 
#    1 | steps:  4138 | steps_t:  4105 | t: 30.217163 | r:   324.000000 | e:   0.300000 | Q:  11.493606 | won: True 
#    1 | steps:  4148 | steps_t:  4115 | t: 30.340035 | r:   326.000000 | e:   0.300000 | Q:  11.493606 | won: True 
#    1 | steps:  4161 | steps_t:  4128 | t: 30.387641 | r:   328.000000 | e:   0.300000 | Q:  11.493606 | won: True 
#    1 | steps:  4170 | steps_t:  4137 | t: 30.422860 | r:   330.000000 | e:   0.300000 | Q:  11.493606 | won: True 
#    1 | steps:  4182 | steps_t:  4149 | t: 30.469321 | r:   332.000000 | e:   0.300000 | Q:  11.493606 | won: True 
#    1 | steps:  4193 | steps_t:  4160 | t: 30.512947 | r:   334.000000 | e:   0.300000 | Q:  11.493606 | won: True 
#    1 | steps:  4209 | steps_t:  4176 | t: 30.572063 | r:   336.000000 | e:   0.300000 | Q:  11.493606 | won: True 
#    1 | steps:  4219 | steps_t:  4186 | t: 30.696255 | r:   338.000000 | e:   0.300000 | Q:  11.493606 | won: True 
#    1 | steps:  4232 | steps_t:  4199 | t: 30.831024 | r:   340.000000 | e:   0.300000 | Q:  11.493606 | won: True 
#    1 | steps:  4240 | steps_t:  4207 | t: 30.947849 | r:   342.000000 | e:   0.300000 | Q:  11.493606 | won: True 
#    1 | steps:  4246 | steps_t:  4213 | t: 31.052867 | r:   340.000000 | e:   0.300000 | Q:  11.493606 | won: True 
#    1 | steps:  4259 | steps_t:  4226 | t: 31.276968 | r:   342.000000 | e:   0.300000 | Q:  11.493606 | won: True 
#    1 | steps:  4267 | steps_t:  4234 | t: 31.304418 | r:   344.000000 | e:   0.300000 | Q:  11.493606 | won: True 
#    1 | steps:  4273 | steps_t:  4240 | t: 31.326912 | r:   346.000000 | e:   0.300000 | Q:  11.493606 | won: True 
#    1 | steps:  4280 | steps_t:  4247 | t: 31.352635 | r:   348.000000 | e:   0.300000 | Q:  11.493606 | won: True 
#    1 | steps:  4290 | steps_t:  4257 | t: 31.394020 | r:   350.000000 | e:   0.300000 | Q:  11.493606 | won: True 
#    1 | steps:  4304 | steps_t:  4271 | t: 31.455252 | r:   352.000000 | e:   0.300000 | Q:  11.493606 | won: True 
#    1 | steps:  4313 | steps_t:  4280 | t: 31.583271 | r:   354.000000 | e:   0.300000 | Q:  11.493606 | won: True 
#    1 | steps:  4327 | steps_t:  4294 | t: 31.730173 | r:   356.000000 | e:   0.300000 | Q:  11.493606 | won: True 
#    1 | steps:  4339 | steps_t:  4306 | t: 31.792656 | r:   358.000000 | e:   0.300000 | Q:  11.493606 | won: True 
#    1 | steps:  4349 | steps_t:  4316 | t: 31.927709 | r:   360.000000 | e:   0.300000 | Q:  11.493606 | won: True 
#    1 | steps:  4368 | steps_t:  4335 | t: 32.276332 | r:   362.000000 | e:   0.300000 | Q:  11.493606 | won: True 
#    1 | steps:  4387 | steps_t:  4354 | t: 32.520565 | r:   364.000000 | e:   0.300000 | Q:  11.493606 | won: True 
#    1 | steps:  4401 | steps_t:  4368 | t: 32.573648 | r:   366.000000 | e:   0.300000 | Q:  11.493606 | won: True 
#    1 | steps:  4411 | steps_t:  4378 | t: 32.613729 | r:   368.000000 | e:   0.300000 | Q:  11.493606 | won: True 
#    1 | steps:  4421 | steps_t:  4388 | t: 32.651096 | r:   370.000000 | e:   0.300000 | Q:  11.493606 | won: True 
#    1 | steps:  4429 | steps_t:  4396 | t: 32.682363 | r:   372.000000 | e:   0.300000 | Q:  11.493606 | won: True 
#    1 | steps:  4437 | steps_t:  4404 | t: 32.715217 | r:   374.000000 | e:   0.300000 | Q:  11.493606 | won: True 
#    1 | steps:  4444 | steps_t:  4411 | t: 32.745042 | r:   372.000000 | e:   0.300000 | Q:  11.493606 | won: True 
#    1 | steps:  4457 | steps_t:  4424 | t: 32.800865 | r:   374.000000 | e:   0.300000 | Q:  11.493606 | won: True 
#    1 | steps:  4470 | steps_t:  4437 | t: 32.940401 | r:   376.000000 | e:   0.300000 | Q:  11.493606 | won: True 
#    1 | steps:  4478 | steps_t:  4445 | t: 33.146402 | r:   378.000000 | e:   0.300000 | Q:  11.493606 | won: True 
#    1 | steps:  4488 | steps_t:  4455 | t: 33.188426 | r:   380.000000 | e:   0.300000 | Q:  11.493606 | won: True 
#    1 | steps:  4495 | steps_t:  4462 | t: 33.382195 | r:   382.000000 | e:   0.300000 | Q:  11.493606 | won: True 
#    1 | steps:  4514 | steps_t:  4481 | t: 33.716990 | r:   384.000000 | e:   0.300000 | Q:  11.493606 | won: True 
#    1 | steps:  4521 | steps_t:  4488 | t: 33.741404 | r:   386.000000 | e:   0.300000 | Q:  11.493606 | won: True 
#    1 | steps:  4538 | steps_t:  4505 | t: 33.884153 | r:   388.000000 | e:   0.300000 | Q:  11.493606 | won: True 
#    1 | steps:  4546 | steps_t:  4513 | t: 33.995031 | r:   390.000000 | e:   0.300000 | Q:  11.493606 | won: True 
#    1 | steps:  4556 | steps_t:  4523 | t: 34.031852 | r:   388.000000 | e:   0.300000 | Q:  11.493606 | won: True 
#    1 | steps:  4564 | steps_t:  4531 | t: 34.145336 | r:   390.000000 | e:   0.300000 | Q:  11.493606 | won: True 
#    1 | steps:  4575 | steps_t:  4542 | t: 34.272511 | r:   392.000000 | e:   0.300000 | Q:  11.493606 | won: True 
#    1 | steps:  4587 | steps_t:  4554 | t: 34.314149 | r:   394.000000 | e:   0.300000 | Q:  11.493606 | won: True 
#    1 | steps:  4593 | steps_t:  4560 | t: 34.506723 | r:   396.000000 | e:   0.300000 | Q:  11.493606 | won: True 
#    1 | steps:  4602 | steps_t:  4569 | t: 34.544740 | r:   398.000000 | e:   0.300000 | Q:  11.493606 | won: True 
#    1 | steps:  4610 | steps_t:  4577 | t: 34.750044 | r:   400.000000 | e:   0.300000 | Q:  11.493606 | won: True 
#    1 | steps:  4618 | steps_t:  4585 | t: 34.875672 | r:   402.000000 | e:   0.300000 | Q:  11.493606 | won: True 
#    1 | steps:  4625 | steps_t:  4592 | t: 34.902235 | r:   404.000000 | e:   0.300000 | Q:  11.493606 | won: True 
#    1 | steps:  4639 | steps_t:  4606 | t: 35.039513 | r:   406.000000 | e:   0.300000 | Q:  11.493606 | won: True 
#    1 | steps:  4653 | steps_t:  4620 | t: 35.263632 | r:   404.000000 | e:   0.300000 | Q:  11.493606 | won: True 
#    1 | steps:  4662 | steps_t:  4629 | t: 35.296305 | r:   406.000000 | e:   0.300000 | Q:  11.493606 | won: True 
#    1 | steps:  4677 | steps_t:  4644 | t: 35.353068 | r:   404.000000 | e:   0.300000 | Q:  11.493606 | won: True 
#    1 | steps:  4686 | steps_t:  4653 | t: 35.481588 | r:   406.000000 | e:   0.300000 | Q:  11.493606 | won: True 
#    1 | steps:  4695 | steps_t:  4662 | t: 35.613696 | r:   408.000000 | e:   0.300000 | Q:  11.493606 | won: True 
#    1 | steps:  4702 | steps_t:  4669 | t: 35.640006 | r:   410.000000 | e:   0.300000 | Q:  11.493606 | won: True 
#    1 | steps:  4707 | steps_t:  4674 | t: 35.658555 | r:   408.000000 | e:   0.300000 | Q:  11.493606 | won: True 
#    1 | steps:  4719 | steps_t:  4686 | t: 35.700698 | r:   410.000000 | e:   0.300000 | Q:  11.493606 | won: True 
#    1 | steps:  4725 | steps_t:  4692 | t: 35.901823 | r:   412.000000 | e:   0.300000 | Q:  11.493606 | won: True 
#    1 | steps:  4731 | steps_t:  4698 | t: 35.927311 | r:   414.000000 | e:   0.300000 | Q:  11.493606 | won: True 
#    1 | steps:  4738 | steps_t:  4705 | t: 36.042605 | r:   416.000000 | e:   0.300000 | Q:  11.493606 | won: True 
#    1 | steps:  4757 | steps_t:  4724 | t: 36.200958 | r:   418.000000 | e:   0.300000 | Q:  11.493606 | won: True 
#    1 | steps:  4768 | steps_t:  4735 | t: 36.243811 | r:   420.000000 | e:   0.300000 | Q:  11.493606 | won: True 
#    1 | steps:  4774 | steps_t:  4741 | t: 36.354223 | r:   422.000000 | e:   0.300000 | Q:  11.493606 | won: True 
#    1 | steps:  4780 | steps_t:  4747 | t: 36.466030 | r:   424.000000 | e:   0.300000 | Q:  11.493606 | won: True 
#    1 | steps:  4787 | steps_t:  4754 | t: 36.490488 | r:   426.000000 | e:   0.300000 | Q:  11.493606 | won: True 
#    1 | steps:  4795 | steps_t:  4762 | t: 36.520128 | r:   424.000000 | e:   0.300000 | Q:  11.493606 | won: True 
#    1 | steps:  4805 | steps_t:  4772 | t: 36.816841 | r:   426.000000 | e:   0.300000 | Q:  11.493606 | won: True 
#    1 | steps:  4818 | steps_t:  4785 | t: 36.866814 | r:   428.000000 | e:   0.300000 | Q:  11.493606 | won: True 
#    1 | steps:  4828 | steps_t:  4795 | t: 36.908547 | r:   430.000000 | e:   0.300000 | Q:  11.493606 | won: True 
#    1 | steps:  4839 | steps_t:  4806 | t: 36.952647 | r:   432.000000 | e:   0.300000 | Q:  11.493606 | won: True 
#    1 | steps:  4851 | steps_t:  4818 | t: 37.000290 | r:   434.000000 | e:   0.300000 | Q:  11.493606 | won: True 
#    1 | steps:  4864 | steps_t:  4831 | t: 37.050297 | r:   436.000000 | e:   0.300000 | Q:  11.493606 | won: True 
#    1 | steps:  4871 | steps_t:  4838 | t: 37.080182 | r:   438.000000 | e:   0.300000 | Q:  11.493606 | won: True 
#    1 | steps:  4885 | steps_t:  4852 | t: 37.383247 | r:   440.000000 | e:   0.300000 | Q:  11.493606 | won: True 
#    1 | steps:  4892 | steps_t:  4859 | t: 37.409145 | r:   442.000000 | e:   0.300000 | Q:  11.493606 | won: True 
#    1 | steps:  4901 | steps_t:  4868 | t: 37.447371 | r:   444.000000 | e:   0.300000 | Q:  11.493606 | won: True 
#    1 | steps:  4910 | steps_t:  4877 | t: 37.481604 | r:   446.000000 | e:   0.300000 | Q:  11.493606 | won: True 
#    1 | steps:  4917 | steps_t:  4884 | t: 37.508061 | r:   448.000000 | e:   0.300000 | Q:  11.493606 | won: True 
#    1 | steps:  4930 | steps_t:  4897 | t: 37.554431 | r:   450.000000 | e:   0.300000 | Q:  11.493606 | won: True 
#    1 | steps:  4940 | steps_t:  4907 | t: 37.594754 | r:   452.000000 | e:   0.300000 | Q:  11.493606 | won: True 
#    1 | steps:  4948 | steps_t:  4915 | t: 37.629295 | r:   454.000000 | e:   0.300000 | Q:  11.493606 | won: True 
#    1 | steps:  4955 | steps_t:  4922 | t: 37.659708 | r:   456.000000 | e:   0.300000 | Q:  11.493606 | won: True 
#    1 | steps:  4967 | steps_t:  4934 | t: 37.788535 | r:   458.000000 | e:   0.300000 | Q:  11.493606 | won: True 
#    1 | steps:  4987 | steps_t:  4954 | t: 37.943527 | r:   460.000000 | e:   0.300000 | Q:  11.493606 | won: True 
#    1 | steps:  4993 | steps_t:  4960 | t: 37.965019 | r:   462.000000 | e:   0.300000 | Q:  11.493606 | won: True 
#    1 | steps:  4999 | steps_t:  4966 | t: 37.988034 | r:   460.000000 | e:   0.300000 | Q:  11.493606 | won: True 
#    1 | steps:  5005 | steps_t:  4972 | t: 38.012893 | r:   462.000000 | e:   0.300000 | Q:  11.493606 | won: True 
#    1 | steps:  5013 | steps_t:  4980 | t: 38.042629 | r:   464.000000 | e:   0.300000 | Q:  11.493606 | won: True 
#    1 | steps:  5021 | steps_t:  4988 | t: 38.072617 | r:   466.000000 | e:   0.300000 | Q:  11.493606 | won: True 
#    1 | steps:  5027 | steps_t:  4994 | t: 38.096022 | r:   468.000000 | e:   0.300000 | Q:  11.493606 | won: True 
#    1 | steps:  5037 | steps_t:  5004 | t: 38.135765 | r:   470.000000 | e:   0.300000 | Q:  11.493606 | won: True 
#    1 | steps:  5049 | steps_t:  5016 | t: 38.185141 | r:   472.000000 | e:   0.300000 | Q:  11.493606 | won: True 
#    1 | steps:  5060 | steps_t:  5027 | t: 38.319428 | r:   474.000000 | e:   0.300000 | Q:  11.493606 | won: True 
#    1 | steps:  5072 | steps_t:  5039 | t: 38.541053 | r:   476.000000 | e:   0.300000 | Q:  11.493606 | won: True 
#    1 | steps:  5088 | steps_t:  5055 | t: 38.596754 | r:   478.000000 | e:   0.300000 | Q:  11.493606 | won: True 
#    1 | steps:  5101 | steps_t:  5068 | t: 38.898139 | r:   480.000000 | e:   0.300000 | Q:  11.493606 | won: True 
#    1 | steps:  5112 | steps_t:  5079 | t: 39.106248 | r:   482.000000 | e:   0.300000 | Q:  11.493606 | won: True 
#    1 | steps:  5121 | steps_t:  5088 | t: 39.143889 | r:   484.000000 | e:   0.300000 | Q:  11.493606 | won: True 
#    1 | steps:  5130 | steps_t:  5097 | t: 39.350881 | r:   486.000000 | e:   0.300000 | Q:  11.493606 | won: True 
#    1 | steps:  5138 | steps_t:  5105 | t: 39.380135 | r:   488.000000 | e:   0.300000 | Q:  11.493606 | won: True 
#    1 | steps:  5145 | steps_t:  5112 | t: 39.407627 | r:   490.000000 | e:   0.300000 | Q:  11.493606 | won: True 
#    1 | steps:  5153 | steps_t:  5120 | t: 39.437349 | r:   488.000000 | e:   0.300000 | Q:  11.493606 | won: True 
#    1 | steps:  5160 | steps_t:  5127 | t: 39.463338 | r:   490.000000 | e:   0.300000 | Q:  11.493606 | won: True 
#    1 | steps:  5177 | steps_t:  5144 | t: 39.525014 | r:   492.000000 | e:   0.300000 | Q:  11.493606 | won: True 
#    1 | steps:  5188 | steps_t:  5155 | t: 39.816591 | r:   494.000000 | e:   0.300000 | Q:  11.493606 | won: True 
#    1 | steps:  5195 | steps_t:  5162 | t: 39.926402 | r:   496.000000 | e:   0.300000 | Q:  11.493606 | won: True 
#    1 | steps:  5205 | steps_t:  5172 | t: 39.967752 | r:   498.000000 | e:   0.300000 | Q:  11.493606 | won: True 
#    1 | steps:  5212 | steps_t:  5179 | t: 40.000149 | r:   500.000000 | e:   0.300000 | Q:  11.493606 | won: True 
#    1 | steps:  5223 | steps_t:  5190 | t: 40.220284 | r:   502.000000 | e:   0.300000 | Q:  11.493606 | won: True 
#    1 | steps:  5235 | steps_t:  5202 | t: 40.270727 | r:   504.000000 | e:   0.300000 | Q:  11.493606 | won: True 
#    1 | steps:  5246 | steps_t:  5213 | t: 40.483367 | r:   506.000000 | e:   0.300000 | Q:  11.493606 | won: True 
#    1 | steps:  5258 | steps_t:  5225 | t: 40.537620 | r:   508.000000 | e:   0.300000 | Q:  11.493606 | won: True 
#    1 | steps:  5276 | steps_t:  5243 | t: 40.615051 | r:   510.000000 | e:   0.300000 | Q:  11.493606 | won: True 
#    1 | steps:  5283 | steps_t:  5250 | t: 40.643853 | r:   512.000000 | e:   0.300000 | Q:  11.493606 | won: True 
#    1 | steps:  5290 | steps_t:  5257 | t: 40.671458 | r:   514.000000 | e:   0.300000 | Q:  11.493606 | won: True 
#    1 | steps:  5296 | steps_t:  5263 | t: 40.780888 | r:   516.000000 | e:   0.300000 | Q:  11.493606 | won: True 
#    1 | steps:  5308 | steps_t:  5275 | t: 40.823089 | r:   518.000000 | e:   0.300000 | Q:  11.493606 | won: True 
#    1 | steps:  5318 | steps_t:  5285 | t: 41.026223 | r:   520.000000 | e:   0.300000 | Q:  11.493606 | won: True 
#    1 | steps:  5325 | steps_t:  5292 | t: 41.056568 | r:   522.000000 | e:   0.300000 | Q:  11.493606 | won: True 
#    1 | steps:  5333 | steps_t:  5300 | t: 41.087818 | r:   524.000000 | e:   0.300000 | Q:  11.493606 | won: True 
#    1 | steps:  5351 | steps_t:  5318 | t: 41.320832 | r:   522.000000 | e:   0.300000 | Q:  11.493606 | won: True 
#    1 | steps:  5362 | steps_t:  5329 | t: 41.362788 | r:   524.000000 | e:   0.300000 | Q:  11.493606 | won: True 
#    1 | steps:  5371 | steps_t:  5338 | t: 41.478893 | r:   526.000000 | e:   0.300000 | Q:  11.493606 | won: True 
#    1 | steps:  5386 | steps_t:  5353 | t: 41.534029 | r:   528.000000 | e:   0.300000 | Q:  11.493606 | won: True 
#    1 | steps:  5392 | steps_t:  5359 | t: 41.559113 | r:   530.000000 | e:   0.300000 | Q:  11.493606 | won: True 
#    1 | steps:  5401 | steps_t:  5368 | t: 41.681165 | r:   532.000000 | e:   0.300000 | Q:  11.493606 | won: True 
#    1 | steps:  5411 | steps_t:  5378 | t: 41.718690 | r:   534.000000 | e:   0.300000 | Q:  11.493606 | won: True 
#    1 | steps:  5422 | steps_t:  5389 | t: 41.854458 | r:   536.000000 | e:   0.300000 | Q:  11.493606 | won: True 
#    1 | steps:  5430 | steps_t:  5397 | t: 41.881775 | r:   534.000000 | e:   0.300000 | Q:  11.493606 | won: True 
#    1 | steps:  5439 | steps_t:  5406 | t: 41.918099 | r:   536.000000 | e:   0.300000 | Q:  11.493606 | won: True 
#    1 | steps:  5453 | steps_t:  5420 | t: 41.971644 | r:   538.000000 | e:   0.300000 | Q:  11.493606 | won: True 
#    1 | steps:  5461 | steps_t:  5428 | t: 42.087852 | r:   540.000000 | e:   0.300000 | Q:  11.493606 | won: True 
#    1 | steps:  5475 | steps_t:  5442 | t: 42.143360 | r:   542.000000 | e:   0.300000 | Q:  11.493606 | won: True 
#    1 | steps:  5487 | steps_t:  5454 | t: 42.190194 | r:   544.000000 | e:   0.300000 | Q:  11.493606 | won: True 
#    1 | steps:  5493 | steps_t:  5460 | t: 42.212752 | r:   546.000000 | e:   0.300000 | Q:  11.493606 | won: True 
#    1 | steps:  5499 | steps_t:  5466 | t: 42.237438 | r:   548.000000 | e:   0.300000 | Q:  11.493606 | won: True 
#    1 | steps:  5507 | steps_t:  5474 | t: 42.353175 | r:   550.000000 | e:   0.300000 | Q:  11.493606 | won: True 
#    1 | steps:  5513 | steps_t:  5480 | t: 42.463848 | r:   552.000000 | e:   0.300000 | Q:  11.493606 | won: True 
#    1 | steps:  5520 | steps_t:  5487 | t: 42.490649 | r:   554.000000 | e:   0.300000 | Q:  11.493606 | won: True 
#    1 | steps:  5532 | steps_t:  5499 | t: 42.709116 | r:   556.000000 | e:   0.300000 | Q:  11.493606 | won: True 
#    1 | steps:  5538 | steps_t:  5505 | t: 42.732280 | r:   558.000000 | e:   0.300000 | Q:  11.493606 | won: True 
#    1 | steps:  5549 | steps_t:  5516 | t: 42.778361 | r:   560.000000 | e:   0.300000 | Q:  11.493606 | won: True 
#    1 | steps:  5555 | steps_t:  5522 | t: 42.801171 | r:   562.000000 | e:   0.300000 | Q:  11.493606 | won: True 
#    1 | steps:  5564 | steps_t:  5531 | t: 42.833111 | r:   564.000000 | e:   0.300000 | Q:  11.493606 | won: True 
#    1 | steps:  5581 | steps_t:  5548 | t: 42.986175 | r:   566.000000 | e:   0.300000 | Q:  11.493606 | won: True 
#    1 | steps:  5589 | steps_t:  5556 | t: 43.017769 | r:   568.000000 | e:   0.300000 | Q:  11.493606 | won: True 
#    1 | steps:  5604 | steps_t:  5571 | t: 43.073650 | r:   570.000000 | e:   0.300000 | Q:  11.493606 | won: True 
#    1 | steps:  5613 | steps_t:  5580 | t: 43.107331 | r:   572.000000 | e:   0.300000 | Q:  11.493606 | won: True 
#    1 | steps:  5626 | steps_t:  5593 | t: 43.157997 | r:   574.000000 | e:   0.300000 | Q:  11.493606 | won: True 
#    1 | steps:  5635 | steps_t:  5602 | t: 43.284082 | r:   576.000000 | e:   0.300000 | Q:  11.493606 | won: True 
#    1 | steps:  5642 | steps_t:  5609 | t: 43.310600 | r:   578.000000 | e:   0.300000 | Q:  11.493606 | won: True 
#    1 | steps:  5652 | steps_t:  5619 | t: 43.432570 | r:   580.000000 | e:   0.300000 | Q:  11.493606 | won: True 
#    1 | steps:  5658 | steps_t:  5625 | t: 43.454321 | r:   582.000000 | e:   0.300000 | Q:  11.493606 | won: True 
#    1 | steps:  5667 | steps_t:  5634 | t: 43.581248 | r:   584.000000 | e:   0.300000 | Q:  11.493606 | won: True 
#    1 | steps:  5673 | steps_t:  5640 | t: 43.603779 | r:   586.000000 | e:   0.300000 | Q:  11.493606 | won: True 
#    1 | steps:  5682 | steps_t:  5649 | t: 43.636945 | r:   588.000000 | e:   0.300000 | Q:  11.493606 | won: True 
#    1 | steps:  5690 | steps_t:  5657 | t: 43.667749 | r:   590.000000 | e:   0.300000 | Q:  11.493606 | won: True 
#    1 | steps:  5707 | steps_t:  5674 | t: 43.906976 | r:   592.000000 | e:   0.300000 | Q:  11.493606 | won: True 
#    1 | steps:  5713 | steps_t:  5680 | t: 43.928336 | r:   594.000000 | e:   0.300000 | Q:  11.493606 | won: True 
#    1 | steps:  5722 | steps_t:  5689 | t: 43.960373 | r:   596.000000 | e:   0.300000 | Q:  11.493606 | won: True 
#    1 | steps:  5728 | steps_t:  5695 | t: 43.983819 | r:   598.000000 | e:   0.300000 | Q:  11.493606 | won: True 
#    1 | steps:  5740 | steps_t:  5707 | t: 44.028999 | r:   600.000000 | e:   0.300000 | Q:  11.493606 | won: True 
#    1 | steps:  5748 | steps_t:  5715 | t: 44.060017 | r:   602.000000 | e:   0.300000 | Q:  11.493606 | won: True 
#    1 | steps:  5755 | steps_t:  5722 | t: 44.087134 | r:   604.000000 | e:   0.300000 | Q:  11.493606 | won: True 
#    1 | steps:  5769 | steps_t:  5736 | t: 44.144266 | r:   606.000000 | e:   0.300000 | Q:  11.493606 | won: True 
#    1 | steps:  5779 | steps_t:  5746 | t: 44.187069 | r:   604.000000 | e:   0.300000 | Q:  11.493606 | won: True 
#    1 | steps:  5793 | steps_t:  5760 | t: 44.332188 | r:   606.000000 | e:   0.300000 | Q:  11.493606 | won: True 
#    1 | steps:  5809 | steps_t:  5776 | t: 44.487476 | r:   608.000000 | e:   0.300000 | Q:  11.493606 | won: True 
#    1 | steps:  5821 | steps_t:  5788 | t: 44.535571 | r:   610.000000 | e:   0.300000 | Q:  11.493606 | won: True 
#    1 | steps:  5831 | steps_t:  5798 | t: 44.663865 | r:   612.000000 | e:   0.300000 | Q:  11.493606 | won: True 
#    1 | steps:  5842 | steps_t:  5809 | t: 44.706487 | r:   614.000000 | e:   0.300000 | Q:  11.493606 | won: True 
#    1 | steps:  5853 | steps_t:  5820 | t: 44.750921 | r:   616.000000 | e:   0.300000 | Q:  11.493606 | won: True 
#    1 | steps:  5861 | steps_t:  5828 | t: 44.783423 | r:   618.000000 | e:   0.300000 | Q:  11.493606 | won: True 
#    1 | steps:  5868 | steps_t:  5835 | t: 44.811058 | r:   620.000000 | e:   0.300000 | Q:  11.493606 | won: True 
#    1 | steps:  5880 | steps_t:  5847 | t: 44.857117 | r:   622.000000 | e:   0.300000 | Q:  11.493606 | won: True 
#    1 | steps:  5886 | steps_t:  5853 | t: 44.880756 | r:   624.000000 | e:   0.300000 | Q:  11.493606 | won: True 
#    1 | steps:  5897 | steps_t:  5864 | t: 45.015396 | r:   626.000000 | e:   0.300000 | Q:  11.493606 | won: True 
#    1 | steps:  5904 | steps_t:  5871 | t: 45.218471 | r:   628.000000 | e:   0.300000 | Q:  11.493606 | won: True 
#    1 | steps:  5912 | steps_t:  5879 | t: 45.252826 | r:   630.000000 | e:   0.300000 | Q:  11.493606 | won: True 
#    1 | steps:  5921 | steps_t:  5888 | t: 45.290946 | r:   632.000000 | e:   0.300000 | Q:  11.493606 | won: True 
#    1 | steps:  5938 | steps_t:  5905 | t: 45.453765 | r:   634.000000 | e:   0.300000 | Q:  11.493606 | won: True 
#    1 | steps:  5946 | steps_t:  5913 | t: 45.570548 | r:   636.000000 | e:   0.300000 | Q:  11.493606 | won: True 
#    1 | steps:  5959 | steps_t:  5926 | t: 45.629293 | r:   638.000000 | e:   0.300000 | Q:  11.493606 | won: True 
#    1 | steps:  5966 | steps_t:  5933 | t: 45.659823 | r:   640.000000 | e:   0.300000 | Q:  11.493606 | won: True 
#    1 | steps:  5980 | steps_t:  5947 | t: 45.715831 | r:   642.000000 | e:   0.300000 | Q:  11.493606 | won: True 
#    1 | steps:  5987 | steps_t:  5954 | t: 45.837545 | r:   644.000000 | e:   0.300000 | Q:  11.493606 | won: True 
#    1 | steps:  6005 | steps_t:  5972 | t: 46.167770 | r:   646.000000 | e:   0.300000 | Q:  11.493606 | won: True 
#    1 | steps:  6011 | steps_t:  5978 | t: 46.189991 | r:   648.000000 | e:   0.300000 | Q:  11.493606 | won: True 
#    1 | steps:  6027 | steps_t:  5994 | t: 46.504894 | r:   650.000000 | e:   0.300000 | Q:  11.493606 | won: True 
#    1 | steps:  6038 | steps_t:  6005 | t: 46.552333 | r:   652.000000 | e:   0.300000 | Q:  11.493606 | won: True 
#    1 | steps:  6050 | steps_t:  6017 | t: 46.866292 | r:   654.000000 | e:   0.300000 | Q:  11.493606 | won: True 
#    1 | steps:  6057 | steps_t:  6024 | t: 46.980804 | r:   656.000000 | e:   0.300000 | Q:  11.493606 | won: True 
#    1 | steps:  6068 | steps_t:  6035 | t: 47.028791 | r:   658.000000 | e:   0.300000 | Q:  11.493606 | won: True 
#    1 | steps:  6079 | steps_t:  6046 | t: 47.073934 | r:   660.000000 | e:   0.300000 | Q:  11.493606 | won: True 
#    1 | steps:  6088 | steps_t:  6055 | t: 47.196237 | r:   662.000000 | e:   0.300000 | Q:  11.493606 | won: True 
#    1 | steps:  6099 | steps_t:  6066 | t: 47.241842 | r:   664.000000 | e:   0.300000 | Q:  11.493606 | won: True 
#    1 | steps:  6106 | steps_t:  6073 | t: 47.276255 | r:   666.000000 | e:   0.300000 | Q:  11.493606 | won: True 
#    1 | steps:  6114 | steps_t:  6081 | t: 47.403334 | r:   668.000000 | e:   0.300000 | Q:  11.493606 | won: True 
#    1 | steps:  6120 | steps_t:  6087 | t: 47.423943 | r:   670.000000 | e:   0.300000 | Q:  11.493606 | won: True 
#    1 | steps:  6129 | steps_t:  6096 | t: 47.537325 | r:   672.000000 | e:   0.300000 | Q:  11.493606 | won: True 
#    1 | steps:  6137 | steps_t:  6104 | t: 47.676519 | r:   674.000000 | e:   0.300000 | Q:  11.493606 | won: True 
#    1 | steps:  6146 | steps_t:  6113 | t: 47.720879 | r:   676.000000 | e:   0.300000 | Q:  11.493606 | won: True 
#    1 | steps:  6153 | steps_t:  6120 | t: 47.839093 | r:   678.000000 | e:   0.300000 | Q:  11.493606 | won: True 
#    1 | steps:  6161 | steps_t:  6128 | t: 47.870796 | r:   680.000000 | e:   0.300000 | Q:  11.493606 | won: True 
#    1 | steps:  6169 | steps_t:  6136 | t: 47.905348 | r:   682.000000 | e:   0.300000 | Q:  11.493606 | won: True 
#    1 | steps:  6174 | steps_t:  6141 | t: 47.927781 | r:   680.000000 | e:   0.300000 | Q:  11.493606 | won: True 
#    1 | steps:  6181 | steps_t:  6148 | t: 48.046205 | r:   682.000000 | e:   0.300000 | Q:  11.493606 | won: True 
#    1 | steps:  6190 | steps_t:  6157 | t: 48.084937 | r:   684.000000 | e:   0.300000 | Q:  11.493606 | won: True 
#    1 | steps:  6199 | steps_t:  6166 | t: 48.218816 | r:   686.000000 | e:   0.300000 | Q:  11.493606 | won: True 
#    1 | steps:  6214 | steps_t:  6181 | t: 48.285179 | r:   688.000000 | e:   0.300000 | Q:  11.493606 | won: True 
#    1 | steps:  6219 | steps_t:  6186 | t: 48.307784 | r:   686.000000 | e:   0.300000 | Q:  11.493606 | won: True 
#    1 | steps:  6235 | steps_t:  6202 | t: 48.468235 | r:   688.000000 | e:   0.300000 | Q:  11.493606 | won: True 
#    1 | steps:  6241 | steps_t:  6208 | t: 48.496933 | r:   690.000000 | e:   0.300000 | Q:  11.493606 | won: True 
#    1 | steps:  6252 | steps_t:  6219 | t: 48.658133 | r:   692.000000 | e:   0.300000 | Q:  11.493606 | won: True 
#    1 | steps:  6259 | steps_t:  6226 | t: 48.691693 | r:   694.000000 | e:   0.300000 | Q:  11.493606 | won: True 
#    1 | steps:  6272 | steps_t:  6239 | t: 48.754410 | r:   696.000000 | e:   0.300000 | Q:  11.493606 | won: True 
#    1 | steps:  6283 | steps_t:  6250 | t: 48.803840 | r:   694.000000 | e:   0.300000 | Q:  11.493606 | won: True 
#    1 | steps:  6292 | steps_t:  6259 | t: 48.841910 | r:   696.000000 | e:   0.300000 | Q:  11.493606 | won: True 
#    1 | steps:  6305 | steps_t:  6272 | t: 49.074525 | r:   698.000000 | e:   0.300000 | Q:  11.493606 | won: True 
#    1 | steps:  6317 | steps_t:  6284 | t: 49.124200 | r:   700.000000 | e:   0.300000 | Q:  11.493606 | won: True 
#    1 | steps:  6326 | steps_t:  6293 | t: 49.160246 | r:   702.000000 | e:   0.300000 | Q:  11.493606 | won: True 
#    1 | steps:  6335 | steps_t:  6302 | t: 49.282655 | r:   704.000000 | e:   0.300000 | Q:  11.493606 | won: True 
#    1 | steps:  6341 | steps_t:  6308 | t: 49.304785 | r:   706.000000 | e:   0.300000 | Q:  11.493606 | won: True 
#    1 | steps:  6347 | steps_t:  6314 | t: 49.328676 | r:   708.000000 | e:   0.300000 | Q:  11.493606 | won: True 
#    1 | steps:  6354 | steps_t:  6321 | t: 49.444791 | r:   710.000000 | e:   0.300000 | Q:  11.493606 | won: True 
#    1 | steps:  6362 | steps_t:  6329 | t: 49.476296 | r:   712.000000 | e:   0.300000 | Q:  11.493606 | won: True 
#    1 | steps:  6372 | steps_t:  6339 | t: 49.521137 | r:   714.000000 | e:   0.300000 | Q:  11.493606 | won: True 
#    1 | steps:  6378 | steps_t:  6345 | t: 49.548614 | r:   716.000000 | e:   0.300000 | Q:  11.493606 | won: True 
#    1 | steps:  6392 | steps_t:  6359 | t: 49.605061 | r:   718.000000 | e:   0.300000 | Q:  11.493606 | won: True 
#    1 | steps:  6401 | steps_t:  6368 | t: 49.729271 | r:   720.000000 | e:   0.300000 | Q:  11.493606 | won: True 
#    1 | steps:  6414 | steps_t:  6381 | t: 49.780845 | r:   722.000000 | e:   0.300000 | Q:  11.493606 | won: True 
#    1 | steps:  6424 | steps_t:  6391 | t: 49.817682 | r:   724.000000 | e:   0.300000 | Q:  11.493606 | won: True 
#    1 | steps:  6430 | steps_t:  6397 | t: 49.838998 | r:   726.000000 | e:   0.300000 | Q:  11.493606 | won: True 
#    1 | steps:  6443 | steps_t:  6410 | t: 49.884903 | r:   728.000000 | e:   0.300000 | Q:  11.493606 | won: True 
#    1 | steps:  6449 | steps_t:  6416 | t: 49.908285 | r:   730.000000 | e:   0.300000 | Q:  11.493606 | won: True 
#    1 | steps:  6456 | steps_t:  6423 | t: 49.934470 | r:   732.000000 | e:   0.300000 | Q:  11.493606 | won: True 
#    1 | steps:  6463 | steps_t:  6430 | t: 49.966897 | r:   734.000000 | e:   0.300000 | Q:  11.493606 | won: True 
#    1 | steps:  6471 | steps_t:  6438 | t: 50.002525 | r:   736.000000 | e:   0.300000 | Q:  11.493606 | won: True 
#    1 | steps:  6482 | steps_t:  6449 | t: 50.049939 | r:   734.000000 | e:   0.300000 | Q:  11.493606 | won: True 
#    1 | steps:  6488 | steps_t:  6455 | t: 50.162381 | r:   736.000000 | e:   0.300000 | Q:  11.493606 | won: True 
#    1 | steps:  6496 | steps_t:  6463 | t: 50.201591 | r:   738.000000 | e:   0.300000 | Q:  11.493606 | won: True 
#    1 | steps:  6509 | steps_t:  6476 | t: 50.519808 | r:   740.000000 | e:   0.300000 | Q:  11.493606 | won: True 
#    1 | steps:  6521 | steps_t:  6488 | t: 50.659994 | r:   738.000000 | e:   0.300000 | Q:  11.493606 | won: True 
#    1 | steps:  6529 | steps_t:  6496 | t: 50.778459 | r:   740.000000 | e:   0.300000 | Q:  11.493606 | won: True 
#    1 | steps:  6545 | steps_t:  6512 | t: 50.839329 | r:   742.000000 | e:   0.300000 | Q:  11.493606 | won: True 
#    1 | steps:  6551 | steps_t:  6518 | t: 50.951438 | r:   744.000000 | e:   0.300000 | Q:  11.493606 | won: True 
#    1 | steps:  6565 | steps_t:  6532 | t: 51.008670 | r:   746.000000 | e:   0.300000 | Q:  11.493606 | won: True 
#    1 | steps:  6575 | steps_t:  6542 | t: 51.049709 | r:   748.000000 | e:   0.300000 | Q:  11.493606 | won: True 
#    1 | steps:  6587 | steps_t:  6554 | t: 51.095832 | r:   750.000000 | e:   0.300000 | Q:  11.493606 | won: True 
#    1 | steps:  6598 | steps_t:  6565 | t: 51.314831 | r:   752.000000 | e:   0.300000 | Q:  11.493606 | won: True 
#    1 | steps:  6607 | steps_t:  6574 | t: 51.353177 | r:   754.000000 | e:   0.300000 | Q:  11.493606 | won: True 
#    1 | steps:  6619 | steps_t:  6586 | t: 51.485668 | r:   756.000000 | e:   0.300000 | Q:  11.493606 | won: True 
#    1 | steps:  6627 | steps_t:  6594 | t: 51.693644 | r:   758.000000 | e:   0.300000 | Q:  11.493606 | won: True 
#    1 | steps:  6633 | steps_t:  6600 | t: 51.802796 | r:   760.000000 | e:   0.300000 | Q:  11.493606 | won: True 
#    1 | steps:  6640 | steps_t:  6607 | t: 51.923807 | r:   762.000000 | e:   0.300000 | Q:  11.493606 | won: True 
#    1 | steps:  6652 | steps_t:  6619 | t: 52.146949 | r:   764.000000 | e:   0.300000 | Q:  11.493606 | won: True 
#    1 | steps:  6666 | steps_t:  6633 | t: 52.292762 | r:   766.000000 | e:   0.300000 | Q:  11.493606 | won: True 
#    1 | steps:  6676 | steps_t:  6643 | t: 52.330176 | r:   768.000000 | e:   0.300000 | Q:  11.493606 | won: True 
#    1 | steps:  6684 | steps_t:  6651 | t: 52.366904 | r:   770.000000 | e:   0.300000 | Q:  11.493606 | won: True 
#    1 | steps:  6690 | steps_t:  6657 | t: 52.479152 | r:   768.000000 | e:   0.300000 | Q:  11.493606 | won: True 
#    1 | steps:  6696 | steps_t:  6663 | t: 52.503889 | r:   770.000000 | e:   0.300000 | Q:  11.493606 | won: True 
#    1 | steps:  6710 | steps_t:  6677 | t: 52.728995 | r:   768.000000 | e:   0.300000 | Q:  11.493606 | won: True 
#    1 | steps:  6720 | steps_t:  6687 | t: 52.764924 | r:   770.000000 | e:   0.300000 | Q:  11.493606 | won: True 
#    1 | steps:  6728 | steps_t:  6695 | t: 52.798445 | r:   772.000000 | e:   0.300000 | Q:  11.493606 | won: True 
#    1 | steps:  6735 | steps_t:  6702 | t: 52.826821 | r:   770.000000 | e:   0.300000 | Q:  11.493606 | won: True 
#    1 | steps:  6753 | steps_t:  6720 | t: 52.983837 | r:   772.000000 | e:   0.300000 | Q:  11.493606 | won: True 
#    1 | steps:  6759 | steps_t:  6726 | t: 53.007103 | r:   774.000000 | e:   0.300000 | Q:  11.493606 | won: True 
#    1 | steps:  6774 | steps_t:  6741 | t: 53.068867 | r:   776.000000 | e:   0.300000 | Q:  11.493606 | won: True 
#    1 | steps:  6784 | steps_t:  6751 | t: 53.196296 | r:   778.000000 | e:   0.300000 | Q:  11.493606 | won: True 
#    1 | steps:  6790 | steps_t:  6757 | t: 53.308478 | r:   780.000000 | e:   0.300000 | Q:  11.493606 | won: True 
#    1 | steps:  6800 | steps_t:  6767 | t: 53.348427 | r:   782.000000 | e:   0.300000 | Q:  11.493606 | won: True 
#    1 | steps:  6820 | steps_t:  6787 | t: 53.521534 | r:   784.000000 | e:   0.300000 | Q:  11.493606 | won: True 
#    1 | steps:  6835 | steps_t:  6802 | t: 53.759909 | r:   786.000000 | e:   0.300000 | Q:  11.493606 | won: True 
#    1 | steps:  6846 | steps_t:  6813 | t: 53.803516 | r:   788.000000 | e:   0.300000 | Q:  11.493606 | won: True 
#    1 | steps:  6853 | steps_t:  6820 | t: 54.003202 | r:   790.000000 | e:   0.300000 | Q:  11.493606 | won: True 
#    1 | steps:  6863 | steps_t:  6830 | t: 54.044457 | r:   792.000000 | e:   0.300000 | Q:  11.493606 | won: True 
#    1 | steps:  6870 | steps_t:  6837 | t: 54.071563 | r:   794.000000 | e:   0.300000 | Q:  11.493606 | won: True 
#    1 | steps:  6880 | steps_t:  6847 | t: 54.110852 | r:   796.000000 | e:   0.300000 | Q:  11.493606 | won: True 
#    1 | steps:  6891 | steps_t:  6858 | t: 54.239401 | r:   798.000000 | e:   0.300000 | Q:  11.493606 | won: True 
#    1 | steps:  6905 | steps_t:  6872 | t: 54.297636 | r:   800.000000 | e:   0.300000 | Q:  11.493606 | won: True 
#    1 | steps:  6915 | steps_t:  6882 | t: 54.339870 | r:   802.000000 | e:   0.300000 | Q:  11.493606 | won: True 
#    1 | steps:  6921 | steps_t:  6888 | t: 54.451161 | r:   804.000000 | e:   0.300000 | Q:  11.493606 | won: True 
#    1 | steps:  6930 | steps_t:  6897 | t: 54.658198 | r:   806.000000 | e:   0.300000 | Q:  11.493606 | won: True 
#    1 | steps:  6941 | steps_t:  6908 | t: 54.796498 | r:   808.000000 | e:   0.300000 | Q:  11.493606 | won: True 
#    1 | steps:  6952 | steps_t:  6919 | t: 54.835734 | r:   810.000000 | e:   0.300000 | Q:  11.493606 | won: True 
#    1 | steps:  6960 | steps_t:  6927 | t: 54.954883 | r:   808.000000 | e:   0.300000 | Q:  11.493606 | won: True 
#    1 | steps:  6974 | steps_t:  6941 | t: 55.008333 | r:   810.000000 | e:   0.300000 | Q:  11.493606 | won: True 
#    1 | steps:  6983 | steps_t:  6950 | t: 55.045360 | r:   812.000000 | e:   0.300000 | Q:  11.493606 | won: True 
#    1 | steps:  6992 | steps_t:  6959 | t: 55.082550 | r:   814.000000 | e:   0.300000 | Q:  11.493606 | won: True 
#    1 | steps:  6998 | steps_t:  6965 | t: 55.189802 | r:   816.000000 | e:   0.300000 | Q:  11.493606 | won: True 
#    1 | steps:  7004 | steps_t:  6971 | t: 55.212711 | r:   818.000000 | e:   0.300000 | Q:  11.493606 | won: True 
#    1 | steps:  7015 | steps_t:  6982 | t: 55.341375 | r:   820.000000 | e:   0.300000 | Q:  11.493606 | won: True 
#    1 | steps:  7022 | steps_t:  6989 | t: 55.365251 | r:   822.000000 | e:   0.300000 | Q:  11.493606 | won: True 
#    1 | steps:  7033 | steps_t:  7000 | t: 55.498088 | r:   824.000000 | e:   0.300000 | Q:  11.493606 | won: True 
#    1 | steps:  7043 | steps_t:  7010 | t: 55.620912 | r:   826.000000 | e:   0.300000 | Q:  11.493606 | won: True 
#    1 | steps:  7050 | steps_t:  7017 | t: 55.650213 | r:   824.000000 | e:   0.300000 | Q:  11.493606 | won: True 
#    1 | steps:  7063 | steps_t:  7030 | t: 55.795160 | r:   826.000000 | e:   0.300000 | Q:  11.493606 | won: True 
#    1 | steps:  7077 | steps_t:  7044 | t: 55.846719 | r:   828.000000 | e:   0.300000 | Q:  11.493606 | won: True 
#    1 | steps:  7086 | steps_t:  7053 | t: 55.880258 | r:   830.000000 | e:   0.300000 | Q:  11.493606 | won: True 
#    1 | steps:  7093 | steps_t:  7060 | t: 55.907964 | r:   832.000000 | e:   0.300000 | Q:  11.493606 | won: True 
#    1 | steps:  7105 | steps_t:  7072 | t: 55.957123 | r:   834.000000 | e:   0.300000 | Q:  11.493606 | won: True 
#    1 | steps:  7111 | steps_t:  7078 | t: 55.981052 | r:   836.000000 | e:   0.300000 | Q:  11.493606 | won: True 
#    1 | steps:  7125 | steps_t:  7092 | t: 56.037095 | r:   838.000000 | e:   0.300000 | Q:  11.493606 | won: True 
#    1 | steps:  7139 | steps_t:  7106 | t: 56.184020 | r:   840.000000 | e:   0.300000 | Q:  11.493606 | won: True 
#    1 | steps:  7153 | steps_t:  7120 | t: 56.238830 | r:   842.000000 | e:   0.300000 | Q:  11.493606 | won: True 
#    1 | steps:  7166 | steps_t:  7133 | t: 56.459107 | r:   844.000000 | e:   0.300000 | Q:  11.493606 | won: True 
#    1 | steps:  7173 | steps_t:  7140 | t: 56.662423 | r:   846.000000 | e:   0.300000 | Q:  11.493606 | won: True 
#    1 | steps:  7181 | steps_t:  7148 | t: 56.695001 | r:   848.000000 | e:   0.300000 | Q:  11.493606 | won: True 
#    1 | steps:  7192 | steps_t:  7159 | t: 56.830813 | r:   850.000000 | e:   0.300000 | Q:  11.493606 | won: True 
#    1 | steps:  7204 | steps_t:  7171 | t: 56.965019 | r:   852.000000 | e:   0.300000 | Q:  11.493606 | won: True 
#    1 | steps:  7215 | steps_t:  7182 | t: 57.178349 | r:   854.000000 | e:   0.300000 | Q:  11.493606 | won: True 
#    1 | steps:  7221 | steps_t:  7188 | t: 57.202759 | r:   856.000000 | e:   0.300000 | Q:  11.493606 | won: True 
#    1 | steps:  7240 | steps_t:  7207 | t: 57.366475 | r:   858.000000 | e:   0.300000 | Q:  11.493606 | won: True 
#    1 | steps:  7246 | steps_t:  7213 | t: 57.386914 | r:   860.000000 | e:   0.300000 | Q:  11.493606 | won: True 
#    1 | steps:  7258 | steps_t:  7225 | t: 57.436126 | r:   862.000000 | e:   0.300000 | Q:  11.493606 | won: True 
