#    1 | steps:    56 | steps_t:    23 | t: 0.226322 | r:    -2.000000 | e:   0.757895 | Q:   0.122199 | won: True 
#    1 | steps:    64 | steps_t:    31 | t: 0.358673 | r:    -4.000000 | e:   0.673684 | Q:   0.122199 | won: True 
#    1 | steps:    83 | steps_t:    50 | t: 8.379601 | r:    -6.000000 | e:   0.473684 | Q:   0.122199 | won: True 
#    1 | steps:    95 | steps_t:    62 | t: 8.542490 | r:    -8.000000 | e:   0.347368 | Q:   0.122199 | won: True 
#    1 | steps:   113 | steps_t:    80 | t: 8.637405 | r:   -10.000000 | e:   0.300000 | Q:   0.122199 | won: True 
#    1 | steps:   176 | steps_t:   143 | t: 9.259480 | r:   -12.000000 | e:   0.300000 | Q:   0.122199 | won: True 
#    1 | steps:   274 | steps_t:   241 | t: 10.334604 | r:   -14.000000 | e:   0.300000 | Q:   0.122199 | won: True 
#    1 | steps:   297 | steps_t:   264 | t: 10.655670 | r:   -12.000000 | e:   0.300000 | Q:   0.122199 | won: True 
#    1 | steps:   315 | steps_t:   282 | t: 10.842867 | r:   -10.000000 | e:   0.300000 | Q:   0.122199 | won: True 
#    1 | steps:   352 | steps_t:   319 | t: 11.225665 | r:   -12.000000 | e:   0.300000 | Q:   0.122199 | won: True 
#    1 | steps:   362 | steps_t:   329 | t: 11.271515 | r:   -10.000000 | e:   0.300000 | Q:   0.122199 | won: True 
#    1 | steps:   372 | steps_t:   339 | t: 11.323817 | r:   -12.000000 | e:   0.300000 | Q:   0.122199 | won: True 
#    1 | steps:   388 | steps_t:   355 | t: 11.399439 | r:   -10.000000 | e:   0.300000 | Q:   0.122199 | won: True 
#    1 | steps:   429 | steps_t:   396 | t: 11.901881 | r:   -12.000000 | e:   0.300000 | Q:   0.122199 | won: True 
#    1 | steps:   524 | steps_t:   491 | t: 21.661045 | r:   -14.000000 | e:   0.300000 | Q:   0.122199 | won: True 
#    1 | steps:   778 | steps_t:   745 | t: 27.420165 | r:   -16.000000 | e:   0.300000 | Q:   0.122199 | won: True 
#    1 | steps:   791 | steps_t:   758 | t: 27.489396 | r:   -18.000000 | e:   0.300000 | Q:   0.122199 | won: True 
#    1 | steps:   816 | steps_t:   783 | t: 29.362811 | r:   -20.000000 | e:   0.300000 | Q:   0.122199 | won: True 
#    1 | steps:   879 | steps_t:   846 | t: 30.374590 | r:   -22.000000 | e:   0.300000 | Q:   0.122199 | won: True 
#    1 | steps:   914 | steps_t:   881 | t: 30.554618 | r:   -24.000000 | e:   0.300000 | Q:   0.122199 | won: True 
#    1 | steps:   923 | steps_t:   890 | t: 31.999721 | r:   -26.000000 | e:   0.300000 | Q:   0.122199 | won: True 
#    1 | steps:   980 | steps_t:   947 | t: 33.675135 | r:   -28.000000 | e:   0.300000 | Q:   0.122199 | won: True 
#    1 | steps:  1020 | steps_t:   987 | t: 34.274693 | r:   -30.000000 | e:   0.300000 | Q:   0.122199 | won: True 
#    1 | steps:  1050 | steps_t:  1017 | t: 34.524092 | r:   -32.000000 | e:   0.300000 | Q:   0.122199 | won: True 
#    1 | steps:  1069 | steps_t:  1036 | t: 34.710161 | r:   -34.000000 | e:   0.300000 | Q:   0.122199 | won: True 
#    1 | steps:  1121 | steps_t:  1088 | t: 36.120198 | r:   -36.000000 | e:   0.300000 | Q:   0.173738 | won: True 
#    1 | steps:  1132 | steps_t:  1099 | t: 36.179104 | r:   -38.000000 | e:   0.300000 | Q:   0.173738 | won: True 
#    1 | steps:  1150 | steps_t:  1117 | t: 36.275836 | r:   -40.000000 | e:   0.300000 | Q:   0.173738 | won: True 
#    1 | steps:  1156 | steps_t:  1123 | t: 36.304707 | r:   -42.000000 | e:   0.300000 | Q:   0.173738 | won: True 
#    1 | steps:  1212 | steps_t:  1179 | t: 38.097286 | r:   -44.000000 | e:   0.300000 | Q:   0.173738 | won: True 
#    1 | steps:  1221 | steps_t:  1188 | t: 38.246351 | r:   -46.000000 | e:   0.300000 | Q:   0.173738 | won: True 
#    1 | steps:  1237 | steps_t:  1204 | t: 38.333373 | r:   -48.000000 | e:   0.300000 | Q:   0.221734 | won: True 
#    1 | steps:  1245 | steps_t:  1212 | t: 38.375083 | r:   -50.000000 | e:   0.300000 | Q:   0.275831 | won: True 
#    1 | steps:  1252 | steps_t:  1219 | t: 38.409136 | r:   -48.000000 | e:   0.300000 | Q:   0.275831 | won: True 
#    1 | steps:  1273 | steps_t:  1240 | t: 38.514786 | r:   -50.000000 | e:   0.300000 | Q:   0.275831 | won: True 
#    1 | steps:  1287 | steps_t:  1254 | t: 38.586677 | r:   -52.000000 | e:   0.300000 | Q:   0.275831 | won: True 
#    1 | steps:  1302 | steps_t:  1269 | t: 38.660480 | r:   -54.000000 | e:   0.300000 | Q:   0.275831 | won: True 
#    1 | steps:  1380 | steps_t:  1347 | t: 39.642780 | r:   -56.000000 | e:   0.300000 | Q:   0.275831 | won: True 
#    1 | steps:  1404 | steps_t:  1371 | t: 40.159726 | r:   -58.000000 | e:   0.300000 | Q:   0.275831 | won: True 
#    1 | steps:  1421 | steps_t:  1388 | t: 40.344327 | r:   -60.000000 | e:   0.300000 | Q:   0.275831 | won: True 
#    1 | steps:  1451 | steps_t:  1418 | t: 40.490178 | r:   -62.000000 | e:   0.300000 | Q:   0.275831 | won: True 
#    1 | steps:  1487 | steps_t:  1454 | t: 40.669639 | r:   -64.000000 | e:   0.300000 | Q:   0.292659 | won: True 
#    1 | steps:  1511 | steps_t:  1478 | t: 42.385621 | r:   -66.000000 | e:   0.300000 | Q:   0.292659 | won: True 
#    1 | steps:  1671 | steps_t:  1638 | t: 47.458047 | r:   -68.000000 | e:   0.300000 | Q:   0.356366 | won: True 
#    1 | steps:  1729 | steps_t:  1696 | t: 48.041120 | r:   -70.000000 | e:   0.300000 | Q:   0.356366 | won: True 
#    1 | steps:  1750 | steps_t:  1717 | t: 48.343621 | r:   -72.000000 | e:   0.300000 | Q:   0.412088 | won: True 
#    1 | steps:  2168 | steps_t:  2135 | t: 95.229761 | r:   -70.000000 | e:   0.300000 | Q:   1.154341 | won: True 
#    1 | steps:  2388 | steps_t:  2355 | t: 103.133412 | r:   -72.000000 | e:   0.300000 | Q:   1.154341 | won: True 
#    1 | steps:  2584 | steps_t:  2551 | t: 105.281389 | r:   -74.000000 | e:   0.300000 | Q:   1.154341 | won: True 
#    1 | steps:  2877 | steps_t:  2844 | t: 108.303178 | r:   -72.000000 | e:   0.300000 | Q:   3.317868 | won: True 
#    1 | steps:  2906 | steps_t:  2873 | t: 108.741686 | r:   -70.000000 | e:   0.300000 | Q:   3.317868 | won: True 
#    1 | steps:  2937 | steps_t:  2904 | t: 109.006105 | r:   -68.000000 | e:   0.300000 | Q:   3.317868 | won: True 
#    1 | steps:  2977 | steps_t:  2944 | t: 109.294082 | r:   -66.000000 | e:   0.300000 | Q:   3.566612 | won: True 
#    1 | steps:  3052 | steps_t:  3019 | t: 110.262019 | r:   -64.000000 | e:   0.300000 | Q:   4.497391 | won: True 
#    1 | steps:  3086 | steps_t:  3053 | t: 110.439315 | r:   -62.000000 | e:   0.300000 | Q:   4.497391 | won: True 
#    1 | steps:  3093 | steps_t:  3060 | t: 110.475219 | r:   -60.000000 | e:   0.300000 | Q:   4.497391 | won: True 
#    1 | steps:  3103 | steps_t:  3070 | t: 110.526988 | r:   -58.000000 | e:   0.300000 | Q:   4.588083 | won: True 
#    1 | steps:  3135 | steps_t:  3102 | t: 111.077614 | r:   -56.000000 | e:   0.300000 | Q:   4.594965 | won: True 
#    1 | steps:  3149 | steps_t:  3116 | t: 111.348112 | r:   -54.000000 | e:   0.300000 | Q:   4.944960 | won: True 
#    1 | steps:  3161 | steps_t:  3128 | t: 111.611375 | r:   -52.000000 | e:   0.300000 | Q:   5.282134 | won: True 
#    1 | steps:  3169 | steps_t:  3136 | t: 111.655804 | r:   -50.000000 | e:   0.300000 | Q:   5.649225 | won: True 
#    1 | steps:  3188 | steps_t:  3155 | t: 133.861061 | r:   -48.000000 | e:   0.300000 | Q:   5.649225 | won: True 
#    1 | steps:  3200 | steps_t:  3167 | t: 133.931917 | r:   -46.000000 | e:   0.300000 | Q:   5.777115 | won: True 
#    1 | steps:  3211 | steps_t:  3178 | t: 133.990752 | r:   -44.000000 | e:   0.300000 | Q:   5.777115 | won: True 
#    1 | steps:  3232 | steps_t:  3199 | t: 134.195072 | r:   -42.000000 | e:   0.300000 | Q:   5.798585 | won: True 
#    1 | steps:  3241 | steps_t:  3208 | t: 134.240229 | r:   -40.000000 | e:   0.300000 | Q:   5.890771 | won: True 
#    1 | steps:  3250 | steps_t:  3217 | t: 134.285188 | r:   -38.000000 | e:   0.300000 | Q:   5.890771 | won: True 
#    1 | steps:  3261 | steps_t:  3228 | t: 134.439945 | r:   -36.000000 | e:   0.300000 | Q:   6.012993 | won: True 
#    1 | steps:  3272 | steps_t:  3239 | t: 134.492588 | r:   -34.000000 | e:   0.300000 | Q:   6.481176 | won: True 
#    1 | steps:  3285 | steps_t:  3252 | t: 134.654903 | r:   -32.000000 | e:   0.300000 | Q:   6.988195 | won: True 
#    1 | steps:  3309 | steps_t:  3276 | t: 134.782256 | r:   -30.000000 | e:   0.300000 | Q:   7.482886 | won: True 
#    1 | steps:  3315 | steps_t:  3282 | t: 134.811859 | r:   -28.000000 | e:   0.300000 | Q:   7.482886 | won: True 
#    1 | steps:  3330 | steps_t:  3297 | t: 134.886745 | r:   -30.000000 | e:   0.300000 | Q:   7.482886 | won: True 
#    1 | steps:  3348 | steps_t:  3315 | t: 135.078302 | r:   -28.000000 | e:   0.300000 | Q:   8.069195 | won: True 
#    1 | steps:  3363 | steps_t:  3330 | t: 135.254247 | r:   -26.000000 | e:   0.300000 | Q:   8.481361 | won: True 
#    1 | steps:  3389 | steps_t:  3356 | t: 135.568581 | r:   -24.000000 | e:   0.300000 | Q:   8.870245 | won: True 
#    1 | steps:  3397 | steps_t:  3364 | t: 135.615404 | r:   -22.000000 | e:   0.300000 | Q:   8.870245 | won: True 
#    1 | steps:  3403 | steps_t:  3370 | t: 135.642794 | r:   -20.000000 | e:   0.300000 | Q:   8.870245 | won: True 
#    1 | steps:  3419 | steps_t:  3386 | t: 135.721415 | r:   -18.000000 | e:   0.300000 | Q:   8.870245 | won: True 
#    1 | steps:  3431 | steps_t:  3398 | t: 135.882575 | r:   -16.000000 | e:   0.300000 | Q:   9.787122 | won: True 
#    1 | steps:  3441 | steps_t:  3408 | t: 135.933412 | r:   -14.000000 | e:   0.300000 | Q:   9.794551 | won: True 
#    1 | steps:  3449 | steps_t:  3416 | t: 135.976876 | r:   -12.000000 | e:   0.300000 | Q:  10.147126 | won: True 
#    1 | steps:  3458 | steps_t:  3425 | t: 136.021703 | r:   -10.000000 | e:   0.300000 | Q:  10.147126 | won: True 
#    1 | steps:  3489 | steps_t:  3456 | t: 136.569164 | r:    -8.000000 | e:   0.300000 | Q:  10.147126 | won: True 
#    1 | steps:  3495 | steps_t:  3462 | t: 136.600488 | r:    -6.000000 | e:   0.300000 | Q:  10.213144 | won: True 
#    1 | steps:  3501 | steps_t:  3468 | t: 136.727491 | r:    -4.000000 | e:   0.300000 | Q:  10.622192 | won: True 
#    1 | steps:  3509 | steps_t:  3476 | t: 136.765876 | r:    -6.000000 | e:   0.300000 | Q:  10.622192 | won: True 
#    1 | steps:  3517 | steps_t:  3484 | t: 136.897666 | r:    -8.000000 | e:   0.300000 | Q:  10.622192 | won: True 
#    1 | steps:  3535 | steps_t:  3502 | t: 137.382274 | r:    -6.000000 | e:   0.300000 | Q:  11.186540 | won: True 
#    1 | steps:  3548 | steps_t:  3515 | t: 137.547287 | r:    -4.000000 | e:   0.300000 | Q:  11.186540 | won: True 
#    1 | steps:  3554 | steps_t:  3521 | t: 137.674722 | r:    -2.000000 | e:   0.300000 | Q:  11.186540 | won: True 
#    1 | steps:  3564 | steps_t:  3531 | t: 137.735518 | r:     0.000000 | e:   0.300000 | Q:  11.186540 | won: True 
#    1 | steps:  3570 | steps_t:  3537 | t: 137.766385 | r:     2.000000 | e:   0.300000 | Q:  11.413969 | won: True 
#    1 | steps:  3577 | steps_t:  3544 | t: 137.801635 | r:     4.000000 | e:   0.300000 | Q:  11.754040 | won: True 
#    1 | steps:  3589 | steps_t:  3556 | t: 137.859080 | r:     6.000000 | e:   0.300000 | Q:  11.754040 | won: True 
#    1 | steps:  3599 | steps_t:  3566 | t: 137.913273 | r:     8.000000 | e:   0.300000 | Q:  11.932665 | won: True 
#    1 | steps:  3613 | steps_t:  3580 | t: 137.980779 | r:    10.000000 | e:   0.300000 | Q:  12.299254 | won: True 
#    1 | steps:  3622 | steps_t:  3589 | t: 138.023241 | r:    12.000000 | e:   0.300000 | Q:  12.299254 | won: True 
#    1 | steps:  3629 | steps_t:  3596 | t: 138.058480 | r:    14.000000 | e:   0.300000 | Q:  12.385602 | won: True 
#    1 | steps:  3638 | steps_t:  3605 | t: 138.399320 | r:    12.000000 | e:   0.300000 | Q:  12.523896 | won: True 
#    1 | steps:  3645 | steps_t:  3612 | t: 138.436372 | r:    14.000000 | e:   0.300000 | Q:  12.523896 | won: True 
#    1 | steps:  3652 | steps_t:  3619 | t: 138.470891 | r:    16.000000 | e:   0.300000 | Q:  12.523896 | won: True 
#    1 | steps:  3668 | steps_t:  3635 | t: 138.549176 | r:    18.000000 | e:   0.300000 | Q:  13.246970 | won: True 
#    1 | steps:  3679 | steps_t:  3646 | t: 138.606230 | r:    20.000000 | e:   0.300000 | Q:  13.246970 | won: True 
#    1 | steps:  3691 | steps_t:  3658 | t: 138.768174 | r:    18.000000 | e:   0.300000 | Q:  13.246970 | won: True 
#    1 | steps:  3705 | steps_t:  3672 | t: 139.030302 | r:    20.000000 | e:   0.300000 | Q:  13.246970 | won: True 
#    1 | steps:  3714 | steps_t:  3681 | t: 139.179656 | r:    22.000000 | e:   0.300000 | Q:  13.246970 | won: True 
#    1 | steps:  3724 | steps_t:  3691 | t: 139.429751 | r:    24.000000 | e:   0.300000 | Q:  13.246970 | won: True 
#    1 | steps:  3740 | steps_t:  3707 | t: 139.506658 | r:    26.000000 | e:   0.300000 | Q:  13.246970 | won: True 
#    1 | steps:  3747 | steps_t:  3714 | t: 139.636375 | r:    28.000000 | e:   0.300000 | Q:  13.512340 | won: True 
#    1 | steps:  3768 | steps_t:  3735 | t: 139.737299 | r:    30.000000 | e:   0.300000 | Q:  14.238498 | won: True 
#    1 | steps:  3775 | steps_t:  3742 | t: 139.769641 | r:    32.000000 | e:   0.300000 | Q:  14.329988 | won: True 
#    1 | steps:  3787 | steps_t:  3754 | t: 140.025576 | r:    34.000000 | e:   0.300000 | Q:  14.329988 | won: True 
#    1 | steps:  3795 | steps_t:  3762 | t: 140.065448 | r:    36.000000 | e:   0.300000 | Q:  14.329988 | won: True 
#    1 | steps:  3804 | steps_t:  3771 | t: 140.207038 | r:    38.000000 | e:   0.300000 | Q:  14.329988 | won: True 
#    1 | steps:  3814 | steps_t:  3781 | t: 140.261175 | r:    40.000000 | e:   0.300000 | Q:  14.383871 | won: True 
#    1 | steps:  3820 | steps_t:  3787 | t: 140.289822 | r:    38.000000 | e:   0.300000 | Q:  14.383871 | won: True 
#    1 | steps:  3826 | steps_t:  3793 | t: 140.612423 | r:    40.000000 | e:   0.300000 | Q:  14.383871 | won: True 
#    1 | steps:  3835 | steps_t:  3802 | t: 140.661363 | r:    42.000000 | e:   0.300000 | Q:  14.383871 | won: True 
#    1 | steps:  3851 | steps_t:  3818 | t: 140.837126 | r:    44.000000 | e:   0.300000 | Q:  14.383871 | won: True 
#    1 | steps:  3858 | steps_t:  3825 | t: 140.875126 | r:    46.000000 | e:   0.300000 | Q:  14.442231 | won: True 
