#    2 | steps:    27 | steps_t:     0 | t: 0.170966 | r:    -2.000000 | e:   1.000000 | Q:        nan | won: True 
#    3 | steps:    56 | steps_t:    23 | t: 0.417122 | r:     0.000000 | e:   0.757895 | Q:   0.129530 | won: True 
#    4 | steps:    63 | steps_t:    30 | t: 0.518907 | r:    -2.000000 | e:   0.684211 | Q:   0.129530 | won: True 
#    5 | steps:    97 | steps_t:    64 | t: 0.692540 | r:     0.000000 | e:   0.326316 | Q:   0.129530 | won: True 
#    6 | steps:   102 | steps_t:    69 | t: 0.793162 | r:    -2.000000 | e:   0.300000 | Q:   0.129530 | won: True 
#    7 | steps:   141 | steps_t:   108 | t: 1.075456 | r:    -4.000000 | e:   0.300000 | Q:   0.129530 | won: True 
#    8 | steps:   205 | steps_t:   172 | t: 1.514763 | r:    -6.000000 | e:   0.300000 | Q:   0.129530 | won: True 
#    9 | steps:   259 | steps_t:   226 | t: 1.922284 | r:    -8.000000 | e:   0.300000 | Q:   0.129530 | won: True 
#   10 | steps:   370 | steps_t:   337 | t: 2.699217 | r:   -10.000000 | e:   0.300000 | Q:   0.129530 | won: True 
#   11 | steps:   509 | steps_t:   476 | t: 3.573348 | r:   -12.000000 | e:   0.300000 | Q:   0.129530 | won: True 
#   12 | steps:   538 | steps_t:   505 | t: 3.907413 | r:   -14.000000 | e:   0.300000 | Q:   0.129530 | won: True 
#   13 | steps:   556 | steps_t:   523 | t: 4.045161 | r:   -16.000000 | e:   0.300000 | Q:   0.129530 | won: True 
#   14 | steps:   715 | steps_t:   682 | t: 5.338814 | r:   -18.000000 | e:   0.300000 | Q:   0.129530 | won: True 
#   15 | steps:   748 | steps_t:   715 | t: 5.433043 | r:   -20.000000 | e:   0.300000 | Q:   0.129530 | won: True 
#   16 | steps:   780 | steps_t:   747 | t: 5.691348 | r:   -22.000000 | e:   0.300000 | Q:   0.129530 | won: True 
#   17 | steps:   802 | steps_t:   769 | t: 5.843761 | r:   -24.000000 | e:   0.300000 | Q:   0.129530 | won: True 
#   18 | steps:   818 | steps_t:   785 | t: 5.977630 | r:   -26.000000 | e:   0.300000 | Q:   0.129530 | won: True 
#   19 | steps:   833 | steps_t:   800 | t: 6.188675 | r:   -28.000000 | e:   0.300000 | Q:   0.129530 | won: True 
#   20 | steps:   849 | steps_t:   816 | t: 6.239954 | r:   -30.000000 | e:   0.300000 | Q:   0.129530 | won: True 
#   21 | steps:   863 | steps_t:   830 | t: 6.364644 | r:   -32.000000 | e:   0.300000 | Q:   0.129530 | won: True 
#   22 | steps:   874 | steps_t:   841 | t: 6.565453 | r:   -34.000000 | e:   0.300000 | Q:   0.129530 | won: True 
#   23 | steps:   886 | steps_t:   853 | t: 6.682244 | r:   -36.000000 | e:   0.300000 | Q:   0.129530 | won: True 
#   24 | steps:   898 | steps_t:   865 | t: 6.718578 | r:   -38.000000 | e:   0.300000 | Q:   0.129530 | won: True 
#   25 | steps:   921 | steps_t:   888 | t: 6.881639 | r:   -40.000000 | e:   0.300000 | Q:   0.129530 | won: True 
#   26 | steps:   930 | steps_t:   897 | t: 6.994773 | r:   -42.000000 | e:   0.300000 | Q:   0.129530 | won: True 
#   27 | steps:   945 | steps_t:   912 | t: 7.040142 | r:   -44.000000 | e:   0.300000 | Q:   0.129530 | won: True 
#   28 | steps:   970 | steps_t:   937 | t: 7.115250 | r:   -46.000000 | e:   0.300000 | Q:   0.129530 | won: True 
#   29 | steps:   985 | steps_t:   952 | t: 7.163892 | r:   -48.000000 | e:   0.300000 | Q:   0.129530 | won: True 
#   30 | steps:  1041 | steps_t:  1008 | t: 7.589488 | r:   -50.000000 | e:   0.300000 | Q:   0.129530 | won: True 
#   31 | steps:  1089 | steps_t:  1056 | t: 7.910352 | r:   -52.000000 | e:   0.300000 | Q:   0.129530 | won: True 
#   32 | steps:  1097 | steps_t:  1064 | t: 7.933834 | r:   -54.000000 | e:   0.300000 | Q:   0.129530 | won: True 
#   33 | steps:  1110 | steps_t:  1077 | t: 7.980638 | r:   -56.000000 | e:   0.300000 | Q:   0.129530 | won: True 
#   34 | steps:  1116 | steps_t:  1083 | t: 8.081802 | r:   -58.000000 | e:   0.300000 | Q:   0.129530 | won: True 
#   35 | steps:  1129 | steps_t:  1096 | t: 8.129975 | r:   -60.000000 | e:   0.300000 | Q:   0.129530 | won: True 
#   36 | steps:  1146 | steps_t:  1113 | t: 8.183623 | r:   -58.000000 | e:   0.300000 | Q:   0.129530 | won: True 
#   37 | steps:  1164 | steps_t:  1131 | t: 8.320288 | r:   -60.000000 | e:   0.300000 | Q:   0.129530 | won: True 
#   38 | steps:  1184 | steps_t:  1151 | t: 8.462796 | r:   -62.000000 | e:   0.300000 | Q:   0.129530 | won: True 
#   39 | steps:  1191 | steps_t:  1158 | t: 8.569806 | r:   -64.000000 | e:   0.300000 | Q:   0.129530 | won: True 
#   40 | steps:  1215 | steps_t:  1182 | t: 8.642368 | r:   -66.000000 | e:   0.300000 | Q:   0.129530 | won: True 
#   41 | steps:  1220 | steps_t:  1187 | t: 8.659232 | r:   -68.000000 | e:   0.300000 | Q:   0.129530 | won: True 
#   42 | steps:  1242 | steps_t:  1209 | t: 8.726340 | r:   -70.000000 | e:   0.300000 | Q:   0.129530 | won: True 
#   43 | steps:  2431 | steps_t:  2398 | t: 18.009362 | r:   -68.000000 | e:   0.300000 | Q:   0.129530 | won: True 
#   44 | steps:  2441 | steps_t:  2408 | t: 18.046286 | r:   -70.000000 | e:   0.300000 | Q:   0.129530 | won: True 
#   45 | steps:  2475 | steps_t:  2442 | t: 18.322248 | r:   -72.000000 | e:   0.300000 | Q:   0.129530 | won: True 
#   46 | steps:  2485 | steps_t:  2452 | t: 18.358460 | r:   -74.000000 | e:   0.300000 | Q:   0.129530 | won: True 
#   47 | steps:  2490 | steps_t:  2457 | t: 18.461135 | r:   -76.000000 | e:   0.300000 | Q:   0.129530 | won: True 
#   48 | steps:  2501 | steps_t:  2468 | t: 18.493234 | r:   -78.000000 | e:   0.300000 | Q:   0.129530 | won: True 
#   49 | steps:  2512 | steps_t:  2479 | t: 18.525541 | r:   -80.000000 | e:   0.300000 | Q:   0.129530 | won: True 
#   50 | steps:  2571 | steps_t:  2538 | t: 19.044509 | r:   -82.000000 | e:   0.300000 | Q:   0.129530 | won: True 
#   51 | steps:  2601 | steps_t:  2568 | t: 19.134431 | r:   -84.000000 | e:   0.300000 | Q:   0.129530 | won: True 
#   52 | steps:  2607 | steps_t:  2574 | t: 19.319654 | r:   -86.000000 | e:   0.300000 | Q:   0.129530 | won: True 
#   53 | steps:  2615 | steps_t:  2582 | t: 19.427691 | r:   -88.000000 | e:   0.300000 | Q:   0.129530 | won: True 
#   54 | steps:  2718 | steps_t:  2685 | t: 20.003123 | r:   -90.000000 | e:   0.300000 | Q:   0.129530 | won: True 
#   55 | steps:  2733 | steps_t:  2700 | t: 20.227294 | r:   -88.000000 | e:   0.300000 | Q:   0.129530 | won: True 
#   56 | steps:  2738 | steps_t:  2705 | t: 20.343919 | r:   -90.000000 | e:   0.300000 | Q:   0.129530 | won: True 
#   57 | steps:  3327 | steps_t:  3294 | t: 24.448941 | r:   -88.000000 | e:   0.300000 | Q:   0.129530 | won: True 
#   58 | steps:  3492 | steps_t:  3459 | t: 25.957388 | r:   -86.000000 | e:   0.300000 | Q:   0.129530 | won: True 
#   59 | steps:  3507 | steps_t:  3474 | t: 26.134508 | r:   -88.000000 | e:   0.300000 | Q:   0.129530 | won: True 
#   60 | steps:  3515 | steps_t:  3482 | t: 26.409917 | r:   -90.000000 | e:   0.300000 | Q:   0.129530 | won: True 
#   61 | steps:  3770 | steps_t:  3737 | t: 28.048867 | r:   -88.000000 | e:   0.300000 | Q:   0.129530 | won: True 
#   62 | steps:  4395 | steps_t:  4362 | t: 33.702557 | r:   -90.000000 | e:   0.300000 | Q:   0.129530 | won: True 
#   63 | steps:  4400 | steps_t:  4367 | t: 33.719426 | r:   -92.000000 | e:   0.300000 | Q:   0.129530 | won: True 
#   64 | steps:  4410 | steps_t:  4377 | t: 33.760265 | r:   -94.000000 | e:   0.300000 | Q:   0.129530 | won: True 
#   65 | steps:  4426 | steps_t:  4393 | t: 33.815528 | r:   -96.000000 | e:   0.300000 | Q:   0.129530 | won: True 
#   66 | steps:  4435 | steps_t:  4402 | t: 33.848824 | r:   -98.000000 | e:   0.300000 | Q:   0.129530 | won: True 
#   67 | steps:  4447 | steps_t:  4414 | t: 33.891206 | r:  -100.000000 | e:   0.300000 | Q:   0.129530 | won: True 
#   68 | steps:  4457 | steps_t:  4424 | t: 33.930043 | r:  -102.000000 | e:   0.300000 | Q:   0.129530 | won: True 
#   69 | steps:  4469 | steps_t:  4436 | t: 34.237365 | r:  -104.000000 | e:   0.300000 | Q:   0.129530 | won: True 
#   70 | steps:  4477 | steps_t:  4444 | t: 34.261114 | r:  -102.000000 | e:   0.300000 | Q:   0.129530 | won: True 
#   71 | steps:  4487 | steps_t:  4454 | t: 34.295275 | r:  -100.000000 | e:   0.300000 | Q:   0.129530 | won: True 
#   72 | steps:  4548 | steps_t:  4515 | t: 34.835460 | r:  -102.000000 | e:   0.300000 | Q:   0.129530 | won: True 
#   73 | steps:  4570 | steps_t:  4537 | t: 34.990800 | r:  -104.000000 | e:   0.300000 | Q:   0.129530 | won: True 
#   74 | steps:  4596 | steps_t:  4563 | t: 35.078364 | r:  -106.000000 | e:   0.300000 | Q:   0.129530 | won: True 
#   75 | steps:  4621 | steps_t:  4588 | t: 35.496096 | r:  -104.000000 | e:   0.300000 | Q:   0.129530 | won: True 
#   76 | steps:  4628 | steps_t:  4595 | t: 35.600478 | r:  -102.000000 | e:   0.300000 | Q:   0.129530 | won: True 
#   77 | steps:  4657 | steps_t:  4624 | t: 35.787675 | r:  -104.000000 | e:   0.300000 | Q:   0.129530 | won: True 
#   78 | steps:  4678 | steps_t:  4645 | t: 35.867323 | r:  -106.000000 | e:   0.300000 | Q:   0.129530 | won: True 
#   79 | steps:  4688 | steps_t:  4655 | t: 35.907571 | r:  -104.000000 | e:   0.300000 | Q:   0.129530 | won: True 
#   80 | steps:  4719 | steps_t:  4686 | t: 36.343246 | r:  -106.000000 | e:   0.300000 | Q:   0.129530 | won: True 
#   81 | steps:  4789 | steps_t:  4756 | t: 36.943247 | r:  -108.000000 | e:   0.300000 | Q:   0.129530 | won: True 
#   82 | steps:  4797 | steps_t:  4764 | t: 36.977632 | r:  -110.000000 | e:   0.300000 | Q:   0.129530 | won: True 
#   83 | steps:  4813 | steps_t:  4780 | t: 37.197640 | r:  -112.000000 | e:   0.300000 | Q:   0.129530 | won: True 
#   84 | steps:  4820 | steps_t:  4787 | t: 37.221095 | r:  -114.000000 | e:   0.300000 | Q:   0.129530 | won: True 
#   85 | steps:  4842 | steps_t:  4809 | t: 37.295702 | r:  -116.000000 | e:   0.300000 | Q:   0.129530 | won: True 
#   86 | steps:  4852 | steps_t:  4819 | t: 37.335114 | r:  -118.000000 | e:   0.300000 | Q:   0.129530 | won: True 
#   87 | steps:  4890 | steps_t:  4857 | t: 37.468554 | r:  -120.000000 | e:   0.300000 | Q:   0.129530 | won: True 
#   88 | steps:  4909 | steps_t:  4876 | t: 37.541147 | r:  -122.000000 | e:   0.300000 | Q:   0.129530 | won: True 
#   89 | steps:  4916 | steps_t:  4883 | t: 37.570204 | r:  -124.000000 | e:   0.300000 | Q:   0.129530 | won: True 
#   90 | steps:  4931 | steps_t:  4898 | t: 37.741122 | r:  -126.000000 | e:   0.300000 | Q:   0.129530 | won: True 
#   91 | steps:  4945 | steps_t:  4912 | t: 38.010895 | r:  -128.000000 | e:   0.300000 | Q:   0.129530 | won: True 
#   92 | steps:  4955 | steps_t:  4922 | t: 38.063652 | r:  -130.000000 | e:   0.300000 | Q:   0.129530 | won: True 
#   93 | steps:  4966 | steps_t:  4933 | t: 38.106577 | r:  -132.000000 | e:   0.300000 | Q:   0.129530 | won: True 
#   94 | steps:  5258 | steps_t:  5225 | t: 40.799224 | r:  -130.000000 | e:   0.300000 | Q:   0.129530 | won: True 
#   95 | steps:  5274 | steps_t:  5241 | t: 40.932424 | r:  -132.000000 | e:   0.300000 | Q:   0.129530 | won: True 
#   96 | steps:  5300 | steps_t:  5267 | t: 41.031871 | r:  -134.000000 | e:   0.300000 | Q:   0.129530 | won: True 
#   97 | steps:  5350 | steps_t:  5317 | t: 41.690149 | r:  -132.000000 | e:   0.300000 | Q:   0.129530 | won: True 
#   98 | steps:  5357 | steps_t:  5324 | t: 41.712742 | r:  -134.000000 | e:   0.300000 | Q:   0.129530 | won: True 
#   99 | steps:  5369 | steps_t:  5336 | t: 41.999988 | r:  -136.000000 | e:   0.300000 | Q:   0.129530 | won: True 
#  100 | steps:  5378 | steps_t:  5345 | t: 42.028401 | r:  -134.000000 | e:   0.300000 | Q:   0.129530 | won: True 
#  101 | steps:  5688 | steps_t:  5655 | t: 44.373435 | r:  -136.000000 | e:   0.300000 | Q:   0.129530 | won: True 
#  102 | steps:  6058 | steps_t:  6025 | t: 48.116982 | r:  -138.000000 | e:   0.300000 | Q:   0.129530 | won: True 
#  103 | steps:  6063 | steps_t:  6030 | t: 48.141447 | r:  -140.000000 | e:   0.300000 | Q:   0.129530 | won: True 
#  104 | steps:  6079 | steps_t:  6046 | t: 48.283236 | r:  -142.000000 | e:   0.300000 | Q:   0.129530 | won: True 
#  105 | steps:  6090 | steps_t:  6057 | t: 48.315484 | r:  -144.000000 | e:   0.300000 | Q:   0.129530 | won: True 
#  106 | steps:  6124 | steps_t:  6091 | t: 48.601733 | r:  -146.000000 | e:   0.300000 | Q:   0.129530 | won: True 
#  107 | steps:  6130 | steps_t:  6097 | t: 48.619723 | r:  -148.000000 | e:   0.300000 | Q:   0.129530 | won: True 
#  108 | steps:  6148 | steps_t:  6115 | t: 48.677642 | r:  -150.000000 | e:   0.300000 | Q:   0.129530 | won: True 
#  109 | steps:  6160 | steps_t:  6127 | t: 48.716441 | r:  -152.000000 | e:   0.300000 | Q:   0.129530 | won: True 
#  110 | steps:  6172 | steps_t:  6139 | t: 48.836134 | r:  -154.000000 | e:   0.300000 | Q:   0.129530 | won: True 
#  111 | steps:  6192 | steps_t:  6159 | t: 49.064425 | r:  -152.000000 | e:   0.300000 | Q:   0.129530 | won: True 
#  112 | steps:  6198 | steps_t:  6165 | t: 49.088127 | r:  -154.000000 | e:   0.300000 | Q:   0.129530 | won: True 
#  113 | steps:  6343 | steps_t:  6310 | t: 50.213064 | r:  -156.000000 | e:   0.300000 | Q:   0.129530 | won: True 
#  114 | steps:  6352 | steps_t:  6319 | t: 50.249167 | r:  -158.000000 | e:   0.300000 | Q:   0.129530 | won: True 
#  115 | steps:  6369 | steps_t:  6336 | t: 50.315332 | r:  -156.000000 | e:   0.300000 | Q:   0.129530 | won: True 
#  116 | steps:  6567 | steps_t:  6534 | t: 52.082063 | r:  -154.000000 | e:   0.300000 | Q:   0.129530 | won: True 
#  117 | steps:  6608 | steps_t:  6575 | t: 52.384451 | r:  -156.000000 | e:   0.300000 | Q:   0.129530 | won: True 
#  118 | steps:  6623 | steps_t:  6590 | t: 52.513233 | r:  -154.000000 | e:   0.300000 | Q:   0.129530 | won: True 
#  119 | steps:  6650 | steps_t:  6617 | t: 52.694226 | r:  -156.000000 | e:   0.300000 | Q:   0.129530 | won: True 
#  120 | steps:  6664 | steps_t:  6631 | t: 52.826346 | r:  -158.000000 | e:   0.300000 | Q:   0.129530 | won: True 
#  121 | steps:  6676 | steps_t:  6643 | t: 52.943983 | r:  -160.000000 | e:   0.300000 | Q:   0.129530 | won: True 
#  122 | steps:  6705 | steps_t:  6672 | t: 53.196258 | r:  -158.000000 | e:   0.300000 | Q:   0.129530 | won: True 
#  123 | steps:  6720 | steps_t:  6687 | t: 53.352410 | r:  -156.000000 | e:   0.300000 | Q:   0.129530 | won: True 
#  124 | steps:  6736 | steps_t:  6703 | t: 53.404541 | r:  -158.000000 | e:   0.300000 | Q:   0.129530 | won: True 
#  125 | steps:  6745 | steps_t:  6712 | t: 53.437889 | r:  -160.000000 | e:   0.300000 | Q:   0.129530 | won: True 
#  126 | steps:  6756 | steps_t:  6723 | t: 53.723039 | r:  -162.000000 | e:   0.300000 | Q:   0.129530 | won: True 
#  127 | steps:  6958 | steps_t:  6925 | t: 54.994476 | r:  -160.000000 | e:   0.300000 | Q:   0.129530 | won: True 
#  128 | steps:  6966 | steps_t:  6933 | t: 55.023906 | r:  -162.000000 | e:   0.300000 | Q:   0.129530 | won: True 
#  129 | steps:  6975 | steps_t:  6942 | t: 55.147804 | r:  -160.000000 | e:   0.300000 | Q:   0.129530 | won: True 
#  130 | steps:  6995 | steps_t:  6962 | t: 55.368069 | r:  -162.000000 | e:   0.300000 | Q:   0.129530 | won: True 
#  131 | steps:  7032 | steps_t:  6999 | t: 55.646752 | r:  -164.000000 | e:   0.300000 | Q:   0.129530 | won: True 
#  132 | steps:  7050 | steps_t:  7017 | t: 55.782499 | r:  -166.000000 | e:   0.300000 | Q:   0.129530 | won: True 
#  133 | steps:  7075 | steps_t:  7042 | t: 56.106580 | r:  -168.000000 | e:   0.300000 | Q:   0.129530 | won: True 
#  134 | steps:  7091 | steps_t:  7058 | t: 56.153293 | r:  -170.000000 | e:   0.300000 | Q:   0.129530 | won: True 
#  135 | steps:  7100 | steps_t:  7067 | t: 56.259545 | r:  -172.000000 | e:   0.300000 | Q:   0.129530 | won: True 
#  136 | steps:  7108 | steps_t:  7075 | t: 56.286230 | r:  -174.000000 | e:   0.300000 | Q:   0.129530 | won: True 
#  137 | steps:  7115 | steps_t:  7082 | t: 56.392116 | r:  -176.000000 | e:   0.300000 | Q:   0.129530 | won: True 
#  138 | steps:  7125 | steps_t:  7092 | t: 56.438531 | r:  -178.000000 | e:   0.300000 | Q:   0.129530 | won: True 
#  139 | steps:  7145 | steps_t:  7112 | t: 56.763939 | r:  -180.000000 | e:   0.300000 | Q:   0.129530 | won: True 
#  140 | steps:  7170 | steps_t:  7137 | t: 56.918627 | r:  -182.000000 | e:   0.300000 | Q:   0.129530 | won: True 
#  141 | steps:  7177 | steps_t:  7144 | t: 56.939534 | r:  -184.000000 | e:   0.300000 | Q:   0.129530 | won: True 
#  142 | steps:  7189 | steps_t:  7156 | t: 56.980350 | r:  -186.000000 | e:   0.300000 | Q:   0.129530 | won: True 
#  143 | steps:  7206 | steps_t:  7173 | t: 57.375321 | r:  -188.000000 | e:   0.300000 | Q:   0.129530 | won: True 
#  144 | steps:  7233 | steps_t:  7200 | t: 57.462145 | r:  -190.000000 | e:   0.300000 | Q:   0.129530 | won: True 
#  145 | steps:  7247 | steps_t:  7214 | t: 57.675721 | r:  -192.000000 | e:   0.300000 | Q:   0.129530 | won: True 
#  146 | steps:  7265 | steps_t:  7232 | t: 57.831142 | r:  -194.000000 | e:   0.300000 | Q:   0.129530 | won: True 
#  147 | steps:  7275 | steps_t:  7242 | t: 57.862045 | r:  -196.000000 | e:   0.300000 | Q:   0.129530 | won: True 
#  148 | steps:  7287 | steps_t:  7254 | t: 57.988853 | r:  -198.000000 | e:   0.300000 | Q:   0.129530 | won: True 
#  149 | steps:  7293 | steps_t:  7260 | t: 58.088036 | r:  -200.000000 | e:   0.300000 | Q:   0.129530 | won: True 
#  150 | steps:  7298 | steps_t:  7265 | t: 58.104533 | r:  -202.000000 | e:   0.300000 | Q:   0.129530 | won: True 
#  151 | steps:  7308 | steps_t:  7275 | t: 58.144052 | r:  -204.000000 | e:   0.300000 | Q:   0.129530 | won: True 
#  152 | steps:  7325 | steps_t:  7292 | t: 58.200048 | r:  -202.000000 | e:   0.300000 | Q:   0.129530 | won: True 
#  153 | steps:  7346 | steps_t:  7313 | t: 58.353654 | r:  -200.000000 | e:   0.300000 | Q:   0.129530 | won: True 
#  154 | steps:  7375 | steps_t:  7342 | t: 58.455265 | r:  -198.000000 | e:   0.300000 | Q:   0.129530 | won: True 
#  155 | steps:  7387 | steps_t:  7354 | t: 58.576725 | r:  -200.000000 | e:   0.300000 | Q:   0.129530 | won: True 
#  156 | steps:  7402 | steps_t:  7369 | t: 58.707817 | r:  -198.000000 | e:   0.300000 | Q:   0.129530 | won: True 
#  157 | steps:  7423 | steps_t:  7390 | t: 59.029099 | r:  -200.000000 | e:   0.300000 | Q:   0.129530 | won: True 
#  158 | steps:  7430 | steps_t:  7397 | t: 59.133819 | r:  -202.000000 | e:   0.300000 | Q:   0.129530 | won: True 
#  159 | steps:  7442 | steps_t:  7409 | t: 59.179683 | r:  -204.000000 | e:   0.300000 | Q:   0.129530 | won: True 
#  160 | steps:  7449 | steps_t:  7416 | t: 59.203516 | r:  -202.000000 | e:   0.300000 | Q:   0.129530 | won: True 
#  161 | steps:  7504 | steps_t:  7471 | t: 59.553289 | r:  -200.000000 | e:   0.300000 | Q:   0.129530 | won: True 
#  162 | steps:  7520 | steps_t:  7487 | t: 59.623834 | r:  -202.000000 | e:   0.300000 | Q:   0.129530 | won: True 
#  163 | steps:  7537 | steps_t:  7504 | t: 59.844346 | r:  -204.000000 | e:   0.300000 | Q:   0.129530 | won: True 
#  164 | steps:  7557 | steps_t:  7524 | t: 59.986542 | r:  -206.000000 | e:   0.300000 | Q:   0.129530 | won: True 
#  165 | steps:  7570 | steps_t:  7537 | t: 60.028175 | r:  -208.000000 | e:   0.300000 | Q:   0.129530 | won: True 
#  166 | steps:  7575 | steps_t:  7542 | t: 60.132511 | r:  -210.000000 | e:   0.300000 | Q:   0.129530 | won: True 
#  167 | steps:  7583 | steps_t:  7550 | t: 60.242253 | r:  -212.000000 | e:   0.300000 | Q:   0.129530 | won: True 
#  168 | steps:  7593 | steps_t:  7560 | t: 60.274642 | r:  -214.000000 | e:   0.300000 | Q:   0.129530 | won: True 
#  169 | steps:  7601 | steps_t:  7568 | t: 60.301511 | r:  -212.000000 | e:   0.300000 | Q:   0.129530 | won: True 
#  170 | steps:  7632 | steps_t:  7599 | t: 60.478319 | r:  -214.000000 | e:   0.300000 | Q:   0.129530 | won: True 
#  171 | steps:  8103 | steps_t:  8070 | t: 63.766082 | r:  -216.000000 | e:   0.300000 | Q:   0.129530 | won: True 
#  172 | steps:  8114 | steps_t:  8081 | t: 63.807771 | r:  -218.000000 | e:   0.300000 | Q:   0.129530 | won: True 
#  173 | steps:  8143 | steps_t:  8110 | t: 64.061135 | r:  -220.000000 | e:   0.300000 | Q:   0.129530 | won: True 
#  174 | steps:  8149 | steps_t:  8116 | t: 64.158997 | r:  -222.000000 | e:   0.300000 | Q:   0.129530 | won: True 
#  175 | steps:  8186 | steps_t:  8153 | t: 64.287369 | r:  -224.000000 | e:   0.300000 | Q:   0.129530 | won: True 
#  176 | steps:  8301 | steps_t:  8268 | t: 64.804553 | r:  -226.000000 | e:   0.300000 | Q:   0.129530 | won: True 
#  177 | steps:  8306 | steps_t:  8273 | t: 64.819804 | r:  -228.000000 | e:   0.300000 | Q:   0.129530 | won: True 
#  178 | steps:  8312 | steps_t:  8279 | t: 64.924678 | r:  -230.000000 | e:   0.300000 | Q:   0.129530 | won: True 
#  179 | steps:  8324 | steps_t:  8291 | t: 65.297436 | r:  -228.000000 | e:   0.300000 | Q:   0.129530 | won: True 
#  180 | steps:  8332 | steps_t:  8299 | t: 65.322204 | r:  -230.000000 | e:   0.300000 | Q:   0.129530 | won: True 
#  181 | steps:  8337 | steps_t:  8304 | t: 65.338938 | r:  -232.000000 | e:   0.300000 | Q:   0.129530 | won: True 
#  182 | steps:  8346 | steps_t:  8313 | t: 65.449206 | r:  -234.000000 | e:   0.300000 | Q:   0.129530 | won: True 
#  183 | steps:  8358 | steps_t:  8325 | t: 65.573255 | r:  -236.000000 | e:   0.300000 | Q:   0.129530 | won: True 
#  184 | steps:  8382 | steps_t:  8349 | t: 65.730119 | r:  -234.000000 | e:   0.300000 | Q:   0.129530 | won: True 
#  185 | steps:  8400 | steps_t:  8367 | t: 65.786480 | r:  -236.000000 | e:   0.300000 | Q:   0.129530 | won: True 
#  186 | steps:  8405 | steps_t:  8372 | t: 65.807123 | r:  -238.000000 | e:   0.300000 | Q:   0.129530 | won: True 
#  187 | steps:  8413 | steps_t:  8380 | t: 65.835519 | r:  -240.000000 | e:   0.300000 | Q:   0.129530 | won: True 
#  188 | steps:  8418 | steps_t:  8385 | t: 65.853072 | r:  -242.000000 | e:   0.300000 | Q:   0.129530 | won: True 
#  189 | steps:  8423 | steps_t:  8390 | t: 66.117909 | r:  -244.000000 | e:   0.300000 | Q:   0.129530 | won: True 
#  190 | steps:  8458 | steps_t:  8425 | t: 66.402532 | r:  -246.000000 | e:   0.300000 | Q:   0.129530 | won: True 
#  191 | steps:  8467 | steps_t:  8434 | t: 66.429544 | r:  -248.000000 | e:   0.300000 | Q:   0.129530 | won: True 
#  192 | steps:  8474 | steps_t:  8441 | t: 66.538279 | r:  -250.000000 | e:   0.300000 | Q:   0.129530 | won: True 
#  193 | steps:  8481 | steps_t:  8448 | t: 66.561642 | r:  -252.000000 | e:   0.300000 | Q:   0.129530 | won: True 
#  194 | steps:  8495 | steps_t:  8462 | t: 66.602188 | r:  -254.000000 | e:   0.300000 | Q:   0.129530 | won: True 
#  195 | steps:  8509 | steps_t:  8476 | t: 66.654486 | r:  -256.000000 | e:   0.300000 | Q:   0.129530 | won: True 
#  196 | steps:  8521 | steps_t:  8488 | t: 66.696184 | r:  -258.000000 | e:   0.300000 | Q:   0.129530 | won: True 
#  197 | steps:  8543 | steps_t:  8510 | t: 66.852352 | r:  -256.000000 | e:   0.300000 | Q:   0.129530 | won: True 
#  198 | steps:  8552 | steps_t:  8519 | t: 66.885370 | r:  -258.000000 | e:   0.300000 | Q:   0.129530 | won: True 
#  199 | steps:  8589 | steps_t:  8556 | t: 67.175068 | r:  -260.000000 | e:   0.300000 | Q:   0.129530 | won: True 
#  200 | steps:  9156 | steps_t:  9123 | t: 71.397279 | r:  -262.000000 | e:   0.300000 | Q:   0.129530 | won: True 
#  201 | steps:  9310 | steps_t:  9277 | t: 72.458529 | r:  -260.000000 | e:   0.300000 | Q:   0.129530 | won: True 
#  202 | steps:  9320 | steps_t:  9287 | t: 72.572631 | r:  -262.000000 | e:   0.300000 | Q:   0.129530 | won: True 
#  203 | steps:  9370 | steps_t:  9337 | t: 72.988053 | r:  -264.000000 | e:   0.300000 | Q:   0.129530 | won: True 
#  204 | steps:  9398 | steps_t:  9365 | t: 73.077351 | r:  -262.000000 | e:   0.300000 | Q:   0.129530 | won: True 
#  205 | steps:  9418 | steps_t:  9385 | t: 73.393655 | r:  -264.000000 | e:   0.300000 | Q:   0.129530 | won: True 
#  206 | steps:  9458 | steps_t:  9425 | t: 73.599799 | r:  -262.000000 | e:   0.300000 | Q:   0.129530 | won: True 
#  207 | steps:  9631 | steps_t:  9598 | t: 74.803078 | r:  -260.000000 | e:   0.300000 | Q:   0.129530 | won: True 
#  208 | steps:  9863 | steps_t:  9830 | t: 76.697367 | r:  -258.000000 | e:   0.300000 | Q:   0.129530 | won: True 
#  209 | steps: 10001 | steps_t:  9968 | t: 77.718641 | r:  -256.000000 | e:   0.300000 | Q:   0.129530 | won: True 
#  210 | steps: 10243 | steps_t: 10210 | t: 79.156258 | r:  -258.000000 | e:   0.300000 | Q:   0.129530 | won: True 
#  211 | steps: 10251 | steps_t: 10218 | t: 79.273795 | r:  -260.000000 | e:   0.300000 | Q:   0.129530 | won: True 
#  212 | steps: 10261 | steps_t: 10228 | t: 79.306262 | r:  -262.000000 | e:   0.300000 | Q:   0.129530 | won: True 
#  213 | steps: 10276 | steps_t: 10243 | t: 79.353189 | r:  -264.000000 | e:   0.300000 | Q:   0.129530 | won: True 
#  214 | steps: 10284 | steps_t: 10251 | t: 79.379626 | r:  -266.000000 | e:   0.300000 | Q:   0.129530 | won: True 
#  215 | steps: 10296 | steps_t: 10263 | t: 79.413408 | r:  -268.000000 | e:   0.300000 | Q:   0.129530 | won: True 
#  216 | steps: 10303 | steps_t: 10270 | t: 79.435419 | r:  -270.000000 | e:   0.300000 | Q:   0.129530 | won: True 
#  217 | steps: 10383 | steps_t: 10350 | t: 79.942509 | r:  -272.000000 | e:   0.300000 | Q:   0.129530 | won: True 
#  218 | steps: 10435 | steps_t: 10402 | t: 80.263321 | r:  -274.000000 | e:   0.300000 | Q:   0.129530 | won: True 
#  219 | steps: 10441 | steps_t: 10408 | t: 80.364099 | r:  -276.000000 | e:   0.300000 | Q:   0.129530 | won: True 
#  220 | steps: 10447 | steps_t: 10414 | t: 80.384958 | r:  -278.000000 | e:   0.300000 | Q:   0.129530 | won: True 
#  221 | steps: 10456 | steps_t: 10423 | t: 80.491197 | r:  -280.000000 | e:   0.300000 | Q:   0.129530 | won: True 
#  222 | steps: 10463 | steps_t: 10430 | t: 80.602270 | r:  -282.000000 | e:   0.300000 | Q:   0.129530 | won: True 
#  223 | steps: 10479 | steps_t: 10446 | t: 80.907669 | r:  -284.000000 | e:   0.300000 | Q:   0.129530 | won: True 
#  224 | steps: 10507 | steps_t: 10474 | t: 81.175220 | r:  -286.000000 | e:   0.300000 | Q:   0.129530 | won: True 
#  225 | steps: 10520 | steps_t: 10487 | t: 81.220944 | r:  -288.000000 | e:   0.300000 | Q:   0.129530 | won: True 
#  226 | steps: 10525 | steps_t: 10492 | t: 81.237898 | r:  -290.000000 | e:   0.300000 | Q:   0.129530 | won: True 
#  227 | steps: 10539 | steps_t: 10506 | t: 81.368014 | r:  -288.000000 | e:   0.300000 | Q:   0.129530 | won: True 
#  228 | steps: 10545 | steps_t: 10512 | t: 81.386419 | r:  -290.000000 | e:   0.300000 | Q:   0.129530 | won: True 
#  229 | steps: 10599 | steps_t: 10566 | t: 81.726388 | r:  -288.000000 | e:   0.300000 | Q:   0.129530 | won: True 
#  230 | steps: 10605 | steps_t: 10572 | t: 81.749400 | r:  -286.000000 | e:   0.300000 | Q:   0.129530 | won: True 
#  231 | steps: 10621 | steps_t: 10588 | t: 81.802578 | r:  -284.000000 | e:   0.300000 | Q:   0.129530 | won: True 
#  232 | steps: 10627 | steps_t: 10594 | t: 81.821512 | r:  -286.000000 | e:   0.300000 | Q:   0.129530 | won: True 
#  233 | steps: 10639 | steps_t: 10606 | t: 81.859654 | r:  -288.000000 | e:   0.300000 | Q:   0.129530 | won: True 
#  234 | steps: 10853 | steps_t: 10820 | t: 83.328605 | r:  -286.000000 | e:   0.300000 | Q:   0.129530 | won: True 
#  235 | steps: 10900 | steps_t: 10867 | t: 83.900245 | r:  -284.000000 | e:   0.300000 | Q:   0.129530 | won: True 
#  236 | steps: 11179 | steps_t: 11146 | t: 86.148474 | r:  -282.000000 | e:   0.300000 | Q:   0.129530 | won: True 
#  237 | steps: 11196 | steps_t: 11163 | t: 86.383496 | r:  -284.000000 | e:   0.300000 | Q:   0.129530 | won: True 
#  238 | steps: 11440 | steps_t: 11407 | t: 88.031238 | r:  -282.000000 | e:   0.300000 | Q:   0.129530 | won: True 
#  239 | steps: 11445 | steps_t: 11412 | t: 88.048285 | r:  -284.000000 | e:   0.300000 | Q:   0.129530 | won: True 
