#    1 | steps:    15 | steps_t:     0 | t: 0.001563 | r:     2.000000 | e:   1.000000 | Q:        nan | won: True 
#    1 | steps:    49 | steps_t:    16 | t: 0.316662 | r:     4.000000 | e:   0.831579 | Q:   0.119792 | won: True 
#    1 | steps:    61 | steps_t:    28 | t: 0.448214 | r:     6.000000 | e:   0.705263 | Q:   0.147931 | won: True 
#    1 | steps:    70 | steps_t:    37 | t: 0.479199 | r:     4.000000 | e:   0.610526 | Q:   0.183004 | won: True 
#    1 | steps:    87 | steps_t:    54 | t: 0.618691 | r:     2.000000 | e:   0.431579 | Q:   0.222681 | won: True 
#    1 | steps:    95 | steps_t:    62 | t: 0.728084 | r:     4.000000 | e:   0.347368 | Q:   0.268580 | won: True 
#    1 | steps:   120 | steps_t:    87 | t: 0.970925 | r:     2.000000 | e:   0.300000 | Q:   0.371977 | won: True 
#    1 | steps:   133 | steps_t:   100 | t: 1.091572 | r:     0.000000 | e:   0.300000 | Q:   0.421366 | won: True 
#    1 | steps:   140 | steps_t:   107 | t: 1.201887 | r:    -2.000000 | e:   0.300000 | Q:   0.443470 | won: True 
#    1 | steps:   145 | steps_t:   112 | t: 1.223598 | r:    -4.000000 | e:   0.300000 | Q:   0.443470 | won: True 
#    1 | steps:   153 | steps_t:   120 | t: 1.420270 | r:    -6.000000 | e:   0.300000 | Q:   0.443470 | won: True 
#    1 | steps:   164 | steps_t:   131 | t: 1.458097 | r:    -8.000000 | e:   0.300000 | Q:   0.443470 | won: True 
#    1 | steps:   173 | steps_t:   140 | t: 1.567348 | r:    -6.000000 | e:   0.300000 | Q:   0.443470 | won: True 
#    1 | steps:   178 | steps_t:   145 | t: 1.585809 | r:    -4.000000 | e:   0.300000 | Q:   0.443470 | won: True 
#    1 | steps:   193 | steps_t:   160 | t: 1.807882 | r:    -2.000000 | e:   0.300000 | Q:   0.443470 | won: True 
#    1 | steps:   198 | steps_t:   165 | t: 1.908031 | r:    -4.000000 | e:   0.300000 | Q:   0.443470 | won: True 
#    1 | steps:   207 | steps_t:   174 | t: 1.936230 | r:    -6.000000 | e:   0.300000 | Q:   0.443470 | won: True 
#    1 | steps:   211 | steps_t:   178 | t: 1.947806 | r:    -8.000000 | e:   0.300000 | Q:   0.443470 | won: True 
#    1 | steps:   224 | steps_t:   191 | t: 1.985881 | r:   -10.000000 | e:   0.300000 | Q:   0.443470 | won: True 
#    1 | steps:   241 | steps_t:   208 | t: 2.131215 | r:   -12.000000 | e:   0.300000 | Q:   0.443470 | won: True 
#    1 | steps:   278 | steps_t:   245 | t: 2.425855 | r:   -14.000000 | e:   0.300000 | Q:   0.443470 | won: True 
#    1 | steps:   290 | steps_t:   257 | t: 2.563975 | r:   -16.000000 | e:   0.300000 | Q:   0.443470 | won: True 
#    1 | steps:   350 | steps_t:   317 | t: 2.943517 | r:   -18.000000 | e:   0.300000 | Q:   0.443470 | won: True 
#    1 | steps:   386 | steps_t:   353 | t: 3.146948 | r:   -20.000000 | e:   0.300000 | Q:   0.443470 | won: True 
#    1 | steps:   404 | steps_t:   371 | t: 3.288059 | r:   -22.000000 | e:   0.300000 | Q:   0.443470 | won: True 
#    1 | steps:   450 | steps_t:   417 | t: 3.678725 | r:   -24.000000 | e:   0.300000 | Q:   0.443470 | won: True 
#    1 | steps:   518 | steps_t:   485 | t: 4.053849 | r:   -26.000000 | e:   0.300000 | Q:   0.443470 | won: True 
#    1 | steps:   543 | steps_t:   510 | t: 4.305969 | r:   -28.000000 | e:   0.300000 | Q:   0.443470 | won: True 
#    1 | steps:   584 | steps_t:   551 | t: 4.594832 | r:   -30.000000 | e:   0.300000 | Q:   0.443470 | won: True 
#    1 | steps:   601 | steps_t:   568 | t: 4.648120 | r:   -32.000000 | e:   0.300000 | Q:   0.443470 | won: True 
#    1 | steps:   662 | steps_t:   629 | t: 5.016996 | r:   -34.000000 | e:   0.300000 | Q:   0.443470 | won: True 
#    1 | steps:   720 | steps_t:   687 | t: 5.521934 | r:   -36.000000 | e:   0.300000 | Q:   0.443470 | won: True 
#    1 | steps:   795 | steps_t:   762 | t: 6.212784 | r:   -38.000000 | e:   0.300000 | Q:   0.443470 | won: True 
#    1 | steps:   816 | steps_t:   783 | t: 6.402070 | r:   -40.000000 | e:   0.300000 | Q:   0.443470 | won: True 
#    1 | steps:   860 | steps_t:   827 | t: 7.002056 | r:   -42.000000 | e:   0.300000 | Q:   0.443470 | won: True 
#    1 | steps:   874 | steps_t:   841 | t: 7.052915 | r:   -44.000000 | e:   0.300000 | Q:   0.443470 | won: True 
#    1 | steps:  1023 | steps_t:   990 | t: 8.612055 | r:   -46.000000 | e:   0.300000 | Q:   0.443470 | won: True 
#    1 | steps:  1104 | steps_t:  1071 | t: 9.131388 | r:   -48.000000 | e:   0.300000 | Q:   0.443470 | won: True 
#    1 | steps:  1112 | steps_t:  1079 | t: 9.241582 | r:   -50.000000 | e:   0.300000 | Q:   0.443470 | won: True 
#    1 | steps:  1327 | steps_t:  1294 | t: 10.831990 | r:   -52.000000 | e:   0.300000 | Q:   0.443470 | won: True 
#    1 | steps:  1343 | steps_t:  1310 | t: 10.884705 | r:   -54.000000 | e:   0.300000 | Q:   0.443470 | won: True 
#    1 | steps:  1396 | steps_t:  1363 | t: 11.149322 | r:   -56.000000 | e:   0.300000 | Q:   0.443470 | won: True 
#    1 | steps:  1451 | steps_t:  1418 | t: 11.330255 | r:   -54.000000 | e:   0.300000 | Q:   0.443470 | won: True 
#    1 | steps:  1483 | steps_t:  1450 | t: 11.531743 | r:   -56.000000 | e:   0.300000 | Q:   0.443470 | won: True 
#    1 | steps:  1504 | steps_t:  1471 | t: 11.769142 | r:   -58.000000 | e:   0.300000 | Q:   0.443470 | won: True 
#    1 | steps:  1665 | steps_t:  1632 | t: 13.064456 | r:   -60.000000 | e:   0.300000 | Q:   0.443470 | won: True 
#    1 | steps:  1715 | steps_t:  1682 | t: 13.227714 | r:   -62.000000 | e:   0.300000 | Q:   0.443470 | won: True 
#    1 | steps:  1756 | steps_t:  1723 | t: 13.364942 | r:   -64.000000 | e:   0.300000 | Q:   0.443470 | won: True 
#    1 | steps:  1883 | steps_t:  1850 | t: 14.202491 | r:   -62.000000 | e:   0.300000 | Q:   0.443470 | won: True 
#    1 | steps:  1921 | steps_t:  1888 | t: 14.406926 | r:   -64.000000 | e:   0.300000 | Q:   0.443470 | won: True 
#    1 | steps:  1936 | steps_t:  1903 | t: 14.533795 | r:   -66.000000 | e:   0.300000 | Q:   0.443470 | won: True 
#    1 | steps:  2028 | steps_t:  1995 | t: 15.324009 | r:   -68.000000 | e:   0.300000 | Q:   0.443470 | won: True 
#    1 | steps:  2081 | steps_t:  2048 | t: 16.042051 | r:   -70.000000 | e:   0.300000 | Q:   0.443470 | won: True 
#    1 | steps:  2135 | steps_t:  2102 | t: 16.424919 | r:   -72.000000 | e:   0.300000 | Q:   0.443470 | won: True 
#    1 | steps:  2147 | steps_t:  2114 | t: 16.469385 | r:   -74.000000 | e:   0.300000 | Q:   0.443470 | won: True 
