#    1 | steps:    18 | steps_t:     0 | t: 0.001900 | r:    -2.000000 | e:   1.000000 | Q:        nan | won: True 
#    1 | steps:    30 | steps_t:     0 | t: 0.003424 | r:     0.000000 | e:   1.000000 | Q:        nan | won: True 
#    1 | steps:    49 | steps_t:    16 | t: 0.327786 | r:    -2.000000 | e:   0.831579 | Q:   0.096255 | won: True 
#    1 | steps:    57 | steps_t:    24 | t: 0.435545 | r:    -4.000000 | e:   0.747368 | Q:   0.102099 | won: True 
#    1 | steps:   283 | steps_t:   250 | t: 2.137610 | r:    -6.000000 | e:   0.300000 | Q:   0.102099 | won: True 
#    1 | steps:   293 | steps_t:   260 | t: 2.249489 | r:    -8.000000 | e:   0.300000 | Q:   0.102099 | won: True 
#    1 | steps:   322 | steps_t:   289 | t: 2.520711 | r:   -10.000000 | e:   0.300000 | Q:   0.102099 | won: True 
#    1 | steps:   545 | steps_t:   512 | t: 3.983263 | r:   -12.000000 | e:   0.300000 | Q:   0.102099 | won: True 
#    1 | steps:   686 | steps_t:   653 | t: 5.167909 | r:   -14.000000 | e:   0.300000 | Q:   0.102099 | won: True 
#    1 | steps:   711 | steps_t:   678 | t: 5.333516 | r:   -16.000000 | e:   0.300000 | Q:   0.102099 | won: True 
#    1 | steps:   781 | steps_t:   748 | t: 6.474724 | r:   -18.000000 | e:   0.300000 | Q:   0.102099 | won: True 
#    1 | steps:   988 | steps_t:   955 | t: 8.015882 | r:   -20.000000 | e:   0.300000 | Q:   0.102099 | won: True 
#    1 | steps:  1190 | steps_t:  1157 | t: 9.377579 | r:   -22.000000 | e:   0.300000 | Q:   0.102099 | won: True 
#    1 | steps:  1264 | steps_t:  1231 | t: 9.697724 | r:   -24.000000 | e:   0.300000 | Q:   0.102099 | won: True 
#    1 | steps:  1364 | steps_t:  1331 | t: 10.842224 | r:   -26.000000 | e:   0.300000 | Q:   0.102099 | won: True 
#    1 | steps:  1437 | steps_t:  1404 | t: 11.408057 | r:   -28.000000 | e:   0.300000 | Q:   0.102099 | won: True 
#    1 | steps:  1582 | steps_t:  1549 | t: 12.134421 | r:   -30.000000 | e:   0.300000 | Q:   0.129882 | won: True 
#    1 | steps:  1609 | steps_t:  1576 | t: 12.394992 | r:   -32.000000 | e:   0.300000 | Q:   0.129882 | won: True 
#    1 | steps:  2028 | steps_t:  1995 | t: 15.930349 | r:   -34.000000 | e:   0.300000 | Q:   0.192662 | won: True 
#    1 | steps:  2072 | steps_t:  2039 | t: 16.327964 | r:   -32.000000 | e:   0.300000 | Q:   0.192662 | won: True 
#    1 | steps:  2349 | steps_t:  2316 | t: 18.250868 | r:   -34.000000 | e:   0.300000 | Q:   0.192662 | won: True 
#    1 | steps:  2358 | steps_t:  2325 | t: 18.284771 | r:   -32.000000 | e:   0.300000 | Q:   0.192662 | won: True 
#    1 | steps:  2466 | steps_t:  2433 | t: 18.986477 | r:   -30.000000 | e:   0.300000 | Q:   0.192662 | won: True 
#    1 | steps:  2562 | steps_t:  2529 | t: 19.872602 | r:   -28.000000 | e:   0.300000 | Q:   0.192662 | won: True 
#    1 | steps:  2817 | steps_t:  2784 | t: 21.517239 | r:   -26.000000 | e:   0.300000 | Q:   0.265090 | won: True 
#    1 | steps:  2825 | steps_t:  2792 | t: 21.738837 | r:   -28.000000 | e:   0.300000 | Q:   0.265090 | won: True 
#    1 | steps:  2853 | steps_t:  2820 | t: 22.067614 | r:   -26.000000 | e:   0.300000 | Q:   0.280740 | won: True 
#    1 | steps:  2869 | steps_t:  2836 | t: 22.254188 | r:   -24.000000 | e:   0.300000 | Q:   0.307502 | won: True 
#    1 | steps:  2918 | steps_t:  2885 | t: 22.706848 | r:   -22.000000 | e:   0.300000 | Q:   0.341204 | won: True 
#    1 | steps:  2947 | steps_t:  2914 | t: 22.897679 | r:   -20.000000 | e:   0.300000 | Q:   0.341204 | won: True 
#    1 | steps:  3034 | steps_t:  3001 | t: 23.415880 | r:   -18.000000 | e:   0.300000 | Q:   0.539464 | won: True 
#    1 | steps:  3067 | steps_t:  3034 | t: 23.714169 | r:   -20.000000 | e:   0.300000 | Q:   0.539464 | won: True 
#    1 | steps:  3158 | steps_t:  3125 | t: 24.254102 | r:   -18.000000 | e:   0.300000 | Q:   0.702966 | won: True 
#    1 | steps:  3167 | steps_t:  3134 | t: 24.283129 | r:   -16.000000 | e:   0.300000 | Q:   0.713322 | won: True 
#    1 | steps:  3190 | steps_t:  3157 | t: 24.611047 | r:   -14.000000 | e:   0.300000 | Q:   0.775024 | won: True 
#    1 | steps:  3211 | steps_t:  3178 | t: 24.757995 | r:   -12.000000 | e:   0.300000 | Q:   0.796413 | won: True 
#    1 | steps:  3226 | steps_t:  3193 | t: 24.888384 | r:   -10.000000 | e:   0.300000 | Q:   0.837679 | won: True 
#    1 | steps:  3240 | steps_t:  3207 | t: 25.024840 | r:    -8.000000 | e:   0.300000 | Q:   0.943918 | won: True 
#    1 | steps:  3245 | steps_t:  3212 | t: 25.041908 | r:    -6.000000 | e:   0.300000 | Q:   0.943918 | won: True 
#    1 | steps:  3254 | steps_t:  3221 | t: 25.072279 | r:    -4.000000 | e:   0.300000 | Q:   0.958796 | won: True 
#    1 | steps:  3267 | steps_t:  3234 | t: 25.124569 | r:    -2.000000 | e:   0.300000 | Q:   0.967532 | won: True 
#    1 | steps:  3277 | steps_t:  3244 | t: 25.168956 | r:     0.000000 | e:   0.300000 | Q:   0.967532 | won: True 
#    1 | steps:  3287 | steps_t:  3254 | t: 25.209687 | r:    -2.000000 | e:   0.300000 | Q:   0.967532 | won: True 
#    1 | steps:  3293 | steps_t:  3260 | t: 25.230845 | r:     0.000000 | e:   0.300000 | Q:   0.967532 | won: True 
#    1 | steps:  3299 | steps_t:  3266 | t: 25.334409 | r:     2.000000 | e:   0.300000 | Q:   1.098892 | won: True 
#    1 | steps:  3309 | steps_t:  3276 | t: 25.377105 | r:     4.000000 | e:   0.300000 | Q:   1.206033 | won: True 
#    1 | steps:  3329 | steps_t:  3296 | t: 25.456104 | r:     6.000000 | e:   0.300000 | Q:   1.350453 | won: True 
#    1 | steps:  3337 | steps_t:  3304 | t: 25.485859 | r:     8.000000 | e:   0.300000 | Q:   1.350453 | won: True 
#    1 | steps:  3344 | steps_t:  3311 | t: 25.590947 | r:    10.000000 | e:   0.300000 | Q:   1.350453 | won: True 
#    1 | steps:  3352 | steps_t:  3319 | t: 25.705285 | r:    12.000000 | e:   0.300000 | Q:   1.460516 | won: True 
#    1 | steps:  3363 | steps_t:  3330 | t: 25.826216 | r:    14.000000 | e:   0.300000 | Q:   1.569985 | won: True 
#    1 | steps:  3374 | steps_t:  3341 | t: 25.868150 | r:    16.000000 | e:   0.300000 | Q:   1.569985 | won: True 
#    1 | steps:  3379 | steps_t:  3346 | t: 25.888771 | r:    18.000000 | e:   0.300000 | Q:   1.615865 | won: True 
#    1 | steps:  3383 | steps_t:  3350 | t: 25.904989 | r:    16.000000 | e:   0.300000 | Q:   1.615865 | won: True 
#    1 | steps:  3390 | steps_t:  3357 | t: 25.930966 | r:    18.000000 | e:   0.300000 | Q:   1.706280 | won: True 
#    1 | steps:  3403 | steps_t:  3370 | t: 25.975066 | r:    20.000000 | e:   0.300000 | Q:   1.836857 | won: True 
#    1 | steps:  3416 | steps_t:  3383 | t: 26.018033 | r:    18.000000 | e:   0.300000 | Q:   1.849527 | won: True 
#    1 | steps:  3424 | steps_t:  3391 | t: 26.050587 | r:    20.000000 | e:   0.300000 | Q:   1.849527 | won: True 
#    1 | steps:  3434 | steps_t:  3401 | t: 26.094646 | r:    22.000000 | e:   0.300000 | Q:   1.965742 | won: True 
#    1 | steps:  3443 | steps_t:  3410 | t: 26.137727 | r:    24.000000 | e:   0.300000 | Q:   1.965742 | won: True 
#    1 | steps:  3452 | steps_t:  3419 | t: 26.351333 | r:    26.000000 | e:   0.300000 | Q:   1.965742 | won: True 
#    1 | steps:  3460 | steps_t:  3427 | t: 26.380351 | r:    28.000000 | e:   0.300000 | Q:   2.031088 | won: True 
#    1 | steps:  3466 | steps_t:  3433 | t: 26.487448 | r:    30.000000 | e:   0.300000 | Q:   2.031088 | won: True 
#    1 | steps:  3476 | steps_t:  3443 | t: 26.518591 | r:    32.000000 | e:   0.300000 | Q:   2.047040 | won: True 
#    1 | steps:  3481 | steps_t:  3448 | t: 26.536863 | r:    34.000000 | e:   0.300000 | Q:   2.070850 | won: True 
#    1 | steps:  3490 | steps_t:  3457 | t: 26.567016 | r:    36.000000 | e:   0.300000 | Q:   2.124954 | won: True 
#    1 | steps:  3499 | steps_t:  3466 | t: 26.691750 | r:    38.000000 | e:   0.300000 | Q:   2.172568 | won: True 
#    1 | steps:  3505 | steps_t:  3472 | t: 26.709498 | r:    40.000000 | e:   0.300000 | Q:   2.172568 | won: True 
#    1 | steps:  3514 | steps_t:  3481 | t: 26.821997 | r:    42.000000 | e:   0.300000 | Q:   2.172568 | won: True 
#    1 | steps:  3525 | steps_t:  3492 | t: 27.037644 | r:    44.000000 | e:   0.300000 | Q:   2.178887 | won: True 
#    1 | steps:  3534 | steps_t:  3501 | t: 27.065858 | r:    46.000000 | e:   0.300000 | Q:   2.185355 | won: True 
#    1 | steps:  3538 | steps_t:  3505 | t: 27.083928 | r:    44.000000 | e:   0.300000 | Q:   2.185355 | won: True 
#    1 | steps:  3547 | steps_t:  3514 | t: 27.201290 | r:    46.000000 | e:   0.300000 | Q:   2.265716 | won: True 
#    1 | steps:  3556 | steps_t:  3523 | t: 27.400672 | r:    48.000000 | e:   0.300000 | Q:   2.265716 | won: True 
#    1 | steps:  3568 | steps_t:  3535 | t: 27.543676 | r:    46.000000 | e:   0.300000 | Q:   2.265716 | won: True 
#    1 | steps:  3577 | steps_t:  3544 | t: 27.683273 | r:    48.000000 | e:   0.300000 | Q:   2.292967 | won: True 
#    1 | steps:  3591 | steps_t:  3558 | t: 27.824603 | r:    50.000000 | e:   0.300000 | Q:   2.367865 | won: True 
#    1 | steps:  3606 | steps_t:  3573 | t: 27.871454 | r:    52.000000 | e:   0.300000 | Q:   2.433170 | won: True 
#    1 | steps:  3612 | steps_t:  3579 | t: 27.903425 | r:    54.000000 | e:   0.300000 | Q:   2.462813 | won: True 
#    1 | steps:  3617 | steps_t:  3584 | t: 27.931570 | r:    56.000000 | e:   0.300000 | Q:   2.462813 | won: True 
#    1 | steps:  3622 | steps_t:  3589 | t: 27.957367 | r:    54.000000 | e:   0.300000 | Q:   2.462813 | won: True 
#    1 | steps:  3630 | steps_t:  3597 | t: 28.112547 | r:    52.000000 | e:   0.300000 | Q:   2.462813 | won: True 
#    1 | steps:  3635 | steps_t:  3602 | t: 28.146326 | r:    54.000000 | e:   0.300000 | Q:   2.462813 | won: True 
#    1 | steps:  3644 | steps_t:  3611 | t: 28.211369 | r:    56.000000 | e:   0.300000 | Q:   2.462813 | won: True 
#    1 | steps:  3653 | steps_t:  3620 | t: 28.278020 | r:    58.000000 | e:   0.300000 | Q:   2.462813 | won: True 
#    1 | steps:  3666 | steps_t:  3633 | t: 28.362314 | r:    60.000000 | e:   0.300000 | Q:   2.501281 | won: True 
#    1 | steps:  3673 | steps_t:  3640 | t: 28.401093 | r:    62.000000 | e:   0.300000 | Q:   2.501281 | won: True 
#    1 | steps:  3681 | steps_t:  3648 | t: 28.609412 | r:    64.000000 | e:   0.300000 | Q:   2.501281 | won: True 
#    1 | steps:  3699 | steps_t:  3666 | t: 28.793948 | r:    62.000000 | e:   0.300000 | Q:   2.501281 | won: True 
#    1 | steps:  3710 | steps_t:  3677 | t: 28.942128 | r:    64.000000 | e:   0.300000 | Q:   2.501281 | won: True 
#    1 | steps:  3724 | steps_t:  3691 | t: 29.076132 | r:    66.000000 | e:   0.300000 | Q:   2.501281 | won: True 
#    1 | steps:  3734 | steps_t:  3701 | t: 29.313107 | r:    68.000000 | e:   0.300000 | Q:   2.501281 | won: True 
#    1 | steps:  3739 | steps_t:  3706 | t: 29.336105 | r:    70.000000 | e:   0.300000 | Q:   2.501281 | won: True 
#    1 | steps:  3744 | steps_t:  3711 | t: 29.434341 | r:    72.000000 | e:   0.300000 | Q:   2.501281 | won: True 
#    1 | steps:  3749 | steps_t:  3716 | t: 29.449454 | r:    70.000000 | e:   0.300000 | Q:   2.501281 | won: True 
#    1 | steps:  3754 | steps_t:  3721 | t: 29.466282 | r:    72.000000 | e:   0.300000 | Q:   2.501281 | won: True 
#    1 | steps:  3770 | steps_t:  3737 | t: 29.523208 | r:    70.000000 | e:   0.300000 | Q:   2.501281 | won: True 
#    1 | steps:  3776 | steps_t:  3743 | t: 29.653231 | r:    72.000000 | e:   0.300000 | Q:   2.501281 | won: True 
#    1 | steps:  3786 | steps_t:  3753 | t: 29.887001 | r:    74.000000 | e:   0.300000 | Q:   2.501281 | won: True 
#    1 | steps:  3793 | steps_t:  3760 | t: 29.997613 | r:    76.000000 | e:   0.300000 | Q:   2.501281 | won: True 
