#    2 | steps:    11 | steps_t:     0 | t: 0.087462 | r:    -1.000000 | e:   1.000000 | Q:        nan | won: True 
#    3 | steps:    41 | steps_t:     0 | t: 0.171442 | r:    -1.000000 | e:   1.000000 | Q:        nan | won: True 
#    4 | steps:   100 | steps_t:     0 | t: 0.343748 | r:     1.000000 | e:   1.000000 | Q:        nan | won: True 
#    5 | steps:   116 | steps_t:    15 | t: 0.399385 | r:     1.000000 | e:   0.999700 | Q:        nan | won: True 
#    6 | steps:   183 | steps_t:    82 | t: 0.696964 | r:     1.000000 | e:   0.998360 | Q:   0.097660 | won: True 
#    7 | steps:   197 | steps_t:    96 | t: 0.735047 | r:    -1.000000 | e:   0.998080 | Q:   0.097660 | won: True 
#    8 | steps:   237 | steps_t:   136 | t: 1.014784 | r:    -1.000000 | e:   0.997280 | Q:   0.097660 | won: True 
#    9 | steps:   259 | steps_t:   158 | t: 1.164543 | r:    -1.000000 | e:   0.996840 | Q:   0.097660 | won: True 
#   10 | steps:   312 | steps_t:   211 | t: 1.664862 | r:    -1.000000 | e:   0.995780 | Q:   0.097660 | won: True 
#   11 | steps:   332 | steps_t:   231 | t: 2.021261 | r:     1.000000 | e:   0.995380 | Q:   0.097660 | won: True 
#   12 | steps:   339 | steps_t:   238 | t: 2.125301 | r:    -1.000000 | e:   0.995240 | Q:   0.097660 | won: True 
#   13 | steps:   393 | steps_t:   292 | t: 2.714024 | r:    -1.000000 | e:   0.994160 | Q:   0.145270 | won: True 
#   14 | steps:   408 | steps_t:   307 | t: 2.757691 | r:     1.000000 | e:   0.993860 | Q:   0.145270 | won: True 
#   15 | steps:   461 | steps_t:   360 | t: 3.339088 | r:    -1.000000 | e:   0.992800 | Q:   0.145270 | won: True 
#   16 | steps:   513 | steps_t:   412 | t: 3.656387 | r:    -1.000000 | e:   0.991760 | Q:   0.145270 | won: True 
#   17 | steps:   574 | steps_t:   473 | t: 4.075932 | r:    -1.000000 | e:   0.990540 | Q:   0.145270 | won: True 
#   18 | steps:   654 | steps_t:   553 | t: 4.438553 | r:     1.000000 | e:   0.988940 | Q:   0.150218 | won: True 
#   19 | steps:   695 | steps_t:   594 | t: 4.731489 | r:    -1.000000 | e:   0.988120 | Q:   0.150218 | won: True 
#   20 | steps:   722 | steps_t:   621 | t: 4.970574 | r:     1.000000 | e:   0.987580 | Q:   0.150218 | won: True 
#   21 | steps:   790 | steps_t:   689 | t: 5.340163 | r:     1.000000 | e:   0.986220 | Q:   0.150218 | won: True 
#   22 | steps:   820 | steps_t:   719 | t: 5.509202 | r:    -1.000000 | e:   0.985620 | Q:   0.150218 | won: True 
#   23 | steps:   868 | steps_t:   767 | t: 5.732241 | r:     1.000000 | e:   0.984660 | Q:   0.150218 | won: True 
#   24 | steps:   886 | steps_t:   785 | t: 5.782729 | r:    -1.000000 | e:   0.984300 | Q:   0.150218 | won: True 
#   25 | steps:   908 | steps_t:   807 | t: 5.848654 | r:    -1.000000 | e:   0.983860 | Q:   0.150218 | won: True 
#   26 | steps:   969 | steps_t:   868 | t: 6.614388 | r:    -1.000000 | e:   0.982640 | Q:   0.150218 | won: True 
#   27 | steps:   981 | steps_t:   880 | t: 6.731298 | r:    -1.000000 | e:   0.982400 | Q:   0.150218 | won: True 
#   28 | steps:  1028 | steps_t:   927 | t: 7.118356 | r:    -1.000000 | e:   0.981460 | Q:   0.150218 | won: True 
#   29 | steps:  1107 | steps_t:  1006 | t: 8.073029 | r:    -1.000000 | e:   0.979880 | Q:   0.150218 | won: True 
#   30 | steps:  1178 | steps_t:  1077 | t: 8.695801 | r:    -1.000000 | e:   0.978460 | Q:   0.150218 | won: True 
#   31 | steps:  1185 | steps_t:  1084 | t: 8.716559 | r:    -1.000000 | e:   0.978320 | Q:   0.150218 | won: True 
#   32 | steps:  1213 | steps_t:  1112 | t: 8.808782 | r:    -1.000000 | e:   0.977760 | Q:   0.150218 | won: True 
#   33 | steps:  1264 | steps_t:  1163 | t: 9.035871 | r:     1.000000 | e:   0.976740 | Q:   0.150218 | won: True 
#   34 | steps:  1301 | steps_t:  1200 | t: 9.230345 | r:     1.000000 | e:   0.976000 | Q:   0.150218 | won: True 
#   35 | steps:  1336 | steps_t:  1235 | t: 9.429364 | r:    -1.000000 | e:   0.975300 | Q:   0.150218 | won: True 
#   36 | steps:  1380 | steps_t:  1279 | t: 9.742821 | r:     1.000000 | e:   0.974420 | Q:   0.150218 | won: True 
#   37 | steps:  1413 | steps_t:  1312 | t: 10.005576 | r:     1.000000 | e:   0.973760 | Q:   0.150218 | won: True 
#   38 | steps:  1446 | steps_t:  1345 | t: 10.516712 | r:    -1.000000 | e:   0.973100 | Q:   0.150218 | won: True 
#   39 | steps:  1469 | steps_t:  1368 | t: 10.677187 | r:    -1.000000 | e:   0.972640 | Q:   0.150218 | won: True 
#   40 | steps:  1481 | steps_t:  1380 | t: 10.710349 | r:    -1.000000 | e:   0.972400 | Q:   0.150218 | won: True 
#   41 | steps:  1528 | steps_t:  1427 | t: 10.929524 | r:    -1.000000 | e:   0.971460 | Q:   0.150218 | won: True 
#   42 | steps:  1557 | steps_t:  1456 | t: 11.096839 | r:    -1.000000 | e:   0.970880 | Q:   0.150218 | won: True 
#   43 | steps:  1576 | steps_t:  1475 | t: 11.405338 | r:    -1.000000 | e:   0.970500 | Q:   0.150218 | won: True 
#   44 | steps:  1589 | steps_t:  1488 | t: 11.443496 | r:     1.000000 | e:   0.970240 | Q:   0.150218 | won: True 
#   45 | steps:  1632 | steps_t:  1531 | t: 11.732974 | r:     1.000000 | e:   0.969380 | Q:   0.150218 | won: True 
#   46 | steps:  1640 | steps_t:  1539 | t: 11.760014 | r:    -1.000000 | e:   0.969220 | Q:   0.150218 | won: True 
#   47 | steps:  1655 | steps_t:  1554 | t: 11.812958 | r:     1.000000 | e:   0.968920 | Q:   0.150218 | won: True 
#   48 | steps:  1690 | steps_t:  1589 | t: 12.345714 | r:    -1.000000 | e:   0.968220 | Q:   0.150218 | won: True 
#   49 | steps:  1711 | steps_t:  1610 | t: 12.489599 | r:    -1.000000 | e:   0.967800 | Q:   0.150218 | won: True 
#   50 | steps:  1745 | steps_t:  1644 | t: 12.841080 | r:    -1.000000 | e:   0.967120 | Q:   0.150218 | won: True 
#   51 | steps:  1894 | steps_t:  1793 | t: 14.337220 | r:    -1.000000 | e:   0.964140 | Q:   0.150218 | won: True 
#   52 | steps:  1991 | steps_t:  1890 | t: 15.074334 | r:    -1.000000 | e:   0.962200 | Q:   0.150218 | won: True 
#   53 | steps:  2003 | steps_t:  1902 | t: 15.191326 | r:     1.000000 | e:   0.961960 | Q:   0.150218 | won: True 
#   54 | steps:  2018 | steps_t:  1917 | t: 15.334499 | r:     1.000000 | e:   0.961660 | Q:   0.150218 | won: True 
#   55 | steps:  2033 | steps_t:  1932 | t: 15.387774 | r:     1.000000 | e:   0.961360 | Q:   0.150218 | won: True 
#   56 | steps:  2045 | steps_t:  1944 | t: 15.508540 | r:    -1.000000 | e:   0.961120 | Q:   0.150218 | won: True 
#   57 | steps:  2109 | steps_t:  2008 | t: 16.041463 | r:     1.000000 | e:   0.959840 | Q:   0.150218 | won: True 
#   58 | steps:  2115 | steps_t:  2014 | t: 16.060089 | r:    -1.000000 | e:   0.959720 | Q:   0.150218 | won: True 
#   59 | steps:  2168 | steps_t:  2067 | t: 16.462029 | r:     1.000000 | e:   0.958660 | Q:   0.150218 | won: True 
#   60 | steps:  2189 | steps_t:  2088 | t: 16.683728 | r:    -1.000000 | e:   0.958240 | Q:   0.150218 | won: True 
#   61 | steps:  2270 | steps_t:  2169 | t: 17.251742 | r:    -1.000000 | e:   0.956620 | Q:   0.150218 | won: True 
#   62 | steps:  2309 | steps_t:  2208 | t: 17.621844 | r:    -1.000000 | e:   0.955840 | Q:   0.150218 | won: True 
#   63 | steps:  2357 | steps_t:  2256 | t: 18.104116 | r:    -1.000000 | e:   0.954880 | Q:   0.150218 | won: True 
#   64 | steps:  2387 | steps_t:  2286 | t: 18.547593 | r:    -1.000000 | e:   0.954280 | Q:   0.150218 | won: True 
#   65 | steps:  2440 | steps_t:  2339 | t: 18.860589 | r:    -1.000000 | e:   0.953220 | Q:   0.150218 | won: True 
#   66 | steps:  2462 | steps_t:  2361 | t: 18.920838 | r:    -1.000000 | e:   0.952780 | Q:   0.150218 | won: True 
#   67 | steps:  2506 | steps_t:  2405 | t: 19.137181 | r:    -1.000000 | e:   0.951900 | Q:   0.150218 | won: True 
#   68 | steps:  2520 | steps_t:  2419 | t: 19.344861 | r:    -1.000000 | e:   0.951620 | Q:   0.150218 | won: True 
#   69 | steps:  2536 | steps_t:  2435 | t: 19.563700 | r:    -1.000000 | e:   0.951300 | Q:   0.150218 | won: True 
#   70 | steps:  2562 | steps_t:  2461 | t: 19.641916 | r:    -1.000000 | e:   0.950780 | Q:   0.150218 | won: True 
#   71 | steps:  2595 | steps_t:  2494 | t: 19.994740 | r:     1.000000 | e:   0.950120 | Q:   0.150218 | won: True 
#   72 | steps:  2638 | steps_t:  2537 | t: 20.198488 | r:    -1.000000 | e:   0.949260 | Q:   0.150218 | won: True 
#   73 | steps:  2672 | steps_t:  2571 | t: 20.543811 | r:     1.000000 | e:   0.948580 | Q:   0.150218 | won: True 
#   74 | steps:  2703 | steps_t:  2602 | t: 20.802529 | r:     1.000000 | e:   0.947960 | Q:   0.150218 | won: True 
#   75 | steps:  2723 | steps_t:  2622 | t: 20.861043 | r:    -1.000000 | e:   0.947560 | Q:   0.150218 | won: True 
#   76 | steps:  2758 | steps_t:  2657 | t: 20.958852 | r:    -1.000000 | e:   0.946860 | Q:   0.150218 | won: True 
#   77 | steps:  2783 | steps_t:  2682 | t: 21.120334 | r:    -1.000000 | e:   0.946360 | Q:   0.150218 | won: True 
#   78 | steps:  2823 | steps_t:  2722 | t: 21.312065 | r:    -1.000000 | e:   0.945560 | Q:   0.150218 | won: True 
#   79 | steps:  2865 | steps_t:  2764 | t: 21.526888 | r:    -1.000000 | e:   0.944720 | Q:   0.150218 | won: True 
#   80 | steps:  2875 | steps_t:  2774 | t: 21.636139 | r:     1.000000 | e:   0.944520 | Q:   0.150218 | won: True 
#   81 | steps:  2951 | steps_t:  2850 | t: 22.361202 | r:     1.000000 | e:   0.943000 | Q:   0.150218 | won: True 
#   82 | steps:  2976 | steps_t:  2875 | t: 22.445038 | r:    -1.000000 | e:   0.942500 | Q:   0.150218 | won: True 
#   83 | steps:  3045 | steps_t:  2944 | t: 22.969859 | r:    -1.000000 | e:   0.941120 | Q:   0.150218 | won: True 
#   84 | steps:  3057 | steps_t:  2956 | t: 23.010586 | r:     1.000000 | e:   0.940880 | Q:   0.150218 | won: True 
#   85 | steps:  3118 | steps_t:  3017 | t: 23.520804 | r:    -1.000000 | e:   0.939660 | Q:   0.150218 | won: True 
#   86 | steps:  3157 | steps_t:  3056 | t: 23.888769 | r:    -1.000000 | e:   0.938880 | Q:   0.150218 | won: True 
#   87 | steps:  3214 | steps_t:  3113 | t: 24.318158 | r:    -1.000000 | e:   0.937740 | Q:   0.150218 | won: True 
#   88 | steps:  3223 | steps_t:  3122 | t: 24.341507 | r:     1.000000 | e:   0.937560 | Q:   0.150218 | won: True 
#   89 | steps:  3232 | steps_t:  3131 | t: 24.369598 | r:     1.000000 | e:   0.937380 | Q:   0.150218 | won: True 
#   90 | steps:  3272 | steps_t:  3171 | t: 24.665473 | r:    -1.000000 | e:   0.936580 | Q:   0.150218 | won: True 
#   91 | steps:  3335 | steps_t:  3234 | t: 25.100728 | r:     1.000000 | e:   0.935320 | Q:   0.150218 | won: True 
#   92 | steps:  3363 | steps_t:  3262 | t: 25.182985 | r:     1.000000 | e:   0.934760 | Q:   0.150218 | won: True 
#   93 | steps:  3402 | steps_t:  3301 | t: 25.305485 | r:    -1.000000 | e:   0.933980 | Q:   0.150218 | won: True 
#   94 | steps:  3455 | steps_t:  3354 | t: 25.569264 | r:     1.000000 | e:   0.932920 | Q:   0.150218 | won: True 
#   95 | steps:  3491 | steps_t:  3390 | t: 26.010168 | r:    -1.000000 | e:   0.932200 | Q:   0.150218 | won: True 
#   96 | steps:  3509 | steps_t:  3408 | t: 26.064104 | r:     1.000000 | e:   0.931840 | Q:   0.150218 | won: True 
#   97 | steps:  3577 | steps_t:  3476 | t: 26.682755 | r:    -1.000000 | e:   0.930480 | Q:   0.150218 | won: True 
#   98 | steps:  3589 | steps_t:  3488 | t: 26.720803 | r:    -1.000000 | e:   0.930240 | Q:   0.150218 | won: True 
#   99 | steps:  3659 | steps_t:  3558 | t: 27.079618 | r:     1.000000 | e:   0.928840 | Q:   0.150218 | won: True 
#  100 | steps:  3702 | steps_t:  3601 | t: 27.385528 | r:     1.000000 | e:   0.927980 | Q:   0.150218 | won: True 
#  101 | steps:  3715 | steps_t:  3614 | t: 27.512050 | r:     1.000000 | e:   0.927720 | Q:   0.150218 | won: True 
#  102 | steps:  3744 | steps_t:  3643 | t: 27.672134 | r:    -1.000000 | e:   0.927140 | Q:   0.150218 | won: True 
#  103 | steps:  3774 | steps_t:  3673 | t: 28.013083 | r:     1.000000 | e:   0.926540 | Q:   0.150218 | won: True 
#  104 | steps:  3853 | steps_t:  3752 | t: 28.579253 | r:    -1.000000 | e:   0.924960 | Q:   0.150218 | won: True 
#  105 | steps:  3914 | steps_t:  3813 | t: 28.851143 | r:    -1.000000 | e:   0.923740 | Q:   0.150218 | won: True 
#  106 | steps:  3969 | steps_t:  3868 | t: 29.101187 | r:     1.000000 | e:   0.922640 | Q:   0.150218 | won: True 
#  107 | steps:  4032 | steps_t:  3931 | t: 29.457890 | r:     1.000000 | e:   0.921380 | Q:   0.150218 | won: True 
#  108 | steps:  4081 | steps_t:  3980 | t: 29.727945 | r:    -1.000000 | e:   0.920400 | Q:   0.150218 | won: True 
#  109 | steps:  4128 | steps_t:  4027 | t: 29.879946 | r:    -1.000000 | e:   0.919460 | Q:   0.150218 | won: True 
#  110 | steps:  4149 | steps_t:  4048 | t: 29.937755 | r:     1.000000 | e:   0.919040 | Q:   0.150218 | won: True 
#  111 | steps:  4173 | steps_t:  4072 | t: 30.171724 | r:    -1.000000 | e:   0.918560 | Q:   0.150218 | won: True 
#  112 | steps:  4194 | steps_t:  4093 | t: 30.402750 | r:     1.000000 | e:   0.918140 | Q:   0.150218 | won: True 
#  113 | steps:  4208 | steps_t:  4107 | t: 30.528133 | r:    -1.000000 | e:   0.917860 | Q:   0.150218 | won: True 
#  114 | steps:  4231 | steps_t:  4130 | t: 30.768659 | r:     1.000000 | e:   0.917400 | Q:   0.150218 | won: True 
#  115 | steps:  4254 | steps_t:  4153 | t: 31.014197 | r:    -1.000000 | e:   0.916940 | Q:   0.150218 | won: True 
#  116 | steps:  4278 | steps_t:  4177 | t: 31.085104 | r:    -1.000000 | e:   0.916460 | Q:   0.150218 | won: True 
#  117 | steps:  4286 | steps_t:  4185 | t: 31.111341 | r:    -1.000000 | e:   0.916300 | Q:   0.150218 | won: True 
#  118 | steps:  4311 | steps_t:  4210 | t: 31.445552 | r:    -1.000000 | e:   0.915800 | Q:   0.150218 | won: True 
#  119 | steps:  4330 | steps_t:  4229 | t: 31.588411 | r:    -1.000000 | e:   0.915420 | Q:   0.150218 | won: True 
#  120 | steps:  4347 | steps_t:  4246 | t: 31.890905 | r:    -1.000000 | e:   0.915080 | Q:   0.150218 | won: True 
#  121 | steps:  4411 | steps_t:  4310 | t: 32.085794 | r:    -1.000000 | e:   0.913800 | Q:   0.150218 | won: True 
#  122 | steps:  4454 | steps_t:  4353 | t: 32.302557 | r:     1.000000 | e:   0.912940 | Q:   0.150218 | won: True 
#  123 | steps:  4485 | steps_t:  4384 | t: 32.584642 | r:     1.000000 | e:   0.912320 | Q:   0.150218 | won: True 
#  124 | steps:  4562 | steps_t:  4461 | t: 33.027152 | r:    -1.000000 | e:   0.910780 | Q:   0.150218 | won: True 
#  125 | steps:  4607 | steps_t:  4506 | t: 33.612228 | r:     1.000000 | e:   0.909880 | Q:   0.150218 | won: True 
#  126 | steps:  4657 | steps_t:  4556 | t: 34.181980 | r:    -1.000000 | e:   0.908880 | Q:   0.150218 | won: True 
#  127 | steps:  4677 | steps_t:  4576 | t: 34.414187 | r:    -1.000000 | e:   0.908480 | Q:   0.150218 | won: True 
#  128 | steps:  4697 | steps_t:  4596 | t: 34.576807 | r:    -1.000000 | e:   0.908080 | Q:   0.150218 | won: True 
#  129 | steps:  4723 | steps_t:  4622 | t: 34.814083 | r:    -1.000000 | e:   0.907560 | Q:   0.150218 | won: True 
#  130 | steps:  4830 | steps_t:  4729 | t: 36.271434 | r:     1.000000 | e:   0.905420 | Q:   0.150218 | won: True 
#  131 | steps:  4859 | steps_t:  4758 | t: 36.466143 | r:    -1.000000 | e:   0.904840 | Q:   0.150218 | won: True 
#  132 | steps:  4867 | steps_t:  4766 | t: 36.498012 | r:    -1.000000 | e:   0.904680 | Q:   0.150218 | won: True 
#  133 | steps:  4889 | steps_t:  4788 | t: 36.732624 | r:     1.000000 | e:   0.904240 | Q:   0.150218 | won: True 
#  134 | steps:  4922 | steps_t:  4821 | t: 37.084496 | r:    -1.000000 | e:   0.903580 | Q:   0.150218 | won: True 
#  135 | steps:  4936 | steps_t:  4835 | t: 37.264583 | r:     1.000000 | e:   0.903300 | Q:   0.150218 | won: True 
#  136 | steps:  4978 | steps_t:  4877 | t: 37.632757 | r:    -1.000000 | e:   0.902460 | Q:   0.150218 | won: True 
#  137 | steps:  5033 | steps_t:  4932 | t: 38.568501 | r:     1.000000 | e:   0.901360 | Q:   0.150218 | won: True 
#  138 | steps:  5092 | steps_t:  4991 | t: 39.015646 | r:    -1.000000 | e:   0.900180 | Q:   0.150218 | won: True 
#  139 | steps:  5100 | steps_t:  4999 | t: 39.049533 | r:     1.000000 | e:   0.900020 | Q:   0.150218 | won: True 
#  140 | steps:  5115 | steps_t:  5014 | t: 39.102651 | r:    -1.000000 | e:   0.899720 | Q:   0.150218 | won: True 
#  141 | steps:  5172 | steps_t:  5071 | t: 39.536180 | r:    -1.000000 | e:   0.898580 | Q:   0.150218 | won: True 
#  142 | steps:  5178 | steps_t:  5077 | t: 39.720375 | r:    -1.000000 | e:   0.898460 | Q:   0.150218 | won: True 
#  143 | steps:  5193 | steps_t:  5092 | t: 39.775222 | r:    -1.000000 | e:   0.898160 | Q:   0.150218 | won: True 
#  144 | steps:  5214 | steps_t:  5113 | t: 40.101478 | r:    -1.000000 | e:   0.897740 | Q:   0.150218 | won: True 
#  145 | steps:  5231 | steps_t:  5130 | t: 40.330186 | r:    -1.000000 | e:   0.897400 | Q:   0.150218 | won: True 
#  146 | steps:  5275 | steps_t:  5174 | t: 40.569052 | r:    -1.000000 | e:   0.896520 | Q:   0.150218 | won: True 
#  147 | steps:  5301 | steps_t:  5200 | t: 40.731683 | r:    -1.000000 | e:   0.896000 | Q:   0.150218 | won: True 
#  148 | steps:  5334 | steps_t:  5233 | t: 41.014511 | r:    -1.000000 | e:   0.895340 | Q:   0.150218 | won: True 
#  149 | steps:  5359 | steps_t:  5258 | t: 41.259027 | r:     1.000000 | e:   0.894840 | Q:   0.150218 | won: True 
#  150 | steps:  5400 | steps_t:  5299 | t: 41.554042 | r:    -1.000000 | e:   0.894020 | Q:   0.150218 | won: True 
#  151 | steps:  5468 | steps_t:  5367 | t: 41.918877 | r:     1.000000 | e:   0.892660 | Q:   0.150218 | won: True 
#  152 | steps:  5491 | steps_t:  5390 | t: 41.994647 | r:     1.000000 | e:   0.892200 | Q:   0.150218 | won: True 
#  153 | steps:  5501 | steps_t:  5400 | t: 42.278775 | r:    -1.000000 | e:   0.892000 | Q:   0.150218 | won: True 
#  154 | steps:  5517 | steps_t:  5416 | t: 42.331067 | r:    -1.000000 | e:   0.891680 | Q:   0.150218 | won: True 
#  155 | steps:  5544 | steps_t:  5443 | t: 42.592059 | r:    -1.000000 | e:   0.891140 | Q:   0.150218 | won: True 
#  156 | steps:  5580 | steps_t:  5479 | t: 42.706324 | r:    -1.000000 | e:   0.890420 | Q:   0.150218 | won: True 
#  157 | steps:  5598 | steps_t:  5497 | t: 42.937161 | r:     1.000000 | e:   0.890060 | Q:   0.150218 | won: True 
#  158 | steps:  5621 | steps_t:  5520 | t: 43.021230 | r:     1.000000 | e:   0.889600 | Q:   0.150218 | won: True 
#  159 | steps:  5698 | steps_t:  5597 | t: 43.345543 | r:    -1.000000 | e:   0.888060 | Q:   0.150218 | won: True 
#  160 | steps:  5720 | steps_t:  5619 | t: 43.505638 | r:    -1.000000 | e:   0.887620 | Q:   0.150218 | won: True 
#  161 | steps:  5783 | steps_t:  5682 | t: 43.874844 | r:     1.000000 | e:   0.886360 | Q:   0.150218 | won: True 
#  162 | steps:  5806 | steps_t:  5705 | t: 44.196967 | r:     1.000000 | e:   0.885900 | Q:   0.150218 | won: True 
#  163 | steps:  5837 | steps_t:  5736 | t: 44.294585 | r:    -1.000000 | e:   0.885280 | Q:   0.150218 | won: True 
#  164 | steps:  5865 | steps_t:  5764 | t: 44.551767 | r:    -1.000000 | e:   0.884720 | Q:   0.150218 | won: True 
#  165 | steps:  5883 | steps_t:  5782 | t: 44.696957 | r:    -1.000000 | e:   0.884360 | Q:   0.150218 | won: True 
#  166 | steps:  5928 | steps_t:  5827 | t: 44.936142 | r:     1.000000 | e:   0.883460 | Q:   0.150218 | won: True 
#  167 | steps:  5970 | steps_t:  5869 | t: 45.339477 | r:    -1.000000 | e:   0.882620 | Q:   0.150218 | won: True 
#  168 | steps:  5999 | steps_t:  5898 | t: 45.532292 | r:    -1.000000 | e:   0.882040 | Q:   0.150218 | won: True 
#  169 | steps:  6011 | steps_t:  5910 | t: 45.579079 | r:    -1.000000 | e:   0.881800 | Q:   0.150218 | won: True 
#  170 | steps:  6031 | steps_t:  5930 | t: 45.642151 | r:     1.000000 | e:   0.881400 | Q:   0.150218 | won: True 
#  171 | steps:  6058 | steps_t:  5957 | t: 45.732661 | r:    -1.000000 | e:   0.880860 | Q:   0.150218 | won: True 
#  172 | steps:  6106 | steps_t:  6005 | t: 46.125141 | r:    -1.000000 | e:   0.879900 | Q:   0.150218 | won: True 
#  173 | steps:  6175 | steps_t:  6074 | t: 46.990054 | r:    -1.000000 | e:   0.878520 | Q:   0.150218 | won: True 
#  174 | steps:  6269 | steps_t:  6168 | t: 47.937809 | r:    -1.000000 | e:   0.876640 | Q:   0.150218 | won: True 
#  175 | steps:  6307 | steps_t:  6206 | t: 48.211549 | r:    -1.000000 | e:   0.875880 | Q:   0.150218 | won: True 
#  176 | steps:  6356 | steps_t:  6255 | t: 48.617087 | r:     1.000000 | e:   0.874900 | Q:   0.150218 | won: True 
#  177 | steps:  6371 | steps_t:  6270 | t: 48.660524 | r:    -1.000000 | e:   0.874600 | Q:   0.150218 | won: True 
#  178 | steps:  6388 | steps_t:  6287 | t: 48.878691 | r:     1.000000 | e:   0.874260 | Q:   0.150218 | won: True 
#  179 | steps:  6398 | steps_t:  6297 | t: 48.923009 | r:    -1.000000 | e:   0.874060 | Q:   0.150218 | won: True 
#  180 | steps:  6408 | steps_t:  6307 | t: 48.968147 | r:    -1.000000 | e:   0.873860 | Q:   0.150218 | won: True 
#  181 | steps:  6417 | steps_t:  6316 | t: 49.016265 | r:    -1.000000 | e:   0.873680 | Q:   0.150218 | won: True 
#  182 | steps:  6423 | steps_t:  6322 | t: 49.249206 | r:     1.000000 | e:   0.873560 | Q:   0.150218 | won: True 
#  183 | steps:  6486 | steps_t:  6385 | t: 49.502355 | r:    -1.000000 | e:   0.872300 | Q:   0.150218 | won: True 
#  184 | steps:  6513 | steps_t:  6412 | t: 49.769388 | r:    -1.000000 | e:   0.871760 | Q:   0.150218 | won: True 
#  185 | steps:  6617 | steps_t:  6516 | t: 50.741214 | r:     1.000000 | e:   0.869680 | Q:   0.150218 | won: True 
#  186 | steps:  6655 | steps_t:  6554 | t: 50.938238 | r:    -1.000000 | e:   0.868920 | Q:   0.150218 | won: True 
#  187 | steps:  6676 | steps_t:  6575 | t: 51.011641 | r:     1.000000 | e:   0.868500 | Q:   0.150218 | won: True 
#  188 | steps:  6723 | steps_t:  6622 | t: 51.487770 | r:    -1.000000 | e:   0.867560 | Q:   0.150218 | won: True 
#  189 | steps:  6762 | steps_t:  6661 | t: 51.854347 | r:    -1.000000 | e:   0.866780 | Q:   0.150218 | won: True 
#  190 | steps:  6772 | steps_t:  6671 | t: 51.887036 | r:     1.000000 | e:   0.866580 | Q:   0.150218 | won: True 
#  191 | steps:  6794 | steps_t:  6693 | t: 52.204424 | r:    -1.000000 | e:   0.866140 | Q:   0.150218 | won: True 
#  192 | steps:  6810 | steps_t:  6709 | t: 52.249004 | r:    -1.000000 | e:   0.865820 | Q:   0.150218 | won: True 
#  193 | steps:  6818 | steps_t:  6717 | t: 52.272306 | r:    -1.000000 | e:   0.865660 | Q:   0.150218 | won: True 
#  194 | steps:  6828 | steps_t:  6727 | t: 52.301296 | r:     1.000000 | e:   0.865460 | Q:   0.150218 | won: True 
#  195 | steps:  6867 | steps_t:  6766 | t: 52.593946 | r:    -1.000000 | e:   0.864680 | Q:   0.150218 | won: True 
#  196 | steps:  6879 | steps_t:  6778 | t: 52.627136 | r:    -1.000000 | e:   0.864440 | Q:   0.150218 | won: True 
#  197 | steps:  6887 | steps_t:  6786 | t: 52.734733 | r:    -1.000000 | e:   0.864280 | Q:   0.150218 | won: True 
#  198 | steps:  6898 | steps_t:  6797 | t: 52.768010 | r:    -1.000000 | e:   0.864060 | Q:   0.150218 | won: True 
#  199 | steps:  6945 | steps_t:  6844 | t: 52.935381 | r:    -1.000000 | e:   0.863120 | Q:   0.150218 | won: True 
#  200 | steps:  6953 | steps_t:  6852 | t: 52.960109 | r:    -1.000000 | e:   0.862960 | Q:   0.150218 | won: True 
#  201 | steps:  7037 | steps_t:  6936 | t: 53.551105 | r:    -1.000000 | e:   0.861280 | Q:   0.150218 | won: True 
#  202 | steps:  7078 | steps_t:  6977 | t: 53.847717 | r:     1.000000 | e:   0.860460 | Q:   0.150218 | won: True 
#  203 | steps:  7115 | steps_t:  7014 | t: 54.030698 | r:    -1.000000 | e:   0.859720 | Q:   0.150218 | won: True 
#  204 | steps:  7155 | steps_t:  7054 | t: 54.404061 | r:     1.000000 | e:   0.858920 | Q:   0.150218 | won: True 
#  205 | steps:  7196 | steps_t:  7095 | t: 54.618727 | r:    -1.000000 | e:   0.858100 | Q:   0.150218 | won: True 
#  206 | steps:  7238 | steps_t:  7137 | t: 54.995573 | r:    -1.000000 | e:   0.857260 | Q:   0.150218 | won: True 
#  207 | steps:  7255 | steps_t:  7154 | t: 55.129331 | r:     1.000000 | e:   0.856920 | Q:   0.150218 | won: True 
#  208 | steps:  7262 | steps_t:  7161 | t: 55.150679 | r:    -1.000000 | e:   0.856780 | Q:   0.150218 | won: True 
#  209 | steps:  7274 | steps_t:  7173 | t: 55.351448 | r:    -1.000000 | e:   0.856540 | Q:   0.150218 | won: True 
#  210 | steps:  7289 | steps_t:  7188 | t: 55.402905 | r:    -1.000000 | e:   0.856240 | Q:   0.150218 | won: True 
#  211 | steps:  7338 | steps_t:  7237 | t: 55.943563 | r:     1.000000 | e:   0.855260 | Q:   0.150218 | won: True 
#  212 | steps:  7382 | steps_t:  7281 | t: 56.663424 | r:    -1.000000 | e:   0.854380 | Q:   0.150218 | won: True 
#  213 | steps:  7410 | steps_t:  7309 | t: 56.838438 | r:     1.000000 | e:   0.853820 | Q:   0.150218 | won: True 
#  214 | steps:  7471 | steps_t:  7370 | t: 57.373908 | r:    -1.000000 | e:   0.852600 | Q:   0.150218 | won: True 
#  215 | steps:  7503 | steps_t:  7402 | t: 57.567001 | r:    -1.000000 | e:   0.851960 | Q:   0.150218 | won: True 
#  216 | steps:  7516 | steps_t:  7415 | t: 57.612249 | r:    -1.000000 | e:   0.851700 | Q:   0.150218 | won: True 
#  217 | steps:  7554 | steps_t:  7453 | t: 57.894000 | r:    -1.000000 | e:   0.850940 | Q:   0.150218 | won: True 
#  218 | steps:  7575 | steps_t:  7474 | t: 57.954173 | r:    -1.000000 | e:   0.850520 | Q:   0.150218 | won: True 
#  219 | steps:  7589 | steps_t:  7488 | t: 58.089683 | r:     1.000000 | e:   0.850240 | Q:   0.150218 | won: True 
#  220 | steps:  7624 | steps_t:  7523 | t: 58.213322 | r:     1.000000 | e:   0.849540 | Q:   0.150218 | won: True 
#  221 | steps:  7641 | steps_t:  7540 | t: 58.348055 | r:    -1.000000 | e:   0.849200 | Q:   0.150218 | won: True 
#  222 | steps:  7658 | steps_t:  7557 | t: 58.401471 | r:     1.000000 | e:   0.848860 | Q:   0.150218 | won: True 
#  223 | steps:  7677 | steps_t:  7576 | t: 58.468416 | r:    -1.000000 | e:   0.848480 | Q:   0.150218 | won: True 
#  224 | steps:  7703 | steps_t:  7602 | t: 58.634355 | r:    -1.000000 | e:   0.847960 | Q:   0.150218 | won: True 
#  225 | steps:  7782 | steps_t:  7681 | t: 59.037621 | r:    -1.000000 | e:   0.846380 | Q:   0.150218 | won: True 
#  226 | steps:  7834 | steps_t:  7733 | t: 59.529109 | r:    -1.000000 | e:   0.845340 | Q:   0.150218 | won: True 
#  227 | steps:  7897 | steps_t:  7796 | t: 59.806646 | r:    -1.000000 | e:   0.844080 | Q:   0.150218 | won: True 
#  228 | steps:  7913 | steps_t:  7812 | t: 59.940872 | r:     1.000000 | e:   0.843760 | Q:   0.150218 | won: True 
#  229 | steps:  7945 | steps_t:  7844 | t: 60.283902 | r:     1.000000 | e:   0.843120 | Q:   0.150218 | won: True 
#  230 | steps:  7967 | steps_t:  7866 | t: 60.351445 | r:    -1.000000 | e:   0.842680 | Q:   0.150218 | won: True 
#  231 | steps:  7985 | steps_t:  7884 | t: 60.492945 | r:    -1.000000 | e:   0.842320 | Q:   0.150218 | won: True 
#  232 | steps:  8056 | steps_t:  7955 | t: 61.136874 | r:    -1.000000 | e:   0.840900 | Q:   0.150218 | won: True 
#  233 | steps:  8153 | steps_t:  8052 | t: 61.838759 | r:    -1.000000 | e:   0.838960 | Q:   0.150218 | won: True 
#  234 | steps:  8192 | steps_t:  8091 | t: 62.288766 | r:    -1.000000 | e:   0.838180 | Q:   0.150218 | won: True 
#  235 | steps:  8232 | steps_t:  8131 | t: 62.656519 | r:     1.000000 | e:   0.837380 | Q:   0.150218 | won: True 
#  236 | steps:  8247 | steps_t:  8146 | t: 62.702077 | r:    -1.000000 | e:   0.837080 | Q:   0.150218 | won: True 
#  237 | steps:  8322 | steps_t:  8221 | t: 63.174252 | r:    -1.000000 | e:   0.835580 | Q:   0.150218 | won: True 
#  238 | steps:  8346 | steps_t:  8245 | t: 63.328787 | r:    -1.000000 | e:   0.835100 | Q:   0.150218 | won: True 
#  239 | steps:  8394 | steps_t:  8293 | t: 63.974193 | r:    -1.000000 | e:   0.834140 | Q:   0.150218 | won: True 
#  240 | steps:  8468 | steps_t:  8367 | t: 64.763508 | r:    -1.000000 | e:   0.832660 | Q:   0.150218 | won: True 
#  241 | steps:  8476 | steps_t:  8375 | t: 64.788108 | r:     1.000000 | e:   0.832500 | Q:   0.150218 | won: True 
#  242 | steps:  8510 | steps_t:  8409 | t: 65.145443 | r:     1.000000 | e:   0.831820 | Q:   0.150218 | won: True 
#  243 | steps:  8536 | steps_t:  8435 | t: 65.393352 | r:    -1.000000 | e:   0.831300 | Q:   0.150218 | won: True 
#  244 | steps:  8562 | steps_t:  8461 | t: 65.477386 | r:     1.000000 | e:   0.830780 | Q:   0.150218 | won: True 
#  245 | steps:  8601 | steps_t:  8500 | t: 65.762945 | r:    -1.000000 | e:   0.830000 | Q:   0.150218 | won: True 
#  246 | steps:  8689 | steps_t:  8588 | t: 66.436621 | r:     1.000000 | e:   0.828240 | Q:   0.150218 | won: True 
#  247 | steps:  8723 | steps_t:  8622 | t: 66.549672 | r:    -1.000000 | e:   0.827560 | Q:   0.150218 | won: True 
#  248 | steps:  8745 | steps_t:  8644 | t: 66.778476 | r:    -1.000000 | e:   0.827120 | Q:   0.150218 | won: True 
#  249 | steps:  8808 | steps_t:  8707 | t: 67.214259 | r:     1.000000 | e:   0.825860 | Q:   0.150218 | won: True 
#  250 | steps:  8871 | steps_t:  8770 | t: 67.641396 | r:    -1.000000 | e:   0.824600 | Q:   0.150218 | won: True 
#  251 | steps:  8878 | steps_t:  8777 | t: 67.742022 | r:    -1.000000 | e:   0.824460 | Q:   0.150218 | won: True 
#  252 | steps:  8918 | steps_t:  8817 | t: 68.030301 | r:    -1.000000 | e:   0.823660 | Q:   0.150218 | won: True 
#  253 | steps:  8949 | steps_t:  8848 | t: 68.208437 | r:     1.000000 | e:   0.823040 | Q:   0.150218 | won: True 
#  254 | steps:  8969 | steps_t:  8868 | t: 68.515761 | r:     1.000000 | e:   0.822640 | Q:   0.150218 | won: True 
#  255 | steps:  9016 | steps_t:  8915 | t: 69.072716 | r:     1.000000 | e:   0.821700 | Q:   0.150218 | won: True 
#  256 | steps:  9170 | steps_t:  9069 | t: 70.435506 | r:     1.000000 | e:   0.818620 | Q:   0.150218 | won: True 
#  257 | steps:  9189 | steps_t:  9088 | t: 70.584335 | r:    -1.000000 | e:   0.818240 | Q:   0.150218 | won: True 
#  258 | steps:  9226 | steps_t:  9125 | t: 70.854808 | r:     1.000000 | e:   0.817500 | Q:   0.150218 | won: True 
#  259 | steps:  9263 | steps_t:  9162 | t: 71.126381 | r:    -1.000000 | e:   0.816760 | Q:   0.150218 | won: True 
#  260 | steps:  9289 | steps_t:  9188 | t: 71.204188 | r:     1.000000 | e:   0.816240 | Q:   0.150218 | won: True 
#  261 | steps:  9328 | steps_t:  9227 | t: 71.497955 | r:     1.000000 | e:   0.815460 | Q:   0.150218 | won: True 
#  262 | steps:  9339 | steps_t:  9238 | t: 71.530997 | r:    -1.000000 | e:   0.815240 | Q:   0.150218 | won: True 
#  263 | steps:  9391 | steps_t:  9290 | t: 72.192420 | r:    -1.000000 | e:   0.814200 | Q:   0.150218 | won: True 
#  264 | steps:  9426 | steps_t:  9325 | t: 72.542995 | r:    -1.000000 | e:   0.813500 | Q:   0.150218 | won: True 
#  265 | steps:  9441 | steps_t:  9340 | t: 72.687372 | r:    -1.000000 | e:   0.813200 | Q:   0.150218 | won: True 
#  266 | steps:  9514 | steps_t:  9413 | t: 72.987199 | r:    -1.000000 | e:   0.811740 | Q:   0.150218 | won: True 
#  267 | steps:  9573 | steps_t:  9472 | t: 73.256532 | r:     1.000000 | e:   0.810560 | Q:   0.150218 | won: True 
#  268 | steps:  9583 | steps_t:  9482 | t: 73.284752 | r:    -1.000000 | e:   0.810360 | Q:   0.150218 | won: True 
#  269 | steps:  9626 | steps_t:  9525 | t: 73.586773 | r:     1.000000 | e:   0.809500 | Q:   0.150218 | won: True 
#  270 | steps:  9690 | steps_t:  9589 | t: 74.109415 | r:     1.000000 | e:   0.808220 | Q:   0.150218 | won: True 
#  271 | steps:  9727 | steps_t:  9626 | t: 74.467654 | r:     1.000000 | e:   0.807480 | Q:   0.150218 | won: True 
#  272 | steps:  9750 | steps_t:  9649 | t: 74.709880 | r:    -1.000000 | e:   0.807020 | Q:   0.150218 | won: True 
#  273 | steps:  9760 | steps_t:  9659 | t: 74.740209 | r:    -1.000000 | e:   0.806820 | Q:   0.150218 | won: True 
#  274 | steps:  9810 | steps_t:  9709 | t: 75.053387 | r:    -1.000000 | e:   0.805820 | Q:   0.150218 | won: True 
#  275 | steps:  9892 | steps_t:  9791 | t: 75.481775 | r:     1.000000 | e:   0.804180 | Q:   0.150218 | won: True 
#  276 | steps:  9903 | steps_t:  9802 | t: 75.514811 | r:     1.000000 | e:   0.803960 | Q:   0.150218 | won: True 
#  277 | steps:  9928 | steps_t:  9827 | t: 75.602700 | r:    -1.000000 | e:   0.803460 | Q:   0.150218 | won: True 
#  278 | steps:  9949 | steps_t:  9848 | t: 75.841644 | r:    -1.000000 | e:   0.803040 | Q:   0.150218 | won: True 
#  279 | steps:  9982 | steps_t:  9881 | t: 76.106726 | r:     1.000000 | e:   0.802380 | Q:   0.150218 | won: True 
#  280 | steps: 10042 | steps_t:  9941 | t: 76.542580 | r:     1.000000 | e:   0.801180 | Q:   0.150218 | won: True 
#  281 | steps: 10079 | steps_t:  9978 | t: 76.904761 | r:    -1.000000 | e:   0.800440 | Q:   0.150218 | won: True 
#  282 | steps: 10160 | steps_t: 10059 | t: 77.636692 | r:    -1.000000 | e:   0.798820 | Q:   0.150218 | won: True 
#  283 | steps: 10173 | steps_t: 10072 | t: 77.922117 | r:     1.000000 | e:   0.798560 | Q:   0.150218 | won: True 
#  284 | steps: 10209 | steps_t: 10108 | t: 78.115886 | r:    -1.000000 | e:   0.797840 | Q:   0.150218 | won: True 
#  285 | steps: 10218 | steps_t: 10117 | t: 78.142809 | r:    -1.000000 | e:   0.797660 | Q:   0.150218 | won: True 
#  286 | steps: 10229 | steps_t: 10128 | t: 78.269223 | r:    -1.000000 | e:   0.797440 | Q:   0.150218 | won: True 
#  287 | steps: 10291 | steps_t: 10190 | t: 78.703661 | r:    -1.000000 | e:   0.796200 | Q:   0.150218 | won: True 
#  288 | steps: 10349 | steps_t: 10248 | t: 78.972786 | r:    -1.000000 | e:   0.795040 | Q:   0.150218 | won: True 
#  289 | steps: 10386 | steps_t: 10285 | t: 79.170562 | r:     1.000000 | e:   0.794300 | Q:   0.150218 | won: True 
#  290 | steps: 10445 | steps_t: 10344 | t: 79.854436 | r:     1.000000 | e:   0.793120 | Q:   0.150218 | won: True 
#  291 | steps: 10517 | steps_t: 10416 | t: 80.343272 | r:     1.000000 | e:   0.791680 | Q:   0.150218 | won: True 
#  292 | steps: 10547 | steps_t: 10446 | t: 80.445487 | r:     1.000000 | e:   0.791080 | Q:   0.150218 | won: True 
#  293 | steps: 10579 | steps_t: 10478 | t: 80.718485 | r:    -1.000000 | e:   0.790440 | Q:   0.150218 | won: True 
#  294 | steps: 10586 | steps_t: 10485 | t: 80.746672 | r:    -1.000000 | e:   0.790300 | Q:   0.150218 | won: True 
#  295 | steps: 10601 | steps_t: 10500 | t: 80.878549 | r:     1.000000 | e:   0.790000 | Q:   0.150218 | won: True 
#  296 | steps: 10656 | steps_t: 10555 | t: 81.134417 | r:     1.000000 | e:   0.788900 | Q:   0.150218 | won: True 
#  297 | steps: 10692 | steps_t: 10591 | t: 81.652056 | r:     1.000000 | e:   0.788180 | Q:   0.150218 | won: True 
#  298 | steps: 10720 | steps_t: 10619 | t: 81.998612 | r:     1.000000 | e:   0.787620 | Q:   0.150218 | won: True 
#  299 | steps: 10755 | steps_t: 10654 | t: 82.202811 | r:     1.000000 | e:   0.786920 | Q:   0.150218 | won: True 
#  300 | steps: 10761 | steps_t: 10660 | t: 82.223125 | r:    -1.000000 | e:   0.786800 | Q:   0.150218 | won: True 
#  301 | steps: 10772 | steps_t: 10671 | t: 82.342227 | r:    -1.000000 | e:   0.786580 | Q:   0.150218 | won: True 
#  302 | steps: 10799 | steps_t: 10698 | t: 82.439697 | r:     1.000000 | e:   0.786040 | Q:   0.150218 | won: True 
#  303 | steps: 10807 | steps_t: 10706 | t: 82.548268 | r:    -1.000000 | e:   0.785880 | Q:   0.150218 | won: True 
#  304 | steps: 10828 | steps_t: 10727 | t: 82.619080 | r:     1.000000 | e:   0.785460 | Q:   0.150218 | won: True 
#  305 | steps: 10856 | steps_t: 10755 | t: 82.794117 | r:    -1.000000 | e:   0.784900 | Q:   0.150218 | won: True 
#  306 | steps: 10907 | steps_t: 10806 | t: 83.122838 | r:    -1.000000 | e:   0.783880 | Q:   0.150218 | won: True 
#  307 | steps: 10947 | steps_t: 10846 | t: 83.493331 | r:    -1.000000 | e:   0.783080 | Q:   0.157624 | won: True 
#  308 | steps: 10962 | steps_t: 10861 | t: 83.539214 | r:    -1.000000 | e:   0.782780 | Q:   0.157624 | won: True 
#  309 | steps: 11004 | steps_t: 10903 | t: 84.104646 | r:    -1.000000 | e:   0.781940 | Q:   0.185217 | won: True 
#  310 | steps: 11026 | steps_t: 10925 | t: 84.440868 | r:    -1.000000 | e:   0.781500 | Q:   0.185217 | won: True 
#  311 | steps: 11052 | steps_t: 10951 | t: 84.525139 | r:    -1.000000 | e:   0.780980 | Q:   0.185217 | won: True 
#  312 | steps: 11076 | steps_t: 10975 | t: 84.601178 | r:     1.000000 | e:   0.780500 | Q:   0.185217 | won: True 
#  313 | steps: 11120 | steps_t: 11019 | t: 84.901470 | r:     1.000000 | e:   0.779620 | Q:   0.185217 | won: True 
#  314 | steps: 11130 | steps_t: 11029 | t: 84.931197 | r:     1.000000 | e:   0.779420 | Q:   0.219035 | won: True 
#  315 | steps: 11143 | steps_t: 11042 | t: 84.975387 | r:    -1.000000 | e:   0.779160 | Q:   0.219035 | won: True 
#  316 | steps: 11167 | steps_t: 11066 | t: 85.057200 | r:    -1.000000 | e:   0.778680 | Q:   0.219035 | won: True 
#  317 | steps: 11181 | steps_t: 11080 | t: 85.103404 | r:    -1.000000 | e:   0.778400 | Q:   0.232032 | won: True 
#  318 | steps: 11194 | steps_t: 11093 | t: 85.231037 | r:    -1.000000 | e:   0.778140 | Q:   0.232032 | won: True 
#  319 | steps: 11212 | steps_t: 11111 | t: 85.294993 | r:    -1.000000 | e:   0.777780 | Q:   0.232032 | won: True 
#  320 | steps: 11233 | steps_t: 11132 | t: 85.463063 | r:     1.000000 | e:   0.777360 | Q:   0.232032 | won: True 
#  321 | steps: 11245 | steps_t: 11144 | t: 85.579351 | r:     1.000000 | e:   0.777120 | Q:   0.232032 | won: True 
#  322 | steps: 11258 | steps_t: 11157 | t: 85.706198 | r:     1.000000 | e:   0.776860 | Q:   0.232032 | won: True 
#  323 | steps: 11295 | steps_t: 11194 | t: 85.916723 | r:    -1.000000 | e:   0.776120 | Q:   0.232032 | won: True 
#  324 | steps: 11328 | steps_t: 11227 | t: 86.187080 | r:    -1.000000 | e:   0.775460 | Q:   0.232032 | won: True 
#  325 | steps: 11343 | steps_t: 11242 | t: 86.320281 | r:    -1.000000 | e:   0.775160 | Q:   0.232032 | won: True 
#  326 | steps: 11359 | steps_t: 11258 | t: 86.450075 | r:    -1.000000 | e:   0.774840 | Q:   0.232032 | won: True 
#  327 | steps: 11366 | steps_t: 11265 | t: 86.471811 | r:    -1.000000 | e:   0.774700 | Q:   0.232032 | won: True 
#  328 | steps: 11376 | steps_t: 11275 | t: 86.509006 | r:     1.000000 | e:   0.774500 | Q:   0.232032 | won: True 
#  329 | steps: 11408 | steps_t: 11307 | t: 86.717927 | r:    -1.000000 | e:   0.773860 | Q:   0.344638 | won: True 
#  330 | steps: 11441 | steps_t: 11340 | t: 86.993525 | r:    -1.000000 | e:   0.773200 | Q:   0.344638 | won: True 
#  331 | steps: 11458 | steps_t: 11357 | t: 87.128323 | r:     1.000000 | e:   0.772860 | Q:   0.344638 | won: True 
#  332 | steps: 11476 | steps_t: 11375 | t: 87.184062 | r:    -1.000000 | e:   0.772500 | Q:   0.344638 | won: True 
#  333 | steps: 11527 | steps_t: 11426 | t: 87.416673 | r:    -1.000000 | e:   0.771480 | Q:   0.397487 | won: True 
#  334 | steps: 11533 | steps_t: 11432 | t: 87.434628 | r:    -1.000000 | e:   0.771360 | Q:   0.397487 | won: True 
#  335 | steps: 11552 | steps_t: 11451 | t: 87.494055 | r:    -1.000000 | e:   0.770980 | Q:   0.397487 | won: True 
#  336 | steps: 11587 | steps_t: 11486 | t: 87.784912 | r:    -1.000000 | e:   0.770280 | Q:   0.419894 | won: True 
#  337 | steps: 11596 | steps_t: 11495 | t: 87.810790 | r:    -1.000000 | e:   0.770100 | Q:   0.419894 | won: True 
#  338 | steps: 11634 | steps_t: 11533 | t: 88.090823 | r:    -1.000000 | e:   0.769340 | Q:   0.419894 | won: True 
#  339 | steps: 11642 | steps_t: 11541 | t: 88.115622 | r:    -1.000000 | e:   0.769180 | Q:   0.419894 | won: True 
#  340 | steps: 11671 | steps_t: 11570 | t: 88.290467 | r:    -1.000000 | e:   0.768600 | Q:   0.419894 | won: True 
#  341 | steps: 11682 | steps_t: 11581 | t: 88.327499 | r:    -1.000000 | e:   0.768380 | Q:   0.419894 | won: True 
#  342 | steps: 11715 | steps_t: 11614 | t: 88.517923 | r:    -1.000000 | e:   0.767720 | Q:   0.487815 | won: True 
#  343 | steps: 11731 | steps_t: 11630 | t: 88.648141 | r:    -1.000000 | e:   0.767400 | Q:   0.514783 | won: True 
#  344 | steps: 11744 | steps_t: 11643 | t: 88.690582 | r:    -1.000000 | e:   0.767140 | Q:   0.514783 | won: True 
#  345 | steps: 11749 | steps_t: 11648 | t: 88.704765 | r:    -1.000000 | e:   0.767040 | Q:   0.514783 | won: True 
#  346 | steps: 11788 | steps_t: 11687 | t: 88.908650 | r:    -1.000000 | e:   0.766260 | Q:   0.514783 | won: True 
#  347 | steps: 11832 | steps_t: 11731 | t: 89.371492 | r:    -1.000000 | e:   0.765380 | Q:   0.601099 | won: True 
#  348 | steps: 11847 | steps_t: 11746 | t: 89.413360 | r:     1.000000 | e:   0.765080 | Q:   0.601099 | won: True 
#  349 | steps: 11860 | steps_t: 11759 | t: 89.548067 | r:    -1.000000 | e:   0.764820 | Q:   0.601099 | won: True 
#  350 | steps: 11873 | steps_t: 11772 | t: 89.605093 | r:    -1.000000 | e:   0.764560 | Q:   0.601099 | won: True 
#  351 | steps: 11889 | steps_t: 11788 | t: 89.908519 | r:    -1.000000 | e:   0.764240 | Q:   0.658685 | won: True 
#  352 | steps: 11899 | steps_t: 11798 | t: 89.947092 | r:     1.000000 | e:   0.764040 | Q:   0.658685 | won: True 
#  353 | steps: 11915 | steps_t: 11814 | t: 90.008199 | r:    -1.000000 | e:   0.763720 | Q:   0.686452 | won: True 
#  354 | steps: 11959 | steps_t: 11858 | t: 90.393672 | r:    -1.000000 | e:   0.762840 | Q:   0.686452 | won: True 
#  355 | steps: 11967 | steps_t: 11866 | t: 90.499873 | r:    -1.000000 | e:   0.762680 | Q:   0.686452 | won: True 
#  356 | steps: 11978 | steps_t: 11877 | t: 90.538549 | r:    -1.000000 | e:   0.762460 | Q:   0.686452 | won: True 
#  357 | steps: 11994 | steps_t: 11893 | t: 90.583733 | r:     1.000000 | e:   0.762140 | Q:   0.686452 | won: True 
#  358 | steps: 12016 | steps_t: 11915 | t: 90.912436 | r:    -1.000000 | e:   0.761700 | Q:   0.686452 | won: True 
#  359 | steps: 12036 | steps_t: 11935 | t: 91.016437 | r:    -1.000000 | e:   0.761300 | Q:   0.686452 | won: True 
#  360 | steps: 12067 | steps_t: 11966 | t: 91.331458 | r:     1.000000 | e:   0.760680 | Q:   0.686452 | won: True 
#  361 | steps: 12077 | steps_t: 11976 | t: 91.533667 | r:    -1.000000 | e:   0.760480 | Q:   0.712792 | won: True 
#  362 | steps: 12100 | steps_t: 11999 | t: 91.737375 | r:     1.000000 | e:   0.760020 | Q:   0.712792 | won: True 
#  363 | steps: 12107 | steps_t: 12006 | t: 91.757993 | r:     1.000000 | e:   0.759880 | Q:   0.712792 | won: True 
#  364 | steps: 12128 | steps_t: 12027 | t: 91.994427 | r:    -1.000000 | e:   0.759460 | Q:   0.755197 | won: True 
#  365 | steps: 12147 | steps_t: 12046 | t: 92.061840 | r:    -1.000000 | e:   0.759080 | Q:   0.755197 | won: True 
#  366 | steps: 12164 | steps_t: 12063 | t: 92.200351 | r:    -1.000000 | e:   0.758740 | Q:   0.755197 | won: True 
#  367 | steps: 12181 | steps_t: 12080 | t: 92.257240 | r:    -1.000000 | e:   0.758400 | Q:   0.864032 | won: True 
#  368 | steps: 12193 | steps_t: 12092 | t: 92.464486 | r:    -1.000000 | e:   0.758160 | Q:   0.864032 | won: True 
#  369 | steps: 12205 | steps_t: 12104 | t: 92.508749 | r:    -1.000000 | e:   0.757920 | Q:   0.893946 | won: True 
#  370 | steps: 12215 | steps_t: 12114 | t: 92.539452 | r:     1.000000 | e:   0.757720 | Q:   0.893946 | won: True 
#  371 | steps: 12229 | steps_t: 12128 | t: 92.579114 | r:     1.000000 | e:   0.757440 | Q:   0.893946 | won: True 
#  372 | steps: 12241 | steps_t: 12140 | t: 92.707762 | r:    -1.000000 | e:   0.757200 | Q:   0.893946 | won: True 
#  373 | steps: 12253 | steps_t: 12152 | t: 93.004411 | r:    -1.000000 | e:   0.756960 | Q:   0.966079 | won: True 
#  374 | steps: 12268 | steps_t: 12167 | t: 93.379962 | r:     1.000000 | e:   0.756660 | Q:   0.966079 | won: True 
#  375 | steps: 12277 | steps_t: 12176 | t: 93.417711 | r:    -1.000000 | e:   0.756480 | Q:   0.966079 | won: True 
#  376 | steps: 12304 | steps_t: 12203 | t: 93.506981 | r:    -1.000000 | e:   0.755940 | Q:   0.992252 | won: True 
#  377 | steps: 12327 | steps_t: 12226 | t: 93.745520 | r:     1.000000 | e:   0.755480 | Q:   0.992252 | won: True 
#  378 | steps: 12335 | steps_t: 12234 | t: 93.778309 | r:    -1.000000 | e:   0.755320 | Q:   0.992252 | won: True 
#  379 | steps: 12348 | steps_t: 12247 | t: 94.087220 | r:    -1.000000 | e:   0.755060 | Q:   0.992252 | won: True 
#  380 | steps: 12364 | steps_t: 12263 | t: 94.230581 | r:    -1.000000 | e:   0.754740 | Q:   1.049011 | won: True 
#  381 | steps: 12374 | steps_t: 12273 | t: 94.357387 | r:    -1.000000 | e:   0.754540 | Q:   1.049011 | won: True 
#  382 | steps: 12392 | steps_t: 12291 | t: 94.497857 | r:    -1.000000 | e:   0.754180 | Q:   1.049011 | won: True 
#  383 | steps: 12421 | steps_t: 12320 | t: 94.595985 | r:     1.000000 | e:   0.753600 | Q:   1.049011 | won: True 
#  384 | steps: 12444 | steps_t: 12343 | t: 94.752640 | r:    -1.000000 | e:   0.753140 | Q:   1.086750 | won: True 
#  385 | steps: 12455 | steps_t: 12354 | t: 94.786401 | r:     1.000000 | e:   0.752920 | Q:   1.086750 | won: True 
#  386 | steps: 12470 | steps_t: 12369 | t: 94.920238 | r:     1.000000 | e:   0.752620 | Q:   1.086750 | won: True 
#  387 | steps: 12512 | steps_t: 12411 | t: 95.133737 | r:     1.000000 | e:   0.751780 | Q:   1.086750 | won: True 
#  388 | steps: 12522 | steps_t: 12421 | t: 95.162585 | r:    -1.000000 | e:   0.751580 | Q:   1.086750 | won: True 
#  389 | steps: 12560 | steps_t: 12459 | t: 95.524815 | r:    -1.000000 | e:   0.750820 | Q:   1.086750 | won: True 
#  390 | steps: 12632 | steps_t: 12531 | t: 96.174046 | r:    -1.000000 | e:   0.749380 | Q:   1.146818 | won: True 
#  391 | steps: 12638 | steps_t: 12537 | t: 96.192762 | r:    -1.000000 | e:   0.749260 | Q:   1.146818 | won: True 
#  392 | steps: 12668 | steps_t: 12567 | t: 96.626724 | r:     1.000000 | e:   0.748660 | Q:   1.146818 | won: True 
#  393 | steps: 12674 | steps_t: 12573 | t: 96.645777 | r:    -1.000000 | e:   0.748540 | Q:   1.146818 | won: True 
#  394 | steps: 12692 | steps_t: 12591 | t: 96.700150 | r:    -1.000000 | e:   0.748180 | Q:   1.221843 | won: True 
#  395 | steps: 12709 | steps_t: 12608 | t: 96.828508 | r:     1.000000 | e:   0.747840 | Q:   1.221843 | won: True 
#  396 | steps: 12720 | steps_t: 12619 | t: 97.114518 | r:    -1.000000 | e:   0.747620 | Q:   1.221843 | won: True 
#  397 | steps: 12736 | steps_t: 12635 | t: 97.256221 | r:    -1.000000 | e:   0.747300 | Q:   1.221843 | won: True 
#  398 | steps: 12742 | steps_t: 12641 | t: 97.284233 | r:    -1.000000 | e:   0.747180 | Q:   1.221843 | won: True 
#  399 | steps: 12748 | steps_t: 12647 | t: 97.303819 | r:    -1.000000 | e:   0.747060 | Q:   1.221843 | won: True 
#  400 | steps: 12756 | steps_t: 12655 | t: 97.334176 | r:    -1.000000 | e:   0.746900 | Q:   1.221843 | won: True 
#  401 | steps: 12772 | steps_t: 12671 | t: 97.389964 | r:     1.000000 | e:   0.746580 | Q:   1.221843 | won: True 
#  402 | steps: 12815 | steps_t: 12714 | t: 97.950271 | r:     1.000000 | e:   0.745720 | Q:   1.221843 | won: True 
#  403 | steps: 12862 | steps_t: 12761 | t: 98.446596 | r:    -1.000000 | e:   0.744780 | Q:   1.221843 | won: True 
#  404 | steps: 12881 | steps_t: 12780 | t: 98.593232 | r:    -1.000000 | e:   0.744400 | Q:   1.221843 | won: True 
#  405 | steps: 12892 | steps_t: 12791 | t: 98.712849 | r:    -1.000000 | e:   0.744180 | Q:   1.221843 | won: True 
#  406 | steps: 12902 | steps_t: 12801 | t: 98.910291 | r:    -1.000000 | e:   0.743980 | Q:   1.283825 | won: True 
#  407 | steps: 12935 | steps_t: 12834 | t: 99.100431 | r:    -1.000000 | e:   0.743320 | Q:   1.320581 | won: True 
#  408 | steps: 12942 | steps_t: 12841 | t: 99.124961 | r:    -1.000000 | e:   0.743180 | Q:   1.335121 | won: True 
#  409 | steps: 12948 | steps_t: 12847 | t: 99.226879 | r:    -1.000000 | e:   0.743060 | Q:   1.335121 | won: True 
#  410 | steps: 12958 | steps_t: 12857 | t: 99.342346 | r:     1.000000 | e:   0.742860 | Q:   1.335121 | won: True 
#  411 | steps: 12977 | steps_t: 12876 | t: 99.495352 | r:     1.000000 | e:   0.742480 | Q:   1.335121 | won: True 
#  412 | steps: 12989 | steps_t: 12888 | t: 99.530134 | r:    -1.000000 | e:   0.742240 | Q:   1.335121 | won: True 
#  413 | steps: 13010 | steps_t: 12909 | t: 99.685265 | r:    -1.000000 | e:   0.741820 | Q:   1.335121 | won: True 
#  414 | steps: 13027 | steps_t: 12926 | t: 99.831277 | r:     1.000000 | e:   0.741480 | Q:   1.335121 | won: True 
#  415 | steps: 13067 | steps_t: 12966 | t: 100.111291 | r:    -1.000000 | e:   0.740680 | Q:   1.335121 | won: True 
#  416 | steps: 13078 | steps_t: 12977 | t: 100.148023 | r:     1.000000 | e:   0.740460 | Q:   1.335121 | won: True 
#  417 | steps: 13119 | steps_t: 13018 | t: 100.775171 | r:     1.000000 | e:   0.739640 | Q:   1.335121 | won: True 
#  418 | steps: 13126 | steps_t: 13025 | t: 100.798823 | r:    -1.000000 | e:   0.739500 | Q:   1.335121 | won: True 
#  419 | steps: 13141 | steps_t: 13040 | t: 100.845416 | r:    -1.000000 | e:   0.739200 | Q:   1.335121 | won: True 
#  420 | steps: 13169 | steps_t: 13068 | t: 101.007561 | r:     1.000000 | e:   0.738640 | Q:   1.335121 | won: True 
#  421 | steps: 13180 | steps_t: 13079 | t: 101.039212 | r:    -1.000000 | e:   0.738420 | Q:   1.411166 | won: True 
#  422 | steps: 13188 | steps_t: 13087 | t: 101.146244 | r:    -1.000000 | e:   0.738260 | Q:   1.415645 | won: True 
#  423 | steps: 13212 | steps_t: 13111 | t: 101.310565 | r:    -1.000000 | e:   0.737780 | Q:   1.415645 | won: True 
#  424 | steps: 13254 | steps_t: 13153 | t: 101.514489 | r:     1.000000 | e:   0.736940 | Q:   1.415645 | won: True 
#  425 | steps: 13279 | steps_t: 13178 | t: 101.585227 | r:    -1.000000 | e:   0.736440 | Q:   1.415645 | won: True 
#  426 | steps: 13289 | steps_t: 13188 | t: 101.696192 | r:     1.000000 | e:   0.736240 | Q:   1.415645 | won: True 
#  427 | steps: 13340 | steps_t: 13239 | t: 102.140659 | r:     1.000000 | e:   0.735220 | Q:   1.469870 | won: True 
#  428 | steps: 13357 | steps_t: 13256 | t: 102.285327 | r:    -1.000000 | e:   0.734880 | Q:   1.482961 | won: True 
#  429 | steps: 13365 | steps_t: 13264 | t: 102.308387 | r:    -1.000000 | e:   0.734720 | Q:   1.482961 | won: True 
#  430 | steps: 13370 | steps_t: 13269 | t: 102.323926 | r:    -1.000000 | e:   0.734620 | Q:   1.482961 | won: True 
#  431 | steps: 13390 | steps_t: 13289 | t: 102.479678 | r:    -1.000000 | e:   0.734220 | Q:   1.482961 | won: True 
#  432 | steps: 13395 | steps_t: 13294 | t: 102.494916 | r:    -1.000000 | e:   0.734120 | Q:   1.482961 | won: True 
#  433 | steps: 13454 | steps_t: 13353 | t: 102.947894 | r:    -1.000000 | e:   0.732940 | Q:   1.666654 | won: True 
#  434 | steps: 13481 | steps_t: 13380 | t: 103.203716 | r:    -1.000000 | e:   0.732400 | Q:   1.680901 | won: True 
#  435 | steps: 13515 | steps_t: 13414 | t: 103.470475 | r:     1.000000 | e:   0.731720 | Q:   1.680901 | won: True 
#  436 | steps: 13561 | steps_t: 13460 | t: 103.946072 | r:    -1.000000 | e:   0.730800 | Q:   1.758932 | won: True 
#  437 | steps: 13572 | steps_t: 13471 | t: 103.984634 | r:    -1.000000 | e:   0.730580 | Q:   1.758932 | won: True 
#  438 | steps: 13596 | steps_t: 13495 | t: 104.142914 | r:    -1.000000 | e:   0.730100 | Q:   1.799596 | won: True 
#  439 | steps: 13609 | steps_t: 13508 | t: 104.267118 | r:     1.000000 | e:   0.729840 | Q:   1.799596 | won: True 
#  440 | steps: 13628 | steps_t: 13527 | t: 104.408123 | r:     1.000000 | e:   0.729460 | Q:   1.799596 | won: True 
#  441 | steps: 13635 | steps_t: 13534 | t: 104.427524 | r:    -1.000000 | e:   0.729320 | Q:   1.799596 | won: True 
#  442 | steps: 13650 | steps_t: 13549 | t: 104.636159 | r:    -1.000000 | e:   0.729020 | Q:   1.799596 | won: True 
#  443 | steps: 13671 | steps_t: 13570 | t: 104.697337 | r:    -1.000000 | e:   0.728600 | Q:   1.799596 | won: True 
#  444 | steps: 13686 | steps_t: 13585 | t: 104.830135 | r:    -1.000000 | e:   0.728300 | Q:   1.799596 | won: True 
#  445 | steps: 13692 | steps_t: 13591 | t: 104.855324 | r:    -1.000000 | e:   0.728180 | Q:   1.799596 | won: True 
#  446 | steps: 13716 | steps_t: 13615 | t: 105.099732 | r:    -1.000000 | e:   0.727700 | Q:   1.855713 | won: True 
#  447 | steps: 13721 | steps_t: 13620 | t: 105.202429 | r:    -1.000000 | e:   0.727600 | Q:   1.855713 | won: True 
#  448 | steps: 13737 | steps_t: 13636 | t: 105.337513 | r:     1.000000 | e:   0.727280 | Q:   1.855713 | won: True 
#  449 | steps: 13744 | steps_t: 13643 | t: 105.358721 | r:     1.000000 | e:   0.727140 | Q:   1.855713 | won: True 
#  450 | steps: 13778 | steps_t: 13677 | t: 105.463839 | r:     1.000000 | e:   0.726460 | Q:   1.885859 | won: True 
#  451 | steps: 13784 | steps_t: 13683 | t: 105.481559 | r:    -1.000000 | e:   0.726340 | Q:   1.961685 | won: True 
#  452 | steps: 13801 | steps_t: 13700 | t: 105.614968 | r:    -1.000000 | e:   0.726000 | Q:   1.961685 | won: True 
#  453 | steps: 13827 | steps_t: 13726 | t: 105.772858 | r:    -1.000000 | e:   0.725480 | Q:   1.961685 | won: True 
#  454 | steps: 13840 | steps_t: 13739 | t: 105.817950 | r:    -1.000000 | e:   0.725220 | Q:   1.961685 | won: True 
#  455 | steps: 13854 | steps_t: 13753 | t: 105.952630 | r:    -1.000000 | e:   0.724940 | Q:   1.961685 | won: True 
#  456 | steps: 13862 | steps_t: 13761 | t: 105.975776 | r:    -1.000000 | e:   0.724780 | Q:   1.961685 | won: True 
#  457 | steps: 13876 | steps_t: 13775 | t: 106.106301 | r:    -1.000000 | e:   0.724500 | Q:   1.961685 | won: True 
#  458 | steps: 13894 | steps_t: 13793 | t: 106.245816 | r:     1.000000 | e:   0.724140 | Q:   1.961685 | won: True 
#  459 | steps: 13907 | steps_t: 13806 | t: 106.368704 | r:    -1.000000 | e:   0.723880 | Q:   2.009903 | won: True 
#  460 | steps: 13932 | steps_t: 13831 | t: 106.716619 | r:     1.000000 | e:   0.723380 | Q:   2.059644 | won: True 
#  461 | steps: 13962 | steps_t: 13861 | t: 106.972362 | r:    -1.000000 | e:   0.722780 | Q:   2.059644 | won: True 
#  462 | steps: 13979 | steps_t: 13878 | t: 107.102135 | r:     1.000000 | e:   0.722440 | Q:   2.233765 | won: True 
#  463 | steps: 13988 | steps_t: 13887 | t: 107.217697 | r:     1.000000 | e:   0.722260 | Q:   2.288940 | won: True 
#  464 | steps: 14042 | steps_t: 13941 | t: 107.549790 | r:     1.000000 | e:   0.721180 | Q:   2.288940 | won: True 
#  465 | steps: 14054 | steps_t: 13953 | t: 107.666049 | r:     1.000000 | e:   0.720940 | Q:   2.288940 | won: True 
#  466 | steps: 14063 | steps_t: 13962 | t: 107.693584 | r:     1.000000 | e:   0.720760 | Q:   2.288940 | won: True 
#  467 | steps: 14092 | steps_t: 13991 | t: 107.951611 | r:    -1.000000 | e:   0.720180 | Q:   2.288940 | won: True 
#  468 | steps: 14099 | steps_t: 13998 | t: 107.975352 | r:    -1.000000 | e:   0.720040 | Q:   2.288940 | won: True 
#  469 | steps: 14105 | steps_t: 14004 | t: 107.999760 | r:    -1.000000 | e:   0.719920 | Q:   2.288940 | won: True 
#  470 | steps: 14130 | steps_t: 14029 | t: 108.166056 | r:    -1.000000 | e:   0.719420 | Q:   2.288940 | won: True 
#  471 | steps: 14138 | steps_t: 14037 | t: 108.371901 | r:     1.000000 | e:   0.719260 | Q:   2.288940 | won: True 
#  472 | steps: 14145 | steps_t: 14044 | t: 108.397084 | r:    -1.000000 | e:   0.719120 | Q:   2.288940 | won: True 
#  473 | steps: 14172 | steps_t: 14071 | t: 108.644816 | r:    -1.000000 | e:   0.718580 | Q:   2.288940 | won: True 
#  474 | steps: 14187 | steps_t: 14086 | t: 108.698951 | r:     1.000000 | e:   0.718280 | Q:   2.298478 | won: True 
#  475 | steps: 14192 | steps_t: 14091 | t: 108.713739 | r:    -1.000000 | e:   0.718180 | Q:   2.298478 | won: True 
#  476 | steps: 14204 | steps_t: 14103 | t: 108.748202 | r:    -1.000000 | e:   0.717940 | Q:   2.298478 | won: True 
#  477 | steps: 14223 | steps_t: 14122 | t: 108.802023 | r:     1.000000 | e:   0.717560 | Q:   2.376418 | won: True 
#  478 | steps: 14238 | steps_t: 14137 | t: 108.847517 | r:    -1.000000 | e:   0.717260 | Q:   2.376418 | won: True 
#  479 | steps: 14244 | steps_t: 14143 | t: 108.865630 | r:     1.000000 | e:   0.717140 | Q:   2.387954 | won: True 
#  480 | steps: 14276 | steps_t: 14175 | t: 109.313379 | r:    -1.000000 | e:   0.716500 | Q:   2.387954 | won: True 
#  481 | steps: 14292 | steps_t: 14191 | t: 109.455348 | r:    -1.000000 | e:   0.716180 | Q:   2.387954 | won: True 
#  482 | steps: 14307 | steps_t: 14206 | t: 109.503760 | r:    -1.000000 | e:   0.715880 | Q:   2.387954 | won: True 
#  483 | steps: 14325 | steps_t: 14224 | t: 109.569194 | r:     1.000000 | e:   0.715520 | Q:   2.526506 | won: True 
#  484 | steps: 14342 | steps_t: 14241 | t: 109.707110 | r:    -1.000000 | e:   0.715180 | Q:   2.526506 | won: True 
#  485 | steps: 14351 | steps_t: 14250 | t: 109.815764 | r:     1.000000 | e:   0.715000 | Q:   2.526506 | won: True 
#  486 | steps: 14360 | steps_t: 14259 | t: 109.843435 | r:    -1.000000 | e:   0.714820 | Q:   2.526506 | won: True 
#  487 | steps: 14371 | steps_t: 14270 | t: 109.876170 | r:    -1.000000 | e:   0.714600 | Q:   2.526506 | won: True 
#  488 | steps: 14379 | steps_t: 14278 | t: 109.984585 | r:     1.000000 | e:   0.714440 | Q:   2.526506 | won: True 
#  489 | steps: 14391 | steps_t: 14290 | t: 110.186353 | r:     1.000000 | e:   0.714200 | Q:   2.526506 | won: True 
#  490 | steps: 14399 | steps_t: 14298 | t: 110.211638 | r:    -1.000000 | e:   0.714040 | Q:   2.526506 | won: True 
#  491 | steps: 14429 | steps_t: 14328 | t: 110.590032 | r:     1.000000 | e:   0.713440 | Q:   2.526506 | won: True 
#  492 | steps: 14437 | steps_t: 14336 | t: 110.617221 | r:    -1.000000 | e:   0.713280 | Q:   2.526506 | won: True 
#  493 | steps: 14454 | steps_t: 14353 | t: 110.678125 | r:    -1.000000 | e:   0.712940 | Q:   2.526506 | won: True 
#  494 | steps: 14460 | steps_t: 14359 | t: 110.779679 | r:    -1.000000 | e:   0.712820 | Q:   2.526506 | won: True 
#  495 | steps: 14469 | steps_t: 14368 | t: 110.980041 | r:    -1.000000 | e:   0.712640 | Q:   2.526506 | won: True 
#  496 | steps: 14485 | steps_t: 14384 | t: 111.115952 | r:     1.000000 | e:   0.712320 | Q:   2.526506 | won: True 
#  497 | steps: 14503 | steps_t: 14402 | t: 111.267819 | r:    -1.000000 | e:   0.711960 | Q:   2.526506 | won: True 
#  498 | steps: 14517 | steps_t: 14416 | t: 111.395759 | r:    -1.000000 | e:   0.711680 | Q:   2.526506 | won: True 
#  499 | steps: 14538 | steps_t: 14437 | t: 111.537768 | r:     1.000000 | e:   0.711260 | Q:   2.580110 | won: True 
#  500 | steps: 14557 | steps_t: 14456 | t: 111.671376 | r:    -1.000000 | e:   0.710880 | Q:   2.580110 | won: True 
#  501 | steps: 14582 | steps_t: 14481 | t: 111.912113 | r:    -1.000000 | e:   0.710380 | Q:   2.580110 | won: True 
#  502 | steps: 14594 | steps_t: 14493 | t: 112.033744 | r:    -1.000000 | e:   0.710140 | Q:   2.580110 | won: True 
#  503 | steps: 14606 | steps_t: 14505 | t: 112.148636 | r:    -1.000000 | e:   0.709900 | Q:   2.580110 | won: True 
#  504 | steps: 14613 | steps_t: 14512 | t: 112.256212 | r:    -1.000000 | e:   0.709760 | Q:   2.580110 | won: True 
#  505 | steps: 14632 | steps_t: 14531 | t: 112.403329 | r:    -1.000000 | e:   0.709380 | Q:   2.580110 | won: True 
#  506 | steps: 14640 | steps_t: 14539 | t: 112.509169 | r:     1.000000 | e:   0.709220 | Q:   2.580110 | won: True 
#  507 | steps: 14661 | steps_t: 14560 | t: 112.737228 | r:    -1.000000 | e:   0.708800 | Q:   2.580110 | won: True 
#  508 | steps: 14670 | steps_t: 14569 | t: 112.865464 | r:    -1.000000 | e:   0.708620 | Q:   2.580110 | won: True 
#  509 | steps: 14712 | steps_t: 14611 | t: 113.025989 | r:     1.000000 | e:   0.707780 | Q:   2.815046 | won: True 
#  510 | steps: 14722 | steps_t: 14621 | t: 113.221888 | r:    -1.000000 | e:   0.707580 | Q:   2.815046 | won: True 
#  511 | steps: 14776 | steps_t: 14675 | t: 113.605508 | r:    -1.000000 | e:   0.706500 | Q:   2.815046 | won: True 
#  512 | steps: 14793 | steps_t: 14692 | t: 113.672964 | r:    -1.000000 | e:   0.706160 | Q:   2.815046 | won: True 
#  513 | steps: 14817 | steps_t: 14716 | t: 113.750748 | r:    -1.000000 | e:   0.705680 | Q:   2.815046 | won: True 
#  514 | steps: 14844 | steps_t: 14743 | t: 113.931747 | r:     1.000000 | e:   0.705140 | Q:   3.039690 | won: True 
#  515 | steps: 14856 | steps_t: 14755 | t: 114.061865 | r:    -1.000000 | e:   0.704900 | Q:   3.039690 | won: True 
#  516 | steps: 14868 | steps_t: 14767 | t: 114.097576 | r:     1.000000 | e:   0.704660 | Q:   3.039690 | won: True 
#  517 | steps: 14890 | steps_t: 14789 | t: 114.325425 | r:     1.000000 | e:   0.704220 | Q:   3.039690 | won: True 
#  518 | steps: 14896 | steps_t: 14795 | t: 114.428749 | r:    -1.000000 | e:   0.704100 | Q:   3.039690 | won: True 
#  519 | steps: 14912 | steps_t: 14811 | t: 114.483373 | r:    -1.000000 | e:   0.703780 | Q:   3.039690 | won: True 
#  520 | steps: 14947 | steps_t: 14846 | t: 114.840651 | r:    -1.000000 | e:   0.703080 | Q:   3.039690 | won: True 
#  521 | steps: 14984 | steps_t: 14883 | t: 115.053992 | r:    -1.000000 | e:   0.702340 | Q:   3.039690 | won: True 
#  522 | steps: 14996 | steps_t: 14895 | t: 115.101485 | r:     1.000000 | e:   0.702100 | Q:   3.039690 | won: True 
#  523 | steps: 15001 | steps_t: 14900 | t: 115.117271 | r:    -1.000000 | e:   0.702000 | Q:   3.039690 | won: True 
#  524 | steps: 15006 | steps_t: 14905 | t: 115.137190 | r:    -1.000000 | e:   0.701900 | Q:   3.039690 | won: True 
#  525 | steps: 15022 | steps_t: 14921 | t: 115.189800 | r:    -1.000000 | e:   0.701580 | Q:   3.039690 | won: True 
#  526 | steps: 15049 | steps_t: 14948 | t: 115.285220 | r:    -1.000000 | e:   0.701040 | Q:   3.039690 | won: True 
#  527 | steps: 15078 | steps_t: 14977 | t: 115.482861 | r:    -1.000000 | e:   0.700460 | Q:   3.039690 | won: True 
#  528 | steps: 15085 | steps_t: 14984 | t: 115.512299 | r:     1.000000 | e:   0.700320 | Q:   3.039690 | won: True 
#  529 | steps: 15098 | steps_t: 14997 | t: 115.552993 | r:    -1.000000 | e:   0.700060 | Q:   3.039690 | won: True 
#  530 | steps: 15116 | steps_t: 15015 | t: 115.614204 | r:    -1.000000 | e:   0.699700 | Q:   3.039690 | won: True 
#  531 | steps: 15132 | steps_t: 15031 | t: 115.918911 | r:    -1.000000 | e:   0.699380 | Q:   3.039690 | won: True 
#  532 | steps: 15151 | steps_t: 15050 | t: 116.076477 | r:    -1.000000 | e:   0.699000 | Q:   3.039690 | won: True 
#  533 | steps: 15167 | steps_t: 15066 | t: 116.126613 | r:    -1.000000 | e:   0.698680 | Q:   3.039690 | won: True 
#  534 | steps: 15178 | steps_t: 15077 | t: 116.171878 | r:    -1.000000 | e:   0.698460 | Q:   3.039690 | won: True 
#  535 | steps: 15186 | steps_t: 15085 | t: 116.198756 | r:     1.000000 | e:   0.698300 | Q:   3.039690 | won: True 
#  536 | steps: 15234 | steps_t: 15133 | t: 116.608318 | r:    -1.000000 | e:   0.697340 | Q:   3.039690 | won: True 
#  537 | steps: 15248 | steps_t: 15147 | t: 116.735001 | r:     1.000000 | e:   0.697060 | Q:   3.047281 | won: True 
#  538 | steps: 15262 | steps_t: 15161 | t: 116.786722 | r:    -1.000000 | e:   0.696780 | Q:   3.047281 | won: True 
#  539 | steps: 15268 | steps_t: 15167 | t: 116.895273 | r:     1.000000 | e:   0.696660 | Q:   3.126179 | won: True 
#  540 | steps: 15279 | steps_t: 15178 | t: 116.935418 | r:    -1.000000 | e:   0.696440 | Q:   3.126179 | won: True 
#  541 | steps: 15292 | steps_t: 15191 | t: 117.147995 | r:    -1.000000 | e:   0.696180 | Q:   3.126179 | won: True 
#  542 | steps: 15321 | steps_t: 15220 | t: 117.246740 | r:    -1.000000 | e:   0.695600 | Q:   3.126179 | won: True 
#  543 | steps: 15336 | steps_t: 15235 | t: 117.473499 | r:    -1.000000 | e:   0.695300 | Q:   3.126179 | won: True 
#  544 | steps: 15344 | steps_t: 15243 | t: 117.499481 | r:    -1.000000 | e:   0.695140 | Q:   3.126179 | won: True 
