#    2 | steps:    65 | steps_t:     0 | t: 0.182947 | r:    -1.000000 | e:   1.000000 | Q:   0.118311 | won: True 
#    3 | steps:    78 | steps_t:     0 | t: 0.184714 | r:     1.000000 | e:   1.000000 | Q:   0.118311 | won: True 
#    4 | steps:   116 | steps_t:     0 | t: 0.440417 | r:     1.000000 | e:   1.000000 | Q:   0.118311 | won: True 
#    5 | steps:   216 | steps_t:     0 | t: 0.694230 | r:    -1.000000 | e:   1.000000 | Q:   0.118311 | won: True 
#    6 | steps:   335 | steps_t:     0 | t: 0.950901 | r:     1.000000 | e:   1.000000 | Q:   0.118311 | won: True 
#    7 | steps:   381 | steps_t:     0 | t: 0.954540 | r:    -1.000000 | e:   1.000000 | Q:   0.118311 | won: True 
#    8 | steps:   401 | steps_t:     0 | t: 1.040526 | r:    -1.000000 | e:   1.000000 | Q:   0.118311 | won: True 
#    9 | steps:   454 | steps_t:     0 | t: 1.130697 | r:    -1.000000 | e:   1.000000 | Q:   0.118311 | won: True 
#   10 | steps:   467 | steps_t:     0 | t: 1.132095 | r:    -1.000000 | e:   1.000000 | Q:   0.118311 | won: True 
#   11 | steps:   504 | steps_t:     0 | t: 1.217078 | r:    -1.000000 | e:   1.000000 | Q:   0.118311 | won: True 
#   12 | steps:   518 | steps_t:     0 | t: 1.303679 | r:     1.000000 | e:   1.000000 | Q:   0.118311 | won: True 
#   13 | steps:   533 | steps_t:     0 | t: 1.473159 | r:    -1.000000 | e:   1.000000 | Q:   0.118311 | won: True 
#   14 | steps:   559 | steps_t:     0 | t: 1.641355 | r:     1.000000 | e:   1.000000 | Q:   0.118311 | won: True 
#   15 | steps:   581 | steps_t:     0 | t: 1.808516 | r:    -1.000000 | e:   1.000000 | Q:   0.118311 | won: True 
#   16 | steps:   591 | steps_t:     0 | t: 1.892678 | r:     1.000000 | e:   1.000000 | Q:   0.118311 | won: True 
#   17 | steps:   604 | steps_t:     3 | t: 2.083768 | r:     1.000000 | e:   0.999990 | Q:   0.118311 | won: True 
#   18 | steps:   623 | steps_t:    22 | t: 2.138592 | r:    -1.000000 | e:   0.999927 | Q:   0.118311 | won: True 
#   19 | steps:   638 | steps_t:    37 | t: 2.177773 | r:    -1.000000 | e:   0.999877 | Q:   0.118311 | won: True 
#   20 | steps:   688 | steps_t:    87 | t: 2.455567 | r:    -1.000000 | e:   0.999710 | Q:   0.118311 | won: True 
#   21 | steps:   747 | steps_t:   146 | t: 2.884022 | r:    -1.000000 | e:   0.999513 | Q:   0.118311 | won: True 
#   22 | steps:   841 | steps_t:   240 | t: 3.473555 | r:     1.000000 | e:   0.999200 | Q:   0.118311 | won: True 
#   23 | steps:   905 | steps_t:   304 | t: 3.752568 | r:    -1.000000 | e:   0.998987 | Q:   0.118311 | won: True 
#   24 | steps:   921 | steps_t:   320 | t: 3.794321 | r:    -1.000000 | e:   0.998933 | Q:   0.118311 | won: True 
#   25 | steps:  1025 | steps_t:   424 | t: 4.913651 | r:     1.000000 | e:   0.998587 | Q:   0.118311 | won: True 
#   26 | steps:  1123 | steps_t:   522 | t: 5.438688 | r:    -1.000000 | e:   0.998260 | Q:   0.118311 | won: True 
#   27 | steps:  1139 | steps_t:   538 | t: 5.481801 | r:     1.000000 | e:   0.998207 | Q:   0.118311 | won: True 
#   28 | steps:  1193 | steps_t:   592 | t: 5.879152 | r:     1.000000 | e:   0.998027 | Q:   0.118311 | won: True 
#   29 | steps:  1202 | steps_t:   601 | t: 5.906555 | r:    -1.000000 | e:   0.997997 | Q:   0.118311 | won: True 
#   30 | steps:  1212 | steps_t:   611 | t: 5.938159 | r:    -1.000000 | e:   0.997963 | Q:   0.118311 | won: True 
#   31 | steps:  1242 | steps_t:   641 | t: 6.268094 | r:    -1.000000 | e:   0.997863 | Q:   0.118311 | won: True 
#   32 | steps:  1270 | steps_t:   669 | t: 6.425566 | r:    -1.000000 | e:   0.997770 | Q:   0.118311 | won: True 
#   33 | steps:  1296 | steps_t:   695 | t: 6.578742 | r:    -1.000000 | e:   0.997683 | Q:   0.118311 | won: True 
#   34 | steps:  1312 | steps_t:   711 | t: 6.707491 | r:    -1.000000 | e:   0.997630 | Q:   0.118311 | won: True 
#   35 | steps:  1330 | steps_t:   729 | t: 6.924424 | r:    -1.000000 | e:   0.997570 | Q:   0.118311 | won: True 
#   36 | steps:  1360 | steps_t:   759 | t: 7.091596 | r:     1.000000 | e:   0.997470 | Q:   0.118311 | won: True 
#   37 | steps:  1370 | steps_t:   769 | t: 7.121871 | r:    -1.000000 | e:   0.997437 | Q:   0.118311 | won: True 
#   38 | steps:  1389 | steps_t:   788 | t: 7.261397 | r:    -1.000000 | e:   0.997373 | Q:   0.118311 | won: True 
#   39 | steps:  1407 | steps_t:   806 | t: 7.316841 | r:    -1.000000 | e:   0.997313 | Q:   0.118311 | won: True 
#   40 | steps:  1412 | steps_t:   811 | t: 7.329532 | r:    -1.000000 | e:   0.997297 | Q:   0.118311 | won: True 
#   41 | steps:  1422 | steps_t:   821 | t: 7.356030 | r:    -1.000000 | e:   0.997263 | Q:   0.118311 | won: True 
#   42 | steps:  1448 | steps_t:   847 | t: 7.603078 | r:     1.000000 | e:   0.997177 | Q:   0.118311 | won: True 
#   43 | steps:  1481 | steps_t:   880 | t: 7.692287 | r:    -1.000000 | e:   0.997067 | Q:   0.118311 | won: True 
#   44 | steps:  1559 | steps_t:   958 | t: 8.249333 | r:    -1.000000 | e:   0.996807 | Q:   0.118311 | won: True 
#   45 | steps:  1567 | steps_t:   966 | t: 8.438983 | r:    -1.000000 | e:   0.996780 | Q:   0.118311 | won: True 
#   46 | steps:  1616 | steps_t:  1015 | t: 8.821269 | r:    -1.000000 | e:   0.996617 | Q:   0.118311 | won: True 
#   47 | steps:  1638 | steps_t:  1037 | t: 8.882489 | r:     1.000000 | e:   0.996543 | Q:   0.118311 | won: True 
#   48 | steps:  1656 | steps_t:  1055 | t: 9.014256 | r:    -1.000000 | e:   0.996483 | Q:   0.118311 | won: True 
#   49 | steps:  1666 | steps_t:  1065 | t: 9.130617 | r:     1.000000 | e:   0.996450 | Q:   0.118311 | won: True 
#   50 | steps:  1745 | steps_t:  1144 | t: 9.929751 | r:    -1.000000 | e:   0.996187 | Q:   0.118311 | won: True 
#   51 | steps:  1760 | steps_t:  1159 | t: 10.054797 | r:    -1.000000 | e:   0.996137 | Q:   0.118311 | won: True 
#   52 | steps:  1791 | steps_t:  1190 | t: 10.381326 | r:     1.000000 | e:   0.996033 | Q:   0.118311 | won: True 
#   53 | steps:  1812 | steps_t:  1211 | t: 10.444249 | r:    -1.000000 | e:   0.995963 | Q:   0.118311 | won: True 
#   54 | steps:  1819 | steps_t:  1218 | t: 10.463839 | r:    -1.000000 | e:   0.995940 | Q:   0.118311 | won: True 
#   55 | steps:  1854 | steps_t:  1253 | t: 10.644073 | r:    -1.000000 | e:   0.995823 | Q:   0.118311 | won: True 
#   56 | steps:  1944 | steps_t:  1343 | t: 11.378919 | r:     1.000000 | e:   0.995523 | Q:   0.118311 | won: True 
#   57 | steps:  1960 | steps_t:  1359 | t: 11.427695 | r:    -1.000000 | e:   0.995470 | Q:   0.118311 | won: True 
#   58 | steps:  2003 | steps_t:  1402 | t: 11.798071 | r:    -1.000000 | e:   0.995327 | Q:   0.118311 | won: True 
#   59 | steps:  2039 | steps_t:  1438 | t: 12.073339 | r:     1.000000 | e:   0.995207 | Q:   0.118311 | won: True 
#   60 | steps:  2048 | steps_t:  1447 | t: 12.183244 | r:    -1.000000 | e:   0.995177 | Q:   0.118311 | won: True 
#   61 | steps:  2078 | steps_t:  1477 | t: 12.275439 | r:    -1.000000 | e:   0.995077 | Q:   0.118311 | won: True 
#   62 | steps:  2092 | steps_t:  1491 | t: 12.399614 | r:    -1.000000 | e:   0.995030 | Q:   0.118311 | won: True 
#   63 | steps:  2169 | steps_t:  1568 | t: 12.950803 | r:    -1.000000 | e:   0.994773 | Q:   0.118311 | won: True 
#   64 | steps:  2181 | steps_t:  1580 | t: 13.068987 | r:    -1.000000 | e:   0.994733 | Q:   0.118311 | won: True 
#   65 | steps:  2222 | steps_t:  1621 | t: 13.355015 | r:    -1.000000 | e:   0.994597 | Q:   0.118311 | won: True 
#   66 | steps:  2235 | steps_t:  1634 | t: 13.568512 | r:     1.000000 | e:   0.994553 | Q:   0.118311 | won: True 
#   67 | steps:  2250 | steps_t:  1649 | t: 13.699706 | r:    -1.000000 | e:   0.994503 | Q:   0.118311 | won: True 
#   68 | steps:  2269 | steps_t:  1668 | t: 13.924658 | r:     1.000000 | e:   0.994440 | Q:   0.118311 | won: True 
#   69 | steps:  2283 | steps_t:  1682 | t: 13.963908 | r:    -1.000000 | e:   0.994393 | Q:   0.118311 | won: True 
#   70 | steps:  2290 | steps_t:  1689 | t: 14.067551 | r:    -1.000000 | e:   0.994370 | Q:   0.118311 | won: True 
#   71 | steps:  2329 | steps_t:  1728 | t: 14.338010 | r:    -1.000000 | e:   0.994240 | Q:   0.118311 | won: True 
#   72 | steps:  2356 | steps_t:  1755 | t: 14.503139 | r:    -1.000000 | e:   0.994150 | Q:   0.118311 | won: True 
#   73 | steps:  2451 | steps_t:  1850 | t: 15.510154 | r:    -1.000000 | e:   0.993833 | Q:   0.118311 | won: True 
#   74 | steps:  2473 | steps_t:  1872 | t: 15.657174 | r:     1.000000 | e:   0.993760 | Q:   0.118311 | won: True 
#   75 | steps:  2496 | steps_t:  1895 | t: 15.895730 | r:    -1.000000 | e:   0.993683 | Q:   0.118311 | won: True 
#   76 | steps:  2507 | steps_t:  1906 | t: 16.007071 | r:    -1.000000 | e:   0.993647 | Q:   0.118311 | won: True 
#   77 | steps:  2553 | steps_t:  1952 | t: 16.477016 | r:     1.000000 | e:   0.993493 | Q:   0.118311 | won: True 
#   78 | steps:  2563 | steps_t:  1962 | t: 16.502851 | r:     1.000000 | e:   0.993460 | Q:   0.118311 | won: True 
#   79 | steps:  2574 | steps_t:  1973 | t: 16.615420 | r:     1.000000 | e:   0.993423 | Q:   0.118311 | won: True 
#   80 | steps:  2594 | steps_t:  1993 | t: 16.752097 | r:    -1.000000 | e:   0.993357 | Q:   0.118311 | won: True 
#   81 | steps:  2673 | steps_t:  2072 | t: 17.468584 | r:     1.000000 | e:   0.993093 | Q:   0.118311 | won: True 
#   82 | steps:  2767 | steps_t:  2166 | t: 18.146404 | r:    -1.000000 | e:   0.992780 | Q:   0.118311 | won: True 
#   83 | steps:  2804 | steps_t:  2203 | t: 18.584122 | r:    -1.000000 | e:   0.992657 | Q:   0.118311 | won: True 
#   84 | steps:  2812 | steps_t:  2211 | t: 18.690902 | r:    -1.000000 | e:   0.992630 | Q:   0.118311 | won: True 
#   85 | steps:  2857 | steps_t:  2256 | t: 18.981393 | r:     1.000000 | e:   0.992480 | Q:   0.118311 | won: True 
#   86 | steps:  2906 | steps_t:  2305 | t: 19.534013 | r:    -1.000000 | e:   0.992317 | Q:   0.118311 | won: True 
#   87 | steps:  2925 | steps_t:  2324 | t: 19.589079 | r:    -1.000000 | e:   0.992253 | Q:   0.118311 | won: True 
#   88 | steps:  2937 | steps_t:  2336 | t: 19.622152 | r:    -1.000000 | e:   0.992213 | Q:   0.118311 | won: True 
#   89 | steps:  2976 | steps_t:  2375 | t: 19.740051 | r:    -1.000000 | e:   0.992083 | Q:   0.118311 | won: True 
#   90 | steps:  3010 | steps_t:  2409 | t: 19.846527 | r:    -1.000000 | e:   0.991970 | Q:   0.118311 | won: True 
#   91 | steps:  3046 | steps_t:  2445 | t: 20.279957 | r:     1.000000 | e:   0.991850 | Q:   0.118311 | won: True 
#   92 | steps:  3082 | steps_t:  2481 | t: 20.459246 | r:     1.000000 | e:   0.991730 | Q:   0.118311 | won: True 
#   93 | steps:  3117 | steps_t:  2516 | t: 20.555104 | r:     1.000000 | e:   0.991613 | Q:   0.118311 | won: True 
#   94 | steps:  3156 | steps_t:  2555 | t: 20.911452 | r:    -1.000000 | e:   0.991483 | Q:   0.118311 | won: True 
#   95 | steps:  3280 | steps_t:  2679 | t: 21.911493 | r:     1.000000 | e:   0.991070 | Q:   0.118311 | won: True 
#   96 | steps:  3291 | steps_t:  2690 | t: 22.026155 | r:    -1.000000 | e:   0.991033 | Q:   0.118311 | won: True 
#   97 | steps:  3309 | steps_t:  2708 | t: 22.080010 | r:     1.000000 | e:   0.990973 | Q:   0.118311 | won: True 
#   98 | steps:  3320 | steps_t:  2719 | t: 22.108862 | r:     1.000000 | e:   0.990937 | Q:   0.118311 | won: True 
#   99 | steps:  3339 | steps_t:  2738 | t: 22.159812 | r:     1.000000 | e:   0.990873 | Q:   0.118311 | won: True 
#  100 | steps:  3371 | steps_t:  2770 | t: 22.326031 | r:     1.000000 | e:   0.990767 | Q:   0.118311 | won: True 
#  101 | steps:  3396 | steps_t:  2795 | t: 22.477687 | r:    -1.000000 | e:   0.990683 | Q:   0.118311 | won: True 
#  102 | steps:  3415 | steps_t:  2814 | t: 22.807699 | r:     1.000000 | e:   0.990620 | Q:   0.118311 | won: True 
#  103 | steps:  3421 | steps_t:  2820 | t: 22.828911 | r:    -1.000000 | e:   0.990600 | Q:   0.118311 | won: True 
#  104 | steps:  3439 | steps_t:  2838 | t: 22.891727 | r:    -1.000000 | e:   0.990540 | Q:   0.118311 | won: True 
#  105 | steps:  3569 | steps_t:  2968 | t: 23.527314 | r:     1.000000 | e:   0.990107 | Q:   0.118311 | won: True 
#  106 | steps:  3607 | steps_t:  3006 | t: 23.798823 | r:     1.000000 | e:   0.989980 | Q:   0.118311 | won: True 
#  107 | steps:  3633 | steps_t:  3032 | t: 23.958323 | r:     1.000000 | e:   0.989893 | Q:   0.118311 | won: True 
#  108 | steps:  3643 | steps_t:  3042 | t: 23.988545 | r:    -1.000000 | e:   0.989860 | Q:   0.118311 | won: True 
#  109 | steps:  3675 | steps_t:  3074 | t: 24.244008 | r:    -1.000000 | e:   0.989753 | Q:   0.118311 | won: True 
#  110 | steps:  3747 | steps_t:  3146 | t: 24.860674 | r:     1.000000 | e:   0.989513 | Q:   0.118311 | won: True 
#  111 | steps:  3871 | steps_t:  3270 | t: 25.719778 | r:     1.000000 | e:   0.989100 | Q:   0.118311 | won: True 
#  112 | steps:  3933 | steps_t:  3332 | t: 26.457346 | r:    -1.000000 | e:   0.988893 | Q:   0.118311 | won: True 
#  113 | steps:  3952 | steps_t:  3351 | t: 26.696838 | r:    -1.000000 | e:   0.988830 | Q:   0.118311 | won: True 
#  114 | steps:  3977 | steps_t:  3376 | t: 26.949735 | r:     1.000000 | e:   0.988747 | Q:   0.118311 | won: True 
#  115 | steps:  3987 | steps_t:  3386 | t: 27.152795 | r:    -1.000000 | e:   0.988713 | Q:   0.118311 | won: True 
#  116 | steps:  4067 | steps_t:  3466 | t: 27.899954 | r:     1.000000 | e:   0.988447 | Q:   0.118311 | won: True 
#  117 | steps:  4101 | steps_t:  3500 | t: 28.331183 | r:    -1.000000 | e:   0.988333 | Q:   0.118311 | won: True 
#  118 | steps:  4123 | steps_t:  3522 | t: 28.702756 | r:    -1.000000 | e:   0.988260 | Q:   0.118311 | won: True 
#  119 | steps:  4142 | steps_t:  3541 | t: 28.794328 | r:    -1.000000 | e:   0.988197 | Q:   0.118311 | won: True 
#  120 | steps:  4151 | steps_t:  3550 | t: 28.842799 | r:    -1.000000 | e:   0.988167 | Q:   0.118311 | won: True 
#  121 | steps:  4160 | steps_t:  3559 | t: 28.890464 | r:    -1.000000 | e:   0.988137 | Q:   0.118311 | won: True 
#  122 | steps:  4179 | steps_t:  3578 | t: 28.983655 | r:     1.000000 | e:   0.988073 | Q:   0.118311 | won: True 
#  123 | steps:  4199 | steps_t:  3598 | t: 29.143833 | r:     1.000000 | e:   0.988007 | Q:   0.118311 | won: True 
#  124 | steps:  4233 | steps_t:  3632 | t: 29.272788 | r:     1.000000 | e:   0.987893 | Q:   0.118311 | won: True 
#  125 | steps:  4307 | steps_t:  3706 | t: 29.700645 | r:    -1.000000 | e:   0.987647 | Q:   0.118311 | won: True 
#  126 | steps:  4318 | steps_t:  3717 | t: 29.829778 | r:     1.000000 | e:   0.987610 | Q:   0.118311 | won: True 
#  127 | steps:  4371 | steps_t:  3770 | t: 30.306475 | r:    -1.000000 | e:   0.987433 | Q:   0.118311 | won: True 
#  128 | steps:  4435 | steps_t:  3834 | t: 30.705689 | r:    -1.000000 | e:   0.987220 | Q:   0.118311 | won: True 
#  129 | steps:  4501 | steps_t:  3900 | t: 31.297056 | r:     1.000000 | e:   0.987000 | Q:   0.118311 | won: True 
#  130 | steps:  4512 | steps_t:  3911 | t: 31.351059 | r:     1.000000 | e:   0.986963 | Q:   0.118311 | won: True 
#  131 | steps:  4529 | steps_t:  3928 | t: 31.429730 | r:     1.000000 | e:   0.986907 | Q:   0.118311 | won: True 
#  132 | steps:  4540 | steps_t:  3939 | t: 31.591143 | r:     1.000000 | e:   0.986870 | Q:   0.118311 | won: True 
#  133 | steps:  4569 | steps_t:  3968 | t: 31.926282 | r:    -1.000000 | e:   0.986773 | Q:   0.118311 | won: True 
#  134 | steps:  4607 | steps_t:  4006 | t: 32.256651 | r:    -1.000000 | e:   0.986647 | Q:   0.118311 | won: True 
#  135 | steps:  4670 | steps_t:  4069 | t: 32.516328 | r:     1.000000 | e:   0.986437 | Q:   0.118311 | won: True 
#  136 | steps:  4687 | steps_t:  4086 | t: 32.583805 | r:    -1.000000 | e:   0.986380 | Q:   0.118311 | won: True 
#  137 | steps:  4715 | steps_t:  4114 | t: 32.882526 | r:     1.000000 | e:   0.986287 | Q:   0.118311 | won: True 
#  138 | steps:  4742 | steps_t:  4141 | t: 33.086280 | r:     1.000000 | e:   0.986197 | Q:   0.118311 | won: True 
#  139 | steps:  4769 | steps_t:  4168 | t: 33.270586 | r:    -1.000000 | e:   0.986107 | Q:   0.118311 | won: True 
#  140 | steps:  4794 | steps_t:  4193 | t: 33.466433 | r:     1.000000 | e:   0.986023 | Q:   0.118311 | won: True 
#  141 | steps:  4821 | steps_t:  4220 | t: 33.735546 | r:    -1.000000 | e:   0.985933 | Q:   0.118311 | won: True 
#  142 | steps:  4845 | steps_t:  4244 | t: 34.171905 | r:    -1.000000 | e:   0.985853 | Q:   0.118311 | won: True 
#  143 | steps:  4864 | steps_t:  4263 | t: 34.416296 | r:     1.000000 | e:   0.985790 | Q:   0.118311 | won: True 
#  144 | steps:  4896 | steps_t:  4295 | t: 34.524121 | r:     1.000000 | e:   0.985683 | Q:   0.118311 | won: True 
#  145 | steps:  4916 | steps_t:  4315 | t: 34.677784 | r:     1.000000 | e:   0.985617 | Q:   0.118311 | won: True 
#  146 | steps:  4964 | steps_t:  4363 | t: 35.272421 | r:    -1.000000 | e:   0.985457 | Q:   0.118311 | won: True 
#  147 | steps:  5059 | steps_t:  4458 | t: 36.025968 | r:     1.000000 | e:   0.985140 | Q:   0.118311 | won: True 
#  148 | steps:  5106 | steps_t:  4505 | t: 36.254241 | r:     1.000000 | e:   0.984983 | Q:   0.118311 | won: True 
#  149 | steps:  5125 | steps_t:  4524 | t: 36.393345 | r:    -1.000000 | e:   0.984920 | Q:   0.118311 | won: True 
#  150 | steps:  5131 | steps_t:  4530 | t: 36.414355 | r:    -1.000000 | e:   0.984900 | Q:   0.118311 | won: True 
#  151 | steps:  5145 | steps_t:  4544 | t: 36.456841 | r:     1.000000 | e:   0.984853 | Q:   0.118311 | won: True 
#  152 | steps:  5151 | steps_t:  4550 | t: 36.476438 | r:    -1.000000 | e:   0.984833 | Q:   0.118311 | won: True 
#  153 | steps:  5180 | steps_t:  4579 | t: 36.567959 | r:    -1.000000 | e:   0.984737 | Q:   0.118311 | won: True 
#  154 | steps:  5218 | steps_t:  4617 | t: 36.775160 | r:     1.000000 | e:   0.984610 | Q:   0.118311 | won: True 
#  155 | steps:  5248 | steps_t:  4647 | t: 36.956556 | r:    -1.000000 | e:   0.984510 | Q:   0.118311 | won: True 
#  156 | steps:  5260 | steps_t:  4659 | t: 37.077508 | r:    -1.000000 | e:   0.984470 | Q:   0.118311 | won: True 
#  157 | steps:  5284 | steps_t:  4683 | t: 37.420226 | r:     1.000000 | e:   0.984390 | Q:   0.118311 | won: True 
#  158 | steps:  5335 | steps_t:  4734 | t: 37.762933 | r:    -1.000000 | e:   0.984220 | Q:   0.118311 | won: True 
#  159 | steps:  5364 | steps_t:  4763 | t: 37.865787 | r:     1.000000 | e:   0.984123 | Q:   0.118311 | won: True 
#  160 | steps:  5377 | steps_t:  4776 | t: 37.910854 | r:    -1.000000 | e:   0.984080 | Q:   0.118311 | won: True 
#  161 | steps:  5401 | steps_t:  4800 | t: 38.244815 | r:    -1.000000 | e:   0.984000 | Q:   0.118311 | won: True 
#  162 | steps:  5411 | steps_t:  4810 | t: 38.276404 | r:    -1.000000 | e:   0.983967 | Q:   0.118311 | won: True 
#  163 | steps:  5435 | steps_t:  4834 | t: 38.436450 | r:     1.000000 | e:   0.983887 | Q:   0.118311 | won: True 
#  164 | steps:  5446 | steps_t:  4845 | t: 38.480168 | r:    -1.000000 | e:   0.983850 | Q:   0.118311 | won: True 
#  165 | steps:  5453 | steps_t:  4852 | t: 38.587197 | r:    -1.000000 | e:   0.983827 | Q:   0.118311 | won: True 
#  166 | steps:  5523 | steps_t:  4922 | t: 38.888273 | r:    -1.000000 | e:   0.983593 | Q:   0.118311 | won: True 
#  167 | steps:  5531 | steps_t:  4930 | t: 38.917631 | r:     1.000000 | e:   0.983567 | Q:   0.118311 | won: True 
#  168 | steps:  5561 | steps_t:  4960 | t: 39.102440 | r:    -1.000000 | e:   0.983467 | Q:   0.118311 | won: True 
#  169 | steps:  5608 | steps_t:  5007 | t: 39.431059 | r:    -1.000000 | e:   0.983310 | Q:   0.118311 | won: True 
#  170 | steps:  5709 | steps_t:  5108 | t: 40.070128 | r:    -1.000000 | e:   0.982973 | Q:   0.118311 | won: True 
#  171 | steps:  5727 | steps_t:  5126 | t: 40.458317 | r:     1.000000 | e:   0.982913 | Q:   0.118311 | won: True 
#  172 | steps:  5746 | steps_t:  5145 | t: 40.598160 | r:     1.000000 | e:   0.982850 | Q:   0.118311 | won: True 
#  173 | steps:  5776 | steps_t:  5175 | t: 40.699153 | r:     1.000000 | e:   0.982750 | Q:   0.118311 | won: True 
#  174 | steps:  5798 | steps_t:  5197 | t: 40.859529 | r:     1.000000 | e:   0.982677 | Q:   0.118311 | won: True 
#  175 | steps:  5825 | steps_t:  5224 | t: 41.116681 | r:     1.000000 | e:   0.982587 | Q:   0.118311 | won: True 
#  176 | steps:  5916 | steps_t:  5315 | t: 41.991312 | r:     1.000000 | e:   0.982283 | Q:   0.118311 | won: True 
#  177 | steps:  5954 | steps_t:  5353 | t: 42.276193 | r:     1.000000 | e:   0.982157 | Q:   0.118311 | won: True 
#  178 | steps:  5987 | steps_t:  5386 | t: 42.543928 | r:    -1.000000 | e:   0.982047 | Q:   0.118311 | won: True 
#  179 | steps:  5998 | steps_t:  5397 | t: 42.662011 | r:    -1.000000 | e:   0.982010 | Q:   0.118311 | won: True 
#  180 | steps:  6027 | steps_t:  5426 | t: 42.848128 | r:    -1.000000 | e:   0.981913 | Q:   0.118311 | won: True 
#  181 | steps:  6036 | steps_t:  5435 | t: 42.883228 | r:    -1.000000 | e:   0.981883 | Q:   0.118311 | won: True 
#  182 | steps:  6045 | steps_t:  5444 | t: 42.912999 | r:    -1.000000 | e:   0.981853 | Q:   0.118311 | won: True 
#  183 | steps:  6158 | steps_t:  5557 | t: 43.775386 | r:    -1.000000 | e:   0.981477 | Q:   0.118311 | won: True 
#  184 | steps:  6173 | steps_t:  5572 | t: 43.821204 | r:    -1.000000 | e:   0.981427 | Q:   0.118311 | won: True 
#  185 | steps:  6195 | steps_t:  5594 | t: 44.140256 | r:     1.000000 | e:   0.981353 | Q:   0.118311 | won: True 
#  186 | steps:  6247 | steps_t:  5646 | t: 44.471294 | r:     1.000000 | e:   0.981180 | Q:   0.118311 | won: True 
#  187 | steps:  6274 | steps_t:  5673 | t: 44.886690 | r:     1.000000 | e:   0.981090 | Q:   0.118311 | won: True 
#  188 | steps:  6288 | steps_t:  5687 | t: 44.933863 | r:     1.000000 | e:   0.981043 | Q:   0.118311 | won: True 
#  189 | steps:  6310 | steps_t:  5709 | t: 45.264194 | r:     1.000000 | e:   0.980970 | Q:   0.118311 | won: True 
#  190 | steps:  6362 | steps_t:  5761 | t: 45.606183 | r:    -1.000000 | e:   0.980797 | Q:   0.118311 | won: True 
#  191 | steps:  6374 | steps_t:  5773 | t: 45.726116 | r:    -1.000000 | e:   0.980757 | Q:   0.118311 | won: True 
#  192 | steps:  6430 | steps_t:  5829 | t: 46.223659 | r:    -1.000000 | e:   0.980570 | Q:   0.118311 | won: True 
#  193 | steps:  6458 | steps_t:  5857 | t: 46.383819 | r:    -1.000000 | e:   0.980477 | Q:   0.118311 | won: True 
#  194 | steps:  6589 | steps_t:  5988 | t: 47.112147 | r:    -1.000000 | e:   0.980040 | Q:   0.118311 | won: True 
#  195 | steps:  6617 | steps_t:  6016 | t: 47.363050 | r:    -1.000000 | e:   0.979947 | Q:   0.118311 | won: True 
#  196 | steps:  6641 | steps_t:  6040 | t: 47.603679 | r:    -1.000000 | e:   0.979867 | Q:   0.118311 | won: True 
#  197 | steps:  6649 | steps_t:  6048 | t: 47.707534 | r:     1.000000 | e:   0.979840 | Q:   0.118311 | won: True 
#  198 | steps:  6676 | steps_t:  6075 | t: 47.796815 | r:    -1.000000 | e:   0.979750 | Q:   0.118311 | won: True 
#  199 | steps:  6690 | steps_t:  6089 | t: 48.017170 | r:     1.000000 | e:   0.979703 | Q:   0.118311 | won: True 
#  200 | steps:  6711 | steps_t:  6110 | t: 48.082197 | r:    -1.000000 | e:   0.979633 | Q:   0.118311 | won: True 
#  201 | steps:  6730 | steps_t:  6129 | t: 48.142862 | r:    -1.000000 | e:   0.979570 | Q:   0.118311 | won: True 
#  202 | steps:  6774 | steps_t:  6173 | t: 48.361420 | r:     1.000000 | e:   0.979423 | Q:   0.118311 | won: True 
#  203 | steps:  6800 | steps_t:  6199 | t: 48.698467 | r:    -1.000000 | e:   0.979337 | Q:   0.118311 | won: True 
#  204 | steps:  6837 | steps_t:  6236 | t: 48.992690 | r:    -1.000000 | e:   0.979213 | Q:   0.118311 | won: True 
#  205 | steps:  6879 | steps_t:  6278 | t: 49.294987 | r:     1.000000 | e:   0.979073 | Q:   0.118311 | won: True 
#  206 | steps:  6909 | steps_t:  6308 | t: 49.560228 | r:     1.000000 | e:   0.978973 | Q:   0.118311 | won: True 
#  207 | steps:  6946 | steps_t:  6345 | t: 49.874777 | r:    -1.000000 | e:   0.978850 | Q:   0.118311 | won: True 
#  208 | steps:  6958 | steps_t:  6357 | t: 49.918777 | r:    -1.000000 | e:   0.978810 | Q:   0.118311 | won: True 
#  209 | steps:  6971 | steps_t:  6370 | t: 49.971219 | r:     1.000000 | e:   0.978767 | Q:   0.118311 | won: True 
#  210 | steps:  6988 | steps_t:  6387 | t: 50.030545 | r:    -1.000000 | e:   0.978710 | Q:   0.118311 | won: True 
#  211 | steps:  7022 | steps_t:  6421 | t: 50.307869 | r:    -1.000000 | e:   0.978597 | Q:   0.118311 | won: True 
#  212 | steps:  7039 | steps_t:  6438 | t: 50.363817 | r:    -1.000000 | e:   0.978540 | Q:   0.118311 | won: True 
#  213 | steps:  7050 | steps_t:  6449 | t: 50.400929 | r:    -1.000000 | e:   0.978503 | Q:   0.118311 | won: True 
#  214 | steps:  7069 | steps_t:  6468 | t: 50.544299 | r:    -1.000000 | e:   0.978440 | Q:   0.118311 | won: True 
#  215 | steps:  7082 | steps_t:  6481 | t: 50.661497 | r:     1.000000 | e:   0.978397 | Q:   0.118311 | won: True 
#  216 | steps:  7093 | steps_t:  6492 | t: 50.778908 | r:    -1.000000 | e:   0.978360 | Q:   0.118311 | won: True 
#  217 | steps:  7115 | steps_t:  6514 | t: 50.927037 | r:    -1.000000 | e:   0.978287 | Q:   0.118311 | won: True 
#  218 | steps:  7156 | steps_t:  6555 | t: 51.162659 | r:    -1.000000 | e:   0.978150 | Q:   0.118311 | won: True 
#  219 | steps:  7161 | steps_t:  6560 | t: 51.262250 | r:    -1.000000 | e:   0.978133 | Q:   0.118311 | won: True 
#  220 | steps:  7203 | steps_t:  6602 | t: 51.403376 | r:    -1.000000 | e:   0.977993 | Q:   0.118311 | won: True 
#  221 | steps:  7226 | steps_t:  6625 | t: 51.568254 | r:    -1.000000 | e:   0.977917 | Q:   0.118311 | won: True 
#  222 | steps:  7266 | steps_t:  6665 | t: 51.792315 | r:     1.000000 | e:   0.977783 | Q:   0.118311 | won: True 
#  223 | steps:  7360 | steps_t:  6759 | t: 52.159388 | r:    -1.000000 | e:   0.977470 | Q:   0.118311 | won: True 
#  224 | steps:  7374 | steps_t:  6773 | t: 52.201390 | r:     1.000000 | e:   0.977423 | Q:   0.118311 | won: True 
#  225 | steps:  7422 | steps_t:  6821 | t: 52.440268 | r:     1.000000 | e:   0.977263 | Q:   0.118311 | won: True 
#  226 | steps:  7439 | steps_t:  6838 | t: 52.661139 | r:     1.000000 | e:   0.977207 | Q:   0.118311 | won: True 
#  227 | steps:  7460 | steps_t:  6859 | t: 52.895567 | r:    -1.000000 | e:   0.977137 | Q:   0.118311 | won: True 
#  228 | steps:  7504 | steps_t:  6903 | t: 53.365363 | r:     1.000000 | e:   0.976990 | Q:   0.118311 | won: True 
#  229 | steps:  7540 | steps_t:  6939 | t: 53.554996 | r:    -1.000000 | e:   0.976870 | Q:   0.118311 | won: True 
#  230 | steps:  7602 | steps_t:  7001 | t: 53.831285 | r:    -1.000000 | e:   0.976663 | Q:   0.118311 | won: True 
#  231 | steps:  7662 | steps_t:  7061 | t: 54.103788 | r:     1.000000 | e:   0.976463 | Q:   0.118311 | won: True 
#  232 | steps:  7670 | steps_t:  7069 | t: 54.218100 | r:    -1.000000 | e:   0.976437 | Q:   0.118311 | won: True 
#  233 | steps:  7706 | steps_t:  7105 | t: 54.837370 | r:    -1.000000 | e:   0.976317 | Q:   0.118311 | won: True 
#  234 | steps:  7717 | steps_t:  7116 | t: 54.872728 | r:    -1.000000 | e:   0.976280 | Q:   0.118311 | won: True 
#  235 | steps:  7749 | steps_t:  7148 | t: 55.236310 | r:     1.000000 | e:   0.976173 | Q:   0.118311 | won: True 
#  236 | steps:  7787 | steps_t:  7186 | t: 55.518274 | r:    -1.000000 | e:   0.976047 | Q:   0.118311 | won: True 
#  237 | steps:  7797 | steps_t:  7196 | t: 55.551773 | r:    -1.000000 | e:   0.976013 | Q:   0.118311 | won: True 
#  238 | steps:  7821 | steps_t:  7220 | t: 55.876065 | r:    -1.000000 | e:   0.975933 | Q:   0.118311 | won: True 
#  239 | steps:  7831 | steps_t:  7230 | t: 56.076779 | r:    -1.000000 | e:   0.975900 | Q:   0.118311 | won: True 
#  240 | steps:  7850 | steps_t:  7249 | t: 56.227787 | r:    -1.000000 | e:   0.975837 | Q:   0.118311 | won: True 
#  241 | steps:  7866 | steps_t:  7265 | t: 56.277883 | r:     1.000000 | e:   0.975783 | Q:   0.118311 | won: True 
#  242 | steps:  7888 | steps_t:  7287 | t: 56.518408 | r:     1.000000 | e:   0.975710 | Q:   0.118311 | won: True 
#  243 | steps:  7898 | steps_t:  7297 | t: 56.635511 | r:    -1.000000 | e:   0.975677 | Q:   0.118311 | won: True 
#  244 | steps:  7922 | steps_t:  7321 | t: 56.880042 | r:    -1.000000 | e:   0.975597 | Q:   0.118311 | won: True 
#  245 | steps:  7940 | steps_t:  7339 | t: 56.936580 | r:    -1.000000 | e:   0.975537 | Q:   0.118311 | won: True 
#  246 | steps:  7992 | steps_t:  7391 | t: 57.259188 | r:     1.000000 | e:   0.975363 | Q:   0.118311 | won: True 
#  247 | steps:  8030 | steps_t:  7429 | t: 57.549334 | r:     1.000000 | e:   0.975237 | Q:   0.118311 | won: True 
#  248 | steps:  8048 | steps_t:  7447 | t: 57.607611 | r:     1.000000 | e:   0.975177 | Q:   0.118311 | won: True 
#  249 | steps:  8058 | steps_t:  7457 | t: 57.722685 | r:     1.000000 | e:   0.975143 | Q:   0.118311 | won: True 
#  250 | steps:  8080 | steps_t:  7479 | t: 57.873607 | r:     1.000000 | e:   0.975070 | Q:   0.118311 | won: True 
#  251 | steps:  8112 | steps_t:  7511 | t: 58.140419 | r:     1.000000 | e:   0.974963 | Q:   0.118311 | won: True 
#  252 | steps:  8178 | steps_t:  7577 | t: 58.442590 | r:    -1.000000 | e:   0.974743 | Q:   0.118311 | won: True 
#  253 | steps:  8184 | steps_t:  7583 | t: 58.460369 | r:     1.000000 | e:   0.974723 | Q:   0.118311 | won: True 
#  254 | steps:  8209 | steps_t:  7608 | t: 58.623607 | r:     1.000000 | e:   0.974640 | Q:   0.118311 | won: True 
#  255 | steps:  8270 | steps_t:  7669 | t: 58.896211 | r:    -1.000000 | e:   0.974437 | Q:   0.118311 | won: True 
#  256 | steps:  8314 | steps_t:  7713 | t: 59.278920 | r:     1.000000 | e:   0.974290 | Q:   0.118311 | won: True 
#  257 | steps:  8350 | steps_t:  7749 | t: 59.471917 | r:    -1.000000 | e:   0.974170 | Q:   0.118311 | won: True 
#  258 | steps:  8398 | steps_t:  7797 | t: 59.949810 | r:    -1.000000 | e:   0.974010 | Q:   0.118311 | won: True 
#  259 | steps:  8407 | steps_t:  7806 | t: 59.980624 | r:    -1.000000 | e:   0.973980 | Q:   0.118311 | won: True 
#  260 | steps:  8468 | steps_t:  7867 | t: 60.781565 | r:    -1.000000 | e:   0.973777 | Q:   0.118311 | won: True 
#  261 | steps:  8476 | steps_t:  7875 | t: 60.806473 | r:     1.000000 | e:   0.973750 | Q:   0.118311 | won: True 
#  262 | steps:  8493 | steps_t:  7892 | t: 60.944618 | r:     1.000000 | e:   0.973693 | Q:   0.118311 | won: True 
#  263 | steps:  8508 | steps_t:  7907 | t: 61.073468 | r:    -1.000000 | e:   0.973643 | Q:   0.118311 | won: True 
#  264 | steps:  8548 | steps_t:  7947 | t: 61.269153 | r:    -1.000000 | e:   0.973510 | Q:   0.118311 | won: True 
#  265 | steps:  8636 | steps_t:  8035 | t: 61.959120 | r:    -1.000000 | e:   0.973217 | Q:   0.118311 | won: True 
#  266 | steps:  8747 | steps_t:  8146 | t: 62.622097 | r:    -1.000000 | e:   0.972847 | Q:   0.118311 | won: True 
#  267 | steps:  8796 | steps_t:  8195 | t: 62.776652 | r:     1.000000 | e:   0.972683 | Q:   0.118311 | won: True 
#  268 | steps:  8809 | steps_t:  8208 | t: 62.911863 | r:     1.000000 | e:   0.972640 | Q:   0.118311 | won: True 
#  269 | steps:  8878 | steps_t:  8277 | t: 63.294937 | r:    -1.000000 | e:   0.972410 | Q:   0.118311 | won: True 
#  270 | steps:  8930 | steps_t:  8329 | t: 63.701858 | r:    -1.000000 | e:   0.972237 | Q:   0.118311 | won: True 
#  271 | steps:  8949 | steps_t:  8348 | t: 63.844382 | r:    -1.000000 | e:   0.972173 | Q:   0.118311 | won: True 
#  272 | steps:  8956 | steps_t:  8355 | t: 64.032131 | r:     1.000000 | e:   0.972150 | Q:   0.118311 | won: True 
#  273 | steps:  8966 | steps_t:  8365 | t: 64.066236 | r:    -1.000000 | e:   0.972117 | Q:   0.118311 | won: True 
#  274 | steps:  9027 | steps_t:  8426 | t: 64.413541 | r:    -1.000000 | e:   0.971913 | Q:   0.118311 | won: True 
#  275 | steps:  9050 | steps_t:  8449 | t: 64.485288 | r:     1.000000 | e:   0.971837 | Q:   0.118311 | won: True 
#  276 | steps:  9058 | steps_t:  8457 | t: 64.513386 | r:     1.000000 | e:   0.971810 | Q:   0.118311 | won: True 
#  277 | steps:  9100 | steps_t:  8499 | t: 64.808630 | r:    -1.000000 | e:   0.971670 | Q:   0.118311 | won: True 
#  278 | steps:  9122 | steps_t:  8521 | t: 65.130073 | r:    -1.000000 | e:   0.971597 | Q:   0.118311 | won: True 
#  279 | steps:  9190 | steps_t:  8589 | t: 65.832822 | r:     1.000000 | e:   0.971370 | Q:   0.118311 | won: True 
#  280 | steps:  9223 | steps_t:  8622 | t: 66.110162 | r:    -1.000000 | e:   0.971260 | Q:   0.118311 | won: True 
#  281 | steps:  9280 | steps_t:  8679 | t: 66.531686 | r:    -1.000000 | e:   0.971070 | Q:   0.118311 | won: True 
#  282 | steps:  9293 | steps_t:  8692 | t: 66.572920 | r:     1.000000 | e:   0.971027 | Q:   0.118311 | won: True 
#  283 | steps:  9354 | steps_t:  8753 | t: 66.919738 | r:     1.000000 | e:   0.970823 | Q:   0.118311 | won: True 
#  284 | steps:  9386 | steps_t:  8785 | t: 67.177957 | r:    -1.000000 | e:   0.970717 | Q:   0.118311 | won: True 
#  285 | steps:  9406 | steps_t:  8805 | t: 67.355786 | r:     1.000000 | e:   0.970650 | Q:   0.118311 | won: True 
#  286 | steps:  9416 | steps_t:  8815 | t: 67.391522 | r:     1.000000 | e:   0.970617 | Q:   0.118311 | won: True 
#  287 | steps:  9443 | steps_t:  8842 | t: 67.481634 | r:    -1.000000 | e:   0.970527 | Q:   0.118311 | won: True 
#  288 | steps:  9496 | steps_t:  8895 | t: 68.076735 | r:    -1.000000 | e:   0.970350 | Q:   0.118311 | won: True 
#  289 | steps:  9506 | steps_t:  8905 | t: 68.194166 | r:    -1.000000 | e:   0.970317 | Q:   0.118311 | won: True 
#  290 | steps:  9552 | steps_t:  8951 | t: 68.603985 | r:    -1.000000 | e:   0.970163 | Q:   0.118311 | won: True 
#  291 | steps:  9631 | steps_t:  9030 | t: 69.116340 | r:    -1.000000 | e:   0.969900 | Q:   0.118311 | won: True 
#  292 | steps:  9670 | steps_t:  9069 | t: 69.247683 | r:     1.000000 | e:   0.969770 | Q:   0.118311 | won: True 
#  293 | steps:  9824 | steps_t:  9223 | t: 70.150941 | r:    -1.000000 | e:   0.969257 | Q:   0.118311 | won: True 
#  294 | steps:  9857 | steps_t:  9256 | t: 70.440862 | r:     1.000000 | e:   0.969147 | Q:   0.118311 | won: True 
#  295 | steps:  9884 | steps_t:  9283 | t: 70.687021 | r:    -1.000000 | e:   0.969057 | Q:   0.118311 | won: True 
#  296 | steps:  9963 | steps_t:  9362 | t: 71.354970 | r:    -1.000000 | e:   0.968793 | Q:   0.118311 | won: True 
#  297 | steps: 10000 | steps_t:  9399 | t: 71.566521 | r:    -1.000000 | e:   0.968670 | Q:   0.118311 | won: True 
#  298 | steps: 10009 | steps_t:  9408 | t: 71.684297 | r:     1.000000 | e:   0.968640 | Q:   0.118311 | won: True 
#  299 | steps: 10054 | steps_t:  9453 | t: 72.117768 | r:    -1.000000 | e:   0.968490 | Q:   0.118311 | won: True 
#  300 | steps: 10062 | steps_t:  9461 | t: 72.148591 | r:    -1.000000 | e:   0.968463 | Q:   0.118311 | won: True 
#  301 | steps: 10083 | steps_t:  9482 | t: 72.302862 | r:     1.000000 | e:   0.968393 | Q:   0.118311 | won: True 
#  302 | steps: 10102 | steps_t:  9501 | t: 72.548738 | r:    -1.000000 | e:   0.968330 | Q:   0.118311 | won: True 
#  303 | steps: 10126 | steps_t:  9525 | t: 72.707267 | r:     1.000000 | e:   0.968250 | Q:   0.118311 | won: True 
#  304 | steps: 10144 | steps_t:  9543 | t: 72.777306 | r:     1.000000 | e:   0.968190 | Q:   0.118311 | won: True 
#  305 | steps: 10177 | steps_t:  9576 | t: 72.967025 | r:    -1.000000 | e:   0.968080 | Q:   0.118311 | won: True 
