#    2 | steps:    26 | steps_t:     0 | t: 0.254005 | r:    -1.000000 | e:   1.000000 | Q:        nan | won: True 
#    3 | steps:    54 | steps_t:     0 | t: 0.258116 | r:    -1.000000 | e:   1.000000 | Q:        nan | won: True 
#    4 | steps:    61 | steps_t:     0 | t: 0.259002 | r:    -1.000000 | e:   1.000000 | Q:        nan | won: True 
#    5 | steps:    68 | steps_t:     0 | t: 0.259878 | r:     1.000000 | e:   1.000000 | Q:        nan | won: True 
#    6 | steps:    83 | steps_t:     0 | t: 0.261427 | r:    -1.000000 | e:   1.000000 | Q:        nan | won: True 
#    7 | steps:   157 | steps_t:     0 | t: 0.683597 | r:    -1.000000 | e:   1.000000 | Q:        nan | won: True 
#    8 | steps:   206 | steps_t:     0 | t: 0.934057 | r:     1.000000 | e:   1.000000 | Q:        nan | won: True 
#    9 | steps:   215 | steps_t:     0 | t: 0.936078 | r:    -1.000000 | e:   1.000000 | Q:        nan | won: True 
#   10 | steps:   223 | steps_t:     0 | t: 0.937606 | r:    -1.000000 | e:   1.000000 | Q:        nan | won: True 
#   11 | steps:   260 | steps_t:     0 | t: 0.943026 | r:    -1.000000 | e:   1.000000 | Q:        nan | won: True 
#   12 | steps:   288 | steps_t:     0 | t: 1.028457 | r:    -1.000000 | e:   1.000000 | Q:        nan | won: True 
#   13 | steps:   321 | steps_t:     0 | t: 1.033099 | r:     1.000000 | e:   1.000000 | Q:        nan | won: True 
#   14 | steps:   335 | steps_t:     0 | t: 1.117739 | r:     1.000000 | e:   1.000000 | Q:        nan | won: True 
#   15 | steps:   420 | steps_t:    19 | t: 1.438008 | r:    -1.000000 | e:   0.999881 | Q:        nan | won: True 
#   16 | steps:   474 | steps_t:    73 | t: 1.844909 | r:     1.000000 | e:   0.999544 | Q:        nan | won: True 
#   17 | steps:   517 | steps_t:   116 | t: 1.972033 | r:     1.000000 | e:   0.999275 | Q:        nan | won: True 
#   18 | steps:   550 | steps_t:   149 | t: 2.229821 | r:    -1.000000 | e:   0.999069 | Q:        nan | won: True 
#   19 | steps:   624 | steps_t:   223 | t: 2.595075 | r:    -1.000000 | e:   0.998606 | Q:        nan | won: True 
#   20 | steps:   659 | steps_t:   258 | t: 2.709962 | r:     1.000000 | e:   0.998387 | Q:        nan | won: True 
#   21 | steps:   706 | steps_t:   305 | t: 3.094336 | r:    -1.000000 | e:   0.998094 | Q:        nan | won: True 
#   22 | steps:   729 | steps_t:   328 | t: 3.170659 | r:    -1.000000 | e:   0.997950 | Q:        nan | won: True 
#   23 | steps:   739 | steps_t:   338 | t: 3.369521 | r:    -1.000000 | e:   0.997888 | Q:        nan | won: True 
#   24 | steps:   761 | steps_t:   360 | t: 3.434593 | r:     1.000000 | e:   0.997750 | Q:        nan | won: True 
#   25 | steps:   784 | steps_t:   383 | t: 3.505093 | r:     1.000000 | e:   0.997606 | Q:        nan | won: True 
#   26 | steps:   806 | steps_t:   405 | t: 3.813777 | r:     1.000000 | e:   0.997469 | Q:        nan | won: True 
#   27 | steps:   860 | steps_t:   459 | t: 4.211444 | r:     1.000000 | e:   0.997131 | Q:        nan | won: True 
#   28 | steps:   893 | steps_t:   492 | t: 4.304472 | r:    -1.000000 | e:   0.996925 | Q:   0.072996 | won: True 
#   29 | steps:   974 | steps_t:   573 | t: 4.765167 | r:    -1.000000 | e:   0.996419 | Q:   0.072996 | won: True 
#   30 | steps:   983 | steps_t:   582 | t: 4.868480 | r:    -1.000000 | e:   0.996363 | Q:   0.072996 | won: True 
#   31 | steps:  1080 | steps_t:   679 | t: 5.714027 | r:    -1.000000 | e:   0.995756 | Q:   0.072996 | won: True 
#   32 | steps:  1090 | steps_t:   689 | t: 5.906876 | r:     1.000000 | e:   0.995694 | Q:   0.072996 | won: True 
#   33 | steps:  1130 | steps_t:   729 | t: 6.105111 | r:     1.000000 | e:   0.995444 | Q:   0.072996 | won: True 
#   34 | steps:  1152 | steps_t:   751 | t: 6.164598 | r:    -1.000000 | e:   0.995306 | Q:   0.072996 | won: True 
#   35 | steps:  1171 | steps_t:   770 | t: 6.215180 | r:    -1.000000 | e:   0.995188 | Q:   0.072996 | won: True 
#   36 | steps:  1208 | steps_t:   807 | t: 6.321850 | r:     1.000000 | e:   0.994956 | Q:   0.072996 | won: True 
#   37 | steps:  1214 | steps_t:   813 | t: 6.341596 | r:    -1.000000 | e:   0.994919 | Q:   0.072996 | won: True 
#   38 | steps:  1264 | steps_t:   863 | t: 6.653709 | r:    -1.000000 | e:   0.994606 | Q:   0.072996 | won: True 
#   39 | steps:  1277 | steps_t:   876 | t: 6.694957 | r:    -1.000000 | e:   0.994525 | Q:   0.072996 | won: True 
#   40 | steps:  1312 | steps_t:   911 | t: 7.126163 | r:    -1.000000 | e:   0.994306 | Q:   0.072996 | won: True 
#   41 | steps:  1384 | steps_t:   983 | t: 7.683174 | r:     1.000000 | e:   0.993856 | Q:   0.072996 | won: True 
#   42 | steps:  1408 | steps_t:  1007 | t: 7.922330 | r:     1.000000 | e:   0.993706 | Q:   0.072996 | won: True 
#   43 | steps:  1414 | steps_t:  1013 | t: 7.939104 | r:    -1.000000 | e:   0.993669 | Q:   0.072996 | won: True 
#   44 | steps:  1438 | steps_t:  1037 | t: 8.180911 | r:     1.000000 | e:   0.993519 | Q:   0.072996 | won: True 
#   45 | steps:  1462 | steps_t:  1061 | t: 8.339910 | r:    -1.000000 | e:   0.993369 | Q:   0.072996 | won: True 
#   46 | steps:  1495 | steps_t:  1094 | t: 8.522113 | r:    -1.000000 | e:   0.993162 | Q:   0.072996 | won: True 
#   47 | steps:  1548 | steps_t:  1147 | t: 9.355111 | r:    -1.000000 | e:   0.992831 | Q:   0.072996 | won: True 
#   48 | steps:  1598 | steps_t:  1197 | t: 9.668967 | r:     1.000000 | e:   0.992519 | Q:   0.072996 | won: True 
#   49 | steps:  1622 | steps_t:  1221 | t: 9.739894 | r:     1.000000 | e:   0.992369 | Q:   0.072996 | won: True 
#   50 | steps:  1646 | steps_t:  1245 | t: 9.902484 | r:    -1.000000 | e:   0.992219 | Q:   0.072996 | won: True 
#   51 | steps:  1717 | steps_t:  1316 | t: 10.372698 | r:    -1.000000 | e:   0.991775 | Q:   0.072996 | won: True 
#   52 | steps:  1747 | steps_t:  1346 | t: 10.550774 | r:     1.000000 | e:   0.991587 | Q:   0.072996 | won: True 
#   53 | steps:  1808 | steps_t:  1407 | t: 10.908322 | r:    -1.000000 | e:   0.991206 | Q:   0.072996 | won: True 
#   54 | steps:  1818 | steps_t:  1417 | t: 11.024216 | r:    -1.000000 | e:   0.991144 | Q:   0.072996 | won: True 
#   55 | steps:  1845 | steps_t:  1444 | t: 11.196176 | r:    -1.000000 | e:   0.990975 | Q:   0.072996 | won: True 
#   56 | steps:  1859 | steps_t:  1458 | t: 11.238500 | r:    -1.000000 | e:   0.990888 | Q:   0.072996 | won: True 
#   57 | steps:  1911 | steps_t:  1510 | t: 11.565752 | r:    -1.000000 | e:   0.990563 | Q:   0.072996 | won: True 
#   58 | steps:  1952 | steps_t:  1551 | t: 11.783784 | r:    -1.000000 | e:   0.990306 | Q:   0.072996 | won: True 
#   59 | steps:  1958 | steps_t:  1557 | t: 11.806304 | r:    -1.000000 | e:   0.990269 | Q:   0.072996 | won: True 
#   60 | steps:  1982 | steps_t:  1581 | t: 12.070645 | r:    -1.000000 | e:   0.990119 | Q:   0.072996 | won: True 
#   61 | steps:  2049 | steps_t:  1648 | t: 12.475841 | r:     1.000000 | e:   0.989700 | Q:   0.072996 | won: True 
#   62 | steps:  2102 | steps_t:  1701 | t: 13.074233 | r:    -1.000000 | e:   0.989369 | Q:   0.072996 | won: True 
#   63 | steps:  2143 | steps_t:  1742 | t: 13.377446 | r:    -1.000000 | e:   0.989112 | Q:   0.072996 | won: True 
#   64 | steps:  2163 | steps_t:  1762 | t: 13.704795 | r:    -1.000000 | e:   0.988988 | Q:   0.072996 | won: True 
#   65 | steps:  2176 | steps_t:  1775 | t: 13.838660 | r:    -1.000000 | e:   0.988906 | Q:   0.072996 | won: True 
#   66 | steps:  2188 | steps_t:  1787 | t: 13.883858 | r:    -1.000000 | e:   0.988831 | Q:   0.072996 | won: True 
#   67 | steps:  2214 | steps_t:  1813 | t: 14.227787 | r:    -1.000000 | e:   0.988669 | Q:   0.072996 | won: True 
#   68 | steps:  2229 | steps_t:  1828 | t: 14.450483 | r:    -1.000000 | e:   0.988575 | Q:   0.072996 | won: True 
#   69 | steps:  2326 | steps_t:  1925 | t: 15.197227 | r:     1.000000 | e:   0.987969 | Q:   0.072996 | won: True 
#   70 | steps:  2340 | steps_t:  1939 | t: 15.246146 | r:     1.000000 | e:   0.987881 | Q:   0.072996 | won: True 
#   71 | steps:  2370 | steps_t:  1969 | t: 15.360616 | r:    -1.000000 | e:   0.987694 | Q:   0.072996 | won: True 
#   72 | steps:  2391 | steps_t:  1990 | t: 15.427021 | r:     1.000000 | e:   0.987563 | Q:   0.072996 | won: True 
#   73 | steps:  2457 | steps_t:  2056 | t: 15.738137 | r:     1.000000 | e:   0.987150 | Q:   0.072996 | won: True 
#   74 | steps:  2486 | steps_t:  2085 | t: 15.928670 | r:     1.000000 | e:   0.986969 | Q:   0.072996 | won: True 
#   75 | steps:  2498 | steps_t:  2097 | t: 16.145661 | r:     1.000000 | e:   0.986894 | Q:   0.072996 | won: True 
#   76 | steps:  2536 | steps_t:  2135 | t: 16.276376 | r:     1.000000 | e:   0.986656 | Q:   0.072996 | won: True 
#   77 | steps:  2563 | steps_t:  2162 | t: 16.454875 | r:    -1.000000 | e:   0.986487 | Q:   0.072996 | won: True 
#   78 | steps:  2576 | steps_t:  2175 | t: 16.497830 | r:    -1.000000 | e:   0.986406 | Q:   0.072996 | won: True 
#   79 | steps:  2601 | steps_t:  2200 | t: 16.580472 | r:    -1.000000 | e:   0.986250 | Q:   0.072996 | won: True 
#   80 | steps:  2632 | steps_t:  2231 | t: 16.858758 | r:    -1.000000 | e:   0.986056 | Q:   0.072996 | won: True 
#   81 | steps:  2665 | steps_t:  2264 | t: 17.234904 | r:    -1.000000 | e:   0.985850 | Q:   0.072996 | won: True 
#   82 | steps:  2677 | steps_t:  2276 | t: 17.369591 | r:    -1.000000 | e:   0.985775 | Q:   0.072996 | won: True 
#   83 | steps:  2690 | steps_t:  2289 | t: 17.417053 | r:    -1.000000 | e:   0.985694 | Q:   0.072996 | won: True 
#   84 | steps:  2715 | steps_t:  2314 | t: 17.585796 | r:     1.000000 | e:   0.985537 | Q:   0.072996 | won: True 
#   85 | steps:  2728 | steps_t:  2327 | t: 17.806933 | r:    -1.000000 | e:   0.985456 | Q:   0.072996 | won: True 
#   86 | steps:  2751 | steps_t:  2350 | t: 17.979374 | r:     1.000000 | e:   0.985313 | Q:   0.072996 | won: True 
#   87 | steps:  2784 | steps_t:  2383 | t: 18.276718 | r:     1.000000 | e:   0.985106 | Q:   0.072996 | won: True 
#   88 | steps:  2812 | steps_t:  2411 | t: 18.558394 | r:     1.000000 | e:   0.984931 | Q:   0.072996 | won: True 
#   89 | steps:  2840 | steps_t:  2439 | t: 18.747337 | r:    -1.000000 | e:   0.984756 | Q:   0.072996 | won: True 
#   90 | steps:  2848 | steps_t:  2447 | t: 18.774794 | r:    -1.000000 | e:   0.984706 | Q:   0.072996 | won: True 
#   91 | steps:  2889 | steps_t:  2488 | t: 19.086452 | r:    -1.000000 | e:   0.984450 | Q:   0.072996 | won: True 
#   92 | steps:  2930 | steps_t:  2529 | t: 19.412386 | r:     1.000000 | e:   0.984194 | Q:   0.072996 | won: True 
#   93 | steps:  2954 | steps_t:  2553 | t: 19.765843 | r:     1.000000 | e:   0.984044 | Q:   0.072996 | won: True 
#   94 | steps:  2979 | steps_t:  2578 | t: 19.944457 | r:    -1.000000 | e:   0.983888 | Q:   0.072996 | won: True 
#   95 | steps:  3001 | steps_t:  2600 | t: 20.020969 | r:    -1.000000 | e:   0.983750 | Q:   0.072996 | won: True 
#   96 | steps:  3062 | steps_t:  2661 | t: 20.511386 | r:     1.000000 | e:   0.983369 | Q:   0.072996 | won: True 
#   97 | steps:  3097 | steps_t:  2696 | t: 20.814678 | r:    -1.000000 | e:   0.983150 | Q:   0.072996 | won: True 
#   98 | steps:  3125 | steps_t:  2724 | t: 21.267683 | r:    -1.000000 | e:   0.982975 | Q:   0.072996 | won: True 
#   99 | steps:  3177 | steps_t:  2776 | t: 21.640330 | r:    -1.000000 | e:   0.982650 | Q:   0.072996 | won: True 
#  100 | steps:  3213 | steps_t:  2812 | t: 21.958988 | r:     1.000000 | e:   0.982425 | Q:   0.072996 | won: True 
#  101 | steps:  3249 | steps_t:  2848 | t: 22.178086 | r:    -1.000000 | e:   0.982200 | Q:   0.072996 | won: True 
#  102 | steps:  3292 | steps_t:  2891 | t: 22.412713 | r:     1.000000 | e:   0.981931 | Q:   0.072996 | won: True 
#  103 | steps:  3306 | steps_t:  2905 | t: 22.636538 | r:    -1.000000 | e:   0.981844 | Q:   0.072996 | won: True 
#  104 | steps:  3322 | steps_t:  2921 | t: 22.698089 | r:    -1.000000 | e:   0.981744 | Q:   0.072996 | won: True 
#  105 | steps:  3357 | steps_t:  2956 | t: 23.015605 | r:    -1.000000 | e:   0.981525 | Q:   0.072996 | won: True 
#  106 | steps:  3398 | steps_t:  2997 | t: 23.535650 | r:    -1.000000 | e:   0.981269 | Q:   0.072996 | won: True 
#  107 | steps:  3406 | steps_t:  3005 | t: 23.567845 | r:    -1.000000 | e:   0.981219 | Q:   0.072996 | won: True 
#  108 | steps:  3418 | steps_t:  3017 | t: 23.612594 | r:    -1.000000 | e:   0.981144 | Q:   0.072996 | won: True 
#  109 | steps:  3502 | steps_t:  3101 | t: 24.105775 | r:    -1.000000 | e:   0.980619 | Q:   0.072996 | won: True 
#  110 | steps:  3569 | steps_t:  3168 | t: 24.342910 | r:    -1.000000 | e:   0.980200 | Q:   0.072996 | won: True 
#  111 | steps:  3602 | steps_t:  3201 | t: 24.453812 | r:    -1.000000 | e:   0.979994 | Q:   0.072996 | won: True 
#  112 | steps:  3623 | steps_t:  3222 | t: 24.700443 | r:     1.000000 | e:   0.979862 | Q:   0.072996 | won: True 
#  113 | steps:  3640 | steps_t:  3239 | t: 24.838949 | r:    -1.000000 | e:   0.979756 | Q:   0.072996 | won: True 
#  114 | steps:  3668 | steps_t:  3267 | t: 25.283864 | r:    -1.000000 | e:   0.979581 | Q:   0.072996 | won: True 
#  115 | steps:  3758 | steps_t:  3357 | t: 25.786982 | r:    -1.000000 | e:   0.979019 | Q:   0.072996 | won: True 
#  116 | steps:  3797 | steps_t:  3396 | t: 26.281492 | r:     1.000000 | e:   0.978775 | Q:   0.072996 | won: True 
#  117 | steps:  3842 | steps_t:  3441 | t: 26.619519 | r:    -1.000000 | e:   0.978494 | Q:   0.072996 | won: True 
#  118 | steps:  3859 | steps_t:  3458 | t: 26.852653 | r:    -1.000000 | e:   0.978387 | Q:   0.072996 | won: True 
#  119 | steps:  3920 | steps_t:  3519 | t: 27.340679 | r:     1.000000 | e:   0.978006 | Q:   0.072996 | won: True 
#  120 | steps:  3942 | steps_t:  3541 | t: 27.595244 | r:    -1.000000 | e:   0.977869 | Q:   0.072996 | won: True 
#  121 | steps:  4065 | steps_t:  3664 | t: 28.651116 | r:     1.000000 | e:   0.977100 | Q:   0.072996 | won: True 
#  122 | steps:  4081 | steps_t:  3680 | t: 28.798608 | r:    -1.000000 | e:   0.977000 | Q:   0.072996 | won: True 
#  123 | steps:  4106 | steps_t:  3705 | t: 29.067739 | r:    -1.000000 | e:   0.976844 | Q:   0.072996 | won: True 
#  124 | steps:  4147 | steps_t:  3746 | t: 29.565222 | r:    -1.000000 | e:   0.976588 | Q:   0.072996 | won: True 
#  125 | steps:  4154 | steps_t:  3753 | t: 29.590281 | r:     1.000000 | e:   0.976544 | Q:   0.072996 | won: True 
#  126 | steps:  4183 | steps_t:  3782 | t: 30.141896 | r:     1.000000 | e:   0.976363 | Q:   0.072996 | won: True 
#  127 | steps:  4198 | steps_t:  3797 | t: 30.283765 | r:    -1.000000 | e:   0.976269 | Q:   0.072996 | won: True 
#  128 | steps:  4241 | steps_t:  3840 | t: 30.442980 | r:     1.000000 | e:   0.976000 | Q:   0.072996 | won: True 
#  129 | steps:  4265 | steps_t:  3864 | t: 30.620458 | r:     1.000000 | e:   0.975850 | Q:   0.072996 | won: True 
#  130 | steps:  4276 | steps_t:  3875 | t: 30.925642 | r:    -1.000000 | e:   0.975781 | Q:   0.072996 | won: True 
#  131 | steps:  4324 | steps_t:  3923 | t: 31.099218 | r:    -1.000000 | e:   0.975481 | Q:   0.072996 | won: True 
#  132 | steps:  4344 | steps_t:  3943 | t: 31.174188 | r:    -1.000000 | e:   0.975356 | Q:   0.072996 | won: True 
#  133 | steps:  4368 | steps_t:  3967 | t: 31.260447 | r:     1.000000 | e:   0.975206 | Q:   0.072996 | won: True 
#  134 | steps:  4418 | steps_t:  4017 | t: 31.439001 | r:     1.000000 | e:   0.974894 | Q:   0.072996 | won: True 
#  135 | steps:  4442 | steps_t:  4041 | t: 31.610194 | r:    -1.000000 | e:   0.974744 | Q:   0.072996 | won: True 
#  136 | steps:  4468 | steps_t:  4067 | t: 31.797936 | r:     1.000000 | e:   0.974581 | Q:   0.072996 | won: True 
#  137 | steps:  4499 | steps_t:  4098 | t: 32.168317 | r:    -1.000000 | e:   0.974387 | Q:   0.072996 | won: True 
#  138 | steps:  4513 | steps_t:  4112 | t: 32.218529 | r:    -1.000000 | e:   0.974300 | Q:   0.072996 | won: True 
#  139 | steps:  4523 | steps_t:  4122 | t: 32.257577 | r:    -1.000000 | e:   0.974237 | Q:   0.072996 | won: True 
#  140 | steps:  4543 | steps_t:  4142 | t: 32.336059 | r:    -1.000000 | e:   0.974113 | Q:   0.072996 | won: True 
#  141 | steps:  4637 | steps_t:  4236 | t: 33.104789 | r:    -1.000000 | e:   0.973525 | Q:   0.072996 | won: True 
#  142 | steps:  4661 | steps_t:  4260 | t: 33.200047 | r:    -1.000000 | e:   0.973375 | Q:   0.072996 | won: True 
#  143 | steps:  4754 | steps_t:  4353 | t: 33.784827 | r:     1.000000 | e:   0.972794 | Q:   0.072996 | won: True 
#  144 | steps:  4763 | steps_t:  4362 | t: 33.819240 | r:    -1.000000 | e:   0.972738 | Q:   0.072996 | won: True 
#  145 | steps:  4820 | steps_t:  4419 | t: 34.201576 | r:    -1.000000 | e:   0.972381 | Q:   0.072996 | won: True 
#  146 | steps:  4849 | steps_t:  4448 | t: 34.389315 | r:     1.000000 | e:   0.972200 | Q:   0.072996 | won: True 
#  147 | steps:  4964 | steps_t:  4563 | t: 35.447863 | r:     1.000000 | e:   0.971481 | Q:   0.072996 | won: True 
#  148 | steps:  4997 | steps_t:  4596 | t: 35.658963 | r:     1.000000 | e:   0.971275 | Q:   0.072996 | won: True 
#  149 | steps:  5004 | steps_t:  4603 | t: 35.688055 | r:    -1.000000 | e:   0.971231 | Q:   0.072996 | won: True 
#  150 | steps:  5067 | steps_t:  4666 | t: 35.925504 | r:     1.000000 | e:   0.970838 | Q:   0.072996 | won: True 
#  151 | steps:  5149 | steps_t:  4748 | t: 36.490202 | r:    -1.000000 | e:   0.970325 | Q:   0.072996 | won: True 
#  152 | steps:  5236 | steps_t:  4835 | t: 37.068052 | r:     1.000000 | e:   0.969781 | Q:   0.072996 | won: True 
#  153 | steps:  5265 | steps_t:  4864 | t: 37.441283 | r:    -1.000000 | e:   0.969600 | Q:   0.072996 | won: True 
#  154 | steps:  5300 | steps_t:  4899 | t: 37.751115 | r:    -1.000000 | e:   0.969381 | Q:   0.072996 | won: True 
#  155 | steps:  5323 | steps_t:  4922 | t: 38.102285 | r:    -1.000000 | e:   0.969237 | Q:   0.072996 | won: True 
#  156 | steps:  5341 | steps_t:  4940 | t: 38.340054 | r:    -1.000000 | e:   0.969125 | Q:   0.072996 | won: True 
#  157 | steps:  5348 | steps_t:  4947 | t: 38.364295 | r:    -1.000000 | e:   0.969081 | Q:   0.072996 | won: True 
#  158 | steps:  5354 | steps_t:  4953 | t: 38.385998 | r:    -1.000000 | e:   0.969044 | Q:   0.072996 | won: True 
#  159 | steps:  5365 | steps_t:  4964 | t: 38.603565 | r:    -1.000000 | e:   0.968975 | Q:   0.072996 | won: True 
#  160 | steps:  5381 | steps_t:  4980 | t: 38.664710 | r:     1.000000 | e:   0.968875 | Q:   0.072996 | won: True 
#  161 | steps:  5394 | steps_t:  4993 | t: 38.974870 | r:    -1.000000 | e:   0.968794 | Q:   0.072996 | won: True 
#  162 | steps:  5433 | steps_t:  5032 | t: 39.380842 | r:    -1.000000 | e:   0.968550 | Q:   0.072996 | won: True 
#  163 | steps:  5453 | steps_t:  5052 | t: 39.532225 | r:     1.000000 | e:   0.968425 | Q:   0.072996 | won: True 
#  164 | steps:  5478 | steps_t:  5077 | t: 39.872888 | r:     1.000000 | e:   0.968269 | Q:   0.072996 | won: True 
#  165 | steps:  5525 | steps_t:  5124 | t: 40.379632 | r:    -1.000000 | e:   0.967975 | Q:   0.072996 | won: True 
#  166 | steps:  5561 | steps_t:  5160 | t: 40.578873 | r:     1.000000 | e:   0.967750 | Q:   0.072996 | won: True 
#  167 | steps:  5570 | steps_t:  5169 | t: 40.701322 | r:    -1.000000 | e:   0.967694 | Q:   0.072996 | won: True 
#  168 | steps:  5584 | steps_t:  5183 | t: 40.753089 | r:    -1.000000 | e:   0.967606 | Q:   0.072996 | won: True 
#  169 | steps:  5589 | steps_t:  5188 | t: 40.942066 | r:    -1.000000 | e:   0.967575 | Q:   0.072996 | won: True 
#  170 | steps:  5618 | steps_t:  5217 | t: 41.291420 | r:    -1.000000 | e:   0.967394 | Q:   0.072996 | won: True 
#  171 | steps:  5652 | steps_t:  5251 | t: 41.590016 | r:    -1.000000 | e:   0.967181 | Q:   0.072996 | won: True 
#  172 | steps:  5705 | steps_t:  5304 | t: 42.017674 | r:     1.000000 | e:   0.966850 | Q:   0.072996 | won: True 
#  173 | steps:  5713 | steps_t:  5312 | t: 42.044338 | r:    -1.000000 | e:   0.966800 | Q:   0.072996 | won: True 
#  174 | steps:  5719 | steps_t:  5318 | t: 42.153483 | r:    -1.000000 | e:   0.966762 | Q:   0.072996 | won: True 
#  175 | steps:  5732 | steps_t:  5331 | t: 42.198381 | r:    -1.000000 | e:   0.966681 | Q:   0.072996 | won: True 
#  176 | steps:  5792 | steps_t:  5391 | t: 42.830799 | r:    -1.000000 | e:   0.966306 | Q:   0.072996 | won: True 
#  177 | steps:  5819 | steps_t:  5418 | t: 43.014201 | r:     1.000000 | e:   0.966137 | Q:   0.072996 | won: True 
#  178 | steps:  5828 | steps_t:  5427 | t: 43.044431 | r:    -1.000000 | e:   0.966081 | Q:   0.072996 | won: True 
#  179 | steps:  5872 | steps_t:  5471 | t: 43.455065 | r:    -1.000000 | e:   0.965806 | Q:   0.072996 | won: True 
#  180 | steps:  5886 | steps_t:  5485 | t: 43.768652 | r:     1.000000 | e:   0.965719 | Q:   0.072996 | won: True 
#  181 | steps:  5892 | steps_t:  5491 | t: 43.792159 | r:    -1.000000 | e:   0.965681 | Q:   0.072996 | won: True 
#  182 | steps:  5928 | steps_t:  5527 | t: 43.922578 | r:     1.000000 | e:   0.965456 | Q:   0.072996 | won: True 
#  183 | steps:  5963 | steps_t:  5562 | t: 44.050527 | r:    -1.000000 | e:   0.965237 | Q:   0.072996 | won: True 
#  184 | steps:  6060 | steps_t:  5659 | t: 44.559788 | r:    -1.000000 | e:   0.964631 | Q:   0.072996 | won: True 
#  185 | steps:  6113 | steps_t:  5712 | t: 44.903539 | r:     1.000000 | e:   0.964300 | Q:   0.072996 | won: True 
#  186 | steps:  6162 | steps_t:  5761 | t: 45.059744 | r:    -1.000000 | e:   0.963994 | Q:   0.072996 | won: True 
#  187 | steps:  6170 | steps_t:  5769 | t: 45.175553 | r:     1.000000 | e:   0.963944 | Q:   0.072996 | won: True 
#  188 | steps:  6206 | steps_t:  5805 | t: 45.555164 | r:     1.000000 | e:   0.963719 | Q:   0.072996 | won: True 
#  189 | steps:  6213 | steps_t:  5812 | t: 45.578069 | r:    -1.000000 | e:   0.963675 | Q:   0.072996 | won: True 
#  190 | steps:  6220 | steps_t:  5819 | t: 45.603499 | r:    -1.000000 | e:   0.963631 | Q:   0.072996 | won: True 
#  191 | steps:  6233 | steps_t:  5832 | t: 45.649568 | r:    -1.000000 | e:   0.963550 | Q:   0.072996 | won: True 
#  192 | steps:  6255 | steps_t:  5854 | t: 45.811003 | r:     1.000000 | e:   0.963413 | Q:   0.072996 | won: True 
#  193 | steps:  6286 | steps_t:  5885 | t: 45.924557 | r:    -1.000000 | e:   0.963219 | Q:   0.072996 | won: True 
#  194 | steps:  6298 | steps_t:  5897 | t: 46.138580 | r:    -1.000000 | e:   0.963144 | Q:   0.072996 | won: True 
#  195 | steps:  6371 | steps_t:  5970 | t: 46.832004 | r:     1.000000 | e:   0.962688 | Q:   0.072996 | won: True 
#  196 | steps:  6421 | steps_t:  6020 | t: 47.275540 | r:    -1.000000 | e:   0.962375 | Q:   0.072996 | won: True 
#  197 | steps:  6439 | steps_t:  6038 | t: 47.340390 | r:    -1.000000 | e:   0.962263 | Q:   0.072996 | won: True 
#  198 | steps:  6499 | steps_t:  6098 | t: 47.808543 | r:    -1.000000 | e:   0.961888 | Q:   0.072996 | won: True 
#  199 | steps:  6532 | steps_t:  6131 | t: 48.003516 | r:     1.000000 | e:   0.961681 | Q:   0.072996 | won: True 
#  200 | steps:  6542 | steps_t:  6141 | t: 48.039917 | r:    -1.000000 | e:   0.961619 | Q:   0.072996 | won: True 
#  201 | steps:  6551 | steps_t:  6150 | t: 48.157591 | r:     1.000000 | e:   0.961562 | Q:   0.072996 | won: True 
#  202 | steps:  6568 | steps_t:  6167 | t: 48.312698 | r:     1.000000 | e:   0.961456 | Q:   0.072996 | won: True 
#  203 | steps:  6646 | steps_t:  6245 | t: 48.840125 | r:    -1.000000 | e:   0.960969 | Q:   0.072996 | won: True 
#  204 | steps:  6676 | steps_t:  6275 | t: 49.383158 | r:     1.000000 | e:   0.960781 | Q:   0.072996 | won: True 
#  205 | steps:  6687 | steps_t:  6286 | t: 49.501589 | r:     1.000000 | e:   0.960712 | Q:   0.072996 | won: True 
#  206 | steps:  6707 | steps_t:  6306 | t: 49.832778 | r:    -1.000000 | e:   0.960588 | Q:   0.072996 | won: True 
#  207 | steps:  6725 | steps_t:  6324 | t: 50.240475 | r:    -1.000000 | e:   0.960475 | Q:   0.072996 | won: True 
#  208 | steps:  6747 | steps_t:  6346 | t: 50.316213 | r:    -1.000000 | e:   0.960337 | Q:   0.072996 | won: True 
#  209 | steps:  6801 | steps_t:  6400 | t: 51.014679 | r:     1.000000 | e:   0.960000 | Q:   0.072996 | won: True 
#  210 | steps:  6841 | steps_t:  6440 | t: 51.754568 | r:     1.000000 | e:   0.959750 | Q:   0.072996 | won: True 
#  211 | steps:  6871 | steps_t:  6470 | t: 52.023256 | r:    -1.000000 | e:   0.959562 | Q:   0.072996 | won: True 
#  212 | steps:  6902 | steps_t:  6501 | t: 52.214906 | r:    -1.000000 | e:   0.959369 | Q:   0.072996 | won: True 
#  213 | steps:  7015 | steps_t:  6614 | t: 53.013001 | r:     1.000000 | e:   0.958662 | Q:   0.072996 | won: True 
#  214 | steps:  7023 | steps_t:  6622 | t: 53.041922 | r:    -1.000000 | e:   0.958612 | Q:   0.072996 | won: True 
#  215 | steps:  7170 | steps_t:  6769 | t: 54.608658 | r:    -1.000000 | e:   0.957694 | Q:   0.072996 | won: True 
#  216 | steps:  7249 | steps_t:  6848 | t: 55.117749 | r:     1.000000 | e:   0.957200 | Q:   0.072996 | won: True 
#  217 | steps:  7285 | steps_t:  6884 | t: 55.317713 | r:     1.000000 | e:   0.956975 | Q:   0.072996 | won: True 
#  218 | steps:  7330 | steps_t:  6929 | t: 55.629784 | r:    -1.000000 | e:   0.956694 | Q:   0.072996 | won: True 
#  219 | steps:  7385 | steps_t:  6984 | t: 55.876915 | r:     1.000000 | e:   0.956350 | Q:   0.072996 | won: True 
#  220 | steps:  7398 | steps_t:  6997 | t: 55.916148 | r:     1.000000 | e:   0.956269 | Q:   0.072996 | won: True 
#  221 | steps:  7469 | steps_t:  7068 | t: 56.386985 | r:     1.000000 | e:   0.955825 | Q:   0.072996 | won: True 
#  222 | steps:  7523 | steps_t:  7122 | t: 56.814258 | r:     1.000000 | e:   0.955488 | Q:   0.072996 | won: True 
#  223 | steps:  7537 | steps_t:  7136 | t: 56.860272 | r:    -1.000000 | e:   0.955400 | Q:   0.072996 | won: True 
#  224 | steps:  7628 | steps_t:  7227 | t: 57.657117 | r:    -1.000000 | e:   0.954831 | Q:   0.072996 | won: True 
#  225 | steps:  7647 | steps_t:  7246 | t: 57.810426 | r:    -1.000000 | e:   0.954712 | Q:   0.072996 | won: True 
#  226 | steps:  7656 | steps_t:  7255 | t: 57.839452 | r:     1.000000 | e:   0.954656 | Q:   0.072996 | won: True 
#  227 | steps:  7671 | steps_t:  7270 | t: 58.055078 | r:    -1.000000 | e:   0.954562 | Q:   0.072996 | won: True 
#  228 | steps:  7686 | steps_t:  7285 | t: 58.185162 | r:     1.000000 | e:   0.954469 | Q:   0.072996 | won: True 
#  229 | steps:  7702 | steps_t:  7301 | t: 58.318139 | r:    -1.000000 | e:   0.954369 | Q:   0.072996 | won: True 
#  230 | steps:  7799 | steps_t:  7398 | t: 58.953264 | r:     1.000000 | e:   0.953762 | Q:   0.072996 | won: True 
#  231 | steps:  7810 | steps_t:  7409 | t: 58.989756 | r:    -1.000000 | e:   0.953694 | Q:   0.072996 | won: True 
#  232 | steps:  7822 | steps_t:  7421 | t: 59.210357 | r:    -1.000000 | e:   0.953619 | Q:   0.072996 | won: True 
#  233 | steps:  7839 | steps_t:  7438 | t: 59.447840 | r:    -1.000000 | e:   0.953512 | Q:   0.072996 | won: True 
#  234 | steps:  7857 | steps_t:  7456 | t: 59.677739 | r:     1.000000 | e:   0.953400 | Q:   0.072996 | won: True 
#  235 | steps:  7935 | steps_t:  7534 | t: 60.342621 | r:    -1.000000 | e:   0.952913 | Q:   0.072996 | won: True 
#  236 | steps:  7947 | steps_t:  7546 | t: 60.383170 | r:    -1.000000 | e:   0.952838 | Q:   0.072996 | won: True 
#  237 | steps:  7973 | steps_t:  7572 | t: 60.474957 | r:     1.000000 | e:   0.952675 | Q:   0.072996 | won: True 
#  238 | steps:  7989 | steps_t:  7588 | t: 60.615346 | r:     1.000000 | e:   0.952575 | Q:   0.072996 | won: True 
#  239 | steps:  8024 | steps_t:  7623 | t: 60.986673 | r:     1.000000 | e:   0.952356 | Q:   0.072996 | won: True 
#  240 | steps:  8058 | steps_t:  7657 | t: 61.351687 | r:    -1.000000 | e:   0.952144 | Q:   0.072996 | won: True 
#  241 | steps:  8069 | steps_t:  7668 | t: 61.477377 | r:     1.000000 | e:   0.952075 | Q:   0.072996 | won: True 
#  242 | steps:  8083 | steps_t:  7682 | t: 61.522645 | r:     1.000000 | e:   0.951987 | Q:   0.072996 | won: True 
#  243 | steps:  8094 | steps_t:  7693 | t: 61.558865 | r:    -1.000000 | e:   0.951919 | Q:   0.072996 | won: True 
#  244 | steps:  8100 | steps_t:  7699 | t: 61.664274 | r:    -1.000000 | e:   0.951881 | Q:   0.072996 | won: True 
#  245 | steps:  8161 | steps_t:  7760 | t: 62.030412 | r:     1.000000 | e:   0.951500 | Q:   0.072996 | won: True 
#  246 | steps:  8281 | steps_t:  7880 | t: 63.109764 | r:     1.000000 | e:   0.950750 | Q:   0.072996 | won: True 
#  247 | steps:  8334 | steps_t:  7933 | t: 63.449791 | r:     1.000000 | e:   0.950419 | Q:   0.072996 | won: True 
#  248 | steps:  8354 | steps_t:  7953 | t: 63.518805 | r:    -1.000000 | e:   0.950294 | Q:   0.072996 | won: True 
#  249 | steps:  8399 | steps_t:  7998 | t: 63.931383 | r:     1.000000 | e:   0.950013 | Q:   0.072996 | won: True 
#  250 | steps:  8476 | steps_t:  8075 | t: 64.539946 | r:     1.000000 | e:   0.949531 | Q:   0.072996 | won: True 
#  251 | steps:  8493 | steps_t:  8092 | t: 64.860015 | r:    -1.000000 | e:   0.949425 | Q:   0.072996 | won: True 
#  252 | steps:  8509 | steps_t:  8108 | t: 64.915768 | r:    -1.000000 | e:   0.949325 | Q:   0.072996 | won: True 
#  253 | steps:  8519 | steps_t:  8118 | t: 65.040204 | r:    -1.000000 | e:   0.949263 | Q:   0.072996 | won: True 
#  254 | steps:  8541 | steps_t:  8140 | t: 65.378674 | r:    -1.000000 | e:   0.949125 | Q:   0.072996 | won: True 
#  255 | steps:  8551 | steps_t:  8150 | t: 65.504773 | r:    -1.000000 | e:   0.949063 | Q:   0.072996 | won: True 
#  256 | steps:  8569 | steps_t:  8168 | t: 65.654103 | r:    -1.000000 | e:   0.948950 | Q:   0.072996 | won: True 
#  257 | steps:  8648 | steps_t:  8247 | t: 65.918694 | r:     1.000000 | e:   0.948456 | Q:   0.072996 | won: True 
#  258 | steps:  8659 | steps_t:  8258 | t: 66.126706 | r:    -1.000000 | e:   0.948388 | Q:   0.072996 | won: True 
#  259 | steps:  8705 | steps_t:  8304 | t: 66.456788 | r:     1.000000 | e:   0.948100 | Q:   0.072996 | won: True 
#  260 | steps:  8727 | steps_t:  8326 | t: 66.707464 | r:     1.000000 | e:   0.947963 | Q:   0.072996 | won: True 
#  261 | steps:  8761 | steps_t:  8360 | t: 66.911212 | r:     1.000000 | e:   0.947750 | Q:   0.072996 | won: True 
#  262 | steps:  8788 | steps_t:  8387 | t: 67.084632 | r:    -1.000000 | e:   0.947581 | Q:   0.072996 | won: True 
#  263 | steps:  8818 | steps_t:  8417 | t: 67.191133 | r:     1.000000 | e:   0.947394 | Q:   0.072996 | won: True 
#  264 | steps:  8843 | steps_t:  8442 | t: 67.268975 | r:    -1.000000 | e:   0.947237 | Q:   0.072996 | won: True 
#  265 | steps:  8865 | steps_t:  8464 | t: 67.506059 | r:    -1.000000 | e:   0.947100 | Q:   0.072996 | won: True 
#  266 | steps:  8950 | steps_t:  8549 | t: 68.310884 | r:    -1.000000 | e:   0.946569 | Q:   0.072996 | won: True 
#  267 | steps:  8966 | steps_t:  8565 | t: 68.451748 | r:    -1.000000 | e:   0.946469 | Q:   0.072996 | won: True 
#  268 | steps:  8987 | steps_t:  8586 | t: 68.694090 | r:    -1.000000 | e:   0.946338 | Q:   0.072996 | won: True 
#  269 | steps:  8994 | steps_t:  8593 | t: 68.720640 | r:     1.000000 | e:   0.946294 | Q:   0.072996 | won: True 
#  270 | steps:  9036 | steps_t:  8635 | t: 69.206125 | r:    -1.000000 | e:   0.946031 | Q:   0.072996 | won: True 
#  271 | steps:  9060 | steps_t:  8659 | t: 69.381849 | r:     1.000000 | e:   0.945881 | Q:   0.072996 | won: True 
#  272 | steps:  9068 | steps_t:  8667 | t: 69.502621 | r:     1.000000 | e:   0.945831 | Q:   0.072996 | won: True 
#  273 | steps:  9079 | steps_t:  8678 | t: 69.538165 | r:     1.000000 | e:   0.945762 | Q:   0.072996 | won: True 
#  274 | steps:  9089 | steps_t:  8688 | t: 69.572848 | r:    -1.000000 | e:   0.945700 | Q:   0.072996 | won: True 
#  275 | steps:  9107 | steps_t:  8706 | t: 69.634754 | r:    -1.000000 | e:   0.945588 | Q:   0.072996 | won: True 
#  276 | steps:  9114 | steps_t:  8713 | t: 69.741121 | r:    -1.000000 | e:   0.945544 | Q:   0.072996 | won: True 
#  277 | steps:  9127 | steps_t:  8726 | t: 69.869305 | r:    -1.000000 | e:   0.945462 | Q:   0.072996 | won: True 
#  278 | steps:  9166 | steps_t:  8765 | t: 70.254883 | r:     1.000000 | e:   0.945219 | Q:   0.072996 | won: True 
#  279 | steps:  9231 | steps_t:  8830 | t: 70.741612 | r:    -1.000000 | e:   0.944813 | Q:   0.072996 | won: True 
#  280 | steps:  9279 | steps_t:  8878 | t: 71.162505 | r:     1.000000 | e:   0.944512 | Q:   0.072996 | won: True 
#  281 | steps:  9317 | steps_t:  8916 | t: 71.370398 | r:     1.000000 | e:   0.944275 | Q:   0.072996 | won: True 
#  282 | steps:  9433 | steps_t:  9032 | t: 72.431698 | r:     1.000000 | e:   0.943550 | Q:   0.072996 | won: True 
#  283 | steps:  9454 | steps_t:  9053 | t: 72.502910 | r:    -1.000000 | e:   0.943419 | Q:   0.072996 | won: True 
#  284 | steps:  9482 | steps_t:  9081 | t: 72.762168 | r:    -1.000000 | e:   0.943244 | Q:   0.072996 | won: True 
#  285 | steps:  9522 | steps_t:  9121 | t: 72.973284 | r:     1.000000 | e:   0.942994 | Q:   0.072996 | won: True 
#  286 | steps:  9590 | steps_t:  9189 | t: 73.614384 | r:     1.000000 | e:   0.942569 | Q:   0.072996 | won: True 
#  287 | steps:  9599 | steps_t:  9198 | t: 73.643577 | r:    -1.000000 | e:   0.942512 | Q:   0.072996 | won: True 
#  288 | steps:  9625 | steps_t:  9224 | t: 73.986235 | r:     1.000000 | e:   0.942350 | Q:   0.072996 | won: True 
#  289 | steps:  9654 | steps_t:  9253 | t: 74.338145 | r:    -1.000000 | e:   0.942169 | Q:   0.072996 | won: True 
#  290 | steps:  9675 | steps_t:  9274 | t: 74.494457 | r:    -1.000000 | e:   0.942037 | Q:   0.072996 | won: True 
#  291 | steps:  9766 | steps_t:  9365 | t: 75.050305 | r:    -1.000000 | e:   0.941469 | Q:   0.072996 | won: True 
#  292 | steps:  9798 | steps_t:  9397 | t: 75.343028 | r:    -1.000000 | e:   0.941269 | Q:   0.072996 | won: True 
#  293 | steps:  9813 | steps_t:  9412 | t: 75.485645 | r:    -1.000000 | e:   0.941175 | Q:   0.072996 | won: True 
#  294 | steps:  9849 | steps_t:  9448 | t: 75.869721 | r:     1.000000 | e:   0.940950 | Q:   0.072996 | won: True 
#  295 | steps:  9890 | steps_t:  9489 | t: 76.181583 | r:    -1.000000 | e:   0.940694 | Q:   0.072996 | won: True 
#  296 | steps:  9908 | steps_t:  9507 | t: 76.245182 | r:     1.000000 | e:   0.940581 | Q:   0.072996 | won: True 
#  297 | steps:  9959 | steps_t:  9558 | t: 76.492345 | r:     1.000000 | e:   0.940263 | Q:   0.072996 | won: True 
#  298 | steps:  9984 | steps_t:  9583 | t: 76.827749 | r:    -1.000000 | e:   0.940106 | Q:   0.072996 | won: True 
#  299 | steps:  9998 | steps_t:  9597 | t: 76.870876 | r:    -1.000000 | e:   0.940019 | Q:   0.072996 | won: True 
#  300 | steps: 10010 | steps_t:  9609 | t: 76.909380 | r:    -1.000000 | e:   0.939944 | Q:   0.072996 | won: True 
#  301 | steps: 10032 | steps_t:  9631 | t: 76.978360 | r:    -1.000000 | e:   0.939806 | Q:   0.072996 | won: True 
#  302 | steps: 10055 | steps_t:  9654 | t: 77.138599 | r:     1.000000 | e:   0.939662 | Q:   0.072996 | won: True 
#  303 | steps: 10098 | steps_t:  9697 | t: 77.456046 | r:     1.000000 | e:   0.939394 | Q:   0.072996 | won: True 
#  304 | steps: 10132 | steps_t:  9731 | t: 77.842823 | r:     1.000000 | e:   0.939181 | Q:   0.072996 | won: True 
#  305 | steps: 10144 | steps_t:  9743 | t: 77.886280 | r:    -1.000000 | e:   0.939106 | Q:   0.072996 | won: True 
#  306 | steps: 10249 | steps_t:  9848 | t: 78.592970 | r:    -1.000000 | e:   0.938450 | Q:   0.072996 | won: True 
#  307 | steps: 10291 | steps_t:  9890 | t: 78.828299 | r:    -1.000000 | e:   0.938187 | Q:   0.072996 | won: True 
#  308 | steps: 10361 | steps_t:  9960 | t: 79.601357 | r:    -1.000000 | e:   0.937750 | Q:   0.072996 | won: True 
#  309 | steps: 10368 | steps_t:  9967 | t: 79.625837 | r:    -1.000000 | e:   0.937706 | Q:   0.072996 | won: True 
#  310 | steps: 10375 | steps_t:  9974 | t: 79.653461 | r:    -1.000000 | e:   0.937662 | Q:   0.072996 | won: True 
#  311 | steps: 10392 | steps_t:  9991 | t: 79.811583 | r:    -1.000000 | e:   0.937556 | Q:   0.072996 | won: True 
#  312 | steps: 10407 | steps_t: 10006 | t: 80.039992 | r:    -1.000000 | e:   0.937462 | Q:   0.072996 | won: True 
#  313 | steps: 10432 | steps_t: 10031 | t: 80.141606 | r:     1.000000 | e:   0.937306 | Q:   0.072996 | won: True 
#  314 | steps: 10469 | steps_t: 10068 | t: 80.368498 | r:    -1.000000 | e:   0.937075 | Q:   0.072996 | won: True 
#  315 | steps: 10527 | steps_t: 10126 | t: 81.094981 | r:    -1.000000 | e:   0.936713 | Q:   0.072996 | won: True 
#  316 | steps: 10556 | steps_t: 10155 | t: 81.282031 | r:    -1.000000 | e:   0.936531 | Q:   0.072996 | won: True 
#  317 | steps: 10574 | steps_t: 10173 | t: 81.607130 | r:    -1.000000 | e:   0.936419 | Q:   0.072996 | won: True 
#  318 | steps: 10655 | steps_t: 10254 | t: 82.496714 | r:     1.000000 | e:   0.935913 | Q:   0.072996 | won: True 
#  319 | steps: 10685 | steps_t: 10284 | t: 82.684889 | r:     1.000000 | e:   0.935725 | Q:   0.072996 | won: True 
#  320 | steps: 10699 | steps_t: 10298 | t: 82.826989 | r:    -1.000000 | e:   0.935638 | Q:   0.072996 | won: True 
#  321 | steps: 10770 | steps_t: 10369 | t: 83.435422 | r:     1.000000 | e:   0.935194 | Q:   0.072996 | won: True 
#  322 | steps: 10819 | steps_t: 10418 | t: 83.705014 | r:    -1.000000 | e:   0.934887 | Q:   0.072996 | won: True 
#  323 | steps: 10861 | steps_t: 10460 | t: 84.122156 | r:    -1.000000 | e:   0.934625 | Q:   0.072996 | won: True 
#  324 | steps: 11000 | steps_t: 10599 | t: 85.109379 | r:    -1.000000 | e:   0.933756 | Q:   0.072996 | won: True 
#  325 | steps: 11042 | steps_t: 10641 | t: 85.436536 | r:     1.000000 | e:   0.933494 | Q:   0.072996 | won: True 
#  326 | steps: 11076 | steps_t: 10675 | t: 85.740899 | r:    -1.000000 | e:   0.933281 | Q:   0.072996 | won: True 
#  327 | steps: 11101 | steps_t: 10700 | t: 86.084944 | r:     1.000000 | e:   0.933125 | Q:   0.072996 | won: True 
#  328 | steps: 11200 | steps_t: 10799 | t: 86.829516 | r:     1.000000 | e:   0.932506 | Q:   0.072996 | won: True 
#  329 | steps: 11209 | steps_t: 10808 | t: 86.945936 | r:    -1.000000 | e:   0.932450 | Q:   0.072996 | won: True 
#  330 | steps: 11217 | steps_t: 10816 | t: 86.972106 | r:     1.000000 | e:   0.932400 | Q:   0.072996 | won: True 
#  331 | steps: 11237 | steps_t: 10836 | t: 87.204200 | r:    -1.000000 | e:   0.932275 | Q:   0.072996 | won: True 
#  332 | steps: 11256 | steps_t: 10855 | t: 87.360748 | r:     1.000000 | e:   0.932156 | Q:   0.072996 | won: True 
#  333 | steps: 11275 | steps_t: 10874 | t: 87.430923 | r:     1.000000 | e:   0.932037 | Q:   0.072996 | won: True 
#  334 | steps: 11296 | steps_t: 10895 | t: 87.596892 | r:     1.000000 | e:   0.931906 | Q:   0.072996 | won: True 
#  335 | steps: 11340 | steps_t: 10939 | t: 87.999091 | r:     1.000000 | e:   0.931631 | Q:   0.072996 | won: True 
#  336 | steps: 11411 | steps_t: 11010 | t: 88.508658 | r:    -1.000000 | e:   0.931188 | Q:   0.072996 | won: True 
#  337 | steps: 11436 | steps_t: 11035 | t: 88.678800 | r:     1.000000 | e:   0.931031 | Q:   0.072996 | won: True 
#  338 | steps: 11521 | steps_t: 11120 | t: 89.493126 | r:    -1.000000 | e:   0.930500 | Q:   0.072996 | won: True 
#  339 | steps: 11544 | steps_t: 11143 | t: 89.656288 | r:     1.000000 | e:   0.930356 | Q:   0.072996 | won: True 
#  340 | steps: 11560 | steps_t: 11159 | t: 89.793019 | r:    -1.000000 | e:   0.930256 | Q:   0.072996 | won: True 
#  341 | steps: 11578 | steps_t: 11177 | t: 89.858708 | r:    -1.000000 | e:   0.930144 | Q:   0.072996 | won: True 
#  342 | steps: 11625 | steps_t: 11224 | t: 90.468159 | r:    -1.000000 | e:   0.929850 | Q:   0.072996 | won: True 
#  343 | steps: 11728 | steps_t: 11327 | t: 91.279111 | r:    -1.000000 | e:   0.929206 | Q:   0.072996 | won: True 
#  344 | steps: 11746 | steps_t: 11345 | t: 91.521760 | r:    -1.000000 | e:   0.929094 | Q:   0.072996 | won: True 
#  345 | steps: 11757 | steps_t: 11356 | t: 91.560242 | r:    -1.000000 | e:   0.929025 | Q:   0.072996 | won: True 
#  346 | steps: 11763 | steps_t: 11362 | t: 91.582215 | r:    -1.000000 | e:   0.928987 | Q:   0.072996 | won: True 
#  347 | steps: 11830 | steps_t: 11429 | t: 91.988099 | r:    -1.000000 | e:   0.928569 | Q:   0.072996 | won: True 
#  348 | steps: 11844 | steps_t: 11443 | t: 92.211663 | r:    -1.000000 | e:   0.928481 | Q:   0.072996 | won: True 
#  349 | steps: 11877 | steps_t: 11476 | t: 92.333895 | r:     1.000000 | e:   0.928275 | Q:   0.072996 | won: True 
#  350 | steps: 11902 | steps_t: 11501 | t: 92.519239 | r:    -1.000000 | e:   0.928119 | Q:   0.072996 | won: True 
#  351 | steps: 11918 | steps_t: 11517 | t: 92.578026 | r:     1.000000 | e:   0.928019 | Q:   0.072996 | won: True 
#  352 | steps: 11926 | steps_t: 11525 | t: 92.609587 | r:    -1.000000 | e:   0.927969 | Q:   0.072996 | won: True 
#  353 | steps: 12037 | steps_t: 11636 | t: 93.443218 | r:     1.000000 | e:   0.927275 | Q:   0.072996 | won: True 
#  354 | steps: 12108 | steps_t: 11707 | t: 93.789994 | r:    -1.000000 | e:   0.926831 | Q:   0.072996 | won: True 
#  355 | steps: 12116 | steps_t: 11715 | t: 93.817604 | r:    -1.000000 | e:   0.926781 | Q:   0.072996 | won: True 
#  356 | steps: 12169 | steps_t: 11768 | t: 94.270196 | r:     1.000000 | e:   0.926450 | Q:   0.072996 | won: True 
#  357 | steps: 12187 | steps_t: 11786 | t: 94.511644 | r:     1.000000 | e:   0.926338 | Q:   0.072996 | won: True 
#  358 | steps: 12195 | steps_t: 11794 | t: 94.632792 | r:    -1.000000 | e:   0.926288 | Q:   0.072996 | won: True 
#  359 | steps: 12217 | steps_t: 11816 | t: 94.721775 | r:    -1.000000 | e:   0.926150 | Q:   0.072996 | won: True 
#  360 | steps: 12253 | steps_t: 11852 | t: 95.118029 | r:    -1.000000 | e:   0.925925 | Q:   0.072996 | won: True 
#  361 | steps: 12297 | steps_t: 11896 | t: 95.528115 | r:     1.000000 | e:   0.925650 | Q:   0.072996 | won: True 
#  362 | steps: 12314 | steps_t: 11913 | t: 95.672234 | r:     1.000000 | e:   0.925544 | Q:   0.072996 | won: True 
#  363 | steps: 12336 | steps_t: 11935 | t: 95.930686 | r:    -1.000000 | e:   0.925406 | Q:   0.072996 | won: True 
#  364 | steps: 12378 | steps_t: 11977 | t: 96.447021 | r:    -1.000000 | e:   0.925144 | Q:   0.072996 | won: True 
#  365 | steps: 12386 | steps_t: 11985 | t: 96.565856 | r:    -1.000000 | e:   0.925094 | Q:   0.072996 | won: True 
#  366 | steps: 12416 | steps_t: 12015 | t: 96.684809 | r:    -1.000000 | e:   0.924906 | Q:   0.072996 | won: True 
#  367 | steps: 12432 | steps_t: 12031 | t: 96.842174 | r:    -1.000000 | e:   0.924806 | Q:   0.072996 | won: True 
#  368 | steps: 12447 | steps_t: 12046 | t: 96.897251 | r:    -1.000000 | e:   0.924713 | Q:   0.072996 | won: True 
#  369 | steps: 12534 | steps_t: 12133 | t: 97.733055 | r:     1.000000 | e:   0.924169 | Q:   0.072996 | won: True 
#  370 | steps: 12595 | steps_t: 12194 | t: 98.134085 | r:    -1.000000 | e:   0.923787 | Q:   0.072996 | won: True 
#  371 | steps: 12608 | steps_t: 12207 | t: 98.179448 | r:     1.000000 | e:   0.923706 | Q:   0.072996 | won: True 
#  372 | steps: 12642 | steps_t: 12241 | t: 98.385566 | r:     1.000000 | e:   0.923494 | Q:   0.072996 | won: True 
#  373 | steps: 12663 | steps_t: 12262 | t: 98.630000 | r:    -1.000000 | e:   0.923362 | Q:   0.072996 | won: True 
#  374 | steps: 12671 | steps_t: 12270 | t: 98.752249 | r:    -1.000000 | e:   0.923312 | Q:   0.072996 | won: True 
#  375 | steps: 12691 | steps_t: 12290 | t: 98.825077 | r:     1.000000 | e:   0.923188 | Q:   0.072996 | won: True 
#  376 | steps: 12719 | steps_t: 12318 | t: 99.016837 | r:    -1.000000 | e:   0.923013 | Q:   0.072996 | won: True 
#  377 | steps: 12728 | steps_t: 12327 | t: 99.047247 | r:    -1.000000 | e:   0.922956 | Q:   0.072996 | won: True 
#  378 | steps: 12750 | steps_t: 12349 | t: 99.302791 | r:    -1.000000 | e:   0.922819 | Q:   0.072996 | won: True 
#  379 | steps: 12785 | steps_t: 12384 | t: 99.511058 | r:    -1.000000 | e:   0.922600 | Q:   0.072996 | won: True 
#  380 | steps: 12793 | steps_t: 12392 | t: 99.716481 | r:    -1.000000 | e:   0.922550 | Q:   0.072996 | won: True 
#  381 | steps: 12821 | steps_t: 12420 | t: 99.908544 | r:    -1.000000 | e:   0.922375 | Q:   0.072996 | won: True 
#  382 | steps: 12888 | steps_t: 12487 | t: 100.342771 | r:    -1.000000 | e:   0.921956 | Q:   0.072996 | won: True 
#  383 | steps: 12931 | steps_t: 12530 | t: 100.677710 | r:    -1.000000 | e:   0.921687 | Q:   0.072996 | won: True 
#  384 | steps: 12984 | steps_t: 12583 | t: 101.047775 | r:    -1.000000 | e:   0.921356 | Q:   0.072996 | won: True 
#  385 | steps: 13000 | steps_t: 12599 | t: 101.113173 | r:    -1.000000 | e:   0.921256 | Q:   0.072996 | won: True 
#  386 | steps: 13030 | steps_t: 12629 | t: 101.398546 | r:    -1.000000 | e:   0.921069 | Q:   0.072996 | won: True 
#  387 | steps: 13095 | steps_t: 12694 | t: 102.063771 | r:    -1.000000 | e:   0.920662 | Q:   0.072996 | won: True 
#  388 | steps: 13107 | steps_t: 12706 | t: 102.106992 | r:    -1.000000 | e:   0.920588 | Q:   0.072996 | won: True 
#  389 | steps: 13126 | steps_t: 12725 | t: 102.351871 | r:    -1.000000 | e:   0.920469 | Q:   0.072996 | won: True 
#  390 | steps: 13136 | steps_t: 12735 | t: 102.387503 | r:    -1.000000 | e:   0.920406 | Q:   0.072996 | won: True 
#  391 | steps: 13358 | steps_t: 12957 | t: 104.566221 | r:    -1.000000 | e:   0.919019 | Q:   0.072996 | won: True 
#  392 | steps: 13386 | steps_t: 12985 | t: 104.922897 | r:    -1.000000 | e:   0.918844 | Q:   0.072996 | won: True 
#  393 | steps: 13426 | steps_t: 13025 | t: 105.060250 | r:    -1.000000 | e:   0.918594 | Q:   0.072996 | won: True 
#  394 | steps: 13453 | steps_t: 13052 | t: 105.494099 | r:     1.000000 | e:   0.918425 | Q:   0.072996 | won: True 
#  395 | steps: 13499 | steps_t: 13098 | t: 105.655108 | r:    -1.000000 | e:   0.918138 | Q:   0.072996 | won: True 
#  396 | steps: 13643 | steps_t: 13242 | t: 106.474374 | r:    -1.000000 | e:   0.917238 | Q:   0.072996 | won: True 
#  397 | steps: 13661 | steps_t: 13260 | t: 106.706396 | r:    -1.000000 | e:   0.917125 | Q:   0.072996 | won: True 
#  398 | steps: 13809 | steps_t: 13408 | t: 107.938322 | r:     1.000000 | e:   0.916200 | Q:   0.072996 | won: True 
#  399 | steps: 13835 | steps_t: 13434 | t: 108.028163 | r:    -1.000000 | e:   0.916038 | Q:   0.072996 | won: True 
#  400 | steps: 13865 | steps_t: 13464 | t: 108.216744 | r:    -1.000000 | e:   0.915850 | Q:   0.072996 | won: True 
#  401 | steps: 13888 | steps_t: 13487 | t: 108.378252 | r:    -1.000000 | e:   0.915706 | Q:   0.072996 | won: True 
#  402 | steps: 13919 | steps_t: 13518 | t: 108.645941 | r:     1.000000 | e:   0.915512 | Q:   0.072996 | won: True 
#  403 | steps: 13926 | steps_t: 13525 | t: 108.667240 | r:    -1.000000 | e:   0.915469 | Q:   0.072996 | won: True 
#  404 | steps: 13934 | steps_t: 13533 | t: 108.695123 | r:     1.000000 | e:   0.915419 | Q:   0.072996 | won: True 
#  405 | steps: 13992 | steps_t: 13591 | t: 108.971518 | r:    -1.000000 | e:   0.915056 | Q:   0.072996 | won: True 
#  406 | steps: 14024 | steps_t: 13623 | t: 109.329097 | r:     1.000000 | e:   0.914856 | Q:   0.072996 | won: True 
#  407 | steps: 14051 | steps_t: 13650 | t: 109.414543 | r:    -1.000000 | e:   0.914687 | Q:   0.072996 | won: True 
#  408 | steps: 14060 | steps_t: 13659 | t: 109.445571 | r:    -1.000000 | e:   0.914631 | Q:   0.072996 | won: True 
#  409 | steps: 14081 | steps_t: 13680 | t: 109.519407 | r:    -1.000000 | e:   0.914500 | Q:   0.072996 | won: True 
#  410 | steps: 14098 | steps_t: 13697 | t: 109.583550 | r:     1.000000 | e:   0.914394 | Q:   0.072996 | won: True 
#  411 | steps: 14133 | steps_t: 13732 | t: 109.806465 | r:    -1.000000 | e:   0.914175 | Q:   0.072996 | won: True 
#  412 | steps: 14166 | steps_t: 13765 | t: 110.091671 | r:     1.000000 | e:   0.913969 | Q:   0.072996 | won: True 
#  413 | steps: 14194 | steps_t: 13793 | t: 110.263412 | r:     1.000000 | e:   0.913794 | Q:   0.072996 | won: True 
#  414 | steps: 14235 | steps_t: 13834 | t: 110.398262 | r:    -1.000000 | e:   0.913538 | Q:   0.072996 | won: True 
#  415 | steps: 14377 | steps_t: 13976 | t: 111.302244 | r:    -1.000000 | e:   0.912650 | Q:   0.072996 | won: True 
#  416 | steps: 14440 | steps_t: 14039 | t: 111.599374 | r:    -1.000000 | e:   0.912256 | Q:   0.072996 | won: True 
#  417 | steps: 14464 | steps_t: 14063 | t: 111.850031 | r:    -1.000000 | e:   0.912106 | Q:   0.072996 | won: True 
#  418 | steps: 14525 | steps_t: 14124 | t: 112.587347 | r:    -1.000000 | e:   0.911725 | Q:   0.072996 | won: True 
#  419 | steps: 14533 | steps_t: 14132 | t: 112.614506 | r:    -1.000000 | e:   0.911675 | Q:   0.072996 | won: True 
#  420 | steps: 14598 | steps_t: 14197 | t: 113.002837 | r:     1.000000 | e:   0.911269 | Q:   0.072996 | won: True 
#  421 | steps: 14671 | steps_t: 14270 | t: 113.509731 | r:    -1.000000 | e:   0.910813 | Q:   0.072996 | won: True 
#  422 | steps: 14684 | steps_t: 14283 | t: 113.641782 | r:    -1.000000 | e:   0.910731 | Q:   0.072996 | won: True 
#  423 | steps: 14695 | steps_t: 14294 | t: 114.027989 | r:    -1.000000 | e:   0.910663 | Q:   0.072996 | won: True 
#  424 | steps: 14707 | steps_t: 14306 | t: 114.074990 | r:    -1.000000 | e:   0.910587 | Q:   0.072996 | won: True 
#  425 | steps: 14733 | steps_t: 14332 | t: 114.171582 | r:    -1.000000 | e:   0.910425 | Q:   0.072996 | won: True 
#  426 | steps: 14752 | steps_t: 14351 | t: 114.407393 | r:    -1.000000 | e:   0.910306 | Q:   0.072996 | won: True 
#  427 | steps: 14764 | steps_t: 14363 | t: 114.449023 | r:    -1.000000 | e:   0.910231 | Q:   0.072996 | won: True 
#  428 | steps: 14785 | steps_t: 14384 | t: 114.529703 | r:     1.000000 | e:   0.910100 | Q:   0.072996 | won: True 
#  429 | steps: 14830 | steps_t: 14429 | t: 114.943753 | r:    -1.000000 | e:   0.909819 | Q:   0.072996 | won: True 
#  430 | steps: 14861 | steps_t: 14460 | t: 115.221611 | r:    -1.000000 | e:   0.909625 | Q:   0.072996 | won: True 
#  431 | steps: 14870 | steps_t: 14469 | t: 115.251439 | r:    -1.000000 | e:   0.909569 | Q:   0.072996 | won: True 
#  432 | steps: 15004 | steps_t: 14603 | t: 116.636507 | r:    -1.000000 | e:   0.908731 | Q:   0.072996 | won: True 
#  433 | steps: 15054 | steps_t: 14653 | t: 116.963001 | r:     1.000000 | e:   0.908419 | Q:   0.072996 | won: True 
#  434 | steps: 15165 | steps_t: 14764 | t: 117.832868 | r:     1.000000 | e:   0.907725 | Q:   0.072996 | won: True 
#  435 | steps: 15236 | steps_t: 14835 | t: 118.239904 | r:    -1.000000 | e:   0.907281 | Q:   0.072996 | won: True 
#  436 | steps: 15266 | steps_t: 14865 | t: 118.598653 | r:    -1.000000 | e:   0.907094 | Q:   0.072996 | won: True 
#  437 | steps: 15282 | steps_t: 14881 | t: 118.653565 | r:    -1.000000 | e:   0.906994 | Q:   0.072996 | won: True 
#  438 | steps: 15298 | steps_t: 14897 | t: 118.711587 | r:    -1.000000 | e:   0.906894 | Q:   0.072996 | won: True 
#  439 | steps: 15343 | steps_t: 14942 | t: 119.037764 | r:    -1.000000 | e:   0.906613 | Q:   0.072996 | won: True 
#  440 | steps: 15361 | steps_t: 14960 | t: 119.101170 | r:    -1.000000 | e:   0.906500 | Q:   0.072996 | won: True 
#  441 | steps: 15433 | steps_t: 15032 | t: 119.762884 | r:    -1.000000 | e:   0.906050 | Q:   0.072996 | won: True 
#  442 | steps: 15492 | steps_t: 15091 | t: 120.300852 | r:    -1.000000 | e:   0.905681 | Q:   0.072996 | won: True 
#  443 | steps: 15511 | steps_t: 15110 | t: 120.450565 | r:     1.000000 | e:   0.905563 | Q:   0.072996 | won: True 
#  444 | steps: 15564 | steps_t: 15163 | t: 120.633311 | r:     1.000000 | e:   0.905231 | Q:   0.072996 | won: True 
#  445 | steps: 15606 | steps_t: 15205 | t: 120.940730 | r:    -1.000000 | e:   0.904969 | Q:   0.072996 | won: True 
#  446 | steps: 15622 | steps_t: 15221 | t: 121.078636 | r:    -1.000000 | e:   0.904869 | Q:   0.072996 | won: True 
#  447 | steps: 15650 | steps_t: 15249 | t: 121.336317 | r:     1.000000 | e:   0.904694 | Q:   0.072996 | won: True 
#  448 | steps: 15717 | steps_t: 15316 | t: 121.714635 | r:    -1.000000 | e:   0.904275 | Q:   0.072996 | won: True 
#  449 | steps: 15729 | steps_t: 15328 | t: 121.841048 | r:    -1.000000 | e:   0.904200 | Q:   0.072996 | won: True 
#  450 | steps: 15754 | steps_t: 15353 | t: 122.019588 | r:    -1.000000 | e:   0.904044 | Q:   0.072996 | won: True 
#  451 | steps: 15793 | steps_t: 15392 | t: 122.150770 | r:     1.000000 | e:   0.903800 | Q:   0.072996 | won: True 
#  452 | steps: 15840 | steps_t: 15439 | t: 122.552853 | r:    -1.000000 | e:   0.903506 | Q:   0.072996 | won: True 
#  453 | steps: 15880 | steps_t: 15479 | t: 122.945281 | r:     1.000000 | e:   0.903256 | Q:   0.072996 | won: True 
#  454 | steps: 15890 | steps_t: 15489 | t: 123.153371 | r:    -1.000000 | e:   0.903194 | Q:   0.072996 | won: True 
#  455 | steps: 15900 | steps_t: 15499 | t: 123.187126 | r:    -1.000000 | e:   0.903131 | Q:   0.072996 | won: True 
#  456 | steps: 15920 | steps_t: 15519 | t: 123.343187 | r:    -1.000000 | e:   0.903006 | Q:   0.072996 | won: True 
#  457 | steps: 15955 | steps_t: 15554 | t: 123.627628 | r:    -1.000000 | e:   0.902787 | Q:   0.072996 | won: True 
#  458 | steps: 15972 | steps_t: 15571 | t: 123.769589 | r:    -1.000000 | e:   0.902681 | Q:   0.072996 | won: True 
#  459 | steps: 16020 | steps_t: 15619 | t: 124.104347 | r:    -1.000000 | e:   0.902381 | Q:   0.072996 | won: True 
#  460 | steps: 16032 | steps_t: 15631 | t: 124.145712 | r:    -1.000000 | e:   0.902306 | Q:   0.072996 | won: True 
#  461 | steps: 16086 | steps_t: 15685 | t: 124.418447 | r:    -1.000000 | e:   0.901969 | Q:   0.072996 | won: True 
#  462 | steps: 16100 | steps_t: 15699 | t: 124.639751 | r:    -1.000000 | e:   0.901881 | Q:   0.072996 | won: True 
#  463 | steps: 16111 | steps_t: 15710 | t: 124.680742 | r:    -1.000000 | e:   0.901813 | Q:   0.072996 | won: True 
#  464 | steps: 16197 | steps_t: 15796 | t: 125.242570 | r:    -1.000000 | e:   0.901275 | Q:   0.072996 | won: True 
#  465 | steps: 16231 | steps_t: 15830 | t: 125.529732 | r:    -1.000000 | e:   0.901062 | Q:   0.072996 | won: True 
#  466 | steps: 16347 | steps_t: 15946 | t: 126.331135 | r:     1.000000 | e:   0.900338 | Q:   0.072996 | won: True 
#  467 | steps: 16442 | steps_t: 16041 | t: 127.339113 | r:     1.000000 | e:   0.899744 | Q:   0.072996 | won: True 
#  468 | steps: 16556 | steps_t: 16155 | t: 128.151620 | r:     1.000000 | e:   0.899031 | Q:   0.072996 | won: True 
#  469 | steps: 16585 | steps_t: 16184 | t: 128.591929 | r:    -1.000000 | e:   0.898850 | Q:   0.072996 | won: True 
#  470 | steps: 16626 | steps_t: 16225 | t: 128.826249 | r:    -1.000000 | e:   0.898594 | Q:   0.072996 | won: True 
#  471 | steps: 16642 | steps_t: 16241 | t: 128.879722 | r:     1.000000 | e:   0.898494 | Q:   0.072996 | won: True 
#  472 | steps: 16669 | steps_t: 16268 | t: 128.974434 | r:    -1.000000 | e:   0.898325 | Q:   0.072996 | won: True 
#  473 | steps: 16689 | steps_t: 16288 | t: 129.046567 | r:    -1.000000 | e:   0.898200 | Q:   0.072996 | won: True 
#  474 | steps: 16734 | steps_t: 16333 | t: 129.454462 | r:     1.000000 | e:   0.897919 | Q:   0.072996 | won: True 
#  475 | steps: 16759 | steps_t: 16358 | t: 129.629611 | r:    -1.000000 | e:   0.897763 | Q:   0.072996 | won: True 
#  476 | steps: 16775 | steps_t: 16374 | t: 129.687713 | r:    -1.000000 | e:   0.897663 | Q:   0.072996 | won: True 
#  477 | steps: 16794 | steps_t: 16393 | t: 129.927557 | r:     1.000000 | e:   0.897544 | Q:   0.072996 | won: True 
#  478 | steps: 17073 | steps_t: 16672 | t: 132.189201 | r:    -1.000000 | e:   0.895800 | Q:   0.072996 | won: True 
#  479 | steps: 17120 | steps_t: 16719 | t: 132.589143 | r:     1.000000 | e:   0.895506 | Q:   0.072996 | won: True 
#  480 | steps: 17134 | steps_t: 16733 | t: 132.636222 | r:    -1.000000 | e:   0.895419 | Q:   0.072996 | won: True 
#  481 | steps: 17207 | steps_t: 16806 | t: 133.046651 | r:     1.000000 | e:   0.894962 | Q:   0.072996 | won: True 
#  482 | steps: 17313 | steps_t: 16912 | t: 133.804930 | r:    -1.000000 | e:   0.894300 | Q:   0.072996 | won: True 
#  483 | steps: 17354 | steps_t: 16953 | t: 133.939037 | r:    -1.000000 | e:   0.894044 | Q:   0.072996 | won: True 
#  484 | steps: 17367 | steps_t: 16966 | t: 133.979884 | r:    -1.000000 | e:   0.893962 | Q:   0.072996 | won: True 
#  485 | steps: 17410 | steps_t: 17009 | t: 134.216459 | r:     1.000000 | e:   0.893694 | Q:   0.072996 | won: True 
#  486 | steps: 17419 | steps_t: 17018 | t: 134.247566 | r:     1.000000 | e:   0.893637 | Q:   0.072996 | won: True 
#  487 | steps: 17431 | steps_t: 17030 | t: 134.375559 | r:     1.000000 | e:   0.893563 | Q:   0.072996 | won: True 
#  488 | steps: 17449 | steps_t: 17048 | t: 134.524611 | r:    -1.000000 | e:   0.893450 | Q:   0.072996 | won: True 
#  489 | steps: 17505 | steps_t: 17104 | t: 134.805301 | r:    -1.000000 | e:   0.893100 | Q:   0.072996 | won: True 
#  490 | steps: 17523 | steps_t: 17122 | t: 134.950337 | r:    -1.000000 | e:   0.892988 | Q:   0.072996 | won: True 
#  491 | steps: 17551 | steps_t: 17150 | t: 135.291718 | r:     1.000000 | e:   0.892813 | Q:   0.072996 | won: True 
#  492 | steps: 17573 | steps_t: 17172 | t: 135.536812 | r:    -1.000000 | e:   0.892675 | Q:   0.072996 | won: True 
#  493 | steps: 17597 | steps_t: 17196 | t: 135.703552 | r:     1.000000 | e:   0.892525 | Q:   0.072996 | won: True 
#  494 | steps: 17617 | steps_t: 17216 | t: 135.866564 | r:    -1.000000 | e:   0.892400 | Q:   0.072996 | won: True 
#  495 | steps: 17675 | steps_t: 17274 | t: 136.145288 | r:    -1.000000 | e:   0.892038 | Q:   0.072996 | won: True 
#  496 | steps: 17691 | steps_t: 17290 | t: 136.288001 | r:     1.000000 | e:   0.891938 | Q:   0.072996 | won: True 
#  497 | steps: 17792 | steps_t: 17391 | t: 136.945195 | r:    -1.000000 | e:   0.891306 | Q:   0.072996 | won: True 
#  498 | steps: 17821 | steps_t: 17420 | t: 137.044045 | r:    -1.000000 | e:   0.891125 | Q:   0.072996 | won: True 
#  499 | steps: 17881 | steps_t: 17480 | t: 137.669696 | r:    -1.000000 | e:   0.890750 | Q:   0.072996 | won: True 
#  500 | steps: 17905 | steps_t: 17504 | t: 137.758816 | r:     1.000000 | e:   0.890600 | Q:   0.072996 | won: True 
#  501 | steps: 17947 | steps_t: 17546 | t: 138.161205 | r:    -1.000000 | e:   0.890338 | Q:   0.072996 | won: True 
#  502 | steps: 18010 | steps_t: 17609 | t: 138.722868 | r:    -1.000000 | e:   0.889944 | Q:   0.072996 | won: True 
#  503 | steps: 18031 | steps_t: 17630 | t: 139.063987 | r:    -1.000000 | e:   0.889813 | Q:   0.072996 | won: True 
#  504 | steps: 18196 | steps_t: 17795 | t: 140.104762 | r:    -1.000000 | e:   0.888781 | Q:   0.072996 | won: True 
#  505 | steps: 18215 | steps_t: 17814 | t: 140.171954 | r:     1.000000 | e:   0.888663 | Q:   0.072996 | won: True 
#  506 | steps: 18236 | steps_t: 17835 | t: 140.337803 | r:     1.000000 | e:   0.888531 | Q:   0.072996 | won: True 
#  507 | steps: 18248 | steps_t: 17847 | t: 140.552981 | r:    -1.000000 | e:   0.888456 | Q:   0.072996 | won: True 
#  508 | steps: 18306 | steps_t: 17905 | t: 140.750733 | r:    -1.000000 | e:   0.888094 | Q:   0.072996 | won: True 
#  509 | steps: 18415 | steps_t: 18014 | t: 141.641752 | r:     1.000000 | e:   0.887413 | Q:   0.072996 | won: True 
#  510 | steps: 18421 | steps_t: 18020 | t: 141.664204 | r:    -1.000000 | e:   0.887375 | Q:   0.072996 | won: True 
#  511 | steps: 18430 | steps_t: 18029 | t: 141.867599 | r:     1.000000 | e:   0.887319 | Q:   0.072996 | won: True 
#  512 | steps: 18484 | steps_t: 18083 | t: 142.485395 | r:    -1.000000 | e:   0.886981 | Q:   0.072996 | won: True 
#  513 | steps: 18513 | steps_t: 18112 | t: 142.769314 | r:    -1.000000 | e:   0.886800 | Q:   0.072996 | won: True 
#  514 | steps: 18539 | steps_t: 18138 | t: 142.939205 | r:    -1.000000 | e:   0.886637 | Q:   0.072996 | won: True 
#  515 | steps: 18565 | steps_t: 18164 | t: 143.210654 | r:    -1.000000 | e:   0.886475 | Q:   0.072996 | won: True 
#  516 | steps: 18581 | steps_t: 18180 | t: 143.268585 | r:     1.000000 | e:   0.886375 | Q:   0.072996 | won: True 
#  517 | steps: 18596 | steps_t: 18195 | t: 143.318627 | r:     1.000000 | e:   0.886281 | Q:   0.072996 | won: True 
#  518 | steps: 18618 | steps_t: 18217 | t: 143.388016 | r:     1.000000 | e:   0.886144 | Q:   0.072996 | won: True 
#  519 | steps: 18623 | steps_t: 18222 | t: 143.404046 | r:    -1.000000 | e:   0.886112 | Q:   0.072996 | won: True 
#  520 | steps: 18652 | steps_t: 18251 | t: 143.584648 | r:     1.000000 | e:   0.885931 | Q:   0.072996 | won: True 
#  521 | steps: 18664 | steps_t: 18263 | t: 143.711934 | r:    -1.000000 | e:   0.885856 | Q:   0.072996 | won: True 
#  522 | steps: 18688 | steps_t: 18287 | t: 143.801175 | r:     1.000000 | e:   0.885706 | Q:   0.072996 | won: True 
#  523 | steps: 18744 | steps_t: 18343 | t: 144.366647 | r:    -1.000000 | e:   0.885356 | Q:   0.072996 | won: True 
#  524 | steps: 18751 | steps_t: 18350 | t: 144.393582 | r:    -1.000000 | e:   0.885312 | Q:   0.072996 | won: True 
#  525 | steps: 18948 | steps_t: 18547 | t: 146.158854 | r:     1.000000 | e:   0.884081 | Q:   0.072996 | won: True 
#  526 | steps: 18973 | steps_t: 18572 | t: 146.415301 | r:    -1.000000 | e:   0.883925 | Q:   0.072996 | won: True 
#  527 | steps: 19021 | steps_t: 18620 | t: 146.668714 | r:     1.000000 | e:   0.883625 | Q:   0.072996 | won: True 
#  528 | steps: 19033 | steps_t: 18632 | t: 146.709193 | r:    -1.000000 | e:   0.883550 | Q:   0.072996 | won: True 
#  529 | steps: 19089 | steps_t: 18688 | t: 147.361605 | r:     1.000000 | e:   0.883200 | Q:   0.072996 | won: True 
#  530 | steps: 19110 | steps_t: 18709 | t: 147.518971 | r:    -1.000000 | e:   0.883069 | Q:   0.072996 | won: True 
#  531 | steps: 19149 | steps_t: 18748 | t: 147.834712 | r:    -1.000000 | e:   0.882825 | Q:   0.072996 | won: True 
#  532 | steps: 19300 | steps_t: 18899 | t: 149.097881 | r:    -1.000000 | e:   0.881881 | Q:   0.072996 | won: True 
#  533 | steps: 19307 | steps_t: 18906 | t: 149.125886 | r:     1.000000 | e:   0.881838 | Q:   0.072996 | won: True 
#  534 | steps: 19323 | steps_t: 18922 | t: 149.268422 | r:    -1.000000 | e:   0.881737 | Q:   0.072996 | won: True 
#  535 | steps: 19359 | steps_t: 18958 | t: 149.654877 | r:     1.000000 | e:   0.881513 | Q:   0.072996 | won: True 
#  536 | steps: 19399 | steps_t: 18998 | t: 150.067302 | r:    -1.000000 | e:   0.881263 | Q:   0.072996 | won: True 
#  537 | steps: 19417 | steps_t: 19016 | t: 150.135199 | r:    -1.000000 | e:   0.881150 | Q:   0.072996 | won: True 
#  538 | steps: 19425 | steps_t: 19024 | t: 150.254523 | r:    -1.000000 | e:   0.881100 | Q:   0.072996 | won: True 
#  539 | steps: 19447 | steps_t: 19046 | t: 150.344146 | r:     1.000000 | e:   0.880962 | Q:   0.072996 | won: True 
#  540 | steps: 19486 | steps_t: 19085 | t: 150.659698 | r:    -1.000000 | e:   0.880719 | Q:   0.072996 | won: True 
#  541 | steps: 19498 | steps_t: 19097 | t: 150.708475 | r:     1.000000 | e:   0.880644 | Q:   0.072996 | won: True 
#  542 | steps: 19531 | steps_t: 19130 | t: 151.252313 | r:    -1.000000 | e:   0.880437 | Q:   0.072996 | won: True 
#  543 | steps: 19555 | steps_t: 19154 | t: 151.520452 | r:     1.000000 | e:   0.880288 | Q:   0.072996 | won: True 
#  544 | steps: 19574 | steps_t: 19173 | t: 151.589159 | r:    -1.000000 | e:   0.880169 | Q:   0.072996 | won: True 
#  545 | steps: 19587 | steps_t: 19186 | t: 151.630944 | r:     1.000000 | e:   0.880088 | Q:   0.072996 | won: True 
#  546 | steps: 19596 | steps_t: 19195 | t: 151.750600 | r:     1.000000 | e:   0.880031 | Q:   0.072996 | won: True 
#  547 | steps: 19619 | steps_t: 19218 | t: 151.838775 | r:    -1.000000 | e:   0.879888 | Q:   0.072996 | won: True 
#  548 | steps: 19635 | steps_t: 19234 | t: 151.895239 | r:    -1.000000 | e:   0.879787 | Q:   0.072996 | won: True 
#  549 | steps: 19666 | steps_t: 19265 | t: 152.264320 | r:     1.000000 | e:   0.879594 | Q:   0.072996 | won: True 
#  550 | steps: 19706 | steps_t: 19305 | t: 152.675489 | r:     1.000000 | e:   0.879344 | Q:   0.072996 | won: True 
#  551 | steps: 19726 | steps_t: 19325 | t: 152.914872 | r:    -1.000000 | e:   0.879219 | Q:   0.072996 | won: True 
#  552 | steps: 19757 | steps_t: 19356 | t: 153.109606 | r:    -1.000000 | e:   0.879025 | Q:   0.072996 | won: True 
#  553 | steps: 19765 | steps_t: 19364 | t: 153.141913 | r:     1.000000 | e:   0.878975 | Q:   0.072996 | won: True 
#  554 | steps: 19814 | steps_t: 19413 | t: 153.587068 | r:     1.000000 | e:   0.878669 | Q:   0.072996 | won: True 
#  555 | steps: 19838 | steps_t: 19437 | t: 153.754304 | r:     1.000000 | e:   0.878519 | Q:   0.072996 | won: True 
#  556 | steps: 19854 | steps_t: 19453 | t: 153.985924 | r:    -1.000000 | e:   0.878419 | Q:   0.072996 | won: True 
#  557 | steps: 19899 | steps_t: 19498 | t: 154.338421 | r:     1.000000 | e:   0.878138 | Q:   0.072996 | won: True 
#  558 | steps: 19912 | steps_t: 19511 | t: 154.479157 | r:    -1.000000 | e:   0.878056 | Q:   0.072996 | won: True 
#  559 | steps: 19934 | steps_t: 19533 | t: 154.728013 | r:    -1.000000 | e:   0.877919 | Q:   0.072996 | won: True 
#  560 | steps: 19959 | steps_t: 19558 | t: 155.006465 | r:    -1.000000 | e:   0.877763 | Q:   0.072996 | won: True 
#  561 | steps: 19971 | steps_t: 19570 | t: 155.049131 | r:     1.000000 | e:   0.877687 | Q:   0.072996 | won: True 
#  562 | steps: 20023 | steps_t: 19622 | t: 155.599106 | r:    -1.000000 | e:   0.877363 | Q:   0.072996 | won: True 
#  563 | steps: 20041 | steps_t: 19640 | t: 155.752913 | r:    -1.000000 | e:   0.877250 | Q:   0.072996 | won: True 
#  564 | steps: 20059 | steps_t: 19658 | t: 155.818598 | r:     1.000000 | e:   0.877138 | Q:   0.072996 | won: True 
#  565 | steps: 20073 | steps_t: 19672 | t: 156.041924 | r:     1.000000 | e:   0.877050 | Q:   0.072996 | won: True 
#  566 | steps: 20110 | steps_t: 19709 | t: 156.263251 | r:     1.000000 | e:   0.876819 | Q:   0.072996 | won: True 
#  567 | steps: 20128 | steps_t: 19727 | t: 156.326984 | r:     1.000000 | e:   0.876706 | Q:   0.072996 | won: True 
#  568 | steps: 20140 | steps_t: 19739 | t: 156.374219 | r:    -1.000000 | e:   0.876631 | Q:   0.072996 | won: True 
#  569 | steps: 20180 | steps_t: 19779 | t: 156.687836 | r:    -1.000000 | e:   0.876381 | Q:   0.072996 | won: True 
#  570 | steps: 20216 | steps_t: 19815 | t: 156.903898 | r:    -1.000000 | e:   0.876156 | Q:   0.072996 | won: True 
#  571 | steps: 20230 | steps_t: 19829 | t: 157.049664 | r:    -1.000000 | e:   0.876069 | Q:   0.072996 | won: True 
#  572 | steps: 20438 | steps_t: 20037 | t: 158.734457 | r:    -1.000000 | e:   0.874769 | Q:   0.072996 | won: True 
#  573 | steps: 20449 | steps_t: 20048 | t: 158.863225 | r:    -1.000000 | e:   0.874700 | Q:   0.072996 | won: True 
#  574 | steps: 20497 | steps_t: 20096 | t: 159.190730 | r:    -1.000000 | e:   0.874400 | Q:   0.072996 | won: True 
#  575 | steps: 20516 | steps_t: 20115 | t: 159.334377 | r:    -1.000000 | e:   0.874281 | Q:   0.072996 | won: True 
#  576 | steps: 20561 | steps_t: 20160 | t: 159.486528 | r:    -1.000000 | e:   0.874000 | Q:   0.072996 | won: True 
#  577 | steps: 20675 | steps_t: 20274 | t: 160.491251 | r:    -1.000000 | e:   0.873287 | Q:   0.072996 | won: True 
#  578 | steps: 20684 | steps_t: 20283 | t: 160.526077 | r:    -1.000000 | e:   0.873231 | Q:   0.072996 | won: True 
#  579 | steps: 20713 | steps_t: 20312 | t: 160.799005 | r:    -1.000000 | e:   0.873050 | Q:   0.072996 | won: True 
#  580 | steps: 20771 | steps_t: 20370 | t: 161.007324 | r:     1.000000 | e:   0.872688 | Q:   0.072996 | won: True 
#  581 | steps: 20847 | steps_t: 20446 | t: 161.374206 | r:     1.000000 | e:   0.872213 | Q:   0.072996 | won: True 
#  582 | steps: 20860 | steps_t: 20459 | t: 161.505570 | r:    -1.000000 | e:   0.872131 | Q:   0.072996 | won: True 
#  583 | steps: 20900 | steps_t: 20499 | t: 161.839514 | r:    -1.000000 | e:   0.871881 | Q:   0.072996 | won: True 
#  584 | steps: 20909 | steps_t: 20508 | t: 162.039045 | r:    -1.000000 | e:   0.871825 | Q:   0.072996 | won: True 
#  585 | steps: 20928 | steps_t: 20527 | t: 162.110915 | r:     1.000000 | e:   0.871706 | Q:   0.072996 | won: True 
#  586 | steps: 20972 | steps_t: 20571 | t: 162.439816 | r:    -1.000000 | e:   0.871431 | Q:   0.072996 | won: True 
#  587 | steps: 20992 | steps_t: 20591 | t: 162.510329 | r:    -1.000000 | e:   0.871306 | Q:   0.072996 | won: True 
#  588 | steps: 21007 | steps_t: 20606 | t: 162.644771 | r:    -1.000000 | e:   0.871212 | Q:   0.072996 | won: True 
#  589 | steps: 21047 | steps_t: 20646 | t: 162.878615 | r:    -1.000000 | e:   0.870962 | Q:   0.072996 | won: True 
#  590 | steps: 21068 | steps_t: 20667 | t: 163.123703 | r:    -1.000000 | e:   0.870831 | Q:   0.072996 | won: True 
#  591 | steps: 21100 | steps_t: 20699 | t: 163.239840 | r:    -1.000000 | e:   0.870631 | Q:   0.072996 | won: True 
#  592 | steps: 21243 | steps_t: 20842 | t: 164.357741 | r:     1.000000 | e:   0.869738 | Q:   0.072996 | won: True 
#  593 | steps: 21254 | steps_t: 20853 | t: 164.401385 | r:    -1.000000 | e:   0.869669 | Q:   0.072996 | won: True 
#  594 | steps: 21273 | steps_t: 20872 | t: 164.554607 | r:    -1.000000 | e:   0.869550 | Q:   0.072996 | won: True 
#  595 | steps: 21299 | steps_t: 20898 | t: 164.902222 | r:    -1.000000 | e:   0.869387 | Q:   0.072996 | won: True 
#  596 | steps: 21358 | steps_t: 20957 | t: 165.388110 | r:     1.000000 | e:   0.869019 | Q:   0.072996 | won: True 
#  597 | steps: 21474 | steps_t: 21073 | t: 166.491885 | r:    -1.000000 | e:   0.868294 | Q:   0.072996 | won: True 
#  598 | steps: 21498 | steps_t: 21097 | t: 166.845376 | r:    -1.000000 | e:   0.868144 | Q:   0.072996 | won: True 
#  599 | steps: 21510 | steps_t: 21109 | t: 166.973904 | r:     1.000000 | e:   0.868069 | Q:   0.072996 | won: True 
#  600 | steps: 21528 | steps_t: 21127 | t: 167.207489 | r:     1.000000 | e:   0.867956 | Q:   0.072996 | won: True 
#  601 | steps: 21568 | steps_t: 21167 | t: 167.518876 | r:    -1.000000 | e:   0.867706 | Q:   0.072996 | won: True 
#  602 | steps: 21643 | steps_t: 21242 | t: 168.400929 | r:    -1.000000 | e:   0.867237 | Q:   0.072996 | won: True 
#  603 | steps: 21674 | steps_t: 21273 | t: 168.513090 | r:    -1.000000 | e:   0.867044 | Q:   0.072996 | won: True 
#  604 | steps: 21844 | steps_t: 21443 | t: 169.924888 | r:    -1.000000 | e:   0.865981 | Q:   0.072996 | won: True 
#  605 | steps: 21886 | steps_t: 21485 | t: 170.219387 | r:     1.000000 | e:   0.865719 | Q:   0.072996 | won: True 
#  606 | steps: 21950 | steps_t: 21549 | t: 170.915405 | r:     1.000000 | e:   0.865319 | Q:   0.072996 | won: True 
#  607 | steps: 21958 | steps_t: 21557 | t: 170.956680 | r:    -1.000000 | e:   0.865269 | Q:   0.072996 | won: True 
#  608 | steps: 22009 | steps_t: 21608 | t: 171.313831 | r:    -1.000000 | e:   0.864950 | Q:   0.072996 | won: True 
#  609 | steps: 22038 | steps_t: 21637 | t: 171.481782 | r:     1.000000 | e:   0.864769 | Q:   0.072996 | won: True 
#  610 | steps: 22058 | steps_t: 21657 | t: 171.702671 | r:     1.000000 | e:   0.864644 | Q:   0.072996 | won: True 
#  611 | steps: 22150 | steps_t: 21749 | t: 172.468629 | r:    -1.000000 | e:   0.864069 | Q:   0.072996 | won: True 
#  612 | steps: 22164 | steps_t: 21763 | t: 172.649505 | r:    -1.000000 | e:   0.863981 | Q:   0.072996 | won: True 
#  613 | steps: 22182 | steps_t: 21781 | t: 172.755287 | r:    -1.000000 | e:   0.863869 | Q:   0.072996 | won: True 
#  614 | steps: 22199 | steps_t: 21798 | t: 172.953205 | r:    -1.000000 | e:   0.863762 | Q:   0.072996 | won: True 
#  615 | steps: 22247 | steps_t: 21846 | t: 173.392111 | r:    -1.000000 | e:   0.863463 | Q:   0.072996 | won: True 
#  616 | steps: 22266 | steps_t: 21865 | t: 173.589219 | r:    -1.000000 | e:   0.863344 | Q:   0.072996 | won: True 
#  617 | steps: 22282 | steps_t: 21881 | t: 173.681867 | r:     1.000000 | e:   0.863244 | Q:   0.072996 | won: True 
#  618 | steps: 22416 | steps_t: 22015 | t: 175.112112 | r:    -1.000000 | e:   0.862406 | Q:   0.072996 | won: True 
#  619 | steps: 22517 | steps_t: 22116 | t: 176.030487 | r:     1.000000 | e:   0.861775 | Q:   0.072996 | won: True 
#  620 | steps: 22536 | steps_t: 22135 | t: 176.121482 | r:     1.000000 | e:   0.861656 | Q:   0.072996 | won: True 
#  621 | steps: 22646 | steps_t: 22245 | t: 176.974246 | r:    -1.000000 | e:   0.860969 | Q:   0.072996 | won: True 
