#    1 | steps:    13 | steps_t:     0 | t: 0.087688 | r:    -2.000000 | e:   1.000000 | Q:        nan | won: True 
#    1 | steps:    37 | steps_t:     4 | t: 0.200466 | r:    -4.000000 | e:   0.957895 | Q:        nan | won: True 
#    1 | steps:    45 | steps_t:    12 | t: 0.307420 | r:    -6.000000 | e:   0.873684 | Q:        nan | won: True 
#    1 | steps:    57 | steps_t:    24 | t: 0.514216 | r:    -8.000000 | e:   0.747368 | Q:   0.123457 | won: True 
#    1 | steps:    73 | steps_t:    40 | t: 0.558609 | r:   -10.000000 | e:   0.578947 | Q:   0.123457 | won: True 
#    1 | steps:   106 | steps_t:    73 | t: 1.092155 | r:    -8.000000 | e:   0.300000 | Q:   0.123457 | won: True 
#    1 | steps:   171 | steps_t:   138 | t: 1.464097 | r:    -6.000000 | e:   0.300000 | Q:   0.123457 | won: True 
#    1 | steps:   578 | steps_t:   545 | t: 4.406343 | r:    -4.000000 | e:   0.300000 | Q:   0.123457 | won: True 
#    1 | steps:   596 | steps_t:   563 | t: 4.712524 | r:    -2.000000 | e:   0.300000 | Q:   0.123457 | won: True 
#    1 | steps:   624 | steps_t:   591 | t: 4.972662 | r:     0.000000 | e:   0.300000 | Q:   0.123457 | won: True 
#    1 | steps:   670 | steps_t:   637 | t: 5.358305 | r:    -2.000000 | e:   0.300000 | Q:   0.123457 | won: True 
#    1 | steps:   686 | steps_t:   653 | t: 5.574838 | r:    -4.000000 | e:   0.300000 | Q:   0.123457 | won: True 
#    1 | steps:   801 | steps_t:   768 | t: 6.440541 | r:    -6.000000 | e:   0.300000 | Q:   0.123457 | won: True 
#    1 | steps:   874 | steps_t:   841 | t: 7.003145 | r:    -4.000000 | e:   0.300000 | Q:   0.123457 | won: True 
#    1 | steps:   955 | steps_t:   922 | t: 7.591708 | r:    -6.000000 | e:   0.300000 | Q:   0.123457 | won: True 
#    1 | steps:  1063 | steps_t:  1030 | t: 8.253491 | r:    -8.000000 | e:   0.300000 | Q:   0.123457 | won: True 
#    1 | steps:  1098 | steps_t:  1065 | t: 8.440543 | r:   -10.000000 | e:   0.300000 | Q:   0.123457 | won: True 
#    1 | steps:  1111 | steps_t:  1078 | t: 8.484275 | r:   -12.000000 | e:   0.300000 | Q:   0.123457 | won: True 
#    1 | steps:  1245 | steps_t:  1212 | t: 9.506530 | r:   -14.000000 | e:   0.300000 | Q:   0.123457 | won: True 
#    1 | steps:  1390 | steps_t:  1357 | t: 10.690969 | r:   -12.000000 | e:   0.300000 | Q:   0.123457 | won: True 
#    1 | steps:  1402 | steps_t:  1369 | t: 10.819009 | r:   -10.000000 | e:   0.300000 | Q:   0.123457 | won: True 
#    1 | steps:  1420 | steps_t:  1387 | t: 10.874528 | r:   -12.000000 | e:   0.300000 | Q:   0.123457 | won: True 
#    1 | steps:  1431 | steps_t:  1398 | t: 10.909707 | r:   -14.000000 | e:   0.300000 | Q:   0.123457 | won: True 
#    1 | steps:  1440 | steps_t:  1407 | t: 11.016045 | r:   -16.000000 | e:   0.300000 | Q:   0.123457 | won: True 
#    1 | steps:  1457 | steps_t:  1424 | t: 11.075363 | r:   -18.000000 | e:   0.300000 | Q:   0.123457 | won: True 
#    1 | steps:  1468 | steps_t:  1435 | t: 11.114748 | r:   -20.000000 | e:   0.300000 | Q:   0.123457 | won: True 
#    1 | steps:  1481 | steps_t:  1448 | t: 11.160980 | r:   -22.000000 | e:   0.300000 | Q:   0.123457 | won: True 
#    1 | steps:  1499 | steps_t:  1466 | t: 11.300339 | r:   -24.000000 | e:   0.300000 | Q:   0.123457 | won: True 
#    1 | steps:  1528 | steps_t:  1495 | t: 11.643880 | r:   -26.000000 | e:   0.300000 | Q:   0.123457 | won: True 
#    1 | steps:  1541 | steps_t:  1508 | t: 11.774200 | r:   -28.000000 | e:   0.300000 | Q:   0.123457 | won: True 
#    1 | steps:  1745 | steps_t:  1712 | t: 13.397337 | r:   -26.000000 | e:   0.300000 | Q:   0.123457 | won: True 
#    1 | steps:  1830 | steps_t:  1797 | t: 13.926545 | r:   -24.000000 | e:   0.300000 | Q:   0.123457 | won: True 
#    1 | steps:  1850 | steps_t:  1817 | t: 13.991846 | r:   -22.000000 | e:   0.300000 | Q:   0.123457 | won: True 
#    1 | steps:  1883 | steps_t:  1850 | t: 14.279164 | r:   -24.000000 | e:   0.300000 | Q:   0.123457 | won: True 
#    1 | steps:  1902 | steps_t:  1869 | t: 14.506013 | r:   -22.000000 | e:   0.300000 | Q:   0.123457 | won: True 
#    1 | steps:  2011 | steps_t:  1978 | t: 15.115345 | r:   -24.000000 | e:   0.300000 | Q:   0.123457 | won: True 
#    1 | steps:  2040 | steps_t:  2007 | t: 15.454634 | r:   -26.000000 | e:   0.300000 | Q:   0.123457 | won: True 
#    1 | steps:  2056 | steps_t:  2023 | t: 15.590608 | r:   -28.000000 | e:   0.300000 | Q:   0.123457 | won: True 
#    1 | steps:  2074 | steps_t:  2041 | t: 15.730246 | r:   -26.000000 | e:   0.300000 | Q:   0.123457 | won: True 
#    1 | steps:  2102 | steps_t:  2069 | t: 15.899113 | r:   -24.000000 | e:   0.300000 | Q:   0.123457 | won: True 
#    1 | steps:  2111 | steps_t:  2078 | t: 16.006715 | r:   -26.000000 | e:   0.300000 | Q:   0.123457 | won: True 
#    1 | steps:  2122 | steps_t:  2089 | t: 16.122545 | r:   -28.000000 | e:   0.300000 | Q:   0.123457 | won: True 
#    1 | steps:  2131 | steps_t:  2098 | t: 16.244618 | r:   -26.000000 | e:   0.300000 | Q:   0.123457 | won: True 
#    1 | steps:  2144 | steps_t:  2111 | t: 16.461183 | r:   -28.000000 | e:   0.300000 | Q:   0.123457 | won: True 
#    1 | steps:  2274 | steps_t:  2241 | t: 17.482392 | r:   -30.000000 | e:   0.300000 | Q:   0.123457 | won: True 
#    1 | steps:  2282 | steps_t:  2249 | t: 17.506372 | r:   -32.000000 | e:   0.300000 | Q:   0.123457 | won: True 
#    1 | steps:  2288 | steps_t:  2255 | t: 17.525462 | r:   -34.000000 | e:   0.300000 | Q:   0.123457 | won: True 
#    1 | steps:  2301 | steps_t:  2268 | t: 17.822144 | r:   -36.000000 | e:   0.300000 | Q:   0.123457 | won: True 
#    1 | steps:  2309 | steps_t:  2276 | t: 17.845012 | r:   -38.000000 | e:   0.300000 | Q:   0.123457 | won: True 
#    1 | steps:  2321 | steps_t:  2288 | t: 17.883635 | r:   -40.000000 | e:   0.300000 | Q:   0.123457 | won: True 
#    1 | steps:  2348 | steps_t:  2315 | t: 17.969828 | r:   -38.000000 | e:   0.300000 | Q:   0.123457 | won: True 
#    1 | steps:  2405 | steps_t:  2372 | t: 18.240073 | r:   -40.000000 | e:   0.300000 | Q:   0.123457 | won: True 
#    1 | steps:  2410 | steps_t:  2377 | t: 18.256185 | r:   -42.000000 | e:   0.300000 | Q:   0.123457 | won: True 
#    1 | steps:  2440 | steps_t:  2407 | t: 18.601833 | r:   -44.000000 | e:   0.300000 | Q:   0.123457 | won: True 
#    1 | steps:  2445 | steps_t:  2412 | t: 18.617883 | r:   -46.000000 | e:   0.300000 | Q:   0.123457 | won: True 
#    1 | steps:  2472 | steps_t:  2439 | t: 18.790369 | r:   -48.000000 | e:   0.300000 | Q:   0.123457 | won: True 
#    1 | steps:  2477 | steps_t:  2444 | t: 18.804485 | r:   -50.000000 | e:   0.300000 | Q:   0.123457 | won: True 
#    1 | steps:  2483 | steps_t:  2450 | t: 18.915120 | r:   -52.000000 | e:   0.300000 | Q:   0.123457 | won: True 
#    1 | steps:  2502 | steps_t:  2469 | t: 19.051483 | r:   -54.000000 | e:   0.300000 | Q:   0.123457 | won: True 
#    1 | steps:  2513 | steps_t:  2480 | t: 19.084021 | r:   -56.000000 | e:   0.300000 | Q:   0.123457 | won: True 
#    1 | steps:  2524 | steps_t:  2491 | t: 19.117788 | r:   -54.000000 | e:   0.300000 | Q:   0.123457 | won: True 
#    1 | steps:  2601 | steps_t:  2568 | t: 19.527045 | r:   -52.000000 | e:   0.300000 | Q:   0.123457 | won: True 
#    1 | steps:  2608 | steps_t:  2575 | t: 19.634793 | r:   -54.000000 | e:   0.300000 | Q:   0.123457 | won: True 
#    1 | steps:  2632 | steps_t:  2599 | t: 19.885272 | r:   -56.000000 | e:   0.300000 | Q:   0.123457 | won: True 
#    1 | steps:  2653 | steps_t:  2620 | t: 20.035098 | r:   -54.000000 | e:   0.300000 | Q:   0.123457 | won: True 
#    1 | steps:  2682 | steps_t:  2649 | t: 20.381297 | r:   -56.000000 | e:   0.300000 | Q:   0.123457 | won: True 
#    1 | steps:  2695 | steps_t:  2662 | t: 20.434182 | r:   -58.000000 | e:   0.300000 | Q:   0.123457 | won: True 
#    1 | steps:  2703 | steps_t:  2670 | t: 20.457859 | r:   -60.000000 | e:   0.300000 | Q:   0.123457 | won: True 
#    1 | steps:  2708 | steps_t:  2675 | t: 20.473608 | r:   -62.000000 | e:   0.300000 | Q:   0.123457 | won: True 
#    1 | steps:  2717 | steps_t:  2684 | t: 20.501132 | r:   -60.000000 | e:   0.300000 | Q:   0.123457 | won: True 
#    1 | steps:  2728 | steps_t:  2695 | t: 20.533849 | r:   -62.000000 | e:   0.300000 | Q:   0.123457 | won: True 
#    1 | steps:  2805 | steps_t:  2772 | t: 20.952753 | r:   -64.000000 | e:   0.300000 | Q:   0.123457 | won: True 
#    1 | steps:  2874 | steps_t:  2841 | t: 21.179290 | r:   -62.000000 | e:   0.300000 | Q:   0.123457 | won: True 
#    1 | steps:  2901 | steps_t:  2868 | t: 21.612565 | r:   -60.000000 | e:   0.300000 | Q:   0.123457 | won: True 
#    1 | steps:  2910 | steps_t:  2877 | t: 21.645182 | r:   -58.000000 | e:   0.300000 | Q:   0.123457 | won: True 
#    1 | steps:  3088 | steps_t:  3055 | t: 22.940417 | r:   -60.000000 | e:   0.300000 | Q:   0.123457 | won: True 
#    1 | steps:  3127 | steps_t:  3094 | t: 23.313646 | r:   -62.000000 | e:   0.300000 | Q:   0.123457 | won: True 
#    1 | steps:  3273 | steps_t:  3240 | t: 24.267689 | r:   -64.000000 | e:   0.300000 | Q:   0.123457 | won: True 
#    1 | steps:  3280 | steps_t:  3247 | t: 24.290620 | r:   -66.000000 | e:   0.300000 | Q:   0.123457 | won: True 
#    1 | steps:  3287 | steps_t:  3254 | t: 24.314112 | r:   -68.000000 | e:   0.300000 | Q:   0.123457 | won: True 
#    1 | steps:  3312 | steps_t:  3279 | t: 24.644217 | r:   -70.000000 | e:   0.300000 | Q:   0.123457 | won: True 
#    1 | steps:  3341 | steps_t:  3308 | t: 24.901497 | r:   -72.000000 | e:   0.300000 | Q:   0.123457 | won: True 
#    1 | steps:  3361 | steps_t:  3328 | t: 24.982289 | r:   -74.000000 | e:   0.300000 | Q:   0.123457 | won: True 
#    1 | steps:  3371 | steps_t:  3338 | t: 25.014727 | r:   -76.000000 | e:   0.300000 | Q:   0.123457 | won: True 
#    1 | steps:  3382 | steps_t:  3349 | t: 25.131551 | r:   -78.000000 | e:   0.300000 | Q:   0.123457 | won: True 
#    1 | steps:  3387 | steps_t:  3354 | t: 25.152925 | r:   -80.000000 | e:   0.300000 | Q:   0.123457 | won: True 
#    1 | steps:  3442 | steps_t:  3409 | t: 25.408942 | r:   -82.000000 | e:   0.300000 | Q:   0.123457 | won: True 
#    1 | steps:  3483 | steps_t:  3450 | t: 25.705151 | r:   -84.000000 | e:   0.300000 | Q:   0.123457 | won: True 
#    1 | steps:  3542 | steps_t:  3509 | t: 26.145275 | r:   -86.000000 | e:   0.300000 | Q:   0.123457 | won: True 
#    1 | steps:  3550 | steps_t:  3517 | t: 26.177421 | r:   -88.000000 | e:   0.300000 | Q:   0.123457 | won: True 
#    1 | steps:  3640 | steps_t:  3607 | t: 26.960226 | r:   -90.000000 | e:   0.300000 | Q:   0.123457 | won: True 
#    1 | steps:  3770 | steps_t:  3737 | t: 27.609656 | r:   -92.000000 | e:   0.300000 | Q:   0.123457 | won: True 
#    1 | steps:  3854 | steps_t:  3821 | t: 28.112177 | r:   -94.000000 | e:   0.300000 | Q:   0.123457 | won: True 
#    1 | steps:  3863 | steps_t:  3830 | t: 28.227475 | r:   -96.000000 | e:   0.300000 | Q:   0.123457 | won: True 
#    1 | steps:  3920 | steps_t:  3887 | t: 28.657336 | r:   -98.000000 | e:   0.300000 | Q:   0.123457 | won: True 
#    1 | steps:  3927 | steps_t:  3894 | t: 28.682106 | r:  -100.000000 | e:   0.300000 | Q:   0.123457 | won: True 
#    1 | steps:  3977 | steps_t:  3944 | t: 29.093752 | r:  -102.000000 | e:   0.300000 | Q:   0.123457 | won: True 
#    1 | steps:  4011 | steps_t:  3978 | t: 29.535529 | r:  -100.000000 | e:   0.300000 | Q:   0.123457 | won: True 
#    1 | steps:  4054 | steps_t:  4021 | t: 29.844829 | r:  -102.000000 | e:   0.300000 | Q:   0.123457 | won: True 
#    1 | steps:  4080 | steps_t:  4047 | t: 30.172490 | r:  -104.000000 | e:   0.300000 | Q:   0.123457 | won: True 
