#    1 | steps:    16 | steps_t:     0 | t: 0.003920 | r:    -2.000000 | e:   1.000000 | Q:        nan | won: True 
#    1 | steps:    37 | steps_t:     4 | t: 0.239038 | r:     0.000000 | e:   0.957895 | Q:        nan | won: True 
#    1 | steps:   167 | steps_t:   134 | t: 2.078818 | r:    -2.000000 | e:   0.300000 | Q:   0.130738 | won: True 
#    1 | steps:   263 | steps_t:   230 | t: 2.988387 | r:    -4.000000 | e:   0.300000 | Q:   0.130738 | won: True 
#    1 | steps:   350 | steps_t:   317 | t: 3.839285 | r:    -6.000000 | e:   0.300000 | Q:   0.130738 | won: True 
#    1 | steps:   373 | steps_t:   340 | t: 4.048811 | r:    -8.000000 | e:   0.300000 | Q:   0.130738 | won: True 
#    1 | steps:   425 | steps_t:   392 | t: 4.433019 | r:   -10.000000 | e:   0.300000 | Q:   0.130738 | won: True 
#    1 | steps:   471 | steps_t:   438 | t: 4.888330 | r:   -12.000000 | e:   0.300000 | Q:   0.130738 | won: True 
#    1 | steps:   479 | steps_t:   446 | t: 4.931880 | r:   -14.000000 | e:   0.300000 | Q:   0.130738 | won: True 
#    1 | steps:   526 | steps_t:   493 | t: 5.383414 | r:   -12.000000 | e:   0.300000 | Q:   0.130738 | won: True 
#    1 | steps:   596 | steps_t:   563 | t: 6.249457 | r:   -14.000000 | e:   0.300000 | Q:   0.130738 | won: True 
#    1 | steps:   611 | steps_t:   578 | t: 6.430872 | r:   -16.000000 | e:   0.300000 | Q:   0.130738 | won: True 
#    1 | steps:   644 | steps_t:   611 | t: 6.715351 | r:   -18.000000 | e:   0.300000 | Q:   0.130738 | won: True 
#    1 | steps:   701 | steps_t:   668 | t: 7.306844 | r:   -20.000000 | e:   0.300000 | Q:   0.130738 | won: True 
#    1 | steps:   709 | steps_t:   676 | t: 7.352308 | r:   -22.000000 | e:   0.300000 | Q:   0.130738 | won: True 
#    1 | steps:   734 | steps_t:   701 | t: 7.584860 | r:   -24.000000 | e:   0.300000 | Q:   0.130738 | won: True 
#    1 | steps:   748 | steps_t:   715 | t: 7.766413 | r:   -26.000000 | e:   0.300000 | Q:   0.130738 | won: True 
#    1 | steps:   857 | steps_t:   824 | t: 9.034819 | r:   -28.000000 | e:   0.300000 | Q:   0.130738 | won: True 
#    1 | steps:   893 | steps_t:   860 | t: 9.220577 | r:   -30.000000 | e:   0.300000 | Q:   0.130738 | won: True 
#    1 | steps:   910 | steps_t:   877 | t: 9.312842 | r:   -32.000000 | e:   0.300000 | Q:   0.130738 | won: True 
#    1 | steps:   936 | steps_t:   903 | t: 9.446616 | r:   -34.000000 | e:   0.300000 | Q:   0.130738 | won: True 
#    1 | steps:  1004 | steps_t:   971 | t: 10.071602 | r:   -36.000000 | e:   0.300000 | Q:   0.130738 | won: True 
#    1 | steps:  1017 | steps_t:   984 | t: 10.310704 | r:   -38.000000 | e:   0.300000 | Q:   0.130738 | won: True 
#    1 | steps:  1093 | steps_t:  1060 | t: 11.426448 | r:   -40.000000 | e:   0.300000 | Q:   0.130738 | won: True 
#    1 | steps:  1100 | steps_t:  1067 | t: 11.564284 | r:   -38.000000 | e:   0.300000 | Q:   0.130738 | won: True 
#    1 | steps:  1110 | steps_t:  1077 | t: 11.726385 | r:   -40.000000 | e:   0.300000 | Q:   0.130738 | won: True 
#    1 | steps:  1133 | steps_t:  1100 | t: 12.157958 | r:   -42.000000 | e:   0.300000 | Q:   0.130738 | won: True 
#    1 | steps:  1145 | steps_t:  1112 | t: 12.230248 | r:   -44.000000 | e:   0.300000 | Q:   0.130738 | won: True 
