#    2 | steps:    37 | steps_t:     4 | t: 0.113823 | r:    -2.000000 | e:   0.957895 | Q:        nan | won: True 
#    3 | steps:   204 | steps_t:   171 | t: 1.051774 | r:     2.000000 | e:   0.300000 | Q:   0.109494 | won: True 
#    4 | steps:   212 | steps_t:   179 | t: 1.078142 | r:    -2.000000 | e:   0.300000 | Q:   0.109494 | won: True 
#    5 | steps:   224 | steps_t:   191 | t: 1.118875 | r:     2.000000 | e:   0.300000 | Q:   0.109494 | won: True 
#    6 | steps:   231 | steps_t:   198 | t: 1.223567 | r:     2.000000 | e:   0.300000 | Q:   0.109494 | won: True 
#    7 | steps:   237 | steps_t:   204 | t: 1.242556 | r:    -2.000000 | e:   0.300000 | Q:   0.109494 | won: True 
#    8 | steps:   277 | steps_t:   244 | t: 1.704229 | r:    -2.000000 | e:   0.300000 | Q:   0.109494 | won: True 
#    9 | steps:   284 | steps_t:   251 | t: 1.725043 | r:    -2.000000 | e:   0.300000 | Q:   0.109494 | won: True 
#   10 | steps:   377 | steps_t:   344 | t: 2.625864 | r:    -2.000000 | e:   0.300000 | Q:   0.109494 | won: True 
#   11 | steps:   406 | steps_t:   373 | t: 2.881770 | r:    -2.000000 | e:   0.300000 | Q:   0.109494 | won: True 
#   12 | steps:   615 | steps_t:   582 | t: 4.297771 | r:    -2.000000 | e:   0.300000 | Q:   0.109494 | won: True 
#   13 | steps:   653 | steps_t:   620 | t: 4.753993 | r:    -2.000000 | e:   0.300000 | Q:   0.109494 | won: True 
#   14 | steps:   658 | steps_t:   625 | t: 4.854775 | r:    -2.000000 | e:   0.300000 | Q:   0.109494 | won: True 
#   15 | steps:   666 | steps_t:   633 | t: 4.959997 | r:    -2.000000 | e:   0.300000 | Q:   0.109494 | won: True 
#   16 | steps:   811 | steps_t:   778 | t: 6.090628 | r:    -2.000000 | e:   0.300000 | Q:   0.109494 | won: True 
#   17 | steps:   904 | steps_t:   871 | t: 6.644108 | r:    -2.000000 | e:   0.300000 | Q:   0.109494 | won: True 
#   18 | steps:   946 | steps_t:   913 | t: 6.957088 | r:    -2.000000 | e:   0.300000 | Q:   0.109494 | won: True 
#   19 | steps:   960 | steps_t:   927 | t: 7.002023 | r:    -2.000000 | e:   0.300000 | Q:   0.109494 | won: True 
#   20 | steps:  1075 | steps_t:  1042 | t: 7.597144 | r:    -2.000000 | e:   0.300000 | Q:   0.109494 | won: True 
#   21 | steps:  1086 | steps_t:  1053 | t: 7.629899 | r:    -2.000000 | e:   0.300000 | Q:   0.109494 | won: True 
#   22 | steps:  1096 | steps_t:  1063 | t: 7.739297 | r:    -2.000000 | e:   0.300000 | Q:   0.109494 | won: True 
#   23 | steps:  1110 | steps_t:  1077 | t: 7.866709 | r:    -2.000000 | e:   0.300000 | Q:   0.109494 | won: True 
#   24 | steps:  1130 | steps_t:  1097 | t: 8.009929 | r:     2.000000 | e:   0.300000 | Q:   0.109494 | won: True 
#   25 | steps:  1148 | steps_t:  1115 | t: 8.232677 | r:    -2.000000 | e:   0.300000 | Q:   0.109494 | won: True 
#   26 | steps:  1164 | steps_t:  1131 | t: 8.280353 | r:    -2.000000 | e:   0.300000 | Q:   0.109494 | won: True 
#   27 | steps:  1175 | steps_t:  1142 | t: 8.314356 | r:    -2.000000 | e:   0.300000 | Q:   0.109494 | won: True 
#   28 | steps:  1190 | steps_t:  1157 | t: 8.450352 | r:    -2.000000 | e:   0.300000 | Q:   0.109494 | won: True 
#   29 | steps:  1196 | steps_t:  1163 | t: 8.471850 | r:    -2.000000 | e:   0.300000 | Q:   0.109494 | won: True 
#   30 | steps:  1229 | steps_t:  1196 | t: 8.835395 | r:    -2.000000 | e:   0.300000 | Q:   0.109494 | won: True 
#   31 | steps:  1235 | steps_t:  1202 | t: 8.857900 | r:    -2.000000 | e:   0.300000 | Q:   0.109494 | won: True 
#   32 | steps:  1246 | steps_t:  1213 | t: 8.975231 | r:    -2.000000 | e:   0.300000 | Q:   0.109494 | won: True 
#   33 | steps:  1265 | steps_t:  1232 | t: 9.040161 | r:    -2.000000 | e:   0.300000 | Q:   0.109494 | won: True 
#   34 | steps:  1274 | steps_t:  1241 | t: 9.075197 | r:    -2.000000 | e:   0.300000 | Q:   0.109494 | won: True 
#   35 | steps:  1287 | steps_t:  1254 | t: 9.196988 | r:    -2.000000 | e:   0.300000 | Q:   0.109494 | won: True 
#   36 | steps:  1307 | steps_t:  1274 | t: 9.441713 | r:    -2.000000 | e:   0.300000 | Q:   0.109494 | won: True 
#   37 | steps:  1330 | steps_t:  1297 | t: 9.683850 | r:    -2.000000 | e:   0.300000 | Q:   0.109494 | won: True 
#   38 | steps:  1347 | steps_t:  1314 | t: 9.825846 | r:    -2.000000 | e:   0.300000 | Q:   0.109494 | won: True 
#   39 | steps:  1355 | steps_t:  1322 | t: 9.851048 | r:    -2.000000 | e:   0.300000 | Q:   0.109494 | won: True 
#   40 | steps:  1373 | steps_t:  1340 | t: 10.080364 | r:    -2.000000 | e:   0.300000 | Q:   0.109494 | won: True 
#   41 | steps:  1378 | steps_t:  1345 | t: 10.174933 | r:    -2.000000 | e:   0.300000 | Q:   0.109494 | won: True 
#   42 | steps:  1384 | steps_t:  1351 | t: 10.197332 | r:    -2.000000 | e:   0.300000 | Q:   0.109494 | won: True 
#   43 | steps:  1397 | steps_t:  1364 | t: 10.238789 | r:    -2.000000 | e:   0.300000 | Q:   0.109494 | won: True 
#   44 | steps:  1404 | steps_t:  1371 | t: 10.262736 | r:    -2.000000 | e:   0.300000 | Q:   0.109494 | won: True 
#   45 | steps:  1421 | steps_t:  1388 | t: 10.329999 | r:    -2.000000 | e:   0.300000 | Q:   0.109494 | won: True 
#   46 | steps:  1436 | steps_t:  1403 | t: 10.395390 | r:    -2.000000 | e:   0.300000 | Q:   0.109494 | won: True 
#   47 | steps:  1468 | steps_t:  1435 | t: 10.581646 | r:    -2.000000 | e:   0.300000 | Q:   0.109494 | won: True 
#   48 | steps:  1475 | steps_t:  1442 | t: 10.772414 | r:    -2.000000 | e:   0.300000 | Q:   0.109494 | won: True 
#   49 | steps:  1485 | steps_t:  1452 | t: 10.805027 | r:    -2.000000 | e:   0.300000 | Q:   0.109494 | won: True 
#   50 | steps:  1494 | steps_t:  1461 | t: 10.838300 | r:     2.000000 | e:   0.300000 | Q:   0.109494 | won: True 
#   51 | steps:  1502 | steps_t:  1469 | t: 10.950186 | r:    -2.000000 | e:   0.300000 | Q:   0.109494 | won: True 
#   52 | steps:  1514 | steps_t:  1481 | t: 11.063781 | r:    -2.000000 | e:   0.300000 | Q:   0.109494 | won: True 
#   53 | steps:  1525 | steps_t:  1492 | t: 11.104149 | r:    -2.000000 | e:   0.300000 | Q:   0.109494 | won: True 
#   54 | steps:  1533 | steps_t:  1500 | t: 11.129529 | r:    -2.000000 | e:   0.300000 | Q:   0.109494 | won: True 
#   55 | steps:  1538 | steps_t:  1505 | t: 11.144242 | r:    -2.000000 | e:   0.300000 | Q:   0.109494 | won: True 
#   56 | steps:  1568 | steps_t:  1535 | t: 11.232354 | r:    -2.000000 | e:   0.300000 | Q:   0.109494 | won: True 
#   57 | steps:  1576 | steps_t:  1543 | t: 11.341545 | r:     2.000000 | e:   0.300000 | Q:   0.109494 | won: True 
#   58 | steps:  1585 | steps_t:  1552 | t: 11.457676 | r:    -2.000000 | e:   0.300000 | Q:   0.109494 | won: True 
#   59 | steps:  1602 | steps_t:  1569 | t: 11.508688 | r:    -2.000000 | e:   0.300000 | Q:   0.109494 | won: True 
#   60 | steps:  1618 | steps_t:  1585 | t: 11.557010 | r:    -2.000000 | e:   0.300000 | Q:   0.109494 | won: True 
#   61 | steps:  1626 | steps_t:  1593 | t: 11.584029 | r:    -2.000000 | e:   0.300000 | Q:   0.109494 | won: True 
#   62 | steps:  1643 | steps_t:  1610 | t: 11.641609 | r:    -2.000000 | e:   0.300000 | Q:   0.109494 | won: True 
#   63 | steps:  1651 | steps_t:  1618 | t: 11.666363 | r:    -2.000000 | e:   0.300000 | Q:   0.109494 | won: True 
#   64 | steps:  1657 | steps_t:  1624 | t: 11.852979 | r:    -2.000000 | e:   0.300000 | Q:   0.109494 | won: True 
#   65 | steps:  1675 | steps_t:  1642 | t: 11.915126 | r:    -2.000000 | e:   0.300000 | Q:   0.109494 | won: True 
#   66 | steps:  1689 | steps_t:  1656 | t: 11.957300 | r:    -2.000000 | e:   0.300000 | Q:   0.109494 | won: True 
#   67 | steps:  1703 | steps_t:  1670 | t: 11.998137 | r:    -2.000000 | e:   0.300000 | Q:   0.109494 | won: True 
#   68 | steps:  1710 | steps_t:  1677 | t: 12.097431 | r:    -2.000000 | e:   0.300000 | Q:   0.109494 | won: True 
#   69 | steps:  1721 | steps_t:  1688 | t: 12.141290 | r:    -2.000000 | e:   0.300000 | Q:   0.109494 | won: True 
#   70 | steps:  1741 | steps_t:  1708 | t: 12.370371 | r:    -2.000000 | e:   0.300000 | Q:   0.109494 | won: True 
#   71 | steps:  1749 | steps_t:  1716 | t: 12.572246 | r:     2.000000 | e:   0.300000 | Q:   0.109494 | won: True 
#   72 | steps:  1762 | steps_t:  1729 | t: 12.786047 | r:    -2.000000 | e:   0.300000 | Q:   0.109494 | won: True 
#   73 | steps:  1767 | steps_t:  1734 | t: 12.801442 | r:    -2.000000 | e:   0.300000 | Q:   0.109494 | won: True 
#   74 | steps:  1824 | steps_t:  1791 | t: 13.225378 | r:    -2.000000 | e:   0.300000 | Q:   0.109494 | won: True 
#   75 | steps:  1886 | steps_t:  1853 | t: 13.587180 | r:    -2.000000 | e:   0.300000 | Q:   0.109494 | won: True 
#   76 | steps:  1893 | steps_t:  1860 | t: 13.698524 | r:    -2.000000 | e:   0.300000 | Q:   0.109494 | won: True 
#   77 | steps:  1912 | steps_t:  1879 | t: 13.923601 | r:    -2.000000 | e:   0.300000 | Q:   0.109494 | won: True 
#   78 | steps:  1944 | steps_t:  1911 | t: 14.194433 | r:    -2.000000 | e:   0.300000 | Q:   0.109494 | won: True 
#   79 | steps:  1989 | steps_t:  1956 | t: 14.600901 | r:    -2.000000 | e:   0.300000 | Q:   0.109494 | won: True 
#   80 | steps:  2014 | steps_t:  1981 | t: 14.931241 | r:    -2.000000 | e:   0.300000 | Q:   0.109494 | won: True 
#   81 | steps:  2022 | steps_t:  1989 | t: 14.960781 | r:    -2.000000 | e:   0.300000 | Q:   0.109494 | won: True 
#   82 | steps:  2036 | steps_t:  2003 | t: 15.001088 | r:     2.000000 | e:   0.300000 | Q:   0.109494 | won: True 
#   83 | steps:  2043 | steps_t:  2010 | t: 15.022177 | r:    -2.000000 | e:   0.300000 | Q:   0.109494 | won: True 
#   84 | steps:  2077 | steps_t:  2044 | t: 15.131334 | r:    -2.000000 | e:   0.300000 | Q:   0.109494 | won: True 
#   85 | steps:  2084 | steps_t:  2051 | t: 15.237519 | r:    -2.000000 | e:   0.300000 | Q:   0.109494 | won: True 
#   86 | steps:  2110 | steps_t:  2077 | t: 15.318965 | r:     2.000000 | e:   0.300000 | Q:   0.109494 | won: True 
#   87 | steps:  2125 | steps_t:  2092 | t: 15.363481 | r:    -2.000000 | e:   0.300000 | Q:   0.109494 | won: True 
#   88 | steps:  2133 | steps_t:  2100 | t: 15.561076 | r:    -2.000000 | e:   0.300000 | Q:   0.109494 | won: True 
#   89 | steps:  2151 | steps_t:  2118 | t: 15.870872 | r:    -2.000000 | e:   0.300000 | Q:   0.109494 | won: True 
#   90 | steps:  2167 | steps_t:  2134 | t: 15.922922 | r:    -2.000000 | e:   0.300000 | Q:   0.109494 | won: True 
#   91 | steps:  2175 | steps_t:  2142 | t: 15.951568 | r:    -2.000000 | e:   0.300000 | Q:   0.109494 | won: True 
#   92 | steps:  2188 | steps_t:  2155 | t: 16.236523 | r:    -2.000000 | e:   0.300000 | Q:   0.109494 | won: True 
#   93 | steps:  2200 | steps_t:  2167 | t: 16.365231 | r:    -2.000000 | e:   0.300000 | Q:   0.109494 | won: True 
#   94 | steps:  2226 | steps_t:  2193 | t: 16.616708 | r:    -2.000000 | e:   0.300000 | Q:   0.109494 | won: True 
#   95 | steps:  2251 | steps_t:  2218 | t: 16.695850 | r:    -2.000000 | e:   0.300000 | Q:   0.109494 | won: True 
#   96 | steps:  2256 | steps_t:  2223 | t: 16.712202 | r:    -2.000000 | e:   0.300000 | Q:   0.109494 | won: True 
#   97 | steps:  2268 | steps_t:  2235 | t: 16.843892 | r:    -2.000000 | e:   0.300000 | Q:   0.109494 | won: True 
#   98 | steps:  2280 | steps_t:  2247 | t: 16.881747 | r:    -2.000000 | e:   0.300000 | Q:   0.109494 | won: True 
#   99 | steps:  2290 | steps_t:  2257 | t: 16.997112 | r:    -2.000000 | e:   0.300000 | Q:   0.109494 | won: True 
#  100 | steps:  2300 | steps_t:  2267 | t: 17.027802 | r:    -2.000000 | e:   0.300000 | Q:   0.109494 | won: True 
#  101 | steps:  2311 | steps_t:  2278 | t: 17.227049 | r:    -2.000000 | e:   0.300000 | Q:   0.109494 | won: True 
#  102 | steps:  2331 | steps_t:  2298 | t: 17.374841 | r:     2.000000 | e:   0.300000 | Q:   0.109494 | won: True 
#  103 | steps:  2346 | steps_t:  2313 | t: 17.429069 | r:    -2.000000 | e:   0.300000 | Q:   0.109494 | won: True 
#  104 | steps:  2369 | steps_t:  2336 | t: 17.500716 | r:    -2.000000 | e:   0.300000 | Q:   0.109494 | won: True 
#  105 | steps:  2381 | steps_t:  2348 | t: 17.614719 | r:     2.000000 | e:   0.300000 | Q:   0.109494 | won: True 
#  106 | steps:  2389 | steps_t:  2356 | t: 17.639432 | r:     2.000000 | e:   0.300000 | Q:   0.109494 | won: True 
#  107 | steps:  2403 | steps_t:  2370 | t: 17.682259 | r:    -2.000000 | e:   0.300000 | Q:   0.109494 | won: True 
#  108 | steps:  2416 | steps_t:  2383 | t: 17.725491 | r:    -2.000000 | e:   0.300000 | Q:   0.109494 | won: True 
#  109 | steps:  2462 | steps_t:  2429 | t: 18.026891 | r:    -2.000000 | e:   0.300000 | Q:   0.109494 | won: True 
#  110 | steps:  2480 | steps_t:  2447 | t: 18.163316 | r:    -2.000000 | e:   0.300000 | Q:   0.109494 | won: True 
#  111 | steps:  2520 | steps_t:  2487 | t: 18.455228 | r:    -2.000000 | e:   0.300000 | Q:   0.109494 | won: True 
#  112 | steps:  2530 | steps_t:  2497 | t: 18.568047 | r:    -2.000000 | e:   0.300000 | Q:   0.109494 | won: True 
#  113 | steps:  2537 | steps_t:  2504 | t: 18.595195 | r:    -2.000000 | e:   0.300000 | Q:   0.109494 | won: True 
#  114 | steps:  2545 | steps_t:  2512 | t: 18.706493 | r:    -2.000000 | e:   0.300000 | Q:   0.109494 | won: True 
#  115 | steps:  2556 | steps_t:  2523 | t: 18.738315 | r:    -2.000000 | e:   0.300000 | Q:   0.109494 | won: True 
#  116 | steps:  2563 | steps_t:  2530 | t: 18.761164 | r:    -2.000000 | e:   0.300000 | Q:   0.109494 | won: True 
#  117 | steps:  2579 | steps_t:  2546 | t: 18.900004 | r:    -2.000000 | e:   0.300000 | Q:   0.109494 | won: True 
#  118 | steps:  2586 | steps_t:  2553 | t: 19.096916 | r:    -2.000000 | e:   0.300000 | Q:   0.109494 | won: True 
#  119 | steps:  2611 | steps_t:  2578 | t: 19.177938 | r:    -2.000000 | e:   0.300000 | Q:   0.109494 | won: True 
#  120 | steps:  2616 | steps_t:  2583 | t: 19.194760 | r:    -2.000000 | e:   0.300000 | Q:   0.109494 | won: True 
#  121 | steps:  2646 | steps_t:  2613 | t: 19.377532 | r:    -2.000000 | e:   0.300000 | Q:   0.109494 | won: True 
#  122 | steps:  2662 | steps_t:  2629 | t: 19.516095 | r:    -2.000000 | e:   0.300000 | Q:   0.109494 | won: True 
#  123 | steps:  2682 | steps_t:  2649 | t: 19.571906 | r:    -2.000000 | e:   0.300000 | Q:   0.109494 | won: True 
#  124 | steps:  2692 | steps_t:  2659 | t: 19.687188 | r:    -2.000000 | e:   0.300000 | Q:   0.109494 | won: True 
#  125 | steps:  2699 | steps_t:  2666 | t: 19.786489 | r:    -2.000000 | e:   0.300000 | Q:   0.109494 | won: True 
#  126 | steps:  2717 | steps_t:  2684 | t: 19.936101 | r:    -2.000000 | e:   0.300000 | Q:   0.109494 | won: True 
#  127 | steps:  2730 | steps_t:  2697 | t: 20.135288 | r:     2.000000 | e:   0.300000 | Q:   0.109494 | won: True 
#  128 | steps:  2737 | steps_t:  2704 | t: 20.165382 | r:    -2.000000 | e:   0.300000 | Q:   0.109494 | won: True 
#  129 | steps:  2768 | steps_t:  2735 | t: 20.436617 | r:    -2.000000 | e:   0.300000 | Q:   0.109494 | won: True 
#  130 | steps:  2782 | steps_t:  2749 | t: 20.646002 | r:    -2.000000 | e:   0.300000 | Q:   0.109494 | won: True 
#  131 | steps:  2788 | steps_t:  2755 | t: 20.665444 | r:    -2.000000 | e:   0.300000 | Q:   0.109494 | won: True 
#  132 | steps:  2798 | steps_t:  2765 | t: 20.778605 | r:    -2.000000 | e:   0.300000 | Q:   0.109494 | won: True 
#  133 | steps:  2818 | steps_t:  2785 | t: 20.928308 | r:    -2.000000 | e:   0.300000 | Q:   0.109494 | won: True 
#  134 | steps:  2831 | steps_t:  2798 | t: 21.138126 | r:    -2.000000 | e:   0.300000 | Q:   0.109494 | won: True 
#  135 | steps:  2838 | steps_t:  2805 | t: 21.159374 | r:    -2.000000 | e:   0.300000 | Q:   0.109494 | won: True 
#  136 | steps:  2844 | steps_t:  2811 | t: 21.176354 | r:    -2.000000 | e:   0.300000 | Q:   0.109494 | won: True 
#  137 | steps:  2863 | steps_t:  2830 | t: 21.236966 | r:    -2.000000 | e:   0.300000 | Q:   0.109494 | won: True 
#  138 | steps:  2883 | steps_t:  2850 | t: 21.380512 | r:     2.000000 | e:   0.300000 | Q:   0.109494 | won: True 
#  139 | steps:  2895 | steps_t:  2862 | t: 21.421420 | r:    -2.000000 | e:   0.300000 | Q:   0.109494 | won: True 
#  140 | steps:  2903 | steps_t:  2870 | t: 21.530195 | r:    -2.000000 | e:   0.300000 | Q:   0.109494 | won: True 
#  141 | steps:  2916 | steps_t:  2883 | t: 21.568123 | r:    -2.000000 | e:   0.300000 | Q:   0.109494 | won: True 
#  142 | steps:  2923 | steps_t:  2890 | t: 21.671775 | r:    -2.000000 | e:   0.300000 | Q:   0.109494 | won: True 
#  143 | steps:  2933 | steps_t:  2900 | t: 21.707797 | r:    -2.000000 | e:   0.300000 | Q:   0.109494 | won: True 
#  144 | steps:  2954 | steps_t:  2921 | t: 21.784540 | r:    -2.000000 | e:   0.300000 | Q:   0.109494 | won: True 
#  145 | steps:  2960 | steps_t:  2927 | t: 21.887243 | r:    -2.000000 | e:   0.300000 | Q:   0.109494 | won: True 
#  146 | steps:  2976 | steps_t:  2943 | t: 22.016174 | r:    -2.000000 | e:   0.300000 | Q:   0.109494 | won: True 
#  147 | steps:  2990 | steps_t:  2957 | t: 22.135200 | r:    -2.000000 | e:   0.300000 | Q:   0.109494 | won: True 
#  148 | steps:  2998 | steps_t:  2965 | t: 22.164435 | r:    -2.000000 | e:   0.300000 | Q:   0.109494 | won: True 
#  149 | steps:  3004 | steps_t:  2971 | t: 22.184260 | r:    -2.000000 | e:   0.300000 | Q:   0.109494 | won: True 
#  150 | steps:  3010 | steps_t:  2977 | t: 22.285597 | r:    -2.000000 | e:   0.300000 | Q:   0.109494 | won: True 
#  151 | steps:  3021 | steps_t:  2988 | t: 22.323299 | r:    -2.000000 | e:   0.300000 | Q:   0.109494 | won: True 
#  152 | steps:  3042 | steps_t:  3009 | t: 22.389183 | r:    -2.000000 | e:   0.300000 | Q:   0.109494 | won: True 
#  153 | steps:  3049 | steps_t:  3016 | t: 22.415220 | r:    -2.000000 | e:   0.300000 | Q:   0.109494 | won: True 
#  154 | steps:  3062 | steps_t:  3029 | t: 22.548561 | r:    -2.000000 | e:   0.300000 | Q:   0.109494 | won: True 
#  155 | steps:  3069 | steps_t:  3036 | t: 22.651366 | r:    -2.000000 | e:   0.300000 | Q:   0.109494 | won: True 
#  156 | steps:  3079 | steps_t:  3046 | t: 22.680228 | r:    -2.000000 | e:   0.300000 | Q:   0.109494 | won: True 
#  157 | steps:  3092 | steps_t:  3059 | t: 22.873895 | r:    -2.000000 | e:   0.300000 | Q:   0.109494 | won: True 
#  158 | steps:  3107 | steps_t:  3074 | t: 23.008288 | r:    -2.000000 | e:   0.300000 | Q:   0.109494 | won: True 
#  159 | steps:  3116 | steps_t:  3083 | t: 23.120271 | r:     2.000000 | e:   0.300000 | Q:   0.109494 | won: True 
#  160 | steps:  3125 | steps_t:  3092 | t: 23.313987 | r:     2.000000 | e:   0.300000 | Q:   0.109494 | won: True 
#  161 | steps:  3140 | steps_t:  3107 | t: 23.368984 | r:    -2.000000 | e:   0.300000 | Q:   0.109494 | won: True 
#  162 | steps:  3169 | steps_t:  3136 | t: 23.638613 | r:    -2.000000 | e:   0.300000 | Q:   0.109494 | won: True 
#  163 | steps:  3176 | steps_t:  3143 | t: 23.749061 | r:    -2.000000 | e:   0.300000 | Q:   0.109494 | won: True 
#  164 | steps:  3187 | steps_t:  3154 | t: 23.868444 | r:    -2.000000 | e:   0.300000 | Q:   0.109494 | won: True 
#  165 | steps:  3197 | steps_t:  3164 | t: 23.993861 | r:    -2.000000 | e:   0.300000 | Q:   0.109494 | won: True 
#  166 | steps:  3206 | steps_t:  3173 | t: 24.020060 | r:    -2.000000 | e:   0.300000 | Q:   0.109494 | won: True 
#  167 | steps:  3216 | steps_t:  3183 | t: 24.048769 | r:    -2.000000 | e:   0.300000 | Q:   0.109494 | won: True 
#  168 | steps:  3227 | steps_t:  3194 | t: 24.165582 | r:     2.000000 | e:   0.300000 | Q:   0.109494 | won: True 
#  169 | steps:  3233 | steps_t:  3200 | t: 24.271242 | r:    -2.000000 | e:   0.300000 | Q:   0.109494 | won: True 
#  170 | steps:  3264 | steps_t:  3231 | t: 24.450241 | r:    -2.000000 | e:   0.300000 | Q:   0.109494 | won: True 
#  171 | steps:  3276 | steps_t:  3243 | t: 24.484588 | r:    -2.000000 | e:   0.300000 | Q:   0.109494 | won: True 
#  172 | steps:  3282 | steps_t:  3249 | t: 24.586448 | r:    -2.000000 | e:   0.300000 | Q:   0.109494 | won: True 
#  173 | steps:  3288 | steps_t:  3255 | t: 24.604645 | r:    -2.000000 | e:   0.300000 | Q:   0.109494 | won: True 
#  174 | steps:  3296 | steps_t:  3263 | t: 24.631047 | r:    -2.000000 | e:   0.300000 | Q:   0.109494 | won: True 
#  175 | steps:  3304 | steps_t:  3271 | t: 24.654511 | r:    -2.000000 | e:   0.300000 | Q:   0.109494 | won: True 
#  176 | steps:  3330 | steps_t:  3297 | t: 24.903824 | r:    -2.000000 | e:   0.300000 | Q:   0.109494 | won: True 
#  177 | steps:  3361 | steps_t:  3328 | t: 25.092458 | r:    -2.000000 | e:   0.300000 | Q:   0.109494 | won: True 
#  178 | steps:  3369 | steps_t:  3336 | t: 25.118803 | r:    -2.000000 | e:   0.300000 | Q:   0.109494 | won: True 
#  179 | steps:  3382 | steps_t:  3349 | t: 25.245143 | r:    -2.000000 | e:   0.300000 | Q:   0.109494 | won: True 
#  180 | steps:  3393 | steps_t:  3360 | t: 25.454116 | r:    -2.000000 | e:   0.300000 | Q:   0.109494 | won: True 
#  181 | steps:  3400 | steps_t:  3367 | t: 25.560313 | r:    -2.000000 | e:   0.300000 | Q:   0.109494 | won: True 
#  182 | steps:  3425 | steps_t:  3392 | t: 25.719052 | r:    -2.000000 | e:   0.300000 | Q:   0.109494 | won: True 
#  183 | steps:  3437 | steps_t:  3404 | t: 25.839771 | r:    -2.000000 | e:   0.300000 | Q:   0.109494 | won: True 
#  184 | steps:  3461 | steps_t:  3428 | t: 26.011264 | r:    -2.000000 | e:   0.300000 | Q:   0.109494 | won: True 
#  185 | steps:  3468 | steps_t:  3435 | t: 26.035736 | r:     2.000000 | e:   0.300000 | Q:   0.109494 | won: True 
#  186 | steps:  3479 | steps_t:  3446 | t: 26.067541 | r:    -2.000000 | e:   0.300000 | Q:   0.109494 | won: True 
#  187 | steps:  3496 | steps_t:  3463 | t: 26.288383 | r:    -2.000000 | e:   0.300000 | Q:   0.109494 | won: True 
#  188 | steps:  3507 | steps_t:  3474 | t: 26.324473 | r:    -2.000000 | e:   0.300000 | Q:   0.109494 | won: True 
#  189 | steps:  3513 | steps_t:  3480 | t: 26.427198 | r:    -2.000000 | e:   0.300000 | Q:   0.109494 | won: True 
#  190 | steps:  3518 | steps_t:  3485 | t: 26.443739 | r:    -2.000000 | e:   0.300000 | Q:   0.109494 | won: True 
#  191 | steps:  3528 | steps_t:  3495 | t: 26.471227 | r:    -2.000000 | e:   0.300000 | Q:   0.109494 | won: True 
#  192 | steps:  3534 | steps_t:  3501 | t: 26.489713 | r:     2.000000 | e:   0.300000 | Q:   0.109494 | won: True 
#  193 | steps:  3549 | steps_t:  3516 | t: 26.535530 | r:    -2.000000 | e:   0.300000 | Q:   0.109494 | won: True 
#  194 | steps:  3558 | steps_t:  3525 | t: 26.645295 | r:    -2.000000 | e:   0.300000 | Q:   0.109494 | won: True 
#  195 | steps:  3598 | steps_t:  3565 | t: 26.851611 | r:    -2.000000 | e:   0.300000 | Q:   0.109494 | won: True 
#  196 | steps:  3616 | steps_t:  3583 | t: 27.082743 | r:    -2.000000 | e:   0.300000 | Q:   0.109494 | won: True 
#  197 | steps:  3629 | steps_t:  3596 | t: 27.204357 | r:    -2.000000 | e:   0.300000 | Q:   0.109494 | won: True 
#  198 | steps:  3649 | steps_t:  3616 | t: 27.348143 | r:    -2.000000 | e:   0.300000 | Q:   0.109494 | won: True 
#  199 | steps:  3660 | steps_t:  3627 | t: 27.464726 | r:    -2.000000 | e:   0.300000 | Q:   0.109494 | won: True 
#  200 | steps:  3676 | steps_t:  3643 | t: 27.604957 | r:    -2.000000 | e:   0.300000 | Q:   0.109494 | won: True 
#  201 | steps:  3692 | steps_t:  3659 | t: 27.743451 | r:    -2.000000 | e:   0.300000 | Q:   0.109494 | won: True 
#  202 | steps:  3708 | steps_t:  3675 | t: 27.892446 | r:    -2.000000 | e:   0.300000 | Q:   0.109494 | won: True 
#  203 | steps:  3727 | steps_t:  3694 | t: 28.043393 | r:     2.000000 | e:   0.300000 | Q:   0.109494 | won: True 
#  204 | steps:  3734 | steps_t:  3701 | t: 28.147201 | r:    -2.000000 | e:   0.300000 | Q:   0.109494 | won: True 
#  205 | steps:  3743 | steps_t:  3710 | t: 28.264297 | r:    -2.000000 | e:   0.300000 | Q:   0.109494 | won: True 
#  206 | steps:  3751 | steps_t:  3718 | t: 28.544098 | r:    -2.000000 | e:   0.300000 | Q:   0.109494 | won: True 
#  207 | steps:  3759 | steps_t:  3726 | t: 28.735243 | r:    -2.000000 | e:   0.300000 | Q:   0.109494 | won: True 
#  208 | steps:  3765 | steps_t:  3732 | t: 28.755903 | r:    -2.000000 | e:   0.300000 | Q:   0.109494 | won: True 
#  209 | steps:  3787 | steps_t:  3754 | t: 28.830018 | r:    -2.000000 | e:   0.300000 | Q:   0.109494 | won: True 
#  210 | steps:  3802 | steps_t:  3769 | t: 28.959097 | r:    -2.000000 | e:   0.300000 | Q:   0.109494 | won: True 
#  211 | steps:  3810 | steps_t:  3777 | t: 28.985083 | r:     2.000000 | e:   0.300000 | Q:   0.109494 | won: True 
#  212 | steps:  3834 | steps_t:  3801 | t: 29.056311 | r:    -2.000000 | e:   0.300000 | Q:   0.109494 | won: True 
#  213 | steps:  3852 | steps_t:  3819 | t: 29.284685 | r:    -2.000000 | e:   0.300000 | Q:   0.109494 | won: True 
#  214 | steps:  3859 | steps_t:  3826 | t: 29.304202 | r:    -2.000000 | e:   0.300000 | Q:   0.109494 | won: True 
#  215 | steps:  3868 | steps_t:  3835 | t: 29.407404 | r:    -2.000000 | e:   0.300000 | Q:   0.109494 | won: True 
#  216 | steps:  3879 | steps_t:  3846 | t: 29.447803 | r:    -2.000000 | e:   0.300000 | Q:   0.109494 | won: True 
#  217 | steps:  3884 | steps_t:  3851 | t: 29.466076 | r:    -2.000000 | e:   0.300000 | Q:   0.109494 | won: True 
#  218 | steps:  3893 | steps_t:  3860 | t: 29.493291 | r:    -2.000000 | e:   0.300000 | Q:   0.109494 | won: True 
#  219 | steps:  3899 | steps_t:  3866 | t: 29.602317 | r:    -2.000000 | e:   0.300000 | Q:   0.109494 | won: True 
#  220 | steps:  3922 | steps_t:  3889 | t: 29.844860 | r:    -2.000000 | e:   0.300000 | Q:   0.109494 | won: True 
#  221 | steps:  3928 | steps_t:  3895 | t: 29.865311 | r:    -2.000000 | e:   0.300000 | Q:   0.109494 | won: True 
#  222 | steps:  3936 | steps_t:  3903 | t: 29.973265 | r:    -2.000000 | e:   0.300000 | Q:   0.109494 | won: True 
#  223 | steps:  3946 | steps_t:  3913 | t: 30.003378 | r:    -2.000000 | e:   0.300000 | Q:   0.109494 | won: True 
#  224 | steps:  3959 | steps_t:  3926 | t: 30.041956 | r:    -2.000000 | e:   0.300000 | Q:   0.109494 | won: True 
#  225 | steps:  3969 | steps_t:  3936 | t: 30.079904 | r:    -2.000000 | e:   0.300000 | Q:   0.109494 | won: True 
#  226 | steps:  3992 | steps_t:  3959 | t: 30.330080 | r:    -2.000000 | e:   0.300000 | Q:   0.109494 | won: True 
#  227 | steps:  3999 | steps_t:  3966 | t: 30.430650 | r:     2.000000 | e:   0.300000 | Q:   0.109494 | won: True 
#  228 | steps:  4007 | steps_t:  3974 | t: 30.458081 | r:    -2.000000 | e:   0.300000 | Q:   0.109494 | won: True 
#  229 | steps:  4028 | steps_t:  3995 | t: 30.697683 | r:    -2.000000 | e:   0.300000 | Q:   0.109494 | won: True 
#  230 | steps:  4038 | steps_t:  4005 | t: 30.978000 | r:    -2.000000 | e:   0.300000 | Q:   0.109494 | won: True 
#  231 | steps:  4052 | steps_t:  4019 | t: 31.025757 | r:    -2.000000 | e:   0.300000 | Q:   0.109494 | won: True 
#  232 | steps:  4065 | steps_t:  4032 | t: 31.063753 | r:    -2.000000 | e:   0.300000 | Q:   0.109494 | won: True 
#  233 | steps:  4072 | steps_t:  4039 | t: 31.168090 | r:    -2.000000 | e:   0.300000 | Q:   0.109494 | won: True 
#  234 | steps:  4087 | steps_t:  4054 | t: 31.300592 | r:    -2.000000 | e:   0.300000 | Q:   0.109494 | won: True 
#  235 | steps:  4094 | steps_t:  4061 | t: 31.323285 | r:    -2.000000 | e:   0.300000 | Q:   0.109494 | won: True 
#  236 | steps:  4105 | steps_t:  4072 | t: 31.367163 | r:    -2.000000 | e:   0.300000 | Q:   0.109494 | won: True 
#  237 | steps:  4117 | steps_t:  4084 | t: 31.494477 | r:    -2.000000 | e:   0.300000 | Q:   0.109494 | won: True 
#  238 | steps:  4135 | steps_t:  4102 | t: 31.642205 | r:    -2.000000 | e:   0.300000 | Q:   0.109494 | won: True 
#  239 | steps:  4146 | steps_t:  4113 | t: 31.680196 | r:    -2.000000 | e:   0.300000 | Q:   0.109494 | won: True 
#  240 | steps:  4170 | steps_t:  4137 | t: 31.762463 | r:    -2.000000 | e:   0.300000 | Q:   0.109494 | won: True 
#  241 | steps:  4181 | steps_t:  4148 | t: 31.880090 | r:    -2.000000 | e:   0.300000 | Q:   0.109494 | won: True 
#  242 | steps:  4195 | steps_t:  4162 | t: 31.931558 | r:    -2.000000 | e:   0.300000 | Q:   0.109494 | won: True 
#  243 | steps:  4219 | steps_t:  4186 | t: 32.105176 | r:    -2.000000 | e:   0.300000 | Q:   0.109494 | won: True 
#  244 | steps:  4225 | steps_t:  4192 | t: 32.124656 | r:     2.000000 | e:   0.300000 | Q:   0.109494 | won: True 
#  245 | steps:  4234 | steps_t:  4201 | t: 32.157823 | r:    -2.000000 | e:   0.300000 | Q:   0.109494 | won: True 
#  246 | steps:  4244 | steps_t:  4211 | t: 32.432940 | r:     2.000000 | e:   0.300000 | Q:   0.109494 | won: True 
#  247 | steps:  4257 | steps_t:  4224 | t: 32.479587 | r:    -2.000000 | e:   0.300000 | Q:   0.109494 | won: True 
#  248 | steps:  4267 | steps_t:  4234 | t: 32.678422 | r:    -2.000000 | e:   0.300000 | Q:   0.109494 | won: True 
#  249 | steps:  4301 | steps_t:  4268 | t: 32.967426 | r:    -2.000000 | e:   0.300000 | Q:   0.109494 | won: True 
#  250 | steps:  4313 | steps_t:  4280 | t: 33.007797 | r:    -2.000000 | e:   0.300000 | Q:   0.109494 | won: True 
#  251 | steps:  4318 | steps_t:  4285 | t: 33.023258 | r:    -2.000000 | e:   0.300000 | Q:   0.109494 | won: True 
#  252 | steps:  4333 | steps_t:  4300 | t: 33.070686 | r:     2.000000 | e:   0.300000 | Q:   0.109494 | won: True 
#  253 | steps:  4338 | steps_t:  4305 | t: 33.086022 | r:    -2.000000 | e:   0.300000 | Q:   0.109494 | won: True 
#  254 | steps:  4367 | steps_t:  4334 | t: 33.262997 | r:    -2.000000 | e:   0.300000 | Q:   0.109494 | won: True 
#  255 | steps:  4374 | steps_t:  4341 | t: 33.367824 | r:    -2.000000 | e:   0.300000 | Q:   0.109494 | won: True 
#  256 | steps:  4389 | steps_t:  4356 | t: 33.416497 | r:    -2.000000 | e:   0.300000 | Q:   0.109494 | won: True 
#  257 | steps:  4404 | steps_t:  4371 | t: 33.463221 | r:    -2.000000 | e:   0.300000 | Q:   0.109494 | won: True 
#  258 | steps:  4410 | steps_t:  4377 | t: 33.491163 | r:    -2.000000 | e:   0.300000 | Q:   0.109494 | won: True 
#  259 | steps:  4426 | steps_t:  4393 | t: 33.636357 | r:     2.000000 | e:   0.300000 | Q:   0.109494 | won: True 
#  260 | steps:  4444 | steps_t:  4411 | t: 33.774725 | r:    -2.000000 | e:   0.300000 | Q:   0.109494 | won: True 
#  261 | steps:  4453 | steps_t:  4420 | t: 33.806606 | r:     2.000000 | e:   0.300000 | Q:   0.109494 | won: True 
#  262 | steps:  4472 | steps_t:  4439 | t: 33.865214 | r:    -2.000000 | e:   0.300000 | Q:   0.109494 | won: True 
#  263 | steps:  4485 | steps_t:  4452 | t: 33.903589 | r:    -2.000000 | e:   0.300000 | Q:   0.109494 | won: True 
#  264 | steps:  4498 | steps_t:  4465 | t: 33.941382 | r:    -2.000000 | e:   0.300000 | Q:   0.109494 | won: True 
#  265 | steps:  4506 | steps_t:  4473 | t: 33.965228 | r:    -2.000000 | e:   0.300000 | Q:   0.109494 | won: True 
#  266 | steps:  4514 | steps_t:  4481 | t: 33.990918 | r:    -2.000000 | e:   0.300000 | Q:   0.109494 | won: True 
#  267 | steps:  4527 | steps_t:  4494 | t: 34.112719 | r:    -2.000000 | e:   0.300000 | Q:   0.109494 | won: True 
#  268 | steps:  4539 | steps_t:  4506 | t: 34.148267 | r:    -2.000000 | e:   0.300000 | Q:   0.109494 | won: True 
#  269 | steps:  4553 | steps_t:  4520 | t: 34.190383 | r:    -2.000000 | e:   0.300000 | Q:   0.109494 | won: True 
#  270 | steps:  4563 | steps_t:  4530 | t: 34.224023 | r:    -2.000000 | e:   0.300000 | Q:   0.109494 | won: True 
#  271 | steps:  4577 | steps_t:  4544 | t: 34.274253 | r:    -2.000000 | e:   0.300000 | Q:   0.109494 | won: True 
#  272 | steps:  4586 | steps_t:  4553 | t: 34.381705 | r:    -2.000000 | e:   0.300000 | Q:   0.109494 | won: True 
#  273 | steps:  4593 | steps_t:  4560 | t: 34.405952 | r:     2.000000 | e:   0.300000 | Q:   0.109494 | won: True 
#  274 | steps:  4603 | steps_t:  4570 | t: 34.606023 | r:    -2.000000 | e:   0.300000 | Q:   0.109494 | won: True 
#  275 | steps:  4619 | steps_t:  4586 | t: 34.735037 | r:    -2.000000 | e:   0.300000 | Q:   0.109494 | won: True 
#  276 | steps:  4638 | steps_t:  4605 | t: 35.039108 | r:     2.000000 | e:   0.300000 | Q:   0.109494 | won: True 
#  277 | steps:  4643 | steps_t:  4610 | t: 35.054302 | r:    -2.000000 | e:   0.300000 | Q:   0.109494 | won: True 
#  278 | steps:  4658 | steps_t:  4625 | t: 35.272430 | r:     2.000000 | e:   0.300000 | Q:   0.109494 | won: True 
#  279 | steps:  4683 | steps_t:  4650 | t: 35.518404 | r:    -2.000000 | e:   0.300000 | Q:   0.109494 | won: True 
#  280 | steps:  4707 | steps_t:  4674 | t: 35.843553 | r:    -2.000000 | e:   0.300000 | Q:   0.109494 | won: True 
#  281 | steps:  4715 | steps_t:  4682 | t: 36.036808 | r:     2.000000 | e:   0.300000 | Q:   0.109494 | won: True 
#  282 | steps:  4721 | steps_t:  4688 | t: 36.057709 | r:    -2.000000 | e:   0.300000 | Q:   0.109494 | won: True 
#  283 | steps:  4732 | steps_t:  4699 | t: 36.091077 | r:    -2.000000 | e:   0.300000 | Q:   0.109494 | won: True 
#  284 | steps:  4739 | steps_t:  4706 | t: 36.112111 | r:    -2.000000 | e:   0.300000 | Q:   0.109494 | won: True 
#  285 | steps:  4747 | steps_t:  4714 | t: 36.221494 | r:     2.000000 | e:   0.300000 | Q:   0.109494 | won: True 
#  286 | steps:  4753 | steps_t:  4720 | t: 36.242471 | r:    -2.000000 | e:   0.300000 | Q:   0.109494 | won: True 
#  287 | steps:  4769 | steps_t:  4736 | t: 36.301987 | r:    -2.000000 | e:   0.300000 | Q:   0.109494 | won: True 
#  288 | steps:  4775 | steps_t:  4742 | t: 36.325670 | r:    -2.000000 | e:   0.300000 | Q:   0.109494 | won: True 
#  289 | steps:  4782 | steps_t:  4749 | t: 36.351303 | r:    -2.000000 | e:   0.300000 | Q:   0.109494 | won: True 
#  290 | steps:  4789 | steps_t:  4756 | t: 36.375751 | r:    -2.000000 | e:   0.300000 | Q:   0.109494 | won: True 
#  291 | steps:  4799 | steps_t:  4766 | t: 36.489871 | r:    -2.000000 | e:   0.300000 | Q:   0.109494 | won: True 
#  292 | steps:  4826 | steps_t:  4793 | t: 36.599009 | r:    -2.000000 | e:   0.300000 | Q:   0.109494 | won: True 
#  293 | steps:  4836 | steps_t:  4803 | t: 36.709134 | r:    -2.000000 | e:   0.300000 | Q:   0.109494 | won: True 
#  294 | steps:  4847 | steps_t:  4814 | t: 36.742495 | r:    -2.000000 | e:   0.300000 | Q:   0.109494 | won: True 
#  295 | steps:  4859 | steps_t:  4826 | t: 36.782237 | r:     2.000000 | e:   0.300000 | Q:   0.109494 | won: True 
#  296 | steps:  4866 | steps_t:  4833 | t: 36.805226 | r:    -2.000000 | e:   0.300000 | Q:   0.109494 | won: True 
#  297 | steps:  4874 | steps_t:  4841 | t: 36.835356 | r:    -2.000000 | e:   0.300000 | Q:   0.109494 | won: True 
#  298 | steps:  4881 | steps_t:  4848 | t: 36.939712 | r:    -2.000000 | e:   0.300000 | Q:   0.109494 | won: True 
#  299 | steps:  4907 | steps_t:  4874 | t: 37.129302 | r:    -2.000000 | e:   0.300000 | Q:   0.109494 | won: True 
#  300 | steps:  4921 | steps_t:  4888 | t: 37.339850 | r:    -2.000000 | e:   0.300000 | Q:   0.109494 | won: True 
#  301 | steps:  4930 | steps_t:  4897 | t: 37.370871 | r:    -2.000000 | e:   0.300000 | Q:   0.109494 | won: True 
#  302 | steps:  4949 | steps_t:  4916 | t: 37.430638 | r:     2.000000 | e:   0.300000 | Q:   0.109494 | won: True 
#  303 | steps:  4955 | steps_t:  4922 | t: 37.447040 | r:     2.000000 | e:   0.300000 | Q:   0.109494 | won: True 
#  304 | steps:  4963 | steps_t:  4930 | t: 37.469215 | r:     2.000000 | e:   0.300000 | Q:   0.109494 | won: True 
#  305 | steps:  4971 | steps_t:  4938 | t: 37.494563 | r:    -2.000000 | e:   0.300000 | Q:   0.109494 | won: True 
#  306 | steps:  4983 | steps_t:  4950 | t: 37.532942 | r:    -2.000000 | e:   0.300000 | Q:   0.109494 | won: True 
#  307 | steps:  4988 | steps_t:  4955 | t: 37.551090 | r:    -2.000000 | e:   0.300000 | Q:   0.109494 | won: True 
#  308 | steps:  4998 | steps_t:  4965 | t: 37.590192 | r:    -2.000000 | e:   0.300000 | Q:   0.109494 | won: True 
#  309 | steps:  5004 | steps_t:  4971 | t: 37.776101 | r:    -2.000000 | e:   0.300000 | Q:   0.109494 | won: True 
#  310 | steps:  5031 | steps_t:  4998 | t: 37.943789 | r:    -2.000000 | e:   0.300000 | Q:   0.109494 | won: True 
#  311 | steps:  5037 | steps_t:  5004 | t: 37.960958 | r:    -2.000000 | e:   0.300000 | Q:   0.109494 | won: True 
#  312 | steps:  5046 | steps_t:  5013 | t: 37.992880 | r:    -2.000000 | e:   0.300000 | Q:   0.109494 | won: True 
#  313 | steps:  5067 | steps_t:  5034 | t: 38.138842 | r:    -2.000000 | e:   0.300000 | Q:   0.109494 | won: True 
#  314 | steps:  5083 | steps_t:  5050 | t: 38.190820 | r:    -2.000000 | e:   0.300000 | Q:   0.109494 | won: True 
#  315 | steps:  5099 | steps_t:  5066 | t: 38.413610 | r:     2.000000 | e:   0.300000 | Q:   0.109494 | won: True 
#  316 | steps:  5104 | steps_t:  5071 | t: 38.427627 | r:    -2.000000 | e:   0.300000 | Q:   0.109494 | won: True 
#  317 | steps:  5120 | steps_t:  5087 | t: 38.473349 | r:     2.000000 | e:   0.300000 | Q:   0.109494 | won: True 
#  318 | steps:  5127 | steps_t:  5094 | t: 38.496819 | r:    -2.000000 | e:   0.300000 | Q:   0.109494 | won: True 
#  319 | steps:  5164 | steps_t:  5131 | t: 38.789873 | r:     2.000000 | e:   0.300000 | Q:   0.109494 | won: True 
#  320 | steps:  5179 | steps_t:  5146 | t: 38.996035 | r:    -2.000000 | e:   0.300000 | Q:   0.109494 | won: True 
#  321 | steps:  5198 | steps_t:  5165 | t: 39.149501 | r:    -2.000000 | e:   0.300000 | Q:   0.109494 | won: True 
#  322 | steps:  5205 | steps_t:  5172 | t: 39.170293 | r:    -2.000000 | e:   0.300000 | Q:   0.109494 | won: True 
#  323 | steps:  5216 | steps_t:  5183 | t: 39.282546 | r:    -2.000000 | e:   0.300000 | Q:   0.109494 | won: True 
#  324 | steps:  5229 | steps_t:  5196 | t: 39.411856 | r:    -2.000000 | e:   0.300000 | Q:   0.109494 | won: True 
#  325 | steps:  5241 | steps_t:  5208 | t: 39.617481 | r:     2.000000 | e:   0.300000 | Q:   0.109494 | won: True 
#  326 | steps:  5252 | steps_t:  5219 | t: 39.740408 | r:    -2.000000 | e:   0.300000 | Q:   0.109494 | won: True 
#  327 | steps:  5258 | steps_t:  5225 | t: 39.929423 | r:    -2.000000 | e:   0.300000 | Q:   0.109494 | won: True 
#  328 | steps:  5273 | steps_t:  5240 | t: 40.071810 | r:    -2.000000 | e:   0.300000 | Q:   0.109494 | won: True 
#  329 | steps:  5286 | steps_t:  5253 | t: 40.114139 | r:    -2.000000 | e:   0.300000 | Q:   0.109494 | won: True 
#  330 | steps:  5291 | steps_t:  5258 | t: 40.131511 | r:    -2.000000 | e:   0.300000 | Q:   0.109494 | won: True 
#  331 | steps:  5309 | steps_t:  5276 | t: 40.277285 | r:    -2.000000 | e:   0.300000 | Q:   0.109494 | won: True 
#  332 | steps:  5314 | steps_t:  5281 | t: 40.293097 | r:    -2.000000 | e:   0.300000 | Q:   0.109494 | won: True 
#  333 | steps:  5349 | steps_t:  5316 | t: 40.662109 | r:    -2.000000 | e:   0.300000 | Q:   0.109494 | won: True 
#  334 | steps:  5355 | steps_t:  5322 | t: 40.680060 | r:    -2.000000 | e:   0.300000 | Q:   0.109494 | won: True 
#  335 | steps:  5363 | steps_t:  5330 | t: 40.789354 | r:    -2.000000 | e:   0.300000 | Q:   0.109494 | won: True 
#  336 | steps:  5373 | steps_t:  5340 | t: 40.826390 | r:    -2.000000 | e:   0.300000 | Q:   0.109494 | won: True 
#  337 | steps:  5378 | steps_t:  5345 | t: 40.842994 | r:    -2.000000 | e:   0.300000 | Q:   0.109494 | won: True 
#  338 | steps:  5391 | steps_t:  5358 | t: 40.891825 | r:    -2.000000 | e:   0.300000 | Q:   0.109494 | won: True 
#  339 | steps:  5411 | steps_t:  5378 | t: 40.963939 | r:    -2.000000 | e:   0.300000 | Q:   0.109494 | won: True 
#  340 | steps:  5423 | steps_t:  5390 | t: 41.003231 | r:    -2.000000 | e:   0.300000 | Q:   0.109494 | won: True 
#  341 | steps:  5441 | steps_t:  5408 | t: 41.144664 | r:    -2.000000 | e:   0.300000 | Q:   0.109494 | won: True 
#  342 | steps:  5452 | steps_t:  5419 | t: 41.188523 | r:    -2.000000 | e:   0.300000 | Q:   0.109494 | won: True 
#  343 | steps:  5467 | steps_t:  5434 | t: 41.411380 | r:    -2.000000 | e:   0.300000 | Q:   0.109494 | won: True 
#  344 | steps:  5477 | steps_t:  5444 | t: 41.540086 | r:    -2.000000 | e:   0.300000 | Q:   0.109494 | won: True 
#  345 | steps:  5483 | steps_t:  5450 | t: 41.559406 | r:    -2.000000 | e:   0.300000 | Q:   0.109494 | won: True 
#  346 | steps:  5495 | steps_t:  5462 | t: 41.682317 | r:    -2.000000 | e:   0.300000 | Q:   0.109494 | won: True 
#  347 | steps:  5501 | steps_t:  5468 | t: 41.700291 | r:    -2.000000 | e:   0.300000 | Q:   0.109494 | won: True 
#  348 | steps:  5519 | steps_t:  5486 | t: 41.753600 | r:    -2.000000 | e:   0.300000 | Q:   0.109494 | won: True 
#  349 | steps:  5542 | steps_t:  5509 | t: 41.821485 | r:    -2.000000 | e:   0.300000 | Q:   0.109494 | won: True 
#  350 | steps:  5558 | steps_t:  5525 | t: 41.954980 | r:    -2.000000 | e:   0.300000 | Q:   0.109494 | won: True 
#  351 | steps:  5577 | steps_t:  5544 | t: 42.022112 | r:    -2.000000 | e:   0.300000 | Q:   0.109494 | won: True 
#  352 | steps:  5584 | steps_t:  5551 | t: 42.049387 | r:    -2.000000 | e:   0.300000 | Q:   0.109494 | won: True 
#  353 | steps:  5590 | steps_t:  5557 | t: 42.156648 | r:    -2.000000 | e:   0.300000 | Q:   0.109494 | won: True 
#  354 | steps:  5603 | steps_t:  5570 | t: 42.198845 | r:    -2.000000 | e:   0.300000 | Q:   0.109494 | won: True 
#  355 | steps:  5614 | steps_t:  5581 | t: 42.312729 | r:     2.000000 | e:   0.300000 | Q:   0.109494 | won: True 
#  356 | steps:  5622 | steps_t:  5589 | t: 42.336562 | r:    -2.000000 | e:   0.300000 | Q:   0.109494 | won: True 
#  357 | steps:  5631 | steps_t:  5598 | t: 42.449576 | r:    -2.000000 | e:   0.300000 | Q:   0.109494 | won: True 
#  358 | steps:  5660 | steps_t:  5627 | t: 42.619211 | r:    -2.000000 | e:   0.300000 | Q:   0.109494 | won: True 
#  359 | steps:  5667 | steps_t:  5634 | t: 42.640065 | r:    -2.000000 | e:   0.300000 | Q:   0.109494 | won: True 
#  360 | steps:  5686 | steps_t:  5653 | t: 42.787830 | r:    -2.000000 | e:   0.300000 | Q:   0.109494 | won: True 
#  361 | steps:  5710 | steps_t:  5677 | t: 42.951322 | r:    -2.000000 | e:   0.300000 | Q:   0.109494 | won: True 
#  362 | steps:  5723 | steps_t:  5690 | t: 42.994007 | r:    -2.000000 | e:   0.300000 | Q:   0.109494 | won: True 
#  363 | steps:  5737 | steps_t:  5704 | t: 43.208142 | r:    -2.000000 | e:   0.300000 | Q:   0.109494 | won: True 
#  364 | steps:  5754 | steps_t:  5721 | t: 43.426853 | r:    -2.000000 | e:   0.300000 | Q:   0.109494 | won: True 
#  365 | steps:  5774 | steps_t:  5741 | t: 43.572905 | r:    -2.000000 | e:   0.300000 | Q:   0.109494 | won: True 
#  366 | steps:  5783 | steps_t:  5750 | t: 43.606362 | r:    -2.000000 | e:   0.300000 | Q:   0.109494 | won: True 
#  367 | steps:  5790 | steps_t:  5757 | t: 43.716326 | r:    -2.000000 | e:   0.300000 | Q:   0.109494 | won: True 
#  368 | steps:  5803 | steps_t:  5770 | t: 43.767280 | r:     2.000000 | e:   0.300000 | Q:   0.109494 | won: True 
#  369 | steps:  5813 | steps_t:  5780 | t: 43.803270 | r:     2.000000 | e:   0.300000 | Q:   0.109494 | won: True 
#  370 | steps:  5819 | steps_t:  5786 | t: 43.822338 | r:    -2.000000 | e:   0.300000 | Q:   0.109494 | won: True 
#  371 | steps:  5825 | steps_t:  5792 | t: 43.844197 | r:    -2.000000 | e:   0.300000 | Q:   0.109494 | won: True 
#  372 | steps:  5841 | steps_t:  5808 | t: 43.896923 | r:    -2.000000 | e:   0.300000 | Q:   0.109494 | won: True 
#  373 | steps:  5853 | steps_t:  5820 | t: 44.024499 | r:     2.000000 | e:   0.300000 | Q:   0.109494 | won: True 
#  374 | steps:  5859 | steps_t:  5826 | t: 44.139629 | r:    -2.000000 | e:   0.300000 | Q:   0.109494 | won: True 
#  375 | steps:  5870 | steps_t:  5837 | t: 44.255957 | r:    -2.000000 | e:   0.300000 | Q:   0.109494 | won: True 
#  376 | steps:  5885 | steps_t:  5852 | t: 44.302020 | r:    -2.000000 | e:   0.300000 | Q:   0.109494 | won: True 
#  377 | steps:  5899 | steps_t:  5866 | t: 44.356287 | r:    -2.000000 | e:   0.300000 | Q:   0.109494 | won: True 
#  378 | steps:  5921 | steps_t:  5888 | t: 44.437351 | r:    -2.000000 | e:   0.300000 | Q:   0.109494 | won: True 
#  379 | steps:  5931 | steps_t:  5898 | t: 44.553299 | r:    -2.000000 | e:   0.300000 | Q:   0.109494 | won: True 
#  380 | steps:  5943 | steps_t:  5910 | t: 44.598157 | r:    -2.000000 | e:   0.300000 | Q:   0.109494 | won: True 
#  381 | steps:  5967 | steps_t:  5934 | t: 44.851227 | r:    -2.000000 | e:   0.300000 | Q:   0.109494 | won: True 
#  382 | steps:  5975 | steps_t:  5942 | t: 44.875271 | r:    -2.000000 | e:   0.300000 | Q:   0.109494 | won: True 
#  383 | steps:  5987 | steps_t:  5954 | t: 44.995253 | r:    -2.000000 | e:   0.300000 | Q:   0.109494 | won: True 
#  384 | steps:  5995 | steps_t:  5962 | t: 45.103735 | r:    -2.000000 | e:   0.300000 | Q:   0.109494 | won: True 
#  385 | steps:  6000 | steps_t:  5967 | t: 45.119817 | r:    -2.000000 | e:   0.300000 | Q:   0.109494 | won: True 
#  386 | steps:  6012 | steps_t:  5979 | t: 45.243831 | r:    -2.000000 | e:   0.300000 | Q:   0.109494 | won: True 
#  387 | steps:  6018 | steps_t:  5985 | t: 45.263959 | r:    -2.000000 | e:   0.300000 | Q:   0.109494 | won: True 
#  388 | steps:  6028 | steps_t:  5995 | t: 45.295491 | r:    -2.000000 | e:   0.300000 | Q:   0.109494 | won: True 
#  389 | steps:  6041 | steps_t:  6008 | t: 45.346222 | r:    -2.000000 | e:   0.300000 | Q:   0.109494 | won: True 
#  390 | steps:  6049 | steps_t:  6016 | t: 45.376901 | r:    -2.000000 | e:   0.300000 | Q:   0.109494 | won: True 
#  391 | steps:  6059 | steps_t:  6026 | t: 45.575151 | r:    -2.000000 | e:   0.300000 | Q:   0.109494 | won: True 
#  392 | steps:  6066 | steps_t:  6033 | t: 45.596985 | r:    -2.000000 | e:   0.300000 | Q:   0.109494 | won: True 
#  393 | steps:  6077 | steps_t:  6044 | t: 45.634887 | r:    -2.000000 | e:   0.300000 | Q:   0.109494 | won: True 
#  394 | steps:  6087 | steps_t:  6054 | t: 45.668315 | r:    -2.000000 | e:   0.300000 | Q:   0.109494 | won: True 
#  395 | steps:  6097 | steps_t:  6064 | t: 45.703853 | r:    -2.000000 | e:   0.300000 | Q:   0.109494 | won: True 
#  396 | steps:  6104 | steps_t:  6071 | t: 45.814158 | r:    -2.000000 | e:   0.300000 | Q:   0.109494 | won: True 
#  397 | steps:  6113 | steps_t:  6080 | t: 45.842465 | r:    -2.000000 | e:   0.300000 | Q:   0.109494 | won: True 
#  398 | steps:  6134 | steps_t:  6101 | t: 45.914644 | r:    -2.000000 | e:   0.300000 | Q:   0.109494 | won: True 
#  399 | steps:  6143 | steps_t:  6110 | t: 45.945139 | r:    -2.000000 | e:   0.300000 | Q:   0.109494 | won: True 
#  400 | steps:  6151 | steps_t:  6118 | t: 45.972945 | r:    -2.000000 | e:   0.300000 | Q:   0.109494 | won: True 
#  401 | steps:  6169 | steps_t:  6136 | t: 46.122993 | r:    -2.000000 | e:   0.300000 | Q:   0.109494 | won: True 
#  402 | steps:  6187 | steps_t:  6154 | t: 46.353765 | r:    -2.000000 | e:   0.300000 | Q:   0.109494 | won: True 
#  403 | steps:  6193 | steps_t:  6160 | t: 46.459686 | r:    -2.000000 | e:   0.300000 | Q:   0.109494 | won: True 
#  404 | steps:  6207 | steps_t:  6174 | t: 46.681754 | r:    -2.000000 | e:   0.300000 | Q:   0.109494 | won: True 
#  405 | steps:  6226 | steps_t:  6193 | t: 46.747031 | r:    -2.000000 | e:   0.300000 | Q:   0.109494 | won: True 
#  406 | steps:  6238 | steps_t:  6205 | t: 46.789105 | r:     2.000000 | e:   0.300000 | Q:   0.109494 | won: True 
#  407 | steps:  6243 | steps_t:  6210 | t: 46.808920 | r:    -2.000000 | e:   0.300000 | Q:   0.109494 | won: True 
#  408 | steps:  6251 | steps_t:  6218 | t: 46.918310 | r:    -2.000000 | e:   0.300000 | Q:   0.109494 | won: True 
#  409 | steps:  6266 | steps_t:  6233 | t: 46.974571 | r:    -2.000000 | e:   0.300000 | Q:   0.109494 | won: True 
#  410 | steps:  6293 | steps_t:  6260 | t: 47.078615 | r:    -2.000000 | e:   0.300000 | Q:   0.109494 | won: True 
#  411 | steps:  6302 | steps_t:  6269 | t: 47.109737 | r:    -2.000000 | e:   0.300000 | Q:   0.109494 | won: True 
#  412 | steps:  6320 | steps_t:  6287 | t: 47.344113 | r:    -2.000000 | e:   0.300000 | Q:   0.109494 | won: True 
#  413 | steps:  6345 | steps_t:  6312 | t: 47.586261 | r:    -2.000000 | e:   0.300000 | Q:   0.109494 | won: True 
#  414 | steps:  6357 | steps_t:  6324 | t: 47.629438 | r:    -2.000000 | e:   0.300000 | Q:   0.109494 | won: True 
#  415 | steps:  6381 | steps_t:  6348 | t: 47.967005 | r:     2.000000 | e:   0.300000 | Q:   0.109494 | won: True 
#  416 | steps:  6398 | steps_t:  6365 | t: 48.026828 | r:    -2.000000 | e:   0.300000 | Q:   0.109494 | won: True 
#  417 | steps:  6409 | steps_t:  6376 | t: 48.152887 | r:    -2.000000 | e:   0.300000 | Q:   0.109494 | won: True 
#  418 | steps:  6434 | steps_t:  6401 | t: 48.324276 | r:    -2.000000 | e:   0.300000 | Q:   0.109494 | won: True 
#  419 | steps:  6468 | steps_t:  6435 | t: 48.603154 | r:    -2.000000 | e:   0.300000 | Q:   0.109494 | won: True 
#  420 | steps:  6478 | steps_t:  6445 | t: 48.713702 | r:    -2.000000 | e:   0.300000 | Q:   0.109494 | won: True 
#  421 | steps:  6488 | steps_t:  6455 | t: 48.830621 | r:    -2.000000 | e:   0.300000 | Q:   0.109494 | won: True 
#  422 | steps:  6514 | steps_t:  6481 | t: 49.002560 | r:    -2.000000 | e:   0.300000 | Q:   0.109494 | won: True 
#  423 | steps:  6528 | steps_t:  6495 | t: 49.212394 | r:     2.000000 | e:   0.300000 | Q:   0.109494 | won: True 
#  424 | steps:  6537 | steps_t:  6504 | t: 49.240974 | r:    -2.000000 | e:   0.300000 | Q:   0.109494 | won: True 
#  425 | steps:  6564 | steps_t:  6531 | t: 49.413342 | r:    -2.000000 | e:   0.300000 | Q:   0.109494 | won: True 
#  426 | steps:  6575 | steps_t:  6542 | t: 49.454030 | r:    -2.000000 | e:   0.300000 | Q:   0.109494 | won: True 
#  427 | steps:  6580 | steps_t:  6547 | t: 49.470636 | r:    -2.000000 | e:   0.300000 | Q:   0.109494 | won: True 
#  428 | steps:  6598 | steps_t:  6565 | t: 49.699077 | r:    -2.000000 | e:   0.300000 | Q:   0.109494 | won: True 
#  429 | steps:  6615 | steps_t:  6582 | t: 49.756101 | r:    -2.000000 | e:   0.300000 | Q:   0.109494 | won: True 
#  430 | steps:  6620 | steps_t:  6587 | t: 49.857785 | r:    -2.000000 | e:   0.300000 | Q:   0.109494 | won: True 
#  431 | steps:  6630 | steps_t:  6597 | t: 49.886952 | r:    -2.000000 | e:   0.300000 | Q:   0.109494 | won: True 
#  432 | steps:  6643 | steps_t:  6610 | t: 50.089534 | r:    -2.000000 | e:   0.300000 | Q:   0.109494 | won: True 
#  433 | steps:  6656 | steps_t:  6623 | t: 50.384491 | r:    -2.000000 | e:   0.300000 | Q:   0.109494 | won: True 
#  434 | steps:  6673 | steps_t:  6640 | t: 50.443565 | r:    -2.000000 | e:   0.300000 | Q:   0.109494 | won: True 
#  435 | steps:  6680 | steps_t:  6647 | t: 50.466514 | r:    -2.000000 | e:   0.300000 | Q:   0.109494 | won: True 
#  436 | steps:  6696 | steps_t:  6663 | t: 50.614482 | r:    -2.000000 | e:   0.300000 | Q:   0.109494 | won: True 
#  437 | steps:  6705 | steps_t:  6672 | t: 50.897275 | r:    -2.000000 | e:   0.300000 | Q:   0.109494 | won: True 
#  438 | steps:  6712 | steps_t:  6679 | t: 50.919433 | r:     2.000000 | e:   0.300000 | Q:   0.109494 | won: True 
#  439 | steps:  6725 | steps_t:  6692 | t: 50.963527 | r:    -2.000000 | e:   0.300000 | Q:   0.109494 | won: True 
#  440 | steps:  6738 | steps_t:  6705 | t: 51.006926 | r:    -2.000000 | e:   0.300000 | Q:   0.109494 | won: True 
#  441 | steps:  6745 | steps_t:  6712 | t: 51.111842 | r:    -2.000000 | e:   0.300000 | Q:   0.109494 | won: True 
#  442 | steps:  6751 | steps_t:  6718 | t: 51.135920 | r:    -2.000000 | e:   0.300000 | Q:   0.109494 | won: True 
#  443 | steps:  6765 | steps_t:  6732 | t: 51.187130 | r:    -2.000000 | e:   0.300000 | Q:   0.109494 | won: True 
#  444 | steps:  6790 | steps_t:  6757 | t: 51.448134 | r:    -2.000000 | e:   0.300000 | Q:   0.109494 | won: True 
#  445 | steps:  6799 | steps_t:  6766 | t: 51.559344 | r:    -2.000000 | e:   0.300000 | Q:   0.109494 | won: True 
#  446 | steps:  6804 | steps_t:  6771 | t: 51.575385 | r:    -2.000000 | e:   0.300000 | Q:   0.109494 | won: True 
#  447 | steps:  6809 | steps_t:  6776 | t: 51.591632 | r:    -2.000000 | e:   0.300000 | Q:   0.109494 | won: True 
#  448 | steps:  6828 | steps_t:  6795 | t: 51.663903 | r:    -2.000000 | e:   0.300000 | Q:   0.109494 | won: True 
#  449 | steps:  6837 | steps_t:  6804 | t: 51.870785 | r:    -2.000000 | e:   0.300000 | Q:   0.109494 | won: True 
#  450 | steps:  6850 | steps_t:  6817 | t: 51.999923 | r:    -2.000000 | e:   0.300000 | Q:   0.109494 | won: True 
#  451 | steps:  6855 | steps_t:  6822 | t: 52.018877 | r:    -2.000000 | e:   0.300000 | Q:   0.109494 | won: True 
#  452 | steps:  6865 | steps_t:  6832 | t: 52.220789 | r:    -2.000000 | e:   0.300000 | Q:   0.109494 | won: True 
#  453 | steps:  6874 | steps_t:  6841 | t: 52.250538 | r:    -2.000000 | e:   0.300000 | Q:   0.109494 | won: True 
#  454 | steps:  6880 | steps_t:  6847 | t: 52.270427 | r:    -2.000000 | e:   0.300000 | Q:   0.109494 | won: True 
#  455 | steps:  6891 | steps_t:  6858 | t: 52.474629 | r:    -2.000000 | e:   0.300000 | Q:   0.109494 | won: True 
#  456 | steps:  6899 | steps_t:  6866 | t: 52.498724 | r:    -2.000000 | e:   0.300000 | Q:   0.109494 | won: True 
#  457 | steps:  6913 | steps_t:  6880 | t: 52.622961 | r:    -2.000000 | e:   0.300000 | Q:   0.109494 | won: True 
#  458 | steps:  6923 | steps_t:  6890 | t: 52.653903 | r:    -2.000000 | e:   0.300000 | Q:   0.109494 | won: True 
#  459 | steps:  6929 | steps_t:  6896 | t: 52.761335 | r:    -2.000000 | e:   0.300000 | Q:   0.109494 | won: True 
#  460 | steps:  6938 | steps_t:  6905 | t: 52.797614 | r:    -2.000000 | e:   0.300000 | Q:   0.109494 | won: True 
#  461 | steps:  6943 | steps_t:  6910 | t: 52.813754 | r:    -2.000000 | e:   0.300000 | Q:   0.109494 | won: True 
#  462 | steps:  6953 | steps_t:  6920 | t: 52.846907 | r:    -2.000000 | e:   0.300000 | Q:   0.109494 | won: True 
#  463 | steps:  6959 | steps_t:  6926 | t: 52.949231 | r:    -2.000000 | e:   0.300000 | Q:   0.109494 | won: True 
#  464 | steps:  6973 | steps_t:  6940 | t: 53.086125 | r:    -2.000000 | e:   0.300000 | Q:   0.109494 | won: True 
#  465 | steps:  6981 | steps_t:  6948 | t: 53.280417 | r:    -2.000000 | e:   0.300000 | Q:   0.109494 | won: True 
#  466 | steps:  6996 | steps_t:  6963 | t: 53.330845 | r:    -2.000000 | e:   0.300000 | Q:   0.109494 | won: True 
#  467 | steps:  7001 | steps_t:  6968 | t: 53.348913 | r:    -2.000000 | e:   0.300000 | Q:   0.109494 | won: True 
#  468 | steps:  7010 | steps_t:  6977 | t: 53.462138 | r:     2.000000 | e:   0.300000 | Q:   0.109494 | won: True 
#  469 | steps:  7021 | steps_t:  6988 | t: 53.496421 | r:    -2.000000 | e:   0.300000 | Q:   0.109494 | won: True 
#  470 | steps:  7028 | steps_t:  6995 | t: 53.519754 | r:    -2.000000 | e:   0.300000 | Q:   0.109494 | won: True 
#  471 | steps:  7040 | steps_t:  7007 | t: 53.565061 | r:     2.000000 | e:   0.300000 | Q:   0.109494 | won: True 
#  472 | steps:  7069 | steps_t:  7036 | t: 53.746270 | r:    -2.000000 | e:   0.300000 | Q:   0.109494 | won: True 
#  473 | steps:  7075 | steps_t:  7042 | t: 53.769339 | r:    -2.000000 | e:   0.300000 | Q:   0.109494 | won: True 
#  474 | steps:  7082 | steps_t:  7049 | t: 53.881076 | r:    -2.000000 | e:   0.300000 | Q:   0.109494 | won: True 
#  475 | steps:  7088 | steps_t:  7055 | t: 53.901824 | r:     2.000000 | e:   0.300000 | Q:   0.109494 | won: True 
#  476 | steps:  7119 | steps_t:  7086 | t: 54.254090 | r:    -2.000000 | e:   0.300000 | Q:   0.109494 | won: True 
#  477 | steps:  7125 | steps_t:  7092 | t: 54.358430 | r:    -2.000000 | e:   0.300000 | Q:   0.109494 | won: True 
#  478 | steps:  7140 | steps_t:  7107 | t: 54.494537 | r:     2.000000 | e:   0.300000 | Q:   0.109494 | won: True 
#  479 | steps:  7151 | steps_t:  7118 | t: 54.614905 | r:    -2.000000 | e:   0.300000 | Q:   0.109494 | won: True 
#  480 | steps:  7165 | steps_t:  7132 | t: 54.744082 | r:    -2.000000 | e:   0.300000 | Q:   0.109494 | won: True 
#  481 | steps:  7171 | steps_t:  7138 | t: 54.762664 | r:    -2.000000 | e:   0.300000 | Q:   0.109494 | won: True 
#  482 | steps:  7183 | steps_t:  7150 | t: 54.882846 | r:    -2.000000 | e:   0.300000 | Q:   0.109494 | won: True 
#  483 | steps:  7204 | steps_t:  7171 | t: 55.122989 | r:    -2.000000 | e:   0.300000 | Q:   0.109494 | won: True 
#  484 | steps:  7216 | steps_t:  7183 | t: 55.331286 | r:    -2.000000 | e:   0.300000 | Q:   0.109494 | won: True 
#  485 | steps:  7240 | steps_t:  7207 | t: 55.496253 | r:    -2.000000 | e:   0.300000 | Q:   0.109494 | won: True 
#  486 | steps:  7250 | steps_t:  7217 | t: 55.614425 | r:    -2.000000 | e:   0.300000 | Q:   0.109494 | won: True 
#  487 | steps:  7256 | steps_t:  7223 | t: 55.714899 | r:    -2.000000 | e:   0.300000 | Q:   0.109494 | won: True 
#  488 | steps:  7263 | steps_t:  7230 | t: 55.739860 | r:     2.000000 | e:   0.300000 | Q:   0.109494 | won: True 
#  489 | steps:  7278 | steps_t:  7245 | t: 55.956146 | r:    -2.000000 | e:   0.300000 | Q:   0.109494 | won: True 
#  490 | steps:  7286 | steps_t:  7253 | t: 55.982635 | r:    -2.000000 | e:   0.300000 | Q:   0.109494 | won: True 
#  491 | steps:  7296 | steps_t:  7263 | t: 56.101039 | r:    -2.000000 | e:   0.300000 | Q:   0.109494 | won: True 
#  492 | steps:  7306 | steps_t:  7273 | t: 56.131691 | r:    -2.000000 | e:   0.300000 | Q:   0.109494 | won: True 
#  493 | steps:  7312 | steps_t:  7279 | t: 56.149960 | r:    -2.000000 | e:   0.300000 | Q:   0.109494 | won: True 
#  494 | steps:  7318 | steps_t:  7285 | t: 56.170153 | r:    -2.000000 | e:   0.300000 | Q:   0.109494 | won: True 
#  495 | steps:  7327 | steps_t:  7294 | t: 56.204216 | r:    -2.000000 | e:   0.300000 | Q:   0.109494 | won: True 
#  496 | steps:  7339 | steps_t:  7306 | t: 56.251331 | r:    -2.000000 | e:   0.300000 | Q:   0.109494 | won: True 
#  497 | steps:  7355 | steps_t:  7322 | t: 56.297563 | r:    -2.000000 | e:   0.300000 | Q:   0.109494 | won: True 
#  498 | steps:  7360 | steps_t:  7327 | t: 56.399319 | r:    -2.000000 | e:   0.300000 | Q:   0.109494 | won: True 
#  499 | steps:  7371 | steps_t:  7338 | t: 56.518007 | r:     2.000000 | e:   0.300000 | Q:   0.109494 | won: True 
#  500 | steps:  7384 | steps_t:  7351 | t: 56.814545 | r:    -2.000000 | e:   0.300000 | Q:   0.109494 | won: True 
#  501 | steps:  7393 | steps_t:  7360 | t: 56.844501 | r:    -2.000000 | e:   0.300000 | Q:   0.109494 | won: True 
#  502 | steps:  7408 | steps_t:  7375 | t: 56.898041 | r:    -2.000000 | e:   0.300000 | Q:   0.109494 | won: True 
#  503 | steps:  7424 | steps_t:  7391 | t: 57.044846 | r:    -2.000000 | e:   0.300000 | Q:   0.109494 | won: True 
#  504 | steps:  7430 | steps_t:  7397 | t: 57.145763 | r:    -2.000000 | e:   0.300000 | Q:   0.109494 | won: True 
#  505 | steps:  7440 | steps_t:  7407 | t: 57.261511 | r:    -2.000000 | e:   0.300000 | Q:   0.109494 | won: True 
#  506 | steps:  7448 | steps_t:  7415 | t: 57.286446 | r:    -2.000000 | e:   0.300000 | Q:   0.109494 | won: True 
#  507 | steps:  7466 | steps_t:  7433 | t: 57.425645 | r:    -2.000000 | e:   0.300000 | Q:   0.109494 | won: True 
#  508 | steps:  7472 | steps_t:  7439 | t: 57.443961 | r:    -2.000000 | e:   0.300000 | Q:   0.109494 | won: True 
#  509 | steps:  7487 | steps_t:  7454 | t: 57.583672 | r:    -2.000000 | e:   0.300000 | Q:   0.109494 | won: True 
#  510 | steps:  7509 | steps_t:  7476 | t: 57.909785 | r:    -2.000000 | e:   0.300000 | Q:   0.109494 | won: True 
#  511 | steps:  7517 | steps_t:  7484 | t: 58.022551 | r:    -2.000000 | e:   0.300000 | Q:   0.109494 | won: True 
#  512 | steps:  7529 | steps_t:  7496 | t: 58.058307 | r:    -2.000000 | e:   0.300000 | Q:   0.109494 | won: True 
#  513 | steps:  7547 | steps_t:  7514 | t: 58.196850 | r:    -2.000000 | e:   0.300000 | Q:   0.109494 | won: True 
#  514 | steps:  7553 | steps_t:  7520 | t: 58.215505 | r:    -2.000000 | e:   0.300000 | Q:   0.109494 | won: True 
#  515 | steps:  7559 | steps_t:  7526 | t: 58.320624 | r:    -2.000000 | e:   0.300000 | Q:   0.109494 | won: True 
#  516 | steps:  7569 | steps_t:  7536 | t: 58.442388 | r:    -2.000000 | e:   0.300000 | Q:   0.109494 | won: True 
#  517 | steps:  7582 | steps_t:  7549 | t: 58.578261 | r:    -2.000000 | e:   0.300000 | Q:   0.109494 | won: True 
#  518 | steps:  7595 | steps_t:  7562 | t: 58.623355 | r:    -2.000000 | e:   0.300000 | Q:   0.109494 | won: True 
#  519 | steps:  7621 | steps_t:  7588 | t: 58.803166 | r:    -2.000000 | e:   0.300000 | Q:   0.109494 | won: True 
#  520 | steps:  7651 | steps_t:  7618 | t: 59.193157 | r:    -2.000000 | e:   0.300000 | Q:   0.109494 | won: True 
#  521 | steps:  7658 | steps_t:  7625 | t: 59.324983 | r:    -2.000000 | e:   0.300000 | Q:   0.109494 | won: True 
#  522 | steps:  7665 | steps_t:  7632 | t: 59.350554 | r:    -2.000000 | e:   0.300000 | Q:   0.109494 | won: True 
#  523 | steps:  7677 | steps_t:  7644 | t: 59.642258 | r:    -2.000000 | e:   0.300000 | Q:   0.109494 | won: True 
#  524 | steps:  7688 | steps_t:  7655 | t: 59.685061 | r:    -2.000000 | e:   0.300000 | Q:   0.109494 | won: True 
#  525 | steps:  7695 | steps_t:  7662 | t: 59.709196 | r:    -2.000000 | e:   0.300000 | Q:   0.109494 | won: True 
#  526 | steps:  7705 | steps_t:  7672 | t: 59.746211 | r:    -2.000000 | e:   0.300000 | Q:   0.109494 | won: True 
#  527 | steps:  7740 | steps_t:  7707 | t: 60.207573 | r:    -2.000000 | e:   0.300000 | Q:   0.109494 | won: True 
#  528 | steps:  7752 | steps_t:  7719 | t: 60.247385 | r:    -2.000000 | e:   0.300000 | Q:   0.109494 | won: True 
#  529 | steps:  7769 | steps_t:  7736 | t: 60.393728 | r:    -2.000000 | e:   0.300000 | Q:   0.109494 | won: True 
#  530 | steps:  7774 | steps_t:  7741 | t: 60.413784 | r:    -2.000000 | e:   0.300000 | Q:   0.109494 | won: True 
#  531 | steps:  7792 | steps_t:  7759 | t: 60.483624 | r:     2.000000 | e:   0.300000 | Q:   0.109494 | won: True 
#  532 | steps:  7806 | steps_t:  7773 | t: 60.532630 | r:    -2.000000 | e:   0.300000 | Q:   0.109494 | won: True 
#  533 | steps:  7820 | steps_t:  7787 | t: 60.576670 | r:    -2.000000 | e:   0.300000 | Q:   0.109494 | won: True 
#  534 | steps:  7830 | steps_t:  7797 | t: 60.609568 | r:     2.000000 | e:   0.300000 | Q:   0.109494 | won: True 
#  535 | steps:  7846 | steps_t:  7813 | t: 60.841992 | r:    -2.000000 | e:   0.300000 | Q:   0.109494 | won: True 
#  536 | steps:  7853 | steps_t:  7820 | t: 60.863593 | r:    -2.000000 | e:   0.300000 | Q:   0.109494 | won: True 
#  537 | steps:  7864 | steps_t:  7831 | t: 61.072680 | r:    -2.000000 | e:   0.300000 | Q:   0.109494 | won: True 
#  538 | steps:  7885 | steps_t:  7852 | t: 61.145618 | r:    -2.000000 | e:   0.300000 | Q:   0.109494 | won: True 
#  539 | steps:  7892 | steps_t:  7859 | t: 61.250297 | r:    -2.000000 | e:   0.300000 | Q:   0.109494 | won: True 
#  540 | steps:  7900 | steps_t:  7867 | t: 61.281255 | r:    -2.000000 | e:   0.300000 | Q:   0.109494 | won: True 
#  541 | steps:  7915 | steps_t:  7882 | t: 61.336461 | r:    -2.000000 | e:   0.300000 | Q:   0.109494 | won: True 
#  542 | steps:  7927 | steps_t:  7894 | t: 61.377524 | r:     2.000000 | e:   0.300000 | Q:   0.109494 | won: True 
#  543 | steps:  7933 | steps_t:  7900 | t: 61.396412 | r:    -2.000000 | e:   0.300000 | Q:   0.109494 | won: True 
#  544 | steps:  7940 | steps_t:  7907 | t: 61.419629 | r:     2.000000 | e:   0.300000 | Q:   0.109494 | won: True 
#  545 | steps:  7945 | steps_t:  7912 | t: 61.436857 | r:    -2.000000 | e:   0.300000 | Q:   0.109494 | won: True 
#  546 | steps:  7950 | steps_t:  7917 | t: 61.453566 | r:    -2.000000 | e:   0.300000 | Q:   0.109494 | won: True 
#  547 | steps:  7955 | steps_t:  7922 | t: 61.472114 | r:    -2.000000 | e:   0.300000 | Q:   0.109494 | won: True 
#  548 | steps:  7961 | steps_t:  7928 | t: 61.493365 | r:    -2.000000 | e:   0.300000 | Q:   0.109494 | won: True 
#  549 | steps:  7975 | steps_t:  7942 | t: 61.633403 | r:    -2.000000 | e:   0.300000 | Q:   0.109494 | won: True 
#  550 | steps:  7992 | steps_t:  7959 | t: 61.846865 | r:    -2.000000 | e:   0.300000 | Q:   0.109494 | won: True 
#  551 | steps:  8013 | steps_t:  7980 | t: 62.007834 | r:     2.000000 | e:   0.300000 | Q:   0.109494 | won: True 
#  552 | steps:  8022 | steps_t:  7989 | t: 62.036520 | r:    -2.000000 | e:   0.300000 | Q:   0.109494 | won: True 
#  553 | steps:  8034 | steps_t:  8001 | t: 62.079778 | r:    -2.000000 | e:   0.300000 | Q:   0.109494 | won: True 
#  554 | steps:  8039 | steps_t:  8006 | t: 62.096545 | r:    -2.000000 | e:   0.300000 | Q:   0.109494 | won: True 
#  555 | steps:  8054 | steps_t:  8021 | t: 62.231720 | r:     2.000000 | e:   0.300000 | Q:   0.109494 | won: True 
#  556 | steps:  8060 | steps_t:  8027 | t: 62.250822 | r:    -2.000000 | e:   0.300000 | Q:   0.109494 | won: True 
#  557 | steps:  8067 | steps_t:  8034 | t: 62.273450 | r:    -2.000000 | e:   0.300000 | Q:   0.109494 | won: True 
#  558 | steps:  8076 | steps_t:  8043 | t: 62.306998 | r:    -2.000000 | e:   0.300000 | Q:   0.109494 | won: True 
#  559 | steps:  8083 | steps_t:  8050 | t: 62.332513 | r:     2.000000 | e:   0.300000 | Q:   0.109494 | won: True 
#  560 | steps:  8093 | steps_t:  8060 | t: 62.447199 | r:    -2.000000 | e:   0.300000 | Q:   0.109494 | won: True 
#  561 | steps:  8108 | steps_t:  8075 | t: 62.496706 | r:    -2.000000 | e:   0.300000 | Q:   0.109494 | won: True 
#  562 | steps:  8117 | steps_t:  8084 | t: 62.609516 | r:    -2.000000 | e:   0.300000 | Q:   0.109494 | won: True 
#  563 | steps:  8125 | steps_t:  8092 | t: 62.645262 | r:    -2.000000 | e:   0.300000 | Q:   0.109494 | won: True 
#  564 | steps:  8140 | steps_t:  8107 | t: 62.856281 | r:    -2.000000 | e:   0.300000 | Q:   0.109494 | won: True 
#  565 | steps:  8152 | steps_t:  8119 | t: 62.895398 | r:    -2.000000 | e:   0.300000 | Q:   0.109494 | won: True 
#  566 | steps:  8161 | steps_t:  8128 | t: 62.924855 | r:    -2.000000 | e:   0.300000 | Q:   0.109494 | won: True 
#  567 | steps:  8167 | steps_t:  8134 | t: 62.946369 | r:    -2.000000 | e:   0.300000 | Q:   0.109494 | won: True 
#  568 | steps:  8176 | steps_t:  8143 | t: 62.978664 | r:     2.000000 | e:   0.300000 | Q:   0.109494 | won: True 
#  569 | steps:  8186 | steps_t:  8153 | t: 63.093600 | r:    -2.000000 | e:   0.300000 | Q:   0.109494 | won: True 
#  570 | steps:  8191 | steps_t:  8158 | t: 63.202176 | r:    -2.000000 | e:   0.300000 | Q:   0.109494 | won: True 
#  571 | steps:  8207 | steps_t:  8174 | t: 63.343886 | r:    -2.000000 | e:   0.300000 | Q:   0.109494 | won: True 
#  572 | steps:  8214 | steps_t:  8181 | t: 63.450372 | r:     2.000000 | e:   0.300000 | Q:   0.109494 | won: True 
#  573 | steps:  8223 | steps_t:  8190 | t: 63.567126 | r:    -2.000000 | e:   0.300000 | Q:   0.109494 | won: True 
#  574 | steps:  8230 | steps_t:  8197 | t: 63.589876 | r:    -2.000000 | e:   0.300000 | Q:   0.109494 | won: True 
#  575 | steps:  8246 | steps_t:  8213 | t: 63.730398 | r:    -2.000000 | e:   0.300000 | Q:   0.109494 | won: True 
#  576 | steps:  8257 | steps_t:  8224 | t: 63.849592 | r:     2.000000 | e:   0.300000 | Q:   0.109494 | won: True 
#  577 | steps:  8265 | steps_t:  8232 | t: 63.872988 | r:    -2.000000 | e:   0.300000 | Q:   0.109494 | won: True 
#  578 | steps:  8281 | steps_t:  8248 | t: 63.934253 | r:    -2.000000 | e:   0.300000 | Q:   0.109494 | won: True 
#  579 | steps:  8290 | steps_t:  8257 | t: 63.966631 | r:    -2.000000 | e:   0.300000 | Q:   0.109494 | won: True 
#  580 | steps:  8302 | steps_t:  8269 | t: 64.008075 | r:    -2.000000 | e:   0.300000 | Q:   0.109494 | won: True 
#  581 | steps:  8314 | steps_t:  8281 | t: 64.134838 | r:    -2.000000 | e:   0.300000 | Q:   0.109494 | won: True 
#  582 | steps:  8321 | steps_t:  8288 | t: 64.163640 | r:    -2.000000 | e:   0.300000 | Q:   0.109494 | won: True 
#  583 | steps:  8349 | steps_t:  8316 | t: 64.337439 | r:    -2.000000 | e:   0.300000 | Q:   0.109494 | won: True 
#  584 | steps:  8371 | steps_t:  8338 | t: 64.573135 | r:     2.000000 | e:   0.300000 | Q:   0.109494 | won: True 
#  585 | steps:  8390 | steps_t:  8357 | t: 64.809192 | r:    -2.000000 | e:   0.300000 | Q:   0.109494 | won: True 
#  586 | steps:  8400 | steps_t:  8367 | t: 64.841908 | r:    -2.000000 | e:   0.300000 | Q:   0.109494 | won: True 
#  587 | steps:  8414 | steps_t:  8381 | t: 65.051332 | r:    -2.000000 | e:   0.300000 | Q:   0.109494 | won: True 
#  588 | steps:  8423 | steps_t:  8390 | t: 65.163337 | r:    -2.000000 | e:   0.300000 | Q:   0.109494 | won: True 
#  589 | steps:  8430 | steps_t:  8397 | t: 65.185473 | r:    -2.000000 | e:   0.300000 | Q:   0.109494 | won: True 
#  590 | steps:  8436 | steps_t:  8403 | t: 65.291594 | r:     2.000000 | e:   0.300000 | Q:   0.109494 | won: True 
#  591 | steps:  8443 | steps_t:  8410 | t: 65.393224 | r:    -2.000000 | e:   0.300000 | Q:   0.109494 | won: True 
#  592 | steps:  8461 | steps_t:  8428 | t: 65.459463 | r:    -2.000000 | e:   0.300000 | Q:   0.109494 | won: True 
#  593 | steps:  8468 | steps_t:  8435 | t: 65.563834 | r:    -2.000000 | e:   0.300000 | Q:   0.109494 | won: True 
#  594 | steps:  8486 | steps_t:  8453 | t: 65.803960 | r:    -2.000000 | e:   0.300000 | Q:   0.109494 | won: True 
#  595 | steps:  8496 | steps_t:  8463 | t: 65.915996 | r:     2.000000 | e:   0.300000 | Q:   0.109494 | won: True 
#  596 | steps:  8517 | steps_t:  8484 | t: 65.994222 | r:    -2.000000 | e:   0.300000 | Q:   0.109494 | won: True 
#  597 | steps:  8537 | steps_t:  8504 | t: 66.072599 | r:    -2.000000 | e:   0.300000 | Q:   0.109494 | won: True 
#  598 | steps:  8551 | steps_t:  8518 | t: 66.201105 | r:    -2.000000 | e:   0.300000 | Q:   0.109494 | won: True 
#  599 | steps:  8575 | steps_t:  8542 | t: 66.530522 | r:    -2.000000 | e:   0.300000 | Q:   0.109494 | won: True 
#  600 | steps:  8585 | steps_t:  8552 | t: 66.644751 | r:     2.000000 | e:   0.300000 | Q:   0.109494 | won: True 
#  601 | steps:  8595 | steps_t:  8562 | t: 66.767300 | r:    -2.000000 | e:   0.300000 | Q:   0.109494 | won: True 
#  602 | steps:  8600 | steps_t:  8567 | t: 66.865483 | r:    -2.000000 | e:   0.300000 | Q:   0.109494 | won: True 
#  603 | steps:  8605 | steps_t:  8572 | t: 66.886833 | r:    -2.000000 | e:   0.300000 | Q:   0.109494 | won: True 
#  604 | steps:  8621 | steps_t:  8588 | t: 67.193841 | r:    -2.000000 | e:   0.300000 | Q:   0.109494 | won: True 
#  605 | steps:  8631 | steps_t:  8598 | t: 67.231733 | r:    -2.000000 | e:   0.300000 | Q:   0.109494 | won: True 
#  606 | steps:  8641 | steps_t:  8608 | t: 67.511224 | r:     2.000000 | e:   0.300000 | Q:   0.109494 | won: True 
#  607 | steps:  8652 | steps_t:  8619 | t: 67.635301 | r:    -2.000000 | e:   0.300000 | Q:   0.109494 | won: True 
#  608 | steps:  8658 | steps_t:  8625 | t: 67.653982 | r:    -2.000000 | e:   0.300000 | Q:   0.109494 | won: True 
#  609 | steps:  8664 | steps_t:  8631 | t: 67.675962 | r:    -2.000000 | e:   0.300000 | Q:   0.109494 | won: True 
#  610 | steps:  8674 | steps_t:  8641 | t: 67.796884 | r:    -2.000000 | e:   0.300000 | Q:   0.109494 | won: True 
#  611 | steps:  8684 | steps_t:  8651 | t: 67.827388 | r:    -2.000000 | e:   0.300000 | Q:   0.109494 | won: True 
#  612 | steps:  8713 | steps_t:  8680 | t: 68.084856 | r:    -2.000000 | e:   0.300000 | Q:   0.109494 | won: True 
#  613 | steps:  8735 | steps_t:  8702 | t: 68.402520 | r:    -2.000000 | e:   0.300000 | Q:   0.109494 | won: True 
#  614 | steps:  8743 | steps_t:  8710 | t: 68.506038 | r:    -2.000000 | e:   0.300000 | Q:   0.109494 | won: True 
#  615 | steps:  8751 | steps_t:  8718 | t: 68.622232 | r:    -2.000000 | e:   0.300000 | Q:   0.109494 | won: True 
#  616 | steps:  8775 | steps_t:  8742 | t: 68.866550 | r:    -2.000000 | e:   0.300000 | Q:   0.109494 | won: True 
#  617 | steps:  8782 | steps_t:  8749 | t: 68.886992 | r:    -2.000000 | e:   0.300000 | Q:   0.109494 | won: True 
#  618 | steps:  8796 | steps_t:  8763 | t: 68.941985 | r:     2.000000 | e:   0.300000 | Q:   0.109494 | won: True 
#  619 | steps:  8811 | steps_t:  8778 | t: 68.998653 | r:    -2.000000 | e:   0.300000 | Q:   0.109494 | won: True 
#  620 | steps:  8823 | steps_t:  8790 | t: 69.122667 | r:    -2.000000 | e:   0.300000 | Q:   0.109494 | won: True 
#  621 | steps:  8831 | steps_t:  8798 | t: 69.151657 | r:    -2.000000 | e:   0.300000 | Q:   0.109494 | won: True 
#  622 | steps:  8845 | steps_t:  8812 | t: 69.285903 | r:    -2.000000 | e:   0.300000 | Q:   0.109494 | won: True 
#  623 | steps:  8876 | steps_t:  8843 | t: 69.472919 | r:    -2.000000 | e:   0.300000 | Q:   0.109494 | won: True 
#  624 | steps:  8883 | steps_t:  8850 | t: 69.577751 | r:     2.000000 | e:   0.300000 | Q:   0.109494 | won: True 
#  625 | steps:  8888 | steps_t:  8855 | t: 69.594844 | r:    -2.000000 | e:   0.300000 | Q:   0.109494 | won: True 
#  626 | steps:  8899 | steps_t:  8866 | t: 69.715501 | r:    -2.000000 | e:   0.300000 | Q:   0.109494 | won: True 
#  627 | steps:  8906 | steps_t:  8873 | t: 69.739829 | r:    -2.000000 | e:   0.300000 | Q:   0.109494 | won: True 
#  628 | steps:  8912 | steps_t:  8879 | t: 69.758952 | r:    -2.000000 | e:   0.300000 | Q:   0.109494 | won: True 
#  629 | steps:  8939 | steps_t:  8906 | t: 69.942094 | r:    -2.000000 | e:   0.300000 | Q:   0.109494 | won: True 
#  630 | steps:  8945 | steps_t:  8912 | t: 69.965020 | r:    -2.000000 | e:   0.300000 | Q:   0.109494 | won: True 
#  631 | steps:  8958 | steps_t:  8925 | t: 70.009413 | r:    -2.000000 | e:   0.300000 | Q:   0.109494 | won: True 
#  632 | steps:  8965 | steps_t:  8932 | t: 70.032385 | r:    -2.000000 | e:   0.300000 | Q:   0.109494 | won: True 
#  633 | steps:  8982 | steps_t:  8949 | t: 70.088518 | r:    -2.000000 | e:   0.300000 | Q:   0.109494 | won: True 
#  634 | steps:  9007 | steps_t:  8974 | t: 70.191275 | r:    -2.000000 | e:   0.300000 | Q:   0.109494 | won: True 
#  635 | steps:  9012 | steps_t:  8979 | t: 70.290445 | r:    -2.000000 | e:   0.300000 | Q:   0.109494 | won: True 
#  636 | steps:  9044 | steps_t:  9011 | t: 70.559269 | r:    -2.000000 | e:   0.300000 | Q:   0.109494 | won: True 
#  637 | steps:  9060 | steps_t:  9027 | t: 70.693163 | r:    -2.000000 | e:   0.300000 | Q:   0.109494 | won: True 
#  638 | steps:  9067 | steps_t:  9034 | t: 70.715152 | r:    -2.000000 | e:   0.300000 | Q:   0.109494 | won: True 
#  639 | steps:  9081 | steps_t:  9048 | t: 71.018731 | r:    -2.000000 | e:   0.300000 | Q:   0.109494 | won: True 
#  640 | steps:  9093 | steps_t:  9060 | t: 71.138083 | r:    -2.000000 | e:   0.300000 | Q:   0.109494 | won: True 
#  641 | steps:  9099 | steps_t:  9066 | t: 71.156821 | r:    -2.000000 | e:   0.300000 | Q:   0.109494 | won: True 
#  642 | steps:  9111 | steps_t:  9078 | t: 71.206826 | r:    -2.000000 | e:   0.300000 | Q:   0.109494 | won: True 
#  643 | steps:  9116 | steps_t:  9083 | t: 71.227126 | r:    -2.000000 | e:   0.300000 | Q:   0.109494 | won: True 
#  644 | steps:  9136 | steps_t:  9103 | t: 71.376092 | r:    -2.000000 | e:   0.300000 | Q:   0.109494 | won: True 
#  645 | steps:  9143 | steps_t:  9110 | t: 71.400108 | r:    -2.000000 | e:   0.300000 | Q:   0.109494 | won: True 
#  646 | steps:  9154 | steps_t:  9121 | t: 71.603454 | r:    -2.000000 | e:   0.300000 | Q:   0.109494 | won: True 
#  647 | steps:  9172 | steps_t:  9139 | t: 71.749615 | r:    -2.000000 | e:   0.300000 | Q:   0.109494 | won: True 
#  648 | steps:  9183 | steps_t:  9150 | t: 71.782687 | r:    -2.000000 | e:   0.300000 | Q:   0.109494 | won: True 
#  649 | steps:  9189 | steps_t:  9156 | t: 71.802512 | r:    -2.000000 | e:   0.300000 | Q:   0.109494 | won: True 
#  650 | steps:  9203 | steps_t:  9170 | t: 71.852878 | r:    -2.000000 | e:   0.300000 | Q:   0.109494 | won: True 
#  651 | steps:  9224 | steps_t:  9191 | t: 72.089016 | r:    -2.000000 | e:   0.300000 | Q:   0.109494 | won: True 
#  652 | steps:  9235 | steps_t:  9202 | t: 72.207291 | r:    -2.000000 | e:   0.300000 | Q:   0.109494 | won: True 
#  653 | steps:  9258 | steps_t:  9225 | t: 72.544261 | r:     2.000000 | e:   0.300000 | Q:   0.109494 | won: True 
#  654 | steps:  9267 | steps_t:  9234 | t: 72.574874 | r:    -2.000000 | e:   0.300000 | Q:   0.109494 | won: True 
#  655 | steps:  9274 | steps_t:  9241 | t: 72.683108 | r:    -2.000000 | e:   0.300000 | Q:   0.109494 | won: True 
#  656 | steps:  9285 | steps_t:  9252 | t: 72.802882 | r:    -2.000000 | e:   0.300000 | Q:   0.109494 | won: True 
#  657 | steps:  9290 | steps_t:  9257 | t: 72.820717 | r:    -2.000000 | e:   0.300000 | Q:   0.109494 | won: True 
#  658 | steps:  9306 | steps_t:  9273 | t: 72.881796 | r:     2.000000 | e:   0.300000 | Q:   0.109494 | won: True 
#  659 | steps:  9312 | steps_t:  9279 | t: 72.988263 | r:    -2.000000 | e:   0.300000 | Q:   0.109494 | won: True 
#  660 | steps:  9318 | steps_t:  9285 | t: 73.008975 | r:    -2.000000 | e:   0.300000 | Q:   0.109494 | won: True 
#  661 | steps:  9336 | steps_t:  9303 | t: 73.073324 | r:    -2.000000 | e:   0.300000 | Q:   0.109494 | won: True 
#  662 | steps:  9353 | steps_t:  9320 | t: 73.220600 | r:    -2.000000 | e:   0.300000 | Q:   0.109494 | won: True 
#  663 | steps:  9361 | steps_t:  9328 | t: 73.337306 | r:    -2.000000 | e:   0.300000 | Q:   0.109494 | won: True 
#  664 | steps:  9395 | steps_t:  9362 | t: 73.714237 | r:    -2.000000 | e:   0.300000 | Q:   0.109494 | won: True 
#  665 | steps:  9409 | steps_t:  9376 | t: 74.014275 | r:     2.000000 | e:   0.300000 | Q:   0.109494 | won: True 
#  666 | steps:  9420 | steps_t:  9387 | t: 74.134047 | r:    -2.000000 | e:   0.300000 | Q:   0.109494 | won: True 
#  667 | steps:  9427 | steps_t:  9394 | t: 74.238470 | r:    -2.000000 | e:   0.300000 | Q:   0.109494 | won: True 
#  668 | steps:  9433 | steps_t:  9400 | t: 74.255980 | r:    -2.000000 | e:   0.300000 | Q:   0.109494 | won: True 
#  669 | steps:  9438 | steps_t:  9405 | t: 74.272889 | r:    -2.000000 | e:   0.300000 | Q:   0.109494 | won: True 
#  670 | steps:  9445 | steps_t:  9412 | t: 74.296788 | r:    -2.000000 | e:   0.300000 | Q:   0.109494 | won: True 
#  671 | steps:  9459 | steps_t:  9426 | t: 74.426872 | r:    -2.000000 | e:   0.300000 | Q:   0.109494 | won: True 
#  672 | steps:  9465 | steps_t:  9432 | t: 74.448844 | r:    -2.000000 | e:   0.300000 | Q:   0.109494 | won: True 
#  673 | steps:  9482 | steps_t:  9449 | t: 74.509608 | r:    -2.000000 | e:   0.300000 | Q:   0.109494 | won: True 
#  674 | steps:  9490 | steps_t:  9457 | t: 74.538154 | r:    -2.000000 | e:   0.300000 | Q:   0.109494 | won: True 
#  675 | steps:  9498 | steps_t:  9465 | t: 74.830917 | r:     2.000000 | e:   0.300000 | Q:   0.109494 | won: True 
#  676 | steps:  9512 | steps_t:  9479 | t: 75.002133 | r:    -2.000000 | e:   0.300000 | Q:   0.109494 | won: True 
#  677 | steps:  9539 | steps_t:  9506 | t: 75.100748 | r:    -2.000000 | e:   0.300000 | Q:   0.109494 | won: True 
#  678 | steps:  9562 | steps_t:  9529 | t: 75.370562 | r:    -2.000000 | e:   0.300000 | Q:   0.109494 | won: True 
#  679 | steps:  9582 | steps_t:  9549 | t: 75.561977 | r:    -2.000000 | e:   0.300000 | Q:   0.109494 | won: True 
#  680 | steps:  9599 | steps_t:  9566 | t: 75.785355 | r:    -2.000000 | e:   0.300000 | Q:   0.109494 | won: True 
#  681 | steps:  9607 | steps_t:  9574 | t: 75.809803 | r:    -2.000000 | e:   0.300000 | Q:   0.109494 | won: True 
#  682 | steps:  9621 | steps_t:  9588 | t: 75.949273 | r:     2.000000 | e:   0.300000 | Q:   0.109494 | won: True 
#  683 | steps:  9636 | steps_t:  9603 | t: 76.104621 | r:     2.000000 | e:   0.300000 | Q:   0.109494 | won: True 
#  684 | steps:  9652 | steps_t:  9619 | t: 76.415381 | r:    -2.000000 | e:   0.300000 | Q:   0.109494 | won: True 
#  685 | steps:  9666 | steps_t:  9633 | t: 76.462173 | r:    -2.000000 | e:   0.300000 | Q:   0.109494 | won: True 
#  686 | steps:  9677 | steps_t:  9644 | t: 76.581387 | r:    -2.000000 | e:   0.300000 | Q:   0.109494 | won: True 
#  687 | steps:  9689 | steps_t:  9656 | t: 76.632952 | r:     2.000000 | e:   0.300000 | Q:   0.109494 | won: True 
#  688 | steps:  9697 | steps_t:  9664 | t: 76.665167 | r:     2.000000 | e:   0.300000 | Q:   0.109494 | won: True 
#  689 | steps:  9717 | steps_t:  9684 | t: 77.103265 | r:    -2.000000 | e:   0.300000 | Q:   0.109494 | won: True 
#  690 | steps:  9732 | steps_t:  9699 | t: 77.276127 | r:    -2.000000 | e:   0.300000 | Q:   0.109494 | won: True 
#  691 | steps:  9742 | steps_t:  9709 | t: 77.494822 | r:    -2.000000 | e:   0.300000 | Q:   0.109494 | won: True 
#  692 | steps:  9765 | steps_t:  9732 | t: 77.607884 | r:    -2.000000 | e:   0.300000 | Q:   0.109494 | won: True 
#  693 | steps:  9776 | steps_t:  9743 | t: 77.651011 | r:    -2.000000 | e:   0.300000 | Q:   0.109494 | won: True 
#  694 | steps:  9782 | steps_t:  9749 | t: 77.768863 | r:     2.000000 | e:   0.300000 | Q:   0.109494 | won: True 
#  695 | steps:  9793 | steps_t:  9760 | t: 77.824128 | r:    -2.000000 | e:   0.300000 | Q:   0.109494 | won: True 
#  696 | steps:  9824 | steps_t:  9791 | t: 78.079394 | r:    -2.000000 | e:   0.300000 | Q:   0.109494 | won: True 
#  697 | steps:  9832 | steps_t:  9799 | t: 78.128091 | r:    -2.000000 | e:   0.300000 | Q:   0.109494 | won: True 
#  698 | steps:  9842 | steps_t:  9809 | t: 78.457007 | r:    -2.000000 | e:   0.300000 | Q:   0.109494 | won: True 
#  699 | steps:  9853 | steps_t:  9820 | t: 78.505966 | r:    -2.000000 | e:   0.300000 | Q:   0.109494 | won: True 
#  700 | steps:  9883 | steps_t:  9850 | t: 78.867846 | r:    -2.000000 | e:   0.300000 | Q:   0.109494 | won: True 
#  701 | steps:  9899 | steps_t:  9866 | t: 79.095201 | r:    -2.000000 | e:   0.300000 | Q:   0.109494 | won: True 
#  702 | steps:  9912 | steps_t:  9879 | t: 79.134421 | r:    -2.000000 | e:   0.300000 | Q:   0.109494 | won: True 
#  703 | steps:  9931 | steps_t:  9898 | t: 79.205283 | r:    -2.000000 | e:   0.300000 | Q:   0.109494 | won: True 
#  704 | steps:  9958 | steps_t:  9925 | t: 79.456515 | r:    -2.000000 | e:   0.300000 | Q:   0.109494 | won: True 
#  705 | steps:  9968 | steps_t:  9935 | t: 79.524598 | r:     2.000000 | e:   0.300000 | Q:   0.109494 | won: True 
#  706 | steps:  9979 | steps_t:  9946 | t: 79.777748 | r:    -2.000000 | e:   0.300000 | Q:   0.109494 | won: True 
#  707 | steps:  9985 | steps_t:  9952 | t: 79.800473 | r:    -2.000000 | e:   0.300000 | Q:   0.109494 | won: True 
#  708 | steps: 10000 | steps_t:  9967 | t: 79.931936 | r:     2.000000 | e:   0.300000 | Q:   0.109494 | won: True 
#  709 | steps: 10006 | steps_t:  9973 | t: 79.950011 | r:    -2.000000 | e:   0.300000 | Q:   0.109494 | won: True 
#  710 | steps: 10022 | steps_t:  9989 | t: 80.088595 | r:    -2.000000 | e:   0.300000 | Q:   0.109494 | won: True 
#  711 | steps: 10031 | steps_t:  9998 | t: 80.203556 | r:    -2.000000 | e:   0.300000 | Q:   0.109494 | won: True 
#  712 | steps: 10038 | steps_t: 10005 | t: 80.231335 | r:    -2.000000 | e:   0.300000 | Q:   0.109494 | won: True 
#  713 | steps: 10046 | steps_t: 10013 | t: 80.343973 | r:    -2.000000 | e:   0.300000 | Q:   0.109494 | won: True 
#  714 | steps: 10055 | steps_t: 10022 | t: 80.376796 | r:    -2.000000 | e:   0.300000 | Q:   0.109494 | won: True 
#  715 | steps: 10071 | steps_t: 10038 | t: 80.685853 | r:     2.000000 | e:   0.300000 | Q:   0.109494 | won: True 
#  716 | steps: 10084 | steps_t: 10051 | t: 80.726787 | r:    -2.000000 | e:   0.300000 | Q:   0.109494 | won: True 
#  717 | steps: 10096 | steps_t: 10063 | t: 80.765143 | r:    -2.000000 | e:   0.300000 | Q:   0.109494 | won: True 
#  718 | steps: 10104 | steps_t: 10071 | t: 80.871830 | r:    -2.000000 | e:   0.300000 | Q:   0.109494 | won: True 
#  719 | steps: 10112 | steps_t: 10079 | t: 80.901404 | r:    -2.000000 | e:   0.300000 | Q:   0.109494 | won: True 
#  720 | steps: 10119 | steps_t: 10086 | t: 80.924992 | r:     2.000000 | e:   0.300000 | Q:   0.109494 | won: True 
#  721 | steps: 10126 | steps_t: 10093 | t: 81.111495 | r:    -2.000000 | e:   0.300000 | Q:   0.109494 | won: True 
#  722 | steps: 10141 | steps_t: 10108 | t: 81.166535 | r:    -2.000000 | e:   0.300000 | Q:   0.109494 | won: True 
#  723 | steps: 10151 | steps_t: 10118 | t: 81.288734 | r:    -2.000000 | e:   0.300000 | Q:   0.109494 | won: True 
#  724 | steps: 10160 | steps_t: 10127 | t: 81.406789 | r:     2.000000 | e:   0.300000 | Q:   0.109494 | won: True 
#  725 | steps: 10175 | steps_t: 10142 | t: 81.464793 | r:    -2.000000 | e:   0.300000 | Q:   0.109494 | won: True 
#  726 | steps: 10191 | steps_t: 10158 | t: 81.607757 | r:    -2.000000 | e:   0.300000 | Q:   0.109494 | won: True 
#  727 | steps: 10197 | steps_t: 10164 | t: 81.626251 | r:    -2.000000 | e:   0.300000 | Q:   0.109494 | won: True 
#  728 | steps: 10214 | steps_t: 10181 | t: 81.683290 | r:    -2.000000 | e:   0.300000 | Q:   0.109494 | won: True 
#  729 | steps: 10225 | steps_t: 10192 | t: 81.889093 | r:    -2.000000 | e:   0.300000 | Q:   0.109494 | won: True 
#  730 | steps: 10246 | steps_t: 10213 | t: 82.038852 | r:    -2.000000 | e:   0.300000 | Q:   0.109494 | won: True 
#  731 | steps: 10255 | steps_t: 10222 | t: 82.238909 | r:    -2.000000 | e:   0.300000 | Q:   0.109494 | won: True 
#  732 | steps: 10261 | steps_t: 10228 | t: 82.340945 | r:    -2.000000 | e:   0.300000 | Q:   0.109494 | won: True 
#  733 | steps: 10272 | steps_t: 10239 | t: 82.377794 | r:     2.000000 | e:   0.300000 | Q:   0.109494 | won: True 
#  734 | steps: 10281 | steps_t: 10248 | t: 82.411853 | r:    -2.000000 | e:   0.300000 | Q:   0.109494 | won: True 
#  735 | steps: 10287 | steps_t: 10254 | t: 82.431497 | r:    -2.000000 | e:   0.300000 | Q:   0.109494 | won: True 
#  736 | steps: 10294 | steps_t: 10261 | t: 82.534792 | r:    -2.000000 | e:   0.300000 | Q:   0.109494 | won: True 
#  737 | steps: 10311 | steps_t: 10278 | t: 82.680969 | r:    -2.000000 | e:   0.300000 | Q:   0.109494 | won: True 
#  738 | steps: 10324 | steps_t: 10291 | t: 82.811820 | r:    -2.000000 | e:   0.300000 | Q:   0.109494 | won: True 
#  739 | steps: 10335 | steps_t: 10302 | t: 82.924882 | r:    -2.000000 | e:   0.300000 | Q:   0.109494 | won: True 
#  740 | steps: 10349 | steps_t: 10316 | t: 83.138139 | r:    -2.000000 | e:   0.300000 | Q:   0.109494 | won: True 
#  741 | steps: 10358 | steps_t: 10325 | t: 83.250757 | r:    -2.000000 | e:   0.300000 | Q:   0.109494 | won: True 
#  742 | steps: 10371 | steps_t: 10338 | t: 83.299045 | r:    -2.000000 | e:   0.300000 | Q:   0.109494 | won: True 
#  743 | steps: 10380 | steps_t: 10347 | t: 83.417380 | r:    -2.000000 | e:   0.300000 | Q:   0.109494 | won: True 
#  744 | steps: 10386 | steps_t: 10353 | t: 83.515444 | r:    -2.000000 | e:   0.300000 | Q:   0.109494 | won: True 
#  745 | steps: 10400 | steps_t: 10367 | t: 83.653104 | r:    -2.000000 | e:   0.300000 | Q:   0.109494 | won: True 
#  746 | steps: 10406 | steps_t: 10373 | t: 83.675766 | r:    -2.000000 | e:   0.300000 | Q:   0.109494 | won: True 
#  747 | steps: 10412 | steps_t: 10379 | t: 83.695365 | r:    -2.000000 | e:   0.300000 | Q:   0.109494 | won: True 
#  748 | steps: 10417 | steps_t: 10384 | t: 83.712026 | r:    -2.000000 | e:   0.300000 | Q:   0.109494 | won: True 
#  749 | steps: 10435 | steps_t: 10402 | t: 83.772199 | r:    -2.000000 | e:   0.300000 | Q:   0.109494 | won: True 
#  750 | steps: 10443 | steps_t: 10410 | t: 83.873378 | r:    -2.000000 | e:   0.300000 | Q:   0.109494 | won: True 
#  751 | steps: 10451 | steps_t: 10418 | t: 84.073924 | r:    -2.000000 | e:   0.300000 | Q:   0.109494 | won: True 
#  752 | steps: 10461 | steps_t: 10428 | t: 84.272365 | r:    -2.000000 | e:   0.300000 | Q:   0.109494 | won: True 
#  753 | steps: 10473 | steps_t: 10440 | t: 84.404774 | r:    -2.000000 | e:   0.300000 | Q:   0.109494 | won: True 
#  754 | steps: 10505 | steps_t: 10472 | t: 84.669186 | r:    -2.000000 | e:   0.300000 | Q:   0.109494 | won: True 
#  755 | steps: 10516 | steps_t: 10483 | t: 84.708317 | r:    -2.000000 | e:   0.300000 | Q:   0.109494 | won: True 
#  756 | steps: 10526 | steps_t: 10493 | t: 84.829296 | r:    -2.000000 | e:   0.300000 | Q:   0.109494 | won: True 
#  757 | steps: 10534 | steps_t: 10501 | t: 84.854732 | r:    -2.000000 | e:   0.300000 | Q:   0.109494 | won: True 
#  758 | steps: 10560 | steps_t: 10527 | t: 85.025253 | r:     2.000000 | e:   0.300000 | Q:   0.109494 | won: True 
#  759 | steps: 10599 | steps_t: 10566 | t: 85.644844 | r:    -2.000000 | e:   0.300000 | Q:   0.109494 | won: True 
#  760 | steps: 10631 | steps_t: 10598 | t: 85.767278 | r:    -2.000000 | e:   0.300000 | Q:   0.109494 | won: True 
#  761 | steps: 10646 | steps_t: 10613 | t: 85.822517 | r:     2.000000 | e:   0.300000 | Q:   0.109494 | won: True 
#  762 | steps: 10669 | steps_t: 10636 | t: 85.976265 | r:    -2.000000 | e:   0.300000 | Q:   0.109494 | won: True 
#  763 | steps: 10685 | steps_t: 10652 | t: 86.030021 | r:    -2.000000 | e:   0.300000 | Q:   0.109494 | won: True 
#  764 | steps: 10732 | steps_t: 10699 | t: 86.665256 | r:     2.000000 | e:   0.300000 | Q:   0.109494 | won: True 
#  765 | steps: 10753 | steps_t: 10720 | t: 86.819830 | r:     2.000000 | e:   0.300000 | Q:   0.109494 | won: True 
#  766 | steps: 10762 | steps_t: 10729 | t: 86.863242 | r:    -2.000000 | e:   0.300000 | Q:   0.109494 | won: True 
#  767 | steps: 10801 | steps_t: 10768 | t: 87.187173 | r:     2.000000 | e:   0.300000 | Q:   0.109494 | won: True 
#  768 | steps: 10824 | steps_t: 10791 | t: 87.325553 | r:    -2.000000 | e:   0.300000 | Q:   0.109494 | won: True 
#  769 | steps: 10837 | steps_t: 10804 | t: 87.488001 | r:     2.000000 | e:   0.300000 | Q:   0.109494 | won: True 
#  770 | steps: 10882 | steps_t: 10849 | t: 87.828416 | r:     2.000000 | e:   0.300000 | Q:   0.109494 | won: True 
#  771 | steps: 10900 | steps_t: 10867 | t: 88.105472 | r:    -2.000000 | e:   0.300000 | Q:   0.109494 | won: True 
#  772 | steps: 10929 | steps_t: 10896 | t: 88.233495 | r:     2.000000 | e:   0.300000 | Q:   0.109494 | won: True 
#  773 | steps: 10983 | steps_t: 10950 | t: 88.613273 | r:    -2.000000 | e:   0.300000 | Q:   0.109494 | won: True 
#  774 | steps: 11027 | steps_t: 10994 | t: 89.031073 | r:    -2.000000 | e:   0.300000 | Q:   0.109494 | won: True 
#  775 | steps: 11082 | steps_t: 11049 | t: 89.520773 | r:     2.000000 | e:   0.300000 | Q:   0.109494 | won: True 
#  776 | steps: 11101 | steps_t: 11068 | t: 89.672920 | r:     2.000000 | e:   0.300000 | Q:   0.109494 | won: True 
#  777 | steps: 11229 | steps_t: 11196 | t: 90.699980 | r:     2.000000 | e:   0.300000 | Q:   0.109494 | won: True 
#  778 | steps: 11238 | steps_t: 11205 | t: 90.738566 | r:    -2.000000 | e:   0.300000 | Q:   0.109494 | won: True 
#  779 | steps: 11337 | steps_t: 11304 | t: 91.616289 | r:     2.000000 | e:   0.300000 | Q:   0.109494 | won: True 
#  780 | steps: 11351 | steps_t: 11318 | t: 91.757971 | r:    -2.000000 | e:   0.300000 | Q:   0.109494 | won: True 
#  781 | steps: 11402 | steps_t: 11369 | t: 92.381526 | r:     2.000000 | e:   0.300000 | Q:   0.109494 | won: True 
#  782 | steps: 11409 | steps_t: 11376 | t: 92.409963 | r:    -2.000000 | e:   0.300000 | Q:   0.109494 | won: True 
#  783 | steps: 11582 | steps_t: 11549 | t: 93.849092 | r:    -2.000000 | e:   0.300000 | Q:   0.109494 | won: True 
#  784 | steps: 11673 | steps_t: 11640 | t: 94.698776 | r:    -2.000000 | e:   0.300000 | Q:   0.109494 | won: True 
#  785 | steps: 11935 | steps_t: 11902 | t: 96.687852 | r:    -2.000000 | e:   0.300000 | Q:   0.109494 | won: True 
#  786 | steps: 12034 | steps_t: 12001 | t: 97.350289 | r:    -2.000000 | e:   0.300000 | Q:   0.109494 | won: True 
#  787 | steps: 12044 | steps_t: 12011 | t: 97.390631 | r:    -2.000000 | e:   0.300000 | Q:   0.109494 | won: True 
#  788 | steps: 12067 | steps_t: 12034 | t: 97.706929 | r:    -2.000000 | e:   0.300000 | Q:   0.109494 | won: True 
#  789 | steps: 12078 | steps_t: 12045 | t: 97.778760 | r:     2.000000 | e:   0.300000 | Q:   0.109494 | won: True 
#  790 | steps: 12411 | steps_t: 12378 | t: 100.088812 | r:    -2.000000 | e:   0.300000 | Q:   0.282485 | won: True 
#  791 | steps: 12484 | steps_t: 12451 | t: 100.438329 | r:    -2.000000 | e:   0.300000 | Q:   0.282485 | won: True 
#  792 | steps: 12544 | steps_t: 12511 | t: 100.993797 | r:    -2.000000 | e:   0.300000 | Q:   0.282485 | won: True 
#  793 | steps: 12564 | steps_t: 12531 | t: 101.068109 | r:    -2.000000 | e:   0.300000 | Q:   0.282485 | won: True 
#  794 | steps: 12618 | steps_t: 12585 | t: 101.691309 | r:    -2.000000 | e:   0.300000 | Q:   0.282485 | won: True 
#  795 | steps: 12903 | steps_t: 12870 | t: 104.305679 | r:    -2.000000 | e:   0.300000 | Q:   0.347605 | won: True 
#  796 | steps: 13160 | steps_t: 13127 | t: 106.209035 | r:     2.000000 | e:   0.300000 | Q:   0.392587 | won: True 
#  797 | steps: 13168 | steps_t: 13135 | t: 106.235619 | r:    -2.000000 | e:   0.300000 | Q:   0.402084 | won: True 
#  798 | steps: 13329 | steps_t: 13296 | t: 107.486702 | r:    -2.000000 | e:   0.300000 | Q:   0.457110 | won: True 
#  799 | steps: 13414 | steps_t: 13381 | t: 108.414045 | r:     2.000000 | e:   0.300000 | Q:   0.457110 | won: True 
#  800 | steps: 13880 | steps_t: 13847 | t: 112.789585 | r:    -2.000000 | e:   0.300000 | Q:   0.569383 | won: True 
