#    2 | steps:    93 | steps_t:     0 | t: 0.422830 | r:    -1.000000 | e:   1.000000 | Q:   0.121391 | won: True 
#    3 | steps:   126 | steps_t:    25 | t: 0.756389 | r:    -1.000000 | e:   0.997500 | Q:   0.121391 | won: True 
#    4 | steps:   135 | steps_t:    34 | t: 0.788141 | r:    -1.000000 | e:   0.996600 | Q:   0.121391 | won: True 
#    5 | steps:   142 | steps_t:    41 | t: 0.892301 | r:    -1.000000 | e:   0.995900 | Q:   0.121391 | won: True 
#    6 | steps:   150 | steps_t:    49 | t: 0.999658 | r:    -1.000000 | e:   0.995100 | Q:   0.121391 | won: True 
#    7 | steps:   168 | steps_t:    67 | t: 1.134860 | r:    -1.000000 | e:   0.993300 | Q:   0.121391 | won: True 
#    8 | steps:   246 | steps_t:   145 | t: 1.523521 | r:    -1.000000 | e:   0.985500 | Q:   0.121391 | won: True 
#    9 | steps:   313 | steps_t:   212 | t: 2.039840 | r:     1.000000 | e:   0.978800 | Q:   0.121391 | won: True 
#   10 | steps:   336 | steps_t:   235 | t: 2.265797 | r:    -1.000000 | e:   0.976500 | Q:   0.121391 | won: True 
#   11 | steps:   350 | steps_t:   249 | t: 2.309175 | r:    -1.000000 | e:   0.975100 | Q:   0.121391 | won: True 
#   12 | steps:   397 | steps_t:   296 | t: 2.691844 | r:    -1.000000 | e:   0.970400 | Q:   0.121391 | won: True 
#   13 | steps:   415 | steps_t:   314 | t: 2.747849 | r:    -1.000000 | e:   0.968600 | Q:   0.121391 | won: True 
#   14 | steps:   452 | steps_t:   351 | t: 3.111322 | r:    -1.000000 | e:   0.964900 | Q:   0.121391 | won: True 
#   15 | steps:   504 | steps_t:   403 | t: 3.345428 | r:     1.000000 | e:   0.959700 | Q:   0.121391 | won: True 
#   16 | steps:   558 | steps_t:   457 | t: 3.653745 | r:    -1.000000 | e:   0.954300 | Q:   0.121391 | won: True 
#   17 | steps:   573 | steps_t:   472 | t: 3.693137 | r:    -1.000000 | e:   0.952800 | Q:   0.121391 | won: True 
#   18 | steps:   584 | steps_t:   483 | t: 3.721358 | r:    -1.000000 | e:   0.951700 | Q:   0.121391 | won: True 
#   19 | steps:   619 | steps_t:   518 | t: 3.810422 | r:    -1.000000 | e:   0.948200 | Q:   0.121391 | won: True 
#   20 | steps:   629 | steps_t:   528 | t: 3.837164 | r:    -1.000000 | e:   0.947200 | Q:   0.121391 | won: True 
#   21 | steps:   682 | steps_t:   581 | t: 4.472490 | r:     1.000000 | e:   0.941900 | Q:   0.121391 | won: True 
#   22 | steps:   701 | steps_t:   600 | t: 4.524398 | r:    -1.000000 | e:   0.940000 | Q:   0.121391 | won: True 
#   23 | steps:   710 | steps_t:   609 | t: 4.547558 | r:     1.000000 | e:   0.939100 | Q:   0.121391 | won: True 
#   24 | steps:   806 | steps_t:   705 | t: 5.056178 | r:     1.000000 | e:   0.929500 | Q:   0.121391 | won: True 
#   25 | steps:   900 | steps_t:   799 | t: 5.571008 | r:     1.000000 | e:   0.920100 | Q:   0.121391 | won: True 
#   26 | steps:   913 | steps_t:   812 | t: 5.772043 | r:     1.000000 | e:   0.918800 | Q:   0.121391 | won: True 
#   27 | steps:  1010 | steps_t:   909 | t: 6.287303 | r:     1.000000 | e:   0.909100 | Q:   0.121391 | won: True 
#   28 | steps:  1145 | steps_t:  1044 | t: 7.172646 | r:    -1.000000 | e:   0.895600 | Q:   0.121391 | won: True 
#   29 | steps:  1191 | steps_t:  1090 | t: 7.473560 | r:     1.000000 | e:   0.891000 | Q:   0.121391 | won: True 
#   30 | steps:  1218 | steps_t:  1117 | t: 7.549702 | r:     1.000000 | e:   0.888300 | Q:   0.121391 | won: True 
#   31 | steps:  1230 | steps_t:  1129 | t: 7.585444 | r:    -1.000000 | e:   0.887100 | Q:   0.121391 | won: True 
#   32 | steps:  1287 | steps_t:  1186 | t: 8.027466 | r:     1.000000 | e:   0.881400 | Q:   0.121391 | won: True 
#   33 | steps:  1315 | steps_t:  1214 | t: 8.366795 | r:    -1.000000 | e:   0.878600 | Q:   0.121391 | won: True 
#   34 | steps:  1355 | steps_t:  1254 | t: 8.559939 | r:     1.000000 | e:   0.874600 | Q:   0.121391 | won: True 
#   35 | steps:  1368 | steps_t:  1267 | t: 8.597816 | r:    -1.000000 | e:   0.873300 | Q:   0.121391 | won: True 
#   36 | steps:  1379 | steps_t:  1278 | t: 8.631425 | r:    -1.000000 | e:   0.872200 | Q:   0.121391 | won: True 
#   37 | steps:  1494 | steps_t:  1393 | t: 9.446459 | r:     1.000000 | e:   0.860700 | Q:   0.121391 | won: True 
#   38 | steps:  1595 | steps_t:  1494 | t: 10.217241 | r:    -1.000000 | e:   0.850600 | Q:   0.121391 | won: True 
#   39 | steps:  1622 | steps_t:  1521 | t: 10.301855 | r:    -1.000000 | e:   0.847900 | Q:   0.121391 | won: True 
#   40 | steps:  1651 | steps_t:  1550 | t: 10.550259 | r:    -1.000000 | e:   0.845000 | Q:   0.121391 | won: True 
#   41 | steps:  1661 | steps_t:  1560 | t: 10.655223 | r:    -1.000000 | e:   0.844000 | Q:   0.121391 | won: True 
#   42 | steps:  1670 | steps_t:  1569 | t: 10.680357 | r:    -1.000000 | e:   0.843100 | Q:   0.121391 | won: True 
#   43 | steps:  1695 | steps_t:  1594 | t: 10.835276 | r:    -1.000000 | e:   0.840600 | Q:   0.121391 | won: True 
#   44 | steps:  1709 | steps_t:  1608 | t: 10.871310 | r:    -1.000000 | e:   0.839200 | Q:   0.121391 | won: True 
#   45 | steps:  1753 | steps_t:  1652 | t: 11.166531 | r:    -1.000000 | e:   0.834800 | Q:   0.121391 | won: True 
#   46 | steps:  1798 | steps_t:  1697 | t: 11.545251 | r:     1.000000 | e:   0.830300 | Q:   0.121391 | won: True 
#   47 | steps:  1841 | steps_t:  1740 | t: 12.002945 | r:    -1.000000 | e:   0.826000 | Q:   0.121391 | won: True 
#   48 | steps:  1879 | steps_t:  1778 | t: 12.358797 | r:    -1.000000 | e:   0.822200 | Q:   0.121391 | won: True 
#   49 | steps:  1898 | steps_t:  1797 | t: 12.584775 | r:    -1.000000 | e:   0.820300 | Q:   0.121391 | won: True 
#   50 | steps:  1914 | steps_t:  1813 | t: 12.635974 | r:    -1.000000 | e:   0.818700 | Q:   0.121391 | won: True 
#   51 | steps:  1936 | steps_t:  1835 | t: 12.776707 | r:     1.000000 | e:   0.816500 | Q:   0.121391 | won: True 
#   52 | steps:  1953 | steps_t:  1852 | t: 12.902647 | r:     1.000000 | e:   0.814800 | Q:   0.121391 | won: True 
#   53 | steps:  1963 | steps_t:  1862 | t: 12.930713 | r:    -1.000000 | e:   0.813800 | Q:   0.121391 | won: True 
#   54 | steps:  1975 | steps_t:  1874 | t: 12.966224 | r:     1.000000 | e:   0.812600 | Q:   0.121391 | won: True 
#   55 | steps:  2033 | steps_t:  1932 | t: 13.216959 | r:     1.000000 | e:   0.806800 | Q:   0.121391 | won: True 
#   56 | steps:  2044 | steps_t:  1943 | t: 13.330726 | r:    -1.000000 | e:   0.805700 | Q:   0.121391 | won: True 
#   57 | steps:  2059 | steps_t:  1958 | t: 13.379445 | r:    -1.000000 | e:   0.804200 | Q:   0.121391 | won: True 
#   58 | steps:  2084 | steps_t:  1983 | t: 13.698357 | r:    -1.000000 | e:   0.801700 | Q:   0.121391 | won: True 
#   59 | steps:  2119 | steps_t:  2018 | t: 13.797021 | r:     1.000000 | e:   0.798200 | Q:   0.121391 | won: True 
#   60 | steps:  2163 | steps_t:  2062 | t: 14.088588 | r:     1.000000 | e:   0.793800 | Q:   0.121391 | won: True 
#   61 | steps:  2197 | steps_t:  2096 | t: 14.678471 | r:    -1.000000 | e:   0.790400 | Q:   0.121391 | won: True 
#   62 | steps:  2224 | steps_t:  2123 | t: 14.838727 | r:    -1.000000 | e:   0.787700 | Q:   0.121391 | won: True 
#   63 | steps:  2240 | steps_t:  2139 | t: 15.054055 | r:    -1.000000 | e:   0.786100 | Q:   0.121391 | won: True 
#   64 | steps:  2271 | steps_t:  2170 | t: 15.309800 | r:     1.000000 | e:   0.783000 | Q:   0.121391 | won: True 
#   65 | steps:  2293 | steps_t:  2192 | t: 15.375867 | r:    -1.000000 | e:   0.780800 | Q:   0.121391 | won: True 
#   66 | steps:  2315 | steps_t:  2214 | t: 15.521661 | r:     1.000000 | e:   0.778600 | Q:   0.121391 | won: True 
#   67 | steps:  2334 | steps_t:  2233 | t: 15.656037 | r:     1.000000 | e:   0.776700 | Q:   0.121391 | won: True 
#   68 | steps:  2415 | steps_t:  2314 | t: 16.133458 | r:    -1.000000 | e:   0.768600 | Q:   0.121391 | won: True 
#   69 | steps:  2439 | steps_t:  2338 | t: 16.206563 | r:    -1.000000 | e:   0.766200 | Q:   0.121391 | won: True 
#   70 | steps:  2451 | steps_t:  2350 | t: 16.333127 | r:    -1.000000 | e:   0.765000 | Q:   0.121391 | won: True 
#   71 | steps:  2465 | steps_t:  2364 | t: 16.375373 | r:     1.000000 | e:   0.763600 | Q:   0.121391 | won: True 
#   72 | steps:  2503 | steps_t:  2402 | t: 16.649904 | r:     1.000000 | e:   0.759800 | Q:   0.121391 | won: True 
#   73 | steps:  2512 | steps_t:  2411 | t: 16.675049 | r:     1.000000 | e:   0.758900 | Q:   0.121391 | won: True 
#   74 | steps:  2534 | steps_t:  2433 | t: 16.902354 | r:     1.000000 | e:   0.756700 | Q:   0.121391 | won: True 
#   75 | steps:  2546 | steps_t:  2445 | t: 16.934763 | r:     1.000000 | e:   0.755500 | Q:   0.121391 | won: True 
#   76 | steps:  2559 | steps_t:  2458 | t: 17.055804 | r:     1.000000 | e:   0.754200 | Q:   0.121391 | won: True 
#   77 | steps:  2571 | steps_t:  2470 | t: 17.173058 | r:     1.000000 | e:   0.753000 | Q:   0.121391 | won: True 
#   78 | steps:  2615 | steps_t:  2514 | t: 17.454895 | r:     1.000000 | e:   0.748600 | Q:   0.121391 | won: True 
#   79 | steps:  2627 | steps_t:  2526 | t: 17.489482 | r:    -1.000000 | e:   0.747400 | Q:   0.121391 | won: True 
#   80 | steps:  2762 | steps_t:  2661 | t: 18.621887 | r:    -1.000000 | e:   0.733900 | Q:   0.121391 | won: True 
#   81 | steps:  2818 | steps_t:  2717 | t: 18.942287 | r:     1.000000 | e:   0.728300 | Q:   0.121391 | won: True 
#   82 | steps:  2846 | steps_t:  2745 | t: 19.106459 | r:     1.000000 | e:   0.725500 | Q:   0.121391 | won: True 
#   83 | steps:  2941 | steps_t:  2840 | t: 20.038457 | r:     1.000000 | e:   0.716000 | Q:   0.121391 | won: True 
#   84 | steps:  3004 | steps_t:  2903 | t: 20.387726 | r:     1.000000 | e:   0.709700 | Q:   0.121391 | won: True 
#   85 | steps:  3046 | steps_t:  2945 | t: 20.669426 | r:    -1.000000 | e:   0.705500 | Q:   0.121391 | won: True 
#   86 | steps:  3065 | steps_t:  2964 | t: 20.810130 | r:    -1.000000 | e:   0.703600 | Q:   0.121391 | won: True 
#   87 | steps:  3114 | steps_t:  3013 | t: 21.038776 | r:     1.000000 | e:   0.698700 | Q:   0.121391 | won: True 
#   88 | steps:  3138 | steps_t:  3037 | t: 21.188606 | r:    -1.000000 | e:   0.696300 | Q:   0.121391 | won: True 
#   89 | steps:  3190 | steps_t:  3089 | t: 21.493488 | r:     1.000000 | e:   0.691100 | Q:   0.121391 | won: True 
#   90 | steps:  3214 | steps_t:  3113 | t: 21.642895 | r:     1.000000 | e:   0.688700 | Q:   0.121391 | won: True 
#   91 | steps:  3268 | steps_t:  3167 | t: 21.877819 | r:     1.000000 | e:   0.683300 | Q:   0.121391 | won: True 
#   92 | steps:  3311 | steps_t:  3210 | t: 22.237297 | r:     1.000000 | e:   0.679000 | Q:   0.121391 | won: True 
#   93 | steps:  3325 | steps_t:  3224 | t: 22.439639 | r:     1.000000 | e:   0.677600 | Q:   0.121391 | won: True 
#   94 | steps:  3340 | steps_t:  3239 | t: 22.573728 | r:     1.000000 | e:   0.676100 | Q:   0.121391 | won: True 
#   95 | steps:  3357 | steps_t:  3256 | t: 22.625086 | r:     1.000000 | e:   0.674400 | Q:   0.121391 | won: True 
#   96 | steps:  3379 | steps_t:  3278 | t: 22.772505 | r:     1.000000 | e:   0.672200 | Q:   0.121391 | won: True 
#   97 | steps:  3428 | steps_t:  3327 | t: 23.245820 | r:    -1.000000 | e:   0.667300 | Q:   0.121391 | won: True 
#   98 | steps:  3446 | steps_t:  3345 | t: 23.388268 | r:     1.000000 | e:   0.665500 | Q:   0.121391 | won: True 
#   99 | steps:  3479 | steps_t:  3378 | t: 23.728072 | r:     1.000000 | e:   0.662200 | Q:   0.121391 | won: True 
#  100 | steps:  3499 | steps_t:  3398 | t: 23.786985 | r:     1.000000 | e:   0.660200 | Q:   0.121391 | won: True 
#  101 | steps:  3507 | steps_t:  3406 | t: 23.812285 | r:    -1.000000 | e:   0.659400 | Q:   0.121391 | won: True 
#  102 | steps:  3574 | steps_t:  3473 | t: 24.178114 | r:     1.000000 | e:   0.652700 | Q:   0.121391 | won: True 
#  103 | steps:  3612 | steps_t:  3511 | t: 24.528538 | r:     1.000000 | e:   0.648900 | Q:   0.121391 | won: True 
#  104 | steps:  3654 | steps_t:  3553 | t: 24.735384 | r:     1.000000 | e:   0.644700 | Q:   0.121391 | won: True 
#  105 | steps:  3781 | steps_t:  3680 | t: 25.685315 | r:     1.000000 | e:   0.632000 | Q:   0.121391 | won: True 
#  106 | steps:  3802 | steps_t:  3701 | t: 25.829085 | r:     1.000000 | e:   0.629900 | Q:   0.121391 | won: True 
#  107 | steps:  3867 | steps_t:  3766 | t: 26.352583 | r:    -1.000000 | e:   0.623400 | Q:   0.121391 | won: True 
#  108 | steps:  3882 | steps_t:  3781 | t: 26.403384 | r:     1.000000 | e:   0.621900 | Q:   0.121391 | won: True 
#  109 | steps:  3925 | steps_t:  3824 | t: 26.538779 | r:    -1.000000 | e:   0.617600 | Q:   0.121391 | won: True 
#  110 | steps:  4018 | steps_t:  3917 | t: 26.891585 | r:    -1.000000 | e:   0.608300 | Q:   0.121391 | won: True 
#  111 | steps:  4149 | steps_t:  4048 | t: 27.750891 | r:     1.000000 | e:   0.595200 | Q:   0.121391 | won: True 
#  112 | steps:  4369 | steps_t:  4268 | t: 29.456190 | r:    -1.000000 | e:   0.573200 | Q:   0.121391 | won: True 
#  113 | steps:  4387 | steps_t:  4286 | t: 29.759071 | r:     1.000000 | e:   0.571400 | Q:   0.121391 | won: True 
#  114 | steps:  4473 | steps_t:  4372 | t: 30.266354 | r:    -1.000000 | e:   0.562800 | Q:   0.121391 | won: True 
#  115 | steps:  4577 | steps_t:  4476 | t: 30.823498 | r:    -1.000000 | e:   0.552400 | Q:   0.121391 | won: True 
#  116 | steps:  4607 | steps_t:  4506 | t: 31.167894 | r:     1.000000 | e:   0.549400 | Q:   0.121391 | won: True 
#  117 | steps:  4619 | steps_t:  4518 | t: 31.282786 | r:     1.000000 | e:   0.548200 | Q:   0.121391 | won: True 
#  118 | steps:  4643 | steps_t:  4542 | t: 31.445351 | r:    -1.000000 | e:   0.545800 | Q:   0.121391 | won: True 
#  119 | steps:  4668 | steps_t:  4567 | t: 31.684187 | r:    -1.000000 | e:   0.543300 | Q:   0.121391 | won: True 
#  120 | steps:  4710 | steps_t:  4609 | t: 31.980998 | r:    -1.000000 | e:   0.539100 | Q:   0.121391 | won: True 
#  121 | steps:  4717 | steps_t:  4616 | t: 32.088993 | r:    -1.000000 | e:   0.538400 | Q:   0.121391 | won: True 
#  122 | steps:  4732 | steps_t:  4631 | t: 32.298896 | r:    -1.000000 | e:   0.536900 | Q:   0.121391 | won: True 
#  123 | steps:  4807 | steps_t:  4706 | t: 32.876738 | r:    -1.000000 | e:   0.529400 | Q:   0.121391 | won: True 
#  124 | steps:  4834 | steps_t:  4733 | t: 33.049257 | r:    -1.000000 | e:   0.526700 | Q:   0.121391 | won: True 
#  125 | steps:  4881 | steps_t:  4780 | t: 33.525204 | r:     1.000000 | e:   0.522000 | Q:   0.121391 | won: True 
#  126 | steps:  4962 | steps_t:  4861 | t: 34.098274 | r:     1.000000 | e:   0.513900 | Q:   0.121391 | won: True 
#  127 | steps:  5019 | steps_t:  4918 | t: 34.274682 | r:    -1.000000 | e:   0.508200 | Q:   0.121391 | won: True 
#  128 | steps:  5173 | steps_t:  5072 | t: 35.724914 | r:     1.000000 | e:   0.492800 | Q:   0.121391 | won: True 
#  129 | steps:  5185 | steps_t:  5084 | t: 35.841354 | r:     1.000000 | e:   0.491600 | Q:   0.121391 | won: True 
#  130 | steps:  5218 | steps_t:  5117 | t: 36.032851 | r:     1.000000 | e:   0.488300 | Q:   0.121391 | won: True 
#  131 | steps:  5450 | steps_t:  5349 | t: 37.120165 | r:    -1.000000 | e:   0.465100 | Q:   0.121391 | won: True 
#  132 | steps:  5468 | steps_t:  5367 | t: 37.338053 | r:    -1.000000 | e:   0.463300 | Q:   0.121391 | won: True 
#  133 | steps:  5540 | steps_t:  5439 | t: 37.796324 | r:     1.000000 | e:   0.456100 | Q:   0.121391 | won: True 
#  134 | steps:  5557 | steps_t:  5456 | t: 37.928407 | r:     1.000000 | e:   0.454400 | Q:   0.121391 | won: True 
#  135 | steps:  5572 | steps_t:  5471 | t: 38.053740 | r:     1.000000 | e:   0.452900 | Q:   0.121391 | won: True 
#  136 | steps:  5621 | steps_t:  5520 | t: 38.280031 | r:    -1.000000 | e:   0.448000 | Q:   0.121391 | won: True 
#  137 | steps:  5696 | steps_t:  5595 | t: 38.757403 | r:     1.000000 | e:   0.440500 | Q:   0.121391 | won: True 
#  138 | steps:  5744 | steps_t:  5643 | t: 39.245731 | r:     1.000000 | e:   0.435700 | Q:   0.121391 | won: True 
#  139 | steps:  5872 | steps_t:  5771 | t: 40.051280 | r:    -1.000000 | e:   0.422900 | Q:   0.121391 | won: True 
#  140 | steps:  5913 | steps_t:  5812 | t: 40.254733 | r:     1.000000 | e:   0.418800 | Q:   0.121391 | won: True 
#  141 | steps:  5929 | steps_t:  5828 | t: 40.300097 | r:    -1.000000 | e:   0.417200 | Q:   0.121391 | won: True 
#  142 | steps:  5940 | steps_t:  5839 | t: 40.416182 | r:    -1.000000 | e:   0.416100 | Q:   0.121391 | won: True 
#  143 | steps:  5961 | steps_t:  5860 | t: 40.483815 | r:     1.000000 | e:   0.414000 | Q:   0.121391 | won: True 
#  144 | steps:  6015 | steps_t:  5914 | t: 40.655672 | r:     1.000000 | e:   0.408600 | Q:   0.121391 | won: True 
#  145 | steps:  6027 | steps_t:  5926 | t: 40.687571 | r:    -1.000000 | e:   0.407400 | Q:   0.121391 | won: True 
#  146 | steps:  6049 | steps_t:  5948 | t: 41.086588 | r:     1.000000 | e:   0.405200 | Q:   0.121391 | won: True 
#  147 | steps:  6071 | steps_t:  5970 | t: 41.414084 | r:    -1.000000 | e:   0.403000 | Q:   0.121391 | won: True 
#  148 | steps:  6092 | steps_t:  5991 | t: 41.564413 | r:     1.000000 | e:   0.400900 | Q:   0.121391 | won: True 
#  149 | steps:  6117 | steps_t:  6016 | t: 41.807419 | r:     1.000000 | e:   0.398400 | Q:   0.121391 | won: True 
#  150 | steps:  6145 | steps_t:  6044 | t: 42.064172 | r:     1.000000 | e:   0.395600 | Q:   0.121391 | won: True 
#  151 | steps:  6154 | steps_t:  6053 | t: 42.092648 | r:     1.000000 | e:   0.394700 | Q:   0.121391 | won: True 
#  152 | steps:  6167 | steps_t:  6066 | t: 42.215566 | r:     1.000000 | e:   0.393400 | Q:   0.121391 | won: True 
#  153 | steps:  6194 | steps_t:  6093 | t: 42.302226 | r:    -1.000000 | e:   0.390700 | Q:   0.121391 | won: True 
#  154 | steps:  6206 | steps_t:  6105 | t: 42.498081 | r:    -1.000000 | e:   0.389500 | Q:   0.121391 | won: True 
#  155 | steps:  6335 | steps_t:  6234 | t: 43.387033 | r:     1.000000 | e:   0.376600 | Q:   0.121391 | won: True 
#  156 | steps:  6384 | steps_t:  6283 | t: 43.775758 | r:    -1.000000 | e:   0.371700 | Q:   0.121391 | won: True 
#  157 | steps:  6456 | steps_t:  6355 | t: 44.251250 | r:     1.000000 | e:   0.364500 | Q:   0.121391 | won: True 
#  158 | steps:  6669 | steps_t:  6568 | t: 45.801370 | r:     1.000000 | e:   0.343200 | Q:   0.121391 | won: True 
#  159 | steps:  6686 | steps_t:  6585 | t: 45.944798 | r:     1.000000 | e:   0.341500 | Q:   0.121391 | won: True 
#  160 | steps:  6778 | steps_t:  6677 | t: 46.661119 | r:     1.000000 | e:   0.332300 | Q:   0.121391 | won: True 
#  161 | steps:  6847 | steps_t:  6746 | t: 47.043396 | r:    -1.000000 | e:   0.325400 | Q:   0.121391 | won: True 
#  162 | steps:  6937 | steps_t:  6836 | t: 48.133426 | r:     1.000000 | e:   0.316400 | Q:   0.121391 | won: True 
#  163 | steps:  7002 | steps_t:  6901 | t: 48.925201 | r:    -1.000000 | e:   0.309900 | Q:   0.121391 | won: True 
#  164 | steps:  7011 | steps_t:  6910 | t: 48.957188 | r:    -1.000000 | e:   0.309000 | Q:   0.121391 | won: True 
#  165 | steps:  7018 | steps_t:  6917 | t: 48.976871 | r:    -1.000000 | e:   0.308300 | Q:   0.121391 | won: True 
#  166 | steps:  7026 | steps_t:  6925 | t: 49.083205 | r:    -1.000000 | e:   0.307500 | Q:   0.121391 | won: True 
#  167 | steps:  7031 | steps_t:  6930 | t: 49.100289 | r:    -1.000000 | e:   0.307000 | Q:   0.121391 | won: True 
#  168 | steps:  7045 | steps_t:  6944 | t: 49.315980 | r:    -1.000000 | e:   0.305600 | Q:   0.121391 | won: True 
#  169 | steps:  7204 | steps_t:  7103 | t: 50.464357 | r:     1.000000 | e:   0.300000 | Q:   0.121391 | won: True 
#  170 | steps:  7278 | steps_t:  7177 | t: 50.861343 | r:    -1.000000 | e:   0.300000 | Q:   0.121391 | won: True 
#  171 | steps:  7557 | steps_t:  7456 | t: 53.058353 | r:     1.000000 | e:   0.300000 | Q:   0.121391 | won: True 
#  172 | steps:  7750 | steps_t:  7649 | t: 54.310504 | r:     1.000000 | e:   0.300000 | Q:   0.121391 | won: True 
#  173 | steps:  7808 | steps_t:  7707 | t: 54.651977 | r:     1.000000 | e:   0.300000 | Q:   0.121391 | won: True 
#  174 | steps:  7814 | steps_t:  7713 | t: 54.670340 | r:    -1.000000 | e:   0.300000 | Q:   0.121391 | won: True 
#  175 | steps:  7832 | steps_t:  7731 | t: 54.886882 | r:     1.000000 | e:   0.300000 | Q:   0.121391 | won: True 
#  176 | steps:  7874 | steps_t:  7773 | t: 55.177780 | r:     1.000000 | e:   0.300000 | Q:   0.121391 | won: True 
#  177 | steps:  7886 | steps_t:  7785 | t: 55.294596 | r:    -1.000000 | e:   0.300000 | Q:   0.121391 | won: True 
#  178 | steps:  7966 | steps_t:  7865 | t: 55.615186 | r:    -1.000000 | e:   0.300000 | Q:   0.121391 | won: True 
#  179 | steps:  8091 | steps_t:  7990 | t: 56.568593 | r:     1.000000 | e:   0.300000 | Q:   0.121391 | won: True 
#  180 | steps:  8105 | steps_t:  8004 | t: 56.693823 | r:     1.000000 | e:   0.300000 | Q:   0.121391 | won: True 
#  181 | steps:  8256 | steps_t:  8155 | t: 57.713395 | r:    -1.000000 | e:   0.300000 | Q:   0.121391 | won: True 
#  182 | steps:  8262 | steps_t:  8161 | t: 57.813022 | r:    -1.000000 | e:   0.300000 | Q:   0.121391 | won: True 
#  183 | steps:  8276 | steps_t:  8175 | t: 58.031409 | r:    -1.000000 | e:   0.300000 | Q:   0.121391 | won: True 
#  184 | steps:  8282 | steps_t:  8181 | t: 58.051147 | r:    -1.000000 | e:   0.300000 | Q:   0.121391 | won: True 
#  185 | steps:  8300 | steps_t:  8199 | t: 58.446876 | r:    -1.000000 | e:   0.300000 | Q:   0.121391 | won: True 
#  186 | steps:  8343 | steps_t:  8242 | t: 58.833499 | r:     1.000000 | e:   0.300000 | Q:   0.121391 | won: True 
#  187 | steps:  8685 | steps_t:  8584 | t: 61.231886 | r:     1.000000 | e:   0.300000 | Q:   0.121391 | won: True 
#  188 | steps:  8822 | steps_t:  8721 | t: 62.314535 | r:     1.000000 | e:   0.300000 | Q:   0.121391 | won: True 
#  189 | steps:  8850 | steps_t:  8749 | t: 62.486434 | r:     1.000000 | e:   0.300000 | Q:   0.121391 | won: True 
#  190 | steps:  8856 | steps_t:  8755 | t: 62.587244 | r:    -1.000000 | e:   0.300000 | Q:   0.121391 | won: True 
#  191 | steps:  8924 | steps_t:  8823 | t: 62.796590 | r:    -1.000000 | e:   0.300000 | Q:   0.121391 | won: True 
#  192 | steps:  9053 | steps_t:  8952 | t: 64.013488 | r:    -1.000000 | e:   0.300000 | Q:   0.121391 | won: True 
#  193 | steps:  9066 | steps_t:  8965 | t: 64.056735 | r:    -1.000000 | e:   0.300000 | Q:   0.121391 | won: True 
#  194 | steps:  9081 | steps_t:  8980 | t: 64.106592 | r:    -1.000000 | e:   0.300000 | Q:   0.121391 | won: True 
#  195 | steps:  9086 | steps_t:  8985 | t: 64.122732 | r:    -1.000000 | e:   0.300000 | Q:   0.121391 | won: True 
#  196 | steps:  9100 | steps_t:  8999 | t: 64.332620 | r:     1.000000 | e:   0.300000 | Q:   0.121391 | won: True 
#  197 | steps:  9118 | steps_t:  9017 | t: 64.470731 | r:     1.000000 | e:   0.300000 | Q:   0.121391 | won: True 
#  198 | steps:  9155 | steps_t:  9054 | t: 64.674329 | r:    -1.000000 | e:   0.300000 | Q:   0.121391 | won: True 
#  199 | steps:  9174 | steps_t:  9073 | t: 64.735499 | r:    -1.000000 | e:   0.300000 | Q:   0.121391 | won: True 
#  200 | steps:  9184 | steps_t:  9083 | t: 64.769120 | r:    -1.000000 | e:   0.300000 | Q:   0.121391 | won: True 
#  201 | steps:  9190 | steps_t:  9089 | t: 64.788993 | r:    -1.000000 | e:   0.300000 | Q:   0.121391 | won: True 
#  202 | steps:  9220 | steps_t:  9119 | t: 64.883762 | r:    -1.000000 | e:   0.300000 | Q:   0.121391 | won: True 
#  203 | steps:  9244 | steps_t:  9143 | t: 65.038636 | r:    -1.000000 | e:   0.300000 | Q:   0.121391 | won: True 
#  204 | steps:  9254 | steps_t:  9153 | t: 65.147026 | r:    -1.000000 | e:   0.300000 | Q:   0.121391 | won: True 
#  205 | steps:  9273 | steps_t:  9172 | t: 65.292718 | r:    -1.000000 | e:   0.300000 | Q:   0.121391 | won: True 
#  206 | steps:  9287 | steps_t:  9186 | t: 65.419481 | r:     1.000000 | e:   0.300000 | Q:   0.121391 | won: True 
#  207 | steps:  9302 | steps_t:  9201 | t: 65.468750 | r:    -1.000000 | e:   0.300000 | Q:   0.121391 | won: True 
#  208 | steps:  9337 | steps_t:  9236 | t: 65.755580 | r:     1.000000 | e:   0.300000 | Q:   0.121391 | won: True 
#  209 | steps:  9375 | steps_t:  9274 | t: 66.043972 | r:    -1.000000 | e:   0.300000 | Q:   0.121391 | won: True 
#  210 | steps:  9383 | steps_t:  9282 | t: 66.146476 | r:    -1.000000 | e:   0.300000 | Q:   0.121391 | won: True 
#  211 | steps:  9392 | steps_t:  9291 | t: 66.337845 | r:     1.000000 | e:   0.300000 | Q:   0.121391 | won: True 
#  212 | steps:  9409 | steps_t:  9308 | t: 66.554516 | r:    -1.000000 | e:   0.300000 | Q:   0.121391 | won: True 
#  213 | steps:  9423 | steps_t:  9322 | t: 66.686678 | r:     1.000000 | e:   0.300000 | Q:   0.121391 | won: True 
#  214 | steps:  9438 | steps_t:  9337 | t: 66.818196 | r:    -1.000000 | e:   0.300000 | Q:   0.121391 | won: True 
#  215 | steps:  9459 | steps_t:  9358 | t: 66.969349 | r:    -1.000000 | e:   0.300000 | Q:   0.121391 | won: True 
#  216 | steps:  9474 | steps_t:  9373 | t: 67.015000 | r:     1.000000 | e:   0.300000 | Q:   0.121391 | won: True 
#  217 | steps:  9483 | steps_t:  9382 | t: 67.128816 | r:     1.000000 | e:   0.300000 | Q:   0.121391 | won: True 
#  218 | steps:  9513 | steps_t:  9412 | t: 67.302101 | r:     1.000000 | e:   0.300000 | Q:   0.121391 | won: True 
#  219 | steps:  9539 | steps_t:  9438 | t: 67.544822 | r:     1.000000 | e:   0.300000 | Q:   0.121391 | won: True 
#  220 | steps:  9646 | steps_t:  9545 | t: 68.192314 | r:    -1.000000 | e:   0.300000 | Q:   0.121391 | won: True 
#  221 | steps:  9682 | steps_t:  9581 | t: 68.466421 | r:     1.000000 | e:   0.300000 | Q:   0.121391 | won: True 
#  222 | steps:  9825 | steps_t:  9724 | t: 69.404656 | r:     1.000000 | e:   0.300000 | Q:   0.121391 | won: True 
#  223 | steps:  9837 | steps_t:  9736 | t: 69.526183 | r:     1.000000 | e:   0.300000 | Q:   0.121391 | won: True 
#  224 | steps:  9920 | steps_t:  9819 | t: 69.967081 | r:     1.000000 | e:   0.300000 | Q:   0.121391 | won: True 
#  225 | steps:  9935 | steps_t:  9834 | t: 70.014621 | r:    -1.000000 | e:   0.300000 | Q:   0.121391 | won: True 
#  226 | steps:  9949 | steps_t:  9848 | t: 70.063381 | r:    -1.000000 | e:   0.300000 | Q:   0.121391 | won: True 
#  227 | steps:  9956 | steps_t:  9855 | t: 70.086872 | r:    -1.000000 | e:   0.300000 | Q:   0.121391 | won: True 
#  228 | steps: 10090 | steps_t:  9989 | t: 71.053939 | r:     1.000000 | e:   0.300000 | Q:   0.121391 | won: True 
#  229 | steps: 10113 | steps_t: 10012 | t: 71.122616 | r:     1.000000 | e:   0.300000 | Q:   0.121391 | won: True 
#  230 | steps: 10126 | steps_t: 10025 | t: 71.323543 | r:     1.000000 | e:   0.300000 | Q:   0.121391 | won: True 
#  231 | steps: 10138 | steps_t: 10037 | t: 71.441633 | r:    -1.000000 | e:   0.300000 | Q:   0.121391 | won: True 
#  232 | steps: 10178 | steps_t: 10077 | t: 71.899825 | r:     1.000000 | e:   0.300000 | Q:   0.121391 | won: True 
#  233 | steps: 10196 | steps_t: 10095 | t: 71.963049 | r:     1.000000 | e:   0.300000 | Q:   0.121391 | won: True 
#  234 | steps: 10228 | steps_t: 10127 | t: 72.235644 | r:     1.000000 | e:   0.300000 | Q:   0.121391 | won: True 
#  235 | steps: 10307 | steps_t: 10206 | t: 72.568185 | r:     1.000000 | e:   0.300000 | Q:   0.121391 | won: True 
#  236 | steps: 10328 | steps_t: 10227 | t: 72.745851 | r:     1.000000 | e:   0.300000 | Q:   0.121391 | won: True 
#  237 | steps: 10438 | steps_t: 10337 | t: 73.261049 | r:    -1.000000 | e:   0.300000 | Q:   0.121391 | won: True 
#  238 | steps: 10512 | steps_t: 10411 | t: 73.812536 | r:    -1.000000 | e:   0.300000 | Q:   0.121391 | won: True 
#  239 | steps: 10519 | steps_t: 10418 | t: 73.834136 | r:    -1.000000 | e:   0.300000 | Q:   0.121391 | won: True 
